[DEBUG] 2020-04-06 12:43:52.472 [main] IntegratorServiceImpl - Adding Integrator [org.hibernate.cfg.beanvalidation.BeanValidationIntegrator].
[DEBUG] 2020-04-06 12:43:52.474 [main] IntegratorServiceImpl - Adding Integrator [org.hibernate.secure.spi.JaccIntegrator].
[DEBUG] 2020-04-06 12:43:52.476 [main] IntegratorServiceImpl - Adding Integrator [org.hibernate.cache.internal.CollectionCacheInvalidator].
[INFO ] 2020-04-06 12:43:52.508 [main] Version - HHH000412: Hibernate Core {5.4.4.Final}
[DEBUG] 2020-04-06 12:43:52.511 [main] Environment - HHH000206: hibernate.properties not found
[DEBUG] 2020-04-06 12:43:52.651 [main] LocalXmlResourceResolver - Interpreting public/system identifier : [-//Hibernate/Hibernate Configuration DTD//EN] - [http://www.hibernate.org/dtd/hibernate-configuration-3.0.dtd]
[DEBUG] 2020-04-06 12:43:52.651 [main] LocalXmlResourceResolver - Recognized hibernate-configuration identifier; attempting to resolve on classpath under org/hibernate/
[DEBUG] 2020-04-06 12:43:52.654 [main] JaxbCfgProcessor - cfg.xml document did not define namespaces; wrapping in custom event reader to introduce namespace information
[DEBUG] 2020-04-06 12:43:52.904 [main] ServiceBinding - Overriding existing service binding [org.hibernate.secure.spi.JaccService]
[DEBUG] 2020-04-06 12:43:52.915 [main] RegionFactoryInitiator - Cannot default RegionFactory based on registered strategies as `[]` RegionFactory strategies were registered
[DEBUG] 2020-04-06 12:43:52.915 [main] RegionFactoryInitiator - Cache region factory : org.hibernate.cache.internal.NoCachingRegionFactory
[INFO ] 2020-04-06 12:43:52.930 [main] Version - HCANN000001: Hibernate Commons Annotations {5.1.0.Final}
[DEBUG] 2020-04-06 12:43:52.947 [main] BasicTypeRegistry - Adding type registration boolean -> org.hibernate.type.BooleanType@6d367020
[DEBUG] 2020-04-06 12:43:52.948 [main] BasicTypeRegistry - Adding type registration boolean -> org.hibernate.type.BooleanType@6d367020
[DEBUG] 2020-04-06 12:43:52.948 [main] BasicTypeRegistry - Adding type registration java.lang.Boolean -> org.hibernate.type.BooleanType@6d367020
[DEBUG] 2020-04-06 12:43:52.948 [main] BasicTypeRegistry - Adding type registration numeric_boolean -> org.hibernate.type.NumericBooleanType@349d0836
[DEBUG] 2020-04-06 12:43:52.948 [main] BasicTypeRegistry - Adding type registration true_false -> org.hibernate.type.TrueFalseType@2e3a5237
[DEBUG] 2020-04-06 12:43:52.948 [main] BasicTypeRegistry - Adding type registration yes_no -> org.hibernate.type.YesNoType@35c09b94
[DEBUG] 2020-04-06 12:43:52.949 [main] BasicTypeRegistry - Adding type registration byte -> org.hibernate.type.ByteType@1136b469
[DEBUG] 2020-04-06 12:43:52.949 [main] BasicTypeRegistry - Adding type registration byte -> org.hibernate.type.ByteType@1136b469
[DEBUG] 2020-04-06 12:43:52.949 [main] BasicTypeRegistry - Adding type registration java.lang.Byte -> org.hibernate.type.ByteType@1136b469
[DEBUG] 2020-04-06 12:43:52.949 [main] BasicTypeRegistry - Adding type registration character -> org.hibernate.type.CharacterType@5432050b
[DEBUG] 2020-04-06 12:43:52.949 [main] BasicTypeRegistry - Adding type registration char -> org.hibernate.type.CharacterType@5432050b
[DEBUG] 2020-04-06 12:43:52.950 [main] BasicTypeRegistry - Adding type registration java.lang.Character -> org.hibernate.type.CharacterType@5432050b
[DEBUG] 2020-04-06 12:43:52.950 [main] BasicTypeRegistry - Adding type registration short -> org.hibernate.type.ShortType@2c779e5
[DEBUG] 2020-04-06 12:43:52.950 [main] BasicTypeRegistry - Adding type registration short -> org.hibernate.type.ShortType@2c779e5
[DEBUG] 2020-04-06 12:43:52.950 [main] BasicTypeRegistry - Adding type registration java.lang.Short -> org.hibernate.type.ShortType@2c779e5
[DEBUG] 2020-04-06 12:43:52.951 [main] BasicTypeRegistry - Adding type registration integer -> org.hibernate.type.IntegerType@5328a9c1
[DEBUG] 2020-04-06 12:43:52.951 [main] BasicTypeRegistry - Adding type registration int -> org.hibernate.type.IntegerType@5328a9c1
[DEBUG] 2020-04-06 12:43:52.951 [main] BasicTypeRegistry - Adding type registration java.lang.Integer -> org.hibernate.type.IntegerType@5328a9c1
[DEBUG] 2020-04-06 12:43:52.951 [main] BasicTypeRegistry - Adding type registration long -> org.hibernate.type.LongType@16fe9c29
[DEBUG] 2020-04-06 12:43:52.952 [main] BasicTypeRegistry - Adding type registration long -> org.hibernate.type.LongType@16fe9c29
[DEBUG] 2020-04-06 12:43:52.952 [main] BasicTypeRegistry - Adding type registration java.lang.Long -> org.hibernate.type.LongType@16fe9c29
[DEBUG] 2020-04-06 12:43:52.952 [main] BasicTypeRegistry - Adding type registration float -> org.hibernate.type.FloatType@4d4960c8
[DEBUG] 2020-04-06 12:43:52.952 [main] BasicTypeRegistry - Adding type registration float -> org.hibernate.type.FloatType@4d4960c8
[DEBUG] 2020-04-06 12:43:52.952 [main] BasicTypeRegistry - Adding type registration java.lang.Float -> org.hibernate.type.FloatType@4d4960c8
[DEBUG] 2020-04-06 12:43:52.953 [main] BasicTypeRegistry - Adding type registration double -> org.hibernate.type.DoubleType@6ce90bc5
[DEBUG] 2020-04-06 12:43:52.953 [main] BasicTypeRegistry - Adding type registration double -> org.hibernate.type.DoubleType@6ce90bc5
[DEBUG] 2020-04-06 12:43:52.953 [main] BasicTypeRegistry - Adding type registration java.lang.Double -> org.hibernate.type.DoubleType@6ce90bc5
[DEBUG] 2020-04-06 12:43:52.953 [main] BasicTypeRegistry - Adding type registration big_decimal -> org.hibernate.type.BigDecimalType@27f1bbe0
[DEBUG] 2020-04-06 12:43:52.953 [main] BasicTypeRegistry - Adding type registration java.math.BigDecimal -> org.hibernate.type.BigDecimalType@27f1bbe0
[DEBUG] 2020-04-06 12:43:52.954 [main] BasicTypeRegistry - Adding type registration big_integer -> org.hibernate.type.BigIntegerType@7c28c1
[DEBUG] 2020-04-06 12:43:52.954 [main] BasicTypeRegistry - Adding type registration java.math.BigInteger -> org.hibernate.type.BigIntegerType@7c28c1
[DEBUG] 2020-04-06 12:43:52.954 [main] BasicTypeRegistry - Adding type registration string -> org.hibernate.type.StringType@5b3f3ba0
[DEBUG] 2020-04-06 12:43:52.954 [main] BasicTypeRegistry - Adding type registration java.lang.String -> org.hibernate.type.StringType@5b3f3ba0
[DEBUG] 2020-04-06 12:43:52.955 [main] BasicTypeRegistry - Adding type registration nstring -> org.hibernate.type.StringNVarcharType@4b1abd11
[DEBUG] 2020-04-06 12:43:52.955 [main] BasicTypeRegistry - Adding type registration ncharacter -> org.hibernate.type.CharacterNCharType@40021799
[DEBUG] 2020-04-06 12:43:52.955 [main] BasicTypeRegistry - Adding type registration url -> org.hibernate.type.UrlType@264c5d07
[DEBUG] 2020-04-06 12:43:52.955 [main] BasicTypeRegistry - Adding type registration java.net.URL -> org.hibernate.type.UrlType@264c5d07
[DEBUG] 2020-04-06 12:43:52.956 [main] BasicTypeRegistry - Adding type registration Duration -> org.hibernate.type.DurationType@5e742e4
[DEBUG] 2020-04-06 12:43:52.956 [main] BasicTypeRegistry - Adding type registration java.time.Duration -> org.hibernate.type.DurationType@5e742e4
[DEBUG] 2020-04-06 12:43:52.958 [main] BasicTypeRegistry - Adding type registration Instant -> org.hibernate.type.InstantType@56ccd751
[DEBUG] 2020-04-06 12:43:52.959 [main] BasicTypeRegistry - Adding type registration java.time.Instant -> org.hibernate.type.InstantType@56ccd751
[DEBUG] 2020-04-06 12:43:52.959 [main] BasicTypeRegistry - Adding type registration LocalDateTime -> org.hibernate.type.LocalDateTimeType@59712875
[DEBUG] 2020-04-06 12:43:52.959 [main] BasicTypeRegistry - Adding type registration java.time.LocalDateTime -> org.hibernate.type.LocalDateTimeType@59712875
[DEBUG] 2020-04-06 12:43:52.960 [main] BasicTypeRegistry - Adding type registration LocalDate -> org.hibernate.type.LocalDateType@37a64f9d
[DEBUG] 2020-04-06 12:43:52.960 [main] BasicTypeRegistry - Adding type registration java.time.LocalDate -> org.hibernate.type.LocalDateType@37a64f9d
[DEBUG] 2020-04-06 12:43:52.960 [main] BasicTypeRegistry - Adding type registration LocalTime -> org.hibernate.type.LocalTimeType@21f9277b
[DEBUG] 2020-04-06 12:43:52.960 [main] BasicTypeRegistry - Adding type registration java.time.LocalTime -> org.hibernate.type.LocalTimeType@21f9277b
[DEBUG] 2020-04-06 12:43:52.961 [main] BasicTypeRegistry - Adding type registration OffsetDateTime -> org.hibernate.type.OffsetDateTimeType@1d782abe
[DEBUG] 2020-04-06 12:43:52.961 [main] BasicTypeRegistry - Adding type registration java.time.OffsetDateTime -> org.hibernate.type.OffsetDateTimeType@1d782abe
[DEBUG] 2020-04-06 12:43:52.962 [main] BasicTypeRegistry - Adding type registration OffsetTime -> org.hibernate.type.OffsetTimeType@66bfd864
[DEBUG] 2020-04-06 12:43:52.962 [main] BasicTypeRegistry - Adding type registration java.time.OffsetTime -> org.hibernate.type.OffsetTimeType@66bfd864
[DEBUG] 2020-04-06 12:43:52.962 [main] BasicTypeRegistry - Adding type registration ZonedDateTime -> org.hibernate.type.ZonedDateTimeType@5486887b
[DEBUG] 2020-04-06 12:43:52.962 [main] BasicTypeRegistry - Adding type registration java.time.ZonedDateTime -> org.hibernate.type.ZonedDateTimeType@5486887b
[DEBUG] 2020-04-06 12:43:52.963 [main] BasicTypeRegistry - Adding type registration date -> org.hibernate.type.DateType@50825a02
[DEBUG] 2020-04-06 12:43:52.963 [main] BasicTypeRegistry - Adding type registration java.sql.Date -> org.hibernate.type.DateType@50825a02
[DEBUG] 2020-04-06 12:43:52.964 [main] BasicTypeRegistry - Adding type registration time -> org.hibernate.type.TimeType@13cd7ea5
[DEBUG] 2020-04-06 12:43:52.964 [main] BasicTypeRegistry - Adding type registration java.sql.Time -> org.hibernate.type.TimeType@13cd7ea5
[DEBUG] 2020-04-06 12:43:52.964 [main] BasicTypeRegistry - Adding type registration timestamp -> org.hibernate.type.TimestampType@abbc908
[DEBUG] 2020-04-06 12:43:52.964 [main] BasicTypeRegistry - Adding type registration java.sql.Timestamp -> org.hibernate.type.TimestampType@abbc908
[DEBUG] 2020-04-06 12:43:52.964 [main] BasicTypeRegistry - Adding type registration java.util.Date -> org.hibernate.type.TimestampType@abbc908
[DEBUG] 2020-04-06 12:43:52.965 [main] BasicTypeRegistry - Adding type registration dbtimestamp -> org.hibernate.type.DbTimestampType@2687f956
[DEBUG] 2020-04-06 12:43:52.966 [main] BasicTypeRegistry - Adding type registration calendar -> org.hibernate.type.CalendarType@53dfacba
[DEBUG] 2020-04-06 12:43:52.966 [main] BasicTypeRegistry - Adding type registration java.util.Calendar -> org.hibernate.type.CalendarType@53dfacba
[DEBUG] 2020-04-06 12:43:52.966 [main] BasicTypeRegistry - Adding type registration java.util.GregorianCalendar -> org.hibernate.type.CalendarType@53dfacba
[DEBUG] 2020-04-06 12:43:52.966 [main] BasicTypeRegistry - Adding type registration calendar_date -> org.hibernate.type.CalendarDateType@6edaa77a
[DEBUG] 2020-04-06 12:43:52.967 [main] BasicTypeRegistry - Adding type registration locale -> org.hibernate.type.LocaleType@29314cc9
[DEBUG] 2020-04-06 12:43:52.967 [main] BasicTypeRegistry - Adding type registration java.util.Locale -> org.hibernate.type.LocaleType@29314cc9
[DEBUG] 2020-04-06 12:43:52.967 [main] BasicTypeRegistry - Adding type registration currency -> org.hibernate.type.CurrencyType@a50ae65
[DEBUG] 2020-04-06 12:43:52.967 [main] BasicTypeRegistry - Adding type registration java.util.Currency -> org.hibernate.type.CurrencyType@a50ae65
[DEBUG] 2020-04-06 12:43:52.968 [main] BasicTypeRegistry - Adding type registration timezone -> org.hibernate.type.TimeZoneType@1473b8c0
[DEBUG] 2020-04-06 12:43:52.968 [main] BasicTypeRegistry - Adding type registration java.util.TimeZone -> org.hibernate.type.TimeZoneType@1473b8c0
[DEBUG] 2020-04-06 12:43:52.968 [main] BasicTypeRegistry - Adding type registration class -> org.hibernate.type.ClassType@33abde31
[DEBUG] 2020-04-06 12:43:52.968 [main] BasicTypeRegistry - Adding type registration java.lang.Class -> org.hibernate.type.ClassType@33abde31
[DEBUG] 2020-04-06 12:43:52.968 [main] BasicTypeRegistry - Adding type registration uuid-binary -> org.hibernate.type.UUIDBinaryType@b558294
[DEBUG] 2020-04-06 12:43:52.969 [main] BasicTypeRegistry - Adding type registration java.util.UUID -> org.hibernate.type.UUIDBinaryType@b558294
[DEBUG] 2020-04-06 12:43:52.969 [main] BasicTypeRegistry - Adding type registration uuid-char -> org.hibernate.type.UUIDCharType@4c9e38
[DEBUG] 2020-04-06 12:43:52.969 [main] BasicTypeRegistry - Adding type registration binary -> org.hibernate.type.BinaryType@76911385
[DEBUG] 2020-04-06 12:43:52.969 [main] BasicTypeRegistry - Adding type registration byte[] -> org.hibernate.type.BinaryType@76911385
[DEBUG] 2020-04-06 12:43:52.969 [main] BasicTypeRegistry - Adding type registration [B -> org.hibernate.type.BinaryType@76911385
[DEBUG] 2020-04-06 12:43:52.970 [main] BasicTypeRegistry - Adding type registration wrapper-binary -> org.hibernate.type.WrapperBinaryType@53093491
[DEBUG] 2020-04-06 12:43:52.970 [main] BasicTypeRegistry - Adding type registration Byte[] -> org.hibernate.type.WrapperBinaryType@53093491
[DEBUG] 2020-04-06 12:43:52.970 [main] BasicTypeRegistry - Adding type registration [Ljava.lang.Byte; -> org.hibernate.type.WrapperBinaryType@53093491
[DEBUG] 2020-04-06 12:43:52.971 [main] BasicTypeRegistry - Adding type registration row_version -> org.hibernate.type.RowVersionType@368d5c00
[DEBUG] 2020-04-06 12:43:52.971 [main] BasicTypeRegistry - Adding type registration image -> org.hibernate.type.ImageType@37095ded
[DEBUG] 2020-04-06 12:43:52.971 [main] BasicTypeRegistry - Adding type registration characters -> org.hibernate.type.CharArrayType@30b2b76f
[DEBUG] 2020-04-06 12:43:52.971 [main] BasicTypeRegistry - Adding type registration char[] -> org.hibernate.type.CharArrayType@30b2b76f
[DEBUG] 2020-04-06 12:43:52.971 [main] BasicTypeRegistry - Adding type registration [C -> org.hibernate.type.CharArrayType@30b2b76f
[DEBUG] 2020-04-06 12:43:52.972 [main] BasicTypeRegistry - Adding type registration wrapper-characters -> org.hibernate.type.CharacterArrayType@4c0884e8
[DEBUG] 2020-04-06 12:43:52.972 [main] BasicTypeRegistry - Adding type registration [Ljava.lang.Character; -> org.hibernate.type.CharacterArrayType@4c0884e8
[DEBUG] 2020-04-06 12:43:52.972 [main] BasicTypeRegistry - Adding type registration Character[] -> org.hibernate.type.CharacterArrayType@4c0884e8
[DEBUG] 2020-04-06 12:43:52.972 [main] BasicTypeRegistry - Adding type registration text -> org.hibernate.type.TextType@7b208b45
[DEBUG] 2020-04-06 12:43:52.972 [main] BasicTypeRegistry - Adding type registration ntext -> org.hibernate.type.NTextType@3e83c18
[DEBUG] 2020-04-06 12:43:52.973 [main] BasicTypeRegistry - Adding type registration blob -> org.hibernate.type.BlobType@7068f7ca
[DEBUG] 2020-04-06 12:43:52.973 [main] BasicTypeRegistry - Adding type registration java.sql.Blob -> org.hibernate.type.BlobType@7068f7ca
[DEBUG] 2020-04-06 12:43:52.974 [main] BasicTypeRegistry - Adding type registration materialized_blob -> org.hibernate.type.MaterializedBlobType@75b3673
[DEBUG] 2020-04-06 12:43:52.974 [main] BasicTypeRegistry - Adding type registration clob -> org.hibernate.type.ClobType@a7f0ab6
[DEBUG] 2020-04-06 12:43:52.974 [main] BasicTypeRegistry - Adding type registration java.sql.Clob -> org.hibernate.type.ClobType@a7f0ab6
[DEBUG] 2020-04-06 12:43:52.975 [main] BasicTypeRegistry - Adding type registration nclob -> org.hibernate.type.NClobType@3013909b
[DEBUG] 2020-04-06 12:43:52.975 [main] BasicTypeRegistry - Adding type registration java.sql.NClob -> org.hibernate.type.NClobType@3013909b
[DEBUG] 2020-04-06 12:43:52.975 [main] BasicTypeRegistry - Adding type registration materialized_clob -> org.hibernate.type.MaterializedClobType@76954a33
[DEBUG] 2020-04-06 12:43:52.975 [main] BasicTypeRegistry - Adding type registration materialized_nclob -> org.hibernate.type.MaterializedNClobType@7bef452c
[DEBUG] 2020-04-06 12:43:52.976 [main] BasicTypeRegistry - Adding type registration serializable -> org.hibernate.type.SerializableType@489543a6
[DEBUG] 2020-04-06 12:43:52.977 [main] BasicTypeRegistry - Adding type registration object -> org.hibernate.type.ObjectType@5b022357
[DEBUG] 2020-04-06 12:43:52.977 [main] BasicTypeRegistry - Adding type registration java.lang.Object -> org.hibernate.type.ObjectType@5b022357
[DEBUG] 2020-04-06 12:43:52.978 [main] BasicTypeRegistry - Adding type registration imm_date -> org.hibernate.type.AdaptedImmutableType@1bc425e7
[DEBUG] 2020-04-06 12:43:52.978 [main] BasicTypeRegistry - Adding type registration imm_time -> org.hibernate.type.AdaptedImmutableType@4b2a30d
[DEBUG] 2020-04-06 12:43:52.978 [main] BasicTypeRegistry - Adding type registration imm_timestamp -> org.hibernate.type.AdaptedImmutableType@322803db
[DEBUG] 2020-04-06 12:43:52.978 [main] BasicTypeRegistry - Adding type registration imm_dbtimestamp -> org.hibernate.type.AdaptedImmutableType@56ba8773
[DEBUG] 2020-04-06 12:43:52.978 [main] BasicTypeRegistry - Adding type registration imm_calendar -> org.hibernate.type.AdaptedImmutableType@6ceb7b5e
[DEBUG] 2020-04-06 12:43:52.978 [main] BasicTypeRegistry - Adding type registration imm_calendar_date -> org.hibernate.type.AdaptedImmutableType@7dd00705
[DEBUG] 2020-04-06 12:43:52.978 [main] BasicTypeRegistry - Adding type registration imm_binary -> org.hibernate.type.AdaptedImmutableType@f14e5bf
[DEBUG] 2020-04-06 12:43:52.978 [main] BasicTypeRegistry - Adding type registration imm_serializable -> org.hibernate.type.AdaptedImmutableType@d176a31
[DEBUG] 2020-04-06 12:43:52.992 [main] DefaultIdentifierGeneratorFactory - Registering IdentifierGenerator strategy [uuid2] -> [org.hibernate.id.UUIDGenerator]
[DEBUG] 2020-04-06 12:43:52.992 [main] DefaultIdentifierGeneratorFactory - Registering IdentifierGenerator strategy [guid] -> [org.hibernate.id.GUIDGenerator]
[DEBUG] 2020-04-06 12:43:52.992 [main] DefaultIdentifierGeneratorFactory - Registering IdentifierGenerator strategy [uuid] -> [org.hibernate.id.UUIDHexGenerator]
[DEBUG] 2020-04-06 12:43:52.992 [main] DefaultIdentifierGeneratorFactory - Registering IdentifierGenerator strategy [uuid.hex] -> [org.hibernate.id.UUIDHexGenerator]
[DEBUG] 2020-04-06 12:43:52.993 [main] DefaultIdentifierGeneratorFactory - Registering IdentifierGenerator strategy [assigned] -> [org.hibernate.id.Assigned]
[DEBUG] 2020-04-06 12:43:52.993 [main] DefaultIdentifierGeneratorFactory - Registering IdentifierGenerator strategy [identity] -> [org.hibernate.id.IdentityGenerator]
[DEBUG] 2020-04-06 12:43:52.993 [main] DefaultIdentifierGeneratorFactory - Registering IdentifierGenerator strategy [select] -> [org.hibernate.id.SelectGenerator]
[DEBUG] 2020-04-06 12:43:53.011 [main] DefaultIdentifierGeneratorFactory - Registering IdentifierGenerator strategy [sequence] -> [org.hibernate.id.enhanced.SequenceStyleGenerator]
[DEBUG] 2020-04-06 12:43:53.012 [main] DefaultIdentifierGeneratorFactory - Registering IdentifierGenerator strategy [seqhilo] -> [org.hibernate.id.SequenceHiLoGenerator]
[DEBUG] 2020-04-06 12:43:53.012 [main] DefaultIdentifierGeneratorFactory - Registering IdentifierGenerator strategy [increment] -> [org.hibernate.id.IncrementGenerator]
[DEBUG] 2020-04-06 12:43:53.013 [main] DefaultIdentifierGeneratorFactory - Registering IdentifierGenerator strategy [foreign] -> [org.hibernate.id.ForeignGenerator]
[DEBUG] 2020-04-06 12:43:53.013 [main] DefaultIdentifierGeneratorFactory - Registering IdentifierGenerator strategy [sequence-identity] -> [org.hibernate.id.SequenceIdentityGenerator]
[DEBUG] 2020-04-06 12:43:53.013 [main] DefaultIdentifierGeneratorFactory - Registering IdentifierGenerator strategy [enhanced-sequence] -> [org.hibernate.id.enhanced.SequenceStyleGenerator]
[DEBUG] 2020-04-06 12:43:53.013 [main] DefaultIdentifierGeneratorFactory - Registering IdentifierGenerator strategy [enhanced-table] -> [org.hibernate.id.enhanced.TableGenerator]
[INFO ] 2020-04-06 12:43:53.022 [main] C3P0ConnectionProvider - HHH010002: C3P0 using driver: com.mysql.cj.jdbc.Driver at URL: jdbc:mysql://localhost:3306/EuchreLeague
[INFO ] 2020-04-06 12:43:53.022 [main] C3P0ConnectionProvider - HHH10001001: Connection properties: {password=****, user=root}
[INFO ] 2020-04-06 12:43:53.022 [main] C3P0ConnectionProvider - HHH10001003: Autocommit mode: false
[INFO ] 2020-04-06 12:43:53.127 [main] C3P0ConnectionProvider - HHH10001007: JDBC isolation level: <unknown>
[DEBUG] 2020-04-06 12:43:53.453 [main] JdbcEnvironmentInitiator - Database ->
       name : MySQL
    version : 8.0.16
      major : 8
      minor : 0
[DEBUG] 2020-04-06 12:43:53.453 [main] JdbcEnvironmentInitiator - Driver ->
       name : MySQL Connector/J
    version : mysql-connector-java-8.0.16 (Revision: 34cbc6bc61f72836e26327537a432d6db7c77de6)
      major : 8
      minor : 0
[DEBUG] 2020-04-06 12:43:53.453 [main] JdbcEnvironmentInitiator - JDBC version : 4.2
[INFO ] 2020-04-06 12:43:53.472 [main] Dialect - HHH000400: Using dialect: org.hibernate.dialect.MySQL8Dialect
[DEBUG] 2020-04-06 12:43:53.483 [main] IdentifierHelperBuilder - JDBC driver metadata reported database stores quoted identifiers in more than one case
[DEBUG] 2020-04-06 12:43:53.494 [main] IdentifierHelperBuilder - IdentifierCaseStrategy for both quoted and unquoted identifiers was set to the same strategy [MIXED]; that will likely lead to problems in schema update and validation if using quoted identifiers
[DEBUG] 2020-04-06 12:43:53.509 [main] Namespace - Created database namespace [logicalName=Name{catalog=null, schema=null}, physicalName=Name{catalog=null, schema=null}]
[DEBUG] 2020-04-06 12:43:53.511 [main] TypeConfiguration$Scope - Scoping TypeConfiguration [org.hibernate.type.spi.TypeConfiguration@107f4980] to MetadataBuildingContext [org.hibernate.boot.internal.MetadataBuildingContextRootImpl@75a118e6]
[DEBUG] 2020-04-06 12:43:53.535 [main] AnnotationBinder - Binding entity from annotated class: com.euchreleague.entity.User
[DEBUG] 2020-04-06 12:43:53.547 [main] Ejb3Column - Binding column: Ejb3DiscriminatorColumn{logicalColumnName'DTYPE', discriminatorTypeName='string'}
[DEBUG] 2020-04-06 12:43:53.549 [main] EntityBinder - Import with entity name User
[DEBUG] 2020-04-06 12:43:53.551 [main] EntityBinder - Bind entity com.euchreleague.entity.User on table user
[DEBUG] 2020-04-06 12:43:53.563 [main] Ejb3Column - Binding column: Ejb3Column{table=org.hibernate.mapping.Table(user), mappingColumn=id, insertable=true, updatable=true, unique=false}
[DEBUG] 2020-04-06 12:43:53.564 [main] PropertyBinder - MetadataSourceProcessor property id with lazy=false
[DEBUG] 2020-04-06 12:43:53.565 [main] AbstractPropertyHolder - Attempting to locate auto-apply AttributeConverter for property [com.euchreleague.entity.User:id]
[DEBUG] 2020-04-06 12:43:53.566 [main] SimpleValueBinder - building SimpleValue for id
[DEBUG] 2020-04-06 12:43:53.567 [main] PropertyBinder - Building property id
[DEBUG] 2020-04-06 12:43:53.569 [main] BinderHelper - #makeIdGenerator(org.hibernate.mapping.SimpleValue([org.hibernate.mapping.Column(id)]), id, org.hibernate.id.enhanced.SequenceStyleGenerator, native, ...)
[DEBUG] 2020-04-06 12:43:53.570 [main] Ejb3Column - Binding column: Ejb3Column{table=org.hibernate.mapping.Table(user), mappingColumn=first_name, insertable=true, updatable=true, unique=false}
[DEBUG] 2020-04-06 12:43:53.570 [main] PropertyBinder - MetadataSourceProcessor property firstName with lazy=false
[DEBUG] 2020-04-06 12:43:53.570 [main] AbstractPropertyHolder - Attempting to locate auto-apply AttributeConverter for property [com.euchreleague.entity.User:firstName]
[DEBUG] 2020-04-06 12:43:53.570 [main] SimpleValueBinder - building SimpleValue for firstName
[DEBUG] 2020-04-06 12:43:53.570 [main] PropertyBinder - Building property firstName
[DEBUG] 2020-04-06 12:43:53.570 [main] Ejb3Column - Binding column: Ejb3Column{table=org.hibernate.mapping.Table(user), mappingColumn=last_name, insertable=true, updatable=true, unique=false}
[DEBUG] 2020-04-06 12:43:53.570 [main] PropertyBinder - MetadataSourceProcessor property lastName with lazy=false
[DEBUG] 2020-04-06 12:43:53.570 [main] AbstractPropertyHolder - Attempting to locate auto-apply AttributeConverter for property [com.euchreleague.entity.User:lastName]
[DEBUG] 2020-04-06 12:43:53.570 [main] SimpleValueBinder - building SimpleValue for lastName
[DEBUG] 2020-04-06 12:43:53.571 [main] PropertyBinder - Building property lastName
[DEBUG] 2020-04-06 12:43:53.571 [main] Ejb3Column - Binding column: Ejb3Column{table=org.hibernate.mapping.Table(user), mappingColumn=user_name, insertable=true, updatable=true, unique=false}
[DEBUG] 2020-04-06 12:43:53.571 [main] PropertyBinder - MetadataSourceProcessor property userName with lazy=false
[DEBUG] 2020-04-06 12:43:53.571 [main] AbstractPropertyHolder - Attempting to locate auto-apply AttributeConverter for property [com.euchreleague.entity.User:userName]
[DEBUG] 2020-04-06 12:43:53.571 [main] SimpleValueBinder - building SimpleValue for userName
[DEBUG] 2020-04-06 12:43:53.571 [main] PropertyBinder - Building property userName
[DEBUG] 2020-04-06 12:43:53.571 [main] Ejb3Column - Binding column: Ejb3Column{table=org.hibernate.mapping.Table(user), mappingColumn=user_password, insertable=true, updatable=true, unique=false}
[DEBUG] 2020-04-06 12:43:53.571 [main] PropertyBinder - MetadataSourceProcessor property userPassword with lazy=false
[DEBUG] 2020-04-06 12:43:53.571 [main] AbstractPropertyHolder - Attempting to locate auto-apply AttributeConverter for property [com.euchreleague.entity.User:userPassword]
[DEBUG] 2020-04-06 12:43:53.571 [main] SimpleValueBinder - building SimpleValue for userPassword
[DEBUG] 2020-04-06 12:43:53.571 [main] PropertyBinder - Building property userPassword
[DEBUG] 2020-04-06 12:43:53.572 [main] Ejb3Column - Binding column: Ejb3JoinColumn{logicalColumnName='null', referencedColumn='null', mappedBy='user'}
[DEBUG] 2020-04-06 12:43:53.572 [main] Ejb3Column - Binding column: Ejb3Column{table=org.hibernate.mapping.Table(user), mappingColumn=userRoles, insertable=true, updatable=true, unique=false}
[DEBUG] 2020-04-06 12:43:53.573 [main] Ejb3Column - Binding column: Ejb3Column{table=org.hibernate.mapping.Table(user), mappingColumn=null, insertable=true, updatable=true, unique=false}
[DEBUG] 2020-04-06 12:43:53.577 [main] Ejb3Column - Binding column: Ejb3Column{table=org.hibernate.mapping.Table(user), mappingColumn=element, insertable=true, updatable=true, unique=false}
[DEBUG] 2020-04-06 12:43:53.577 [main] Ejb3Column - Binding column: Ejb3Column{table=org.hibernate.mapping.Table(user), mappingColumn=userRoles_KEY, insertable=true, updatable=true, unique=false}
[DEBUG] 2020-04-06 12:43:53.578 [main] Ejb3Column - Binding column: Ejb3JoinColumn{logicalColumnName='userRoles_KEY', referencedColumn='null', mappedBy='null'}
[DEBUG] 2020-04-06 12:43:53.578 [main] Ejb3Column - Binding column: Ejb3JoinColumn{logicalColumnName='null', referencedColumn='null', mappedBy='user'}
[DEBUG] 2020-04-06 12:43:53.578 [main] Ejb3Column - Binding column: Ejb3JoinColumn{logicalColumnName='null', referencedColumn='null', mappedBy='user'}
[DEBUG] 2020-04-06 12:43:53.579 [main] CollectionBinder - Collection role: com.euchreleague.entity.User.userRoles
[DEBUG] 2020-04-06 12:43:53.580 [main] PropertyBinder - Building property userRoles
[DEBUG] 2020-04-06 12:43:53.580 [main] AnnotationBinder - Binding entity from annotated class: com.euchreleague.entity.UserRoles
[DEBUG] 2020-04-06 12:43:53.581 [main] Ejb3Column - Binding column: Ejb3DiscriminatorColumn{logicalColumnName'DTYPE', discriminatorTypeName='string'}
[DEBUG] 2020-04-06 12:43:53.581 [main] EntityBinder - Import with entity name UserRoles
[DEBUG] 2020-04-06 12:43:53.581 [main] EntityBinder - Bind entity com.euchreleague.entity.UserRoles on table user_roles
[DEBUG] 2020-04-06 12:43:53.583 [main] Ejb3Column - Binding column: Ejb3Column{table=org.hibernate.mapping.Table(user_roles), mappingColumn=id, insertable=true, updatable=true, unique=false}
[DEBUG] 2020-04-06 12:43:53.583 [main] PropertyBinder - MetadataSourceProcessor property id with lazy=false
[DEBUG] 2020-04-06 12:43:53.583 [main] AbstractPropertyHolder - Attempting to locate auto-apply AttributeConverter for property [com.euchreleague.entity.UserRoles:id]
[DEBUG] 2020-04-06 12:43:53.583 [main] SimpleValueBinder - building SimpleValue for id
[DEBUG] 2020-04-06 12:43:53.583 [main] PropertyBinder - Building property id
[DEBUG] 2020-04-06 12:43:53.583 [main] BinderHelper - #makeIdGenerator(org.hibernate.mapping.SimpleValue([org.hibernate.mapping.Column(id)]), id, org.hibernate.id.enhanced.SequenceStyleGenerator, native, ...)
[DEBUG] 2020-04-06 12:43:53.583 [main] Ejb3Column - Binding column: Ejb3Column{table=org.hibernate.mapping.Table(user_roles), mappingColumn=role_name, insertable=true, updatable=true, unique=false}
[DEBUG] 2020-04-06 12:43:53.584 [main] PropertyBinder - MetadataSourceProcessor property roleName with lazy=false
[DEBUG] 2020-04-06 12:43:53.584 [main] AbstractPropertyHolder - Attempting to locate auto-apply AttributeConverter for property [com.euchreleague.entity.UserRoles:roleName]
[DEBUG] 2020-04-06 12:43:53.584 [main] SimpleValueBinder - building SimpleValue for roleName
[DEBUG] 2020-04-06 12:43:53.584 [main] PropertyBinder - Building property roleName
[DEBUG] 2020-04-06 12:43:53.584 [main] Ejb3Column - Binding column: Ejb3JoinColumn{logicalColumnName='user_id', referencedColumn='id', mappedBy=''}
[DEBUG] 2020-04-06 12:43:53.584 [main] Ejb3Column - Binding column: Ejb3Column{table=org.hibernate.mapping.Table(user_roles), mappingColumn=user, insertable=true, updatable=true, unique=false}
[DEBUG] 2020-04-06 12:43:53.585 [main] PropertyBinder - Building property user
[DEBUG] 2020-04-06 12:43:53.585 [main] SimpleValueBinder - Starting fillSimpleValue for id
[DEBUG] 2020-04-06 12:43:53.585 [main] SimpleValueBinder - Starting fillSimpleValue for firstName
[DEBUG] 2020-04-06 12:43:53.585 [main] SimpleValueBinder - Starting fillSimpleValue for lastName
[DEBUG] 2020-04-06 12:43:53.585 [main] SimpleValueBinder - Starting fillSimpleValue for userName
[DEBUG] 2020-04-06 12:43:53.586 [main] SimpleValueBinder - Starting fillSimpleValue for userPassword
[DEBUG] 2020-04-06 12:43:53.586 [main] SimpleValueBinder - Starting fillSimpleValue for id
[DEBUG] 2020-04-06 12:43:53.586 [main] SimpleValueBinder - Starting fillSimpleValue for roleName
[DEBUG] 2020-04-06 12:43:53.587 [main] PrimaryKey - Forcing column [id] to be non-null as it is part of the primary key for table [user]
[DEBUG] 2020-04-06 12:43:53.587 [main] PrimaryKey - Forcing column [id] to be non-null as it is part of the primary key for table [user_roles]
[DEBUG] 2020-04-06 12:43:53.588 [main] CollectionSecondPass - Second pass for collection: com.euchreleague.entity.User.userRoles
[DEBUG] 2020-04-06 12:43:53.588 [main] CollectionBinder - Binding a OneToMany: com.euchreleague.entity.User.userRoles through a foreign key
[DEBUG] 2020-04-06 12:43:53.588 [main] CollectionBinder - Mapping collection: com.euchreleague.entity.User.userRoles -> user_roles
[DEBUG] 2020-04-06 12:43:53.589 [main] TableBinder - Retrieving property com.euchreleague.entity.UserRoles.user
[DEBUG] 2020-04-06 12:43:53.589 [main] CollectionSecondPass - Mapped collection key: user_id, one-to-many: com.euchreleague.entity.UserRoles
[DEBUG] 2020-04-06 12:43:53.589 [main] InFlightMetadataCollectorImpl - Resolving reference to class: com.euchreleague.entity.User
[DEBUG] 2020-04-06 12:43:53.590 [main] InFlightMetadataCollectorImpl - Resolving reference to class: com.euchreleague.entity.User
[DEBUG] 2020-04-06 12:43:53.606 [main] SessionFactoryImpl - Building session factory
[DEBUG] 2020-04-06 12:43:53.607 [main] Settings - SessionFactory name : null
[DEBUG] 2020-04-06 12:43:53.607 [main] Settings - Automatic flush during beforeCompletion(): enabled
[DEBUG] 2020-04-06 12:43:53.607 [main] Settings - Automatic session close at end of transaction: disabled
[DEBUG] 2020-04-06 12:43:53.607 [main] Settings - Statistics: disabled
[DEBUG] 2020-04-06 12:43:53.607 [main] Settings - Deleted entity synthetic identifier rollback: disabled
[DEBUG] 2020-04-06 12:43:53.607 [main] Settings - Default entity-mode: pojo
[DEBUG] 2020-04-06 12:43:53.607 [main] Settings - Check Nullability in Core (should be disabled when Bean Validation is on): enabled
[DEBUG] 2020-04-06 12:43:53.607 [main] Settings - Allow initialization of lazy state outside session : disabled
[DEBUG] 2020-04-06 12:43:53.607 [main] Settings - Using BatchFetchStyle : LEGACY
[DEBUG] 2020-04-06 12:43:53.607 [main] Settings - Default batch fetch size: -1
[DEBUG] 2020-04-06 12:43:53.607 [main] Settings - Maximum outer join fetch depth: 2
[DEBUG] 2020-04-06 12:43:53.607 [main] Settings - Default null ordering: NONE
[DEBUG] 2020-04-06 12:43:53.607 [main] Settings - Order SQL updates by primary key: disabled
[DEBUG] 2020-04-06 12:43:53.607 [main] Settings - Order SQL inserts for batching: disabled
[DEBUG] 2020-04-06 12:43:53.607 [main] Settings - multi-tenancy strategy : NONE
[DEBUG] 2020-04-06 12:43:53.607 [main] Settings - JTA Track by Thread: enabled
[DEBUG] 2020-04-06 12:43:53.607 [main] Settings - Query language substitutions: {}
[DEBUG] 2020-04-06 12:43:53.607 [main] Settings - Named query checking : enabled
[DEBUG] 2020-04-06 12:43:53.607 [main] Settings - Second-level cache: disabled
[DEBUG] 2020-04-06 12:43:53.607 [main] Settings - Second-level query cache: disabled
[DEBUG] 2020-04-06 12:43:53.607 [main] Settings - Second-level query cache factory: null
[DEBUG] 2020-04-06 12:43:53.607 [main] Settings - Second-level cache region prefix: null
[DEBUG] 2020-04-06 12:43:53.607 [main] Settings - Optimize second-level cache for minimal puts: disabled
[DEBUG] 2020-04-06 12:43:53.607 [main] Settings - Structured second-level cache entries: disabled
[DEBUG] 2020-04-06 12:43:53.608 [main] Settings - Second-level cache direct-reference entries: disabled
[DEBUG] 2020-04-06 12:43:53.608 [main] Settings - Automatic eviction of collection cache: disabled
[DEBUG] 2020-04-06 12:43:53.608 [main] Settings - JDBC batch size: 15
[DEBUG] 2020-04-06 12:43:53.608 [main] Settings - JDBC batch updates for versioned data: enabled
[DEBUG] 2020-04-06 12:43:53.608 [main] Settings - Scrollable result sets: enabled
[DEBUG] 2020-04-06 12:43:53.608 [main] Settings - Wrap result sets: disabled
[DEBUG] 2020-04-06 12:43:53.608 [main] Settings - JDBC3 getGeneratedKeys(): enabled
[DEBUG] 2020-04-06 12:43:53.608 [main] Settings - JDBC result set fetch size: null
[DEBUG] 2020-04-06 12:43:53.608 [main] Settings - Connection release mode: AFTER_TRANSACTION
[DEBUG] 2020-04-06 12:43:53.608 [main] Settings - Generate SQL with comments: disabled
[DEBUG] 2020-04-06 12:43:53.608 [main] Settings - JPA compliance - query : 
[DEBUG] 2020-04-06 12:43:53.608 [main] Settings - JPA compliance - closed-handling : 
[DEBUG] 2020-04-06 12:43:53.608 [main] Settings - JPA compliance - lists : 
[DEBUG] 2020-04-06 12:43:53.608 [main] Settings - JPA compliance - transactions : 
[INFO ] 2020-04-06 12:43:53.633 [main] beans - HHH10005002: No explicit CDI BeanManager reference was passed to Hibernate, but CDI is available on the Hibernate ClassLoader.
[DEBUG] 2020-04-06 12:43:53.642 [main] SessionFactoryImpl - Session factory constructed with filter configurations : {}
[DEBUG] 2020-04-06 12:43:53.642 [main] SessionFactoryImpl - Instantiating session factory with properties: {sun.desktop=gnome, awt.toolkit=sun.awt.X11.XToolkit, java.specification.version=11, sun.cpu.isalist=, hibernate.c3p0.idle_test_period=3000, sun.jnu.encoding=UTF-8, hibernate.c3p0.min_size=5, java.class.path=/home/student/intellij/lib/idea_rt.jar:/home/student/intellij/plugins/junit/lib/junit5-rt.jar:/home/student/intellij/plugins/junit/lib/junit-rt.jar:/home/student/IdeaProjects/euchreLeague/target/test-classes:/home/student/IdeaProjects/euchreLeague/target/classes:/home/student/.m2/repository/org/junit/platform/junit-platform-runner/1.0.0/junit-platform-runner-1.0.0.jar:/home/student/.m2/repository/org/apiguardian/apiguardian-api/1.0.0/apiguardian-api-1.0.0.jar:/home/student/.m2/repository/org/junit/platform/junit-platform-launcher/1.0.0/junit-platform-launcher-1.0.0.jar:/home/student/.m2/repository/org/junit/platform/junit-platform-suite-api/1.0.0/junit-platform-suite-api-1.0.0.jar:/home/student/.m2/repository/org/junit/platform/junit-platform-commons/1.0.0/junit-platform-commons-1.0.0.jar:/home/student/.m2/repository/org/junit/vintage/junit-vintage-engine/4.12.0/junit-vintage-engine-4.12.0.jar:/home/student/.m2/repository/org/junit/platform/junit-platform-engine/1.0.0/junit-platform-engine-1.0.0.jar:/home/student/.m2/repository/org/opentest4j/opentest4j/1.0.0/opentest4j-1.0.0.jar:/home/student/.m2/repository/org/junit/jupiter/junit-jupiter-engine/5.0.0/junit-jupiter-engine-5.0.0.jar:/home/student/.m2/repository/org/junit/jupiter/junit-jupiter-api/5.0.0/junit-jupiter-api-5.0.0.jar:/home/student/.m2/repository/junit/junit/4.12/junit-4.12.jar:/home/student/.m2/repository/org/hamcrest/hamcrest-core/1.3/hamcrest-core-1.3.jar:/home/student/.m2/repository/javax/javaee-web-api/7.0/javaee-web-api-7.0.jar:/home/student/.m2/repository/mysql/mysql-connector-java/8.0.16/mysql-connector-java-8.0.16.jar:/home/student/.m2/repository/com/google/protobuf/protobuf-java/3.6.1/protobuf-java-3.6.1.jar:/home/student/.m2/repository/jstl/jstl/1.2/jstl-1.2.jar:/home/student/.m2/repository/org/apache/tomcat/tomcat-catalina/8.5.3/tomcat-catalina-8.5.3.jar:/home/student/.m2/repository/org/apache/tomcat/tomcat-servlet-api/8.5.3/tomcat-servlet-api-8.5.3.jar:/home/student/.m2/repository/org/apache/tomcat/tomcat-jsp-api/8.5.3/tomcat-jsp-api-8.5.3.jar:/home/student/.m2/repository/org/apache/tomcat/tomcat-el-api/8.5.3/tomcat-el-api-8.5.3.jar:/home/student/.m2/repository/org/apache/tomcat/tomcat-juli/8.5.3/tomcat-juli-8.5.3.jar:/home/student/.m2/repository/org/apache/tomcat/tomcat-annotations-api/8.5.3/tomcat-annotations-api-8.5.3.jar:/home/student/.m2/repository/org/apache/tomcat/tomcat-api/8.5.3/tomcat-api-8.5.3.jar:/home/student/.m2/repository/org/apache/tomcat/tomcat-jni/8.5.3/tomcat-jni-8.5.3.jar:/home/student/.m2/repository/org/apache/tomcat/tomcat-coyote/8.5.3/tomcat-coyote-8.5.3.jar:/home/student/.m2/repository/org/apache/tomcat/tomcat-util/8.5.3/tomcat-util-8.5.3.jar:/home/student/.m2/repository/org/apache/tomcat/tomcat-util-scan/8.5.3/tomcat-util-scan-8.5.3.jar:/home/student/.m2/repository/org/hibernate/hibernate-core/5.4.4.Final/hibernate-core-5.4.4.Final.jar:/home/student/.m2/repository/org/jboss/logging/jboss-logging/3.3.2.Final/jboss-logging-3.3.2.Final.jar:/home/student/.m2/repository/javax/persistence/javax.persistence-api/2.2/javax.persistence-api-2.2.jar:/home/student/.m2/repository/org/javassist/javassist/3.24.0-GA/javassist-3.24.0-GA.jar:/home/student/.m2/repository/net/bytebuddy/byte-buddy/1.9.11/byte-buddy-1.9.11.jar:/home/student/.m2/repository/antlr/antlr/2.7.7/antlr-2.7.7.jar:/home/student/.m2/repository/org/jboss/spec/javax/transaction/jboss-transaction-api_1.2_spec/1.1.1.Final/jboss-transaction-api_1.2_spec-1.1.1.Final.jar:/home/student/.m2/repository/org/jboss/jandex/2.0.5.Final/jandex-2.0.5.Final.jar:/home/student/.m2/repository/com/fasterxml/classmate/1.3.4/classmate-1.3.4.jar:/home/student/.m2/repository/javax/activation/javax.activation-api/1.2.0/javax.activation-api-1.2.0.jar:/home/student/.m2/repository/org/dom4j/dom4j/2.1.1/dom4j-2.1.1.jar:/home/student/.m2/repository/org/hibernate/common/hibernate-commons-annotations/5.1.0.Final/hibernate-commons-annotations-5.1.0.Final.jar:/home/student/.m2/repository/javax/xml/bind/jaxb-api/2.3.1/jaxb-api-2.3.1.jar:/home/student/.m2/repository/org/glassfish/jaxb/jaxb-runtime/2.3.1/jaxb-runtime-2.3.1.jar:/home/student/.m2/repository/org/glassfish/jaxb/txw2/2.3.1/txw2-2.3.1.jar:/home/student/.m2/repository/com/sun/istack/istack-commons-runtime/3.0.7/istack-commons-runtime-3.0.7.jar:/home/student/.m2/repository/org/jvnet/staxex/stax-ex/1.8/stax-ex-1.8.jar:/home/student/.m2/repository/com/sun/xml/fastinfoset/FastInfoset/1.2.15/FastInfoset-1.2.15.jar:/home/student/.m2/repository/org/hibernate/hibernate-c3p0/5.4.4.Final/hibernate-c3p0-5.4.4.Final.jar:/home/student/.m2/repository/com/mchange/c3p0/0.9.5.3/c3p0-0.9.5.3.jar:/home/student/.m2/repository/com/mchange/mchange-commons-java/0.2.15/mchange-commons-java-0.2.15.jar:/home/student/.m2/repository/org/apache/logging/log4j/log4j-api/2.10.0/log4j-api-2.10.0.jar:/home/student/.m2/repository/org/apache/logging/log4j/log4j-core/2.10.0/log4j-core-2.10.0.jar, java.vm.vendor=Ubuntu, sun.arch.data.model=64, idea.test.cyclic.buffer.size=1048576, java.vendor.url=https://ubuntu.com/, user.timezone=America/Chicago, os.name=Linux, java.vm.specification.version=11, sun.java.launcher=SUN_STANDARD, user.country=US, sun.boot.library.path=/usr/lib/jvm/java-11-openjdk-amd64/lib, sun.java.command=com.intellij.rt.junit.JUnitStarter -ideVersion5 -junit5 com.euchreleague.persistence.UserDaoTest, jdk.debug=release, sun.cpu.endian=little, user.home=/home/student, hibernate.c3p0.max_statements=50, user.language=en, java.specification.vendor=Oracle Corporation, java.version.date=2020-01-14, java.home=/usr/lib/jvm/java-11-openjdk-amd64, file.separator=/, java.vm.compressedOopsMode=Zero based, line.separator=
, hibernate.c3p0.timeout=300, java.specification.name=Java Platform API Specification, java.vm.specification.vendor=Oracle Corporation, java.awt.graphicsenv=sun.awt.X11GraphicsEnvironment, connection.password=@Tonyawatha18, sun.management.compiler=HotSpot 64-Bit Tiered Compilers, hibernate.c3p0.max_size=20, java.runtime.version=11.0.6+10-post-Ubuntu-1ubuntu118.04.1, user.name=student, path.separator=:, hibernate.connection.username=****, os.version=5.3.0-40-generic, java.runtime.name=OpenJDK Runtime Environment, hibernate.connection.url=jdbc:mysql://localhost:3306/EuchreLeague, file.encoding=UTF-8, java.vm.name=OpenJDK 64-Bit Server VM, hibernate.connection.driver_class=com.mysql.cj.jdbc.Driver, java.vendor.url.bug=https://bugs.launchpad.net/ubuntu/+source/openjdk-lts, java.io.tmpdir=/tmp, java.version=11.0.6, user.dir=/home/student/IdeaProjects/euchreLeague, os.arch=amd64, connection.username=root, java.vm.specification.name=Java Virtual Machine Specification, java.awt.printerjob=sun.print.PSPrinterJob, hibernate.connection.password=****, sun.os.patch.level=unknown, connection.driver_class=com.mysql.cj.jdbc.Driver, hibernate.boot.CfgXmlAccessService.key=org.hibernate.boot.cfgxml.spi.LoadedConfig@65383667, java.library.path=/usr/java/packages/lib:/usr/lib/x86_64-linux-gnu/jni:/lib/x86_64-linux-gnu:/usr/lib/x86_64-linux-gnu:/usr/lib/jni:/lib:/usr/lib, java.vendor=Ubuntu, java.vm.info=mixed mode, sharing, java.vm.version=11.0.6+10-post-Ubuntu-1ubuntu118.04.1, hibernate.bytecode.use_reflection_optimizer=false, sun.io.unicode.encoding=UnicodeLittle, connection.url=jdbc:mysql://localhost:3306/EuchreLeague, java.class.version=55.0}
[DEBUG] 2020-04-06 12:43:53.651 [main] TypeSafeActivator - Unable to acquire Bean Validation ValidatorFactory, skipping activation
[DEBUG] 2020-04-06 12:43:53.651 [main] JaccIntegrator - Skipping JACC integration as it was not enabled
[DEBUG] 2020-04-06 12:43:53.652 [main] SessionFactoryImpl - Instantiated session factory
[DEBUG] 2020-04-06 12:43:53.652 [main] TypeConfiguration$Scope - Scoping TypeConfiguration [org.hibernate.type.spi.TypeConfiguration@107f4980] to SessionFactoryImpl [org.hibernate.internal.SessionFactoryImpl@244418a]
[DEBUG] 2020-04-06 12:43:53.676 [main] ClassLoaderAccessImpl - Not known whether passed class name [com.euchreleague.entity.UserRoles] is safe
[DEBUG] 2020-04-06 12:43:53.677 [main] ClassLoaderAccessImpl - No temp ClassLoader provided; using live ClassLoader for loading potentially unsafe class : com.euchreleague.entity.UserRoles
[DEBUG] 2020-04-06 12:43:53.685 [main] ClassLoaderAccessImpl - Not known whether passed class name [com.euchreleague.entity.UserRoles] is safe
[DEBUG] 2020-04-06 12:43:53.685 [main] ClassLoaderAccessImpl - No temp ClassLoader provided; using live ClassLoader for loading potentially unsafe class : com.euchreleague.entity.UserRoles
[DEBUG] 2020-04-06 12:43:53.834 [main] ClassLoaderAccessImpl - Not known whether passed class name [com.euchreleague.entity.User] is safe
[DEBUG] 2020-04-06 12:43:53.834 [main] ClassLoaderAccessImpl - No temp ClassLoader provided; using live ClassLoader for loading potentially unsafe class : com.euchreleague.entity.User
[DEBUG] 2020-04-06 12:43:53.835 [main] ClassLoaderAccessImpl - Not known whether passed class name [com.euchreleague.entity.User] is safe
[DEBUG] 2020-04-06 12:43:53.835 [main] ClassLoaderAccessImpl - No temp ClassLoader provided; using live ClassLoader for loading potentially unsafe class : com.euchreleague.entity.User
[DEBUG] 2020-04-06 12:43:53.870 [main] AbstractCollectionPersister - Static SQL for collection: com.euchreleague.entity.User.userRoles
[DEBUG] 2020-04-06 12:43:53.871 [main] AbstractCollectionPersister -  Row insert: update user_roles set user_id=? where id=?
[DEBUG] 2020-04-06 12:43:53.871 [main] AbstractCollectionPersister -  Row update: update user_roles set  where id=?
[DEBUG] 2020-04-06 12:43:53.871 [main] AbstractCollectionPersister -  Row delete: update user_roles set user_id=null where user_id=? and id=?
[DEBUG] 2020-04-06 12:43:53.871 [main] AbstractCollectionPersister -  One-shot delete: update user_roles set user_id=null where user_id=?
[DEBUG] 2020-04-06 12:43:53.873 [main] AbstractEntityPersister - Static SQL for entity: com.euchreleague.entity.UserRoles
[DEBUG] 2020-04-06 12:43:53.873 [main] AbstractEntityPersister -  Version select: select id from user_roles where id =?
[DEBUG] 2020-04-06 12:43:53.873 [main] AbstractEntityPersister -  Snapshot select: select userroles_.id, userroles_.role_name as role_nam2_1_, userroles_.user_id as user_id3_1_ from user_roles userroles_ where userroles_.id=?
[DEBUG] 2020-04-06 12:43:53.873 [main] AbstractEntityPersister -  Insert 0: insert into user_roles (role_name, user_id, id) values (?, ?, ?)
[DEBUG] 2020-04-06 12:43:53.873 [main] AbstractEntityPersister -  Update 0: update user_roles set role_name=?, user_id=? where id=?
[DEBUG] 2020-04-06 12:43:53.873 [main] AbstractEntityPersister -  Delete 0: delete from user_roles where id=?
[DEBUG] 2020-04-06 12:43:53.874 [main] AbstractEntityPersister -  Identity insert: insert into user_roles (role_name, user_id) values (?, ?)
[DEBUG] 2020-04-06 12:43:53.887 [main] QuerySpacesImpl - Adding QuerySpace : uid = <gen:0> -> org.hibernate.loader.plan.build.internal.spaces.EntityQuerySpaceImpl@3a4aadf8]
[DEBUG] 2020-04-06 12:43:53.887 [main] MetamodelGraphWalker - Visiting attribute path : roleName
[DEBUG] 2020-04-06 12:43:53.887 [main] MetamodelGraphWalker - Visiting attribute path : user
[DEBUG] 2020-04-06 12:43:53.889 [main] QuerySpacesImpl - Adding QuerySpace : uid = <gen:1> -> org.hibernate.loader.plan.build.internal.spaces.EntityQuerySpaceImpl@1983b48a]
[DEBUG] 2020-04-06 12:43:53.890 [main] MetamodelGraphWalker - Visiting attribute path : user.firstName
[DEBUG] 2020-04-06 12:43:53.890 [main] MetamodelGraphWalker - Visiting attribute path : user.lastName
[DEBUG] 2020-04-06 12:43:53.890 [main] MetamodelGraphWalker - Visiting attribute path : user.userName
[DEBUG] 2020-04-06 12:43:53.890 [main] MetamodelGraphWalker - Visiting attribute path : user.userPassword
[DEBUG] 2020-04-06 12:43:53.890 [main] MetamodelGraphWalker - Visiting attribute path : user.userRoles
[DEBUG] 2020-04-06 12:43:53.890 [main] MetamodelGraphWalker - Property path deemed to be circular : user.userRoles
[DEBUG] 2020-04-06 12:43:53.890 [main] FetchStyleLoadPlanBuildingAssociationVisitationStrategy - Building LoadPlan...
[DEBUG] 2020-04-06 12:43:53.897 [main] LoadQueryJoinAndFetchProcessor - processing queryspace <gen:0>
[DEBUG] 2020-04-06 12:43:53.900 [main] LoadPlanTreePrinter - LoadPlan(entity=com.euchreleague.entity.UserRoles)
    - Returns
       - EntityReturnImpl(entity=com.euchreleague.entity.UserRoles, querySpaceUid=<gen:0>, path=com.euchreleague.entity.UserRoles)
          - EntityAttributeFetchImpl(entity=com.euchreleague.entity.User, querySpaceUid=<gen:1>, path=com.euchreleague.entity.UserRoles.user)
    - QuerySpaces
       - EntityQuerySpaceImpl(uid=<gen:0>, entity=com.euchreleague.entity.UserRoles)
          - SQL table alias mapping - userroles0_
          - alias suffix - 0_
          - suffixed key columns - {id1_1_0_}
          - JOIN (JoinDefinedByMetadata(user)) : <gen:0> -> <gen:1>
             - EntityQuerySpaceImpl(uid=<gen:1>, entity=com.euchreleague.entity.User)
                - SQL table alias mapping - user1_
                - alias suffix - 1_
                - suffixed key columns - {id1_0_1_}

[DEBUG] 2020-04-06 12:43:53.902 [main] EntityLoader - Static select for entity com.euchreleague.entity.UserRoles [NONE]: select userroles0_.id as id1_1_0_, userroles0_.role_name as role_nam2_1_0_, userroles0_.user_id as user_id3_1_0_, user1_.id as id1_0_1_, user1_.first_name as first_na2_0_1_, user1_.last_name as last_nam3_0_1_, user1_.user_name as user_nam4_0_1_, user1_.user_password as user_pas5_0_1_ from user_roles userroles0_ left outer join user user1_ on userroles0_.user_id=user1_.id where userroles0_.id=?
[DEBUG] 2020-04-06 12:43:53.903 [main] QuerySpacesImpl - Adding QuerySpace : uid = <gen:0> -> org.hibernate.loader.plan.build.internal.spaces.EntityQuerySpaceImpl@322e49ee]
[DEBUG] 2020-04-06 12:43:53.903 [main] MetamodelGraphWalker - Visiting attribute path : roleName
[DEBUG] 2020-04-06 12:43:53.903 [main] MetamodelGraphWalker - Visiting attribute path : user
[DEBUG] 2020-04-06 12:43:53.903 [main] QuerySpacesImpl - Adding QuerySpace : uid = <gen:1> -> org.hibernate.loader.plan.build.internal.spaces.EntityQuerySpaceImpl@648c5fb3]
[DEBUG] 2020-04-06 12:43:53.903 [main] MetamodelGraphWalker - Visiting attribute path : user.firstName
[DEBUG] 2020-04-06 12:43:53.903 [main] MetamodelGraphWalker - Visiting attribute path : user.lastName
[DEBUG] 2020-04-06 12:43:53.903 [main] MetamodelGraphWalker - Visiting attribute path : user.userName
[DEBUG] 2020-04-06 12:43:53.903 [main] MetamodelGraphWalker - Visiting attribute path : user.userPassword
[DEBUG] 2020-04-06 12:43:53.903 [main] MetamodelGraphWalker - Visiting attribute path : user.userRoles
[DEBUG] 2020-04-06 12:43:53.903 [main] MetamodelGraphWalker - Property path deemed to be circular : user.userRoles
[DEBUG] 2020-04-06 12:43:53.903 [main] FetchStyleLoadPlanBuildingAssociationVisitationStrategy - Building LoadPlan...
[DEBUG] 2020-04-06 12:43:53.903 [main] LoadQueryJoinAndFetchProcessor - processing queryspace <gen:0>
[DEBUG] 2020-04-06 12:43:53.904 [main] LoadPlanTreePrinter - LoadPlan(entity=com.euchreleague.entity.UserRoles)
    - Returns
       - EntityReturnImpl(entity=com.euchreleague.entity.UserRoles, querySpaceUid=<gen:0>, path=com.euchreleague.entity.UserRoles)
          - EntityAttributeFetchImpl(entity=com.euchreleague.entity.User, querySpaceUid=<gen:1>, path=com.euchreleague.entity.UserRoles.user)
    - QuerySpaces
       - EntityQuerySpaceImpl(uid=<gen:0>, entity=com.euchreleague.entity.UserRoles)
          - SQL table alias mapping - userroles0_
          - alias suffix - 0_
          - suffixed key columns - {id1_1_0_}
          - JOIN (JoinDefinedByMetadata(user)) : <gen:0> -> <gen:1>
             - EntityQuerySpaceImpl(uid=<gen:1>, entity=com.euchreleague.entity.User)
                - SQL table alias mapping - user1_
                - alias suffix - 1_
                - suffixed key columns - {id1_0_1_}

[DEBUG] 2020-04-06 12:43:53.904 [main] EntityLoader - Static select for entity com.euchreleague.entity.UserRoles [READ]: select userroles0_.id as id1_1_0_, userroles0_.role_name as role_nam2_1_0_, userroles0_.user_id as user_id3_1_0_, user1_.id as id1_0_1_, user1_.first_name as first_na2_0_1_, user1_.last_name as last_nam3_0_1_, user1_.user_name as user_nam4_0_1_, user1_.user_password as user_pas5_0_1_ from user_roles userroles0_ left outer join user user1_ on userroles0_.user_id=user1_.id where userroles0_.id=?
[DEBUG] 2020-04-06 12:43:53.911 [main] Loader - Static select for action ACTION_MERGE on entity com.euchreleague.entity.UserRoles: select userroles0_.id as id1_1_1_, userroles0_.role_name as role_nam2_1_1_, userroles0_.user_id as user_id3_1_1_, user1_.id as id1_0_0_, user1_.first_name as first_na2_0_0_, user1_.last_name as last_nam3_0_0_, user1_.user_name as user_nam4_0_0_, user1_.user_password as user_pas5_0_0_ from user_roles userroles0_ left outer join user user1_ on userroles0_.user_id=user1_.id where userroles0_.id=?
[DEBUG] 2020-04-06 12:43:53.911 [main] Loader - Static select for action ACTION_REFRESH on entity com.euchreleague.entity.UserRoles: select userroles0_.id as id1_1_1_, userroles0_.role_name as role_nam2_1_1_, userroles0_.user_id as user_id3_1_1_, user1_.id as id1_0_0_, user1_.first_name as first_na2_0_0_, user1_.last_name as last_nam3_0_0_, user1_.user_name as user_nam4_0_0_, user1_.user_password as user_pas5_0_0_ from user_roles userroles0_ left outer join user user1_ on userroles0_.user_id=user1_.id where userroles0_.id=?
[DEBUG] 2020-04-06 12:43:53.911 [main] AbstractEntityPersister - Static SQL for entity: com.euchreleague.entity.User
[DEBUG] 2020-04-06 12:43:53.911 [main] AbstractEntityPersister -  Version select: select id from user where id =?
[DEBUG] 2020-04-06 12:43:53.911 [main] AbstractEntityPersister -  Snapshot select: select user_.id, user_.first_name as first_na2_0_, user_.last_name as last_nam3_0_, user_.user_name as user_nam4_0_, user_.user_password as user_pas5_0_ from user user_ where user_.id=?
[DEBUG] 2020-04-06 12:43:53.911 [main] AbstractEntityPersister -  Insert 0: insert into user (first_name, last_name, user_name, user_password, id) values (?, ?, ?, ?, ?)
[DEBUG] 2020-04-06 12:43:53.912 [main] AbstractEntityPersister -  Update 0: update user set first_name=?, last_name=?, user_name=?, user_password=? where id=?
[DEBUG] 2020-04-06 12:43:53.912 [main] AbstractEntityPersister -  Delete 0: delete from user where id=?
[DEBUG] 2020-04-06 12:43:53.912 [main] AbstractEntityPersister -  Identity insert: insert into user (first_name, last_name, user_name, user_password) values (?, ?, ?, ?)
[DEBUG] 2020-04-06 12:43:53.912 [main] QuerySpacesImpl - Adding QuerySpace : uid = <gen:0> -> org.hibernate.loader.plan.build.internal.spaces.EntityQuerySpaceImpl@2047981]
[DEBUG] 2020-04-06 12:43:53.912 [main] MetamodelGraphWalker - Visiting attribute path : firstName
[DEBUG] 2020-04-06 12:43:53.912 [main] MetamodelGraphWalker - Visiting attribute path : lastName
[DEBUG] 2020-04-06 12:43:53.912 [main] MetamodelGraphWalker - Visiting attribute path : userName
[DEBUG] 2020-04-06 12:43:53.912 [main] MetamodelGraphWalker - Visiting attribute path : userPassword
[DEBUG] 2020-04-06 12:43:53.912 [main] MetamodelGraphWalker - Visiting attribute path : userRoles
[DEBUG] 2020-04-06 12:43:53.912 [main] QuerySpacesImpl - Adding QuerySpace : uid = <gen:1> -> org.hibernate.loader.plan.build.internal.spaces.CollectionQuerySpaceImpl@235c997d]
[DEBUG] 2020-04-06 12:43:53.913 [main] QuerySpacesImpl - Adding QuerySpace : uid = <gen:2> -> org.hibernate.loader.plan.build.internal.spaces.EntityQuerySpaceImpl@19e21f89]
[DEBUG] 2020-04-06 12:43:53.914 [main] MetamodelGraphWalker - Visiting attribute path : userRoles.roleName
[DEBUG] 2020-04-06 12:43:53.914 [main] MetamodelGraphWalker - Visiting attribute path : userRoles.user
[DEBUG] 2020-04-06 12:43:53.914 [main] MetamodelGraphWalker - Property path deemed to be circular : userRoles.user
[DEBUG] 2020-04-06 12:43:53.914 [main] FetchStyleLoadPlanBuildingAssociationVisitationStrategy - Building LoadPlan...
[DEBUG] 2020-04-06 12:43:53.914 [main] LoadQueryJoinAndFetchProcessor - processing queryspace <gen:0>
[DEBUG] 2020-04-06 12:43:53.916 [main] LoadPlanTreePrinter - LoadPlan(entity=com.euchreleague.entity.User)
    - Returns
       - EntityReturnImpl(entity=com.euchreleague.entity.User, querySpaceUid=<gen:0>, path=com.euchreleague.entity.User)
          - CollectionAttributeFetchImpl(collection=com.euchreleague.entity.User.userRoles, querySpaceUid=<gen:1>, path=com.euchreleague.entity.User.userRoles)
             - (collection element) CollectionFetchableElementEntityGraph(entity=com.euchreleague.entity.UserRoles, querySpaceUid=<gen:2>, path=com.euchreleague.entity.User.userRoles.<elements>)
    - QuerySpaces
       - EntityQuerySpaceImpl(uid=<gen:0>, entity=com.euchreleague.entity.User)
          - SQL table alias mapping - user0_
          - alias suffix - 0_
          - suffixed key columns - {id1_0_0_}
          - JOIN (JoinDefinedByMetadata(userRoles)) : <gen:0> -> <gen:1>
             - CollectionQuerySpaceImpl(uid=<gen:1>, collection=com.euchreleague.entity.User.userRoles)
                - SQL table alias mapping - userroles1_
                - alias suffix - 1_
                - suffixed key columns - {user_id3_1_1_}
                - entity-element alias suffix - 2_
                - 2_entity-element suffixed key columns - id1_1_2_
                - JOIN (JoinDefinedByMetadata(elements)) : <gen:1> -> <gen:2>
                   - EntityQuerySpaceImpl(uid=<gen:2>, entity=com.euchreleague.entity.UserRoles)
                      - SQL table alias mapping - userroles1_
                      - alias suffix - 2_
                      - suffixed key columns - {id1_1_2_}

[DEBUG] 2020-04-06 12:43:53.916 [main] EntityLoader - Static select for entity com.euchreleague.entity.User [NONE]: select user0_.id as id1_0_0_, user0_.first_name as first_na2_0_0_, user0_.last_name as last_nam3_0_0_, user0_.user_name as user_nam4_0_0_, user0_.user_password as user_pas5_0_0_, userroles1_.user_id as user_id3_1_1_, userroles1_.id as id1_1_1_, userroles1_.id as id1_1_2_, userroles1_.role_name as role_nam2_1_2_, userroles1_.user_id as user_id3_1_2_ from user user0_ left outer join user_roles userroles1_ on user0_.id=userroles1_.user_id where user0_.id=?
[DEBUG] 2020-04-06 12:43:53.916 [main] QuerySpacesImpl - Adding QuerySpace : uid = <gen:0> -> org.hibernate.loader.plan.build.internal.spaces.EntityQuerySpaceImpl@3421debd]
[DEBUG] 2020-04-06 12:43:53.916 [main] MetamodelGraphWalker - Visiting attribute path : firstName
[DEBUG] 2020-04-06 12:43:53.916 [main] MetamodelGraphWalker - Visiting attribute path : lastName
[DEBUG] 2020-04-06 12:43:53.916 [main] MetamodelGraphWalker - Visiting attribute path : userName
[DEBUG] 2020-04-06 12:43:53.916 [main] MetamodelGraphWalker - Visiting attribute path : userPassword
[DEBUG] 2020-04-06 12:43:53.916 [main] MetamodelGraphWalker - Visiting attribute path : userRoles
[DEBUG] 2020-04-06 12:43:53.916 [main] QuerySpacesImpl - Adding QuerySpace : uid = <gen:1> -> org.hibernate.loader.plan.build.internal.spaces.CollectionQuerySpaceImpl@68b7d0ef]
[DEBUG] 2020-04-06 12:43:53.916 [main] QuerySpacesImpl - Adding QuerySpace : uid = <gen:2> -> org.hibernate.loader.plan.build.internal.spaces.EntityQuerySpaceImpl@7069f076]
[DEBUG] 2020-04-06 12:43:53.916 [main] MetamodelGraphWalker - Visiting attribute path : userRoles.roleName
[DEBUG] 2020-04-06 12:43:53.916 [main] MetamodelGraphWalker - Visiting attribute path : userRoles.user
[DEBUG] 2020-04-06 12:43:53.916 [main] MetamodelGraphWalker - Property path deemed to be circular : userRoles.user
[DEBUG] 2020-04-06 12:43:53.916 [main] FetchStyleLoadPlanBuildingAssociationVisitationStrategy - Building LoadPlan...
[DEBUG] 2020-04-06 12:43:53.917 [main] LoadQueryJoinAndFetchProcessor - processing queryspace <gen:0>
[DEBUG] 2020-04-06 12:43:53.918 [main] LoadPlanTreePrinter - LoadPlan(entity=com.euchreleague.entity.User)
    - Returns
       - EntityReturnImpl(entity=com.euchreleague.entity.User, querySpaceUid=<gen:0>, path=com.euchreleague.entity.User)
          - CollectionAttributeFetchImpl(collection=com.euchreleague.entity.User.userRoles, querySpaceUid=<gen:1>, path=com.euchreleague.entity.User.userRoles)
             - (collection element) CollectionFetchableElementEntityGraph(entity=com.euchreleague.entity.UserRoles, querySpaceUid=<gen:2>, path=com.euchreleague.entity.User.userRoles.<elements>)
    - QuerySpaces
       - EntityQuerySpaceImpl(uid=<gen:0>, entity=com.euchreleague.entity.User)
          - SQL table alias mapping - user0_
          - alias suffix - 0_
          - suffixed key columns - {id1_0_0_}
          - JOIN (JoinDefinedByMetadata(userRoles)) : <gen:0> -> <gen:1>
             - CollectionQuerySpaceImpl(uid=<gen:1>, collection=com.euchreleague.entity.User.userRoles)
                - SQL table alias mapping - userroles1_
                - alias suffix - 1_
                - suffixed key columns - {user_id3_1_1_}
                - entity-element alias suffix - 2_
                - 2_entity-element suffixed key columns - id1_1_2_
                - JOIN (JoinDefinedByMetadata(elements)) : <gen:1> -> <gen:2>
                   - EntityQuerySpaceImpl(uid=<gen:2>, entity=com.euchreleague.entity.UserRoles)
                      - SQL table alias mapping - userroles1_
                      - alias suffix - 2_
                      - suffixed key columns - {id1_1_2_}

[DEBUG] 2020-04-06 12:43:53.918 [main] EntityLoader - Static select for entity com.euchreleague.entity.User [READ]: select user0_.id as id1_0_0_, user0_.first_name as first_na2_0_0_, user0_.last_name as last_nam3_0_0_, user0_.user_name as user_nam4_0_0_, user0_.user_password as user_pas5_0_0_, userroles1_.user_id as user_id3_1_1_, userroles1_.id as id1_1_1_, userroles1_.id as id1_1_2_, userroles1_.role_name as role_nam2_1_2_, userroles1_.user_id as user_id3_1_2_ from user user0_ left outer join user_roles userroles1_ on user0_.id=userroles1_.user_id where user0_.id=?
[DEBUG] 2020-04-06 12:43:53.918 [main] Loader - Static select for action ACTION_MERGE on entity com.euchreleague.entity.User: select user0_.id as id1_0_1_, user0_.first_name as first_na2_0_1_, user0_.last_name as last_nam3_0_1_, user0_.user_name as user_nam4_0_1_, user0_.user_password as user_pas5_0_1_, userroles1_.user_id as user_id3_1_3_, userroles1_.id as id1_1_3_, userroles1_.id as id1_1_0_, userroles1_.role_name as role_nam2_1_0_, userroles1_.user_id as user_id3_1_0_ from user user0_ left outer join user_roles userroles1_ on user0_.id=userroles1_.user_id where user0_.id=?
[DEBUG] 2020-04-06 12:43:53.918 [main] Loader - Static select for action ACTION_REFRESH on entity com.euchreleague.entity.User: select user0_.id as id1_0_1_, user0_.first_name as first_na2_0_1_, user0_.last_name as last_nam3_0_1_, user0_.user_name as user_nam4_0_1_, user0_.user_password as user_pas5_0_1_, userroles1_.user_id as user_id3_1_3_, userroles1_.id as id1_1_3_, userroles1_.id as id1_1_0_, userroles1_.role_name as role_nam2_1_0_, userroles1_.user_id as user_id3_1_0_ from user user0_ left outer join user_roles userroles1_ on user0_.id=userroles1_.user_id where user0_.id=?
[DEBUG] 2020-04-06 12:43:53.921 [main] QuerySpacesImpl - Adding QuerySpace : uid = <gen:0> -> org.hibernate.loader.plan.build.internal.spaces.CollectionQuerySpaceImpl@2c0c4c0a]
[DEBUG] 2020-04-06 12:43:53.921 [main] QuerySpacesImpl - Adding QuerySpace : uid = <gen:1> -> org.hibernate.loader.plan.build.internal.spaces.EntityQuerySpaceImpl@35d26ad2]
[DEBUG] 2020-04-06 12:43:53.921 [main] MetamodelGraphWalker - Visiting attribute path : roleName
[DEBUG] 2020-04-06 12:43:53.921 [main] MetamodelGraphWalker - Visiting attribute path : user
[DEBUG] 2020-04-06 12:43:53.921 [main] MetamodelGraphWalker - Property path deemed to be circular : user
[DEBUG] 2020-04-06 12:43:53.921 [main] FetchStyleLoadPlanBuildingAssociationVisitationStrategy - Building LoadPlan...
[DEBUG] 2020-04-06 12:43:53.922 [main] LoadQueryJoinAndFetchProcessor - processing queryspace <gen:0>
[DEBUG] 2020-04-06 12:43:53.923 [main] LoadPlanTreePrinter - LoadPlan(collection=com.euchreleague.entity.User.userRoles)
    - Returns
       - CollectionReturnImpl(collection=com.euchreleague.entity.User.userRoles, querySpaceUid=<gen:0>, path=[com.euchreleague.entity.User.userRoles])
          - (collection element) CollectionFetchableElementEntityGraph(entity=com.euchreleague.entity.UserRoles, querySpaceUid=<gen:1>, path=[com.euchreleague.entity.User.userRoles].<elements>)
    - QuerySpaces
       - CollectionQuerySpaceImpl(uid=<gen:0>, collection=com.euchreleague.entity.User.userRoles)
          - SQL table alias mapping - userroles0_
          - alias suffix - 0_
          - suffixed key columns - {user_id3_1_0_}
          - entity-element alias suffix - 1_
          - 1_entity-element suffixed key columns - id1_1_1_
          - JOIN (JoinDefinedByMetadata(elements)) : <gen:0> -> <gen:1>
             - EntityQuerySpaceImpl(uid=<gen:1>, entity=com.euchreleague.entity.UserRoles)
                - SQL table alias mapping - userroles0_
                - alias suffix - 1_
                - suffixed key columns - {id1_1_1_}

[DEBUG] 2020-04-06 12:43:53.923 [main] CollectionLoader - Static select for collection com.euchreleague.entity.User.userRoles: select userroles0_.user_id as user_id3_1_0_, userroles0_.id as id1_1_0_, userroles0_.id as id1_1_1_, userroles0_.role_name as role_nam2_1_1_, userroles0_.user_id as user_id3_1_1_ from user_roles userroles0_ where userroles0_.user_id=?
[DEBUG] 2020-04-06 12:43:53.942 [main] SchemaManagementToolCoordinator - No actions specified; doing nothing
[DEBUG] 2020-04-06 12:43:53.942 [main] JtaPlatformInitiator - No JtaPlatform was specified, checking resolver
[DEBUG] 2020-04-06 12:43:53.942 [main] JtaPlatformResolverInitiator - No JtaPlatformResolver was specified, using default [org.hibernate.engine.transaction.jta.platform.internal.StandardJtaPlatformResolver]
[DEBUG] 2020-04-06 12:43:53.945 [main] StandardJtaPlatformResolver - Could not resolve JtaPlatform, using default [org.hibernate.engine.transaction.jta.platform.internal.NoJtaPlatform]
[INFO ] 2020-04-06 12:43:53.945 [main] JtaPlatformInitiator - HHH000490: Using JtaPlatform implementation: [org.hibernate.engine.transaction.jta.platform.internal.NoJtaPlatform]
[DEBUG] 2020-04-06 12:43:53.946 [main] NamedQueryRepository - Checking 0 named HQL queries
[DEBUG] 2020-04-06 12:43:53.946 [main] NamedQueryRepository - Checking 0 named SQL queries
[DEBUG] 2020-04-06 12:43:53.947 [main] SessionFactoryRegistry - Initializing SessionFactoryRegistry : org.hibernate.internal.SessionFactoryRegistry@236fdf
[DEBUG] 2020-04-06 12:43:53.948 [main] SessionFactoryRegistry - Registering SessionFactory: f6c58716-b08a-4bfc-affa-05ab23aff345 (<unnamed>)
[DEBUG] 2020-04-06 12:43:53.948 [main] SessionFactoryRegistry - Not binding SessionFactory to JNDI, no JNDI name configured
[DEBUG] 2020-04-06 12:43:54.032 [main] StatisticsInitiator - Statistics initialized [enabled=false]
[DEBUG] 2020-04-06 12:43:54.042 [main] SQL - select user0_.id as id1_0_0_, user0_.first_name as first_na2_0_0_, user0_.last_name as last_nam3_0_0_, user0_.user_name as user_nam4_0_0_, user0_.user_password as user_pas5_0_0_, userroles1_.user_id as user_id3_1_1_, userroles1_.id as id1_1_1_, userroles1_.id as id1_1_2_, userroles1_.role_name as role_nam2_1_2_, userroles1_.user_id as user_id3_1_2_ from user user0_ left outer join user_roles userroles1_ on user0_.id=userroles1_.user_id where user0_.id=?
[DEBUG] 2020-04-06 12:43:54.055 [main] ResultSetProcessorImpl - Starting ResultSet row #0
[DEBUG] 2020-04-06 12:43:54.056 [main] EntityReferenceInitializerImpl - On call to EntityIdentifierReaderImpl#resolve, EntityKey was already known; should only happen on root returns with an optional identifier specified
[DEBUG] 2020-04-06 12:43:54.061 [main] CollectionReferenceInitializerImpl - Found row of collection: [com.euchreleague.entity.User.userRoles#1]
[DEBUG] 2020-04-06 12:43:54.067 [main] TwoPhaseLoad - Resolving attributes for [com.euchreleague.entity.User#1]
[DEBUG] 2020-04-06 12:43:54.071 [main] TwoPhaseLoad - Processing attribute `firstName` : value = John
[DEBUG] 2020-04-06 12:43:54.071 [main] TwoPhaseLoad - Attribute (`firstName`)  - enhanced for lazy-loading? - false
[DEBUG] 2020-04-06 12:43:54.071 [main] TwoPhaseLoad - Processing attribute `lastName` : value = Doe
[DEBUG] 2020-04-06 12:43:54.071 [main] TwoPhaseLoad - Attribute (`lastName`)  - enhanced for lazy-loading? - false
[DEBUG] 2020-04-06 12:43:54.071 [main] TwoPhaseLoad - Processing attribute `userName` : value = jdoe
[DEBUG] 2020-04-06 12:43:54.071 [main] TwoPhaseLoad - Attribute (`userName`)  - enhanced for lazy-loading? - false
[DEBUG] 2020-04-06 12:43:54.071 [main] TwoPhaseLoad - Processing attribute `userPassword` : value = supersecret1
[DEBUG] 2020-04-06 12:43:54.071 [main] TwoPhaseLoad - Attribute (`userPassword`)  - enhanced for lazy-loading? - false
[DEBUG] 2020-04-06 12:43:54.071 [main] TwoPhaseLoad - Processing attribute `userRoles` : value = NOT NULL COLLECTION
[DEBUG] 2020-04-06 12:43:54.071 [main] TwoPhaseLoad - Attribute (`userRoles`)  - enhanced for lazy-loading? - false
[DEBUG] 2020-04-06 12:43:54.072 [main] TwoPhaseLoad - Done materializing entity [com.euchreleague.entity.User#1]
[DEBUG] 2020-04-06 12:43:54.072 [main] TwoPhaseLoad - Resolving attributes for [com.euchreleague.entity.UserRoles#1]
[DEBUG] 2020-04-06 12:43:54.072 [main] TwoPhaseLoad - Processing attribute `roleName` : value = admin
[DEBUG] 2020-04-06 12:43:54.072 [main] TwoPhaseLoad - Attribute (`roleName`)  - enhanced for lazy-loading? - false
[DEBUG] 2020-04-06 12:43:54.072 [main] TwoPhaseLoad - Processing attribute `user` : value = 1
[DEBUG] 2020-04-06 12:43:54.072 [main] TwoPhaseLoad - Attribute (`user`)  - enhanced for lazy-loading? - false
[DEBUG] 2020-04-06 12:43:54.072 [main] TwoPhaseLoad - Done materializing entity [com.euchreleague.entity.UserRoles#1]
[DEBUG] 2020-04-06 12:43:54.073 [main] CollectionLoadContext - 1 collections were found in result set for role: com.euchreleague.entity.User.userRoles
[DEBUG] 2020-04-06 12:43:54.075 [main] CollectionLoadContext - Collection fully initialized: [com.euchreleague.entity.User.userRoles#1]
[DEBUG] 2020-04-06 12:43:54.076 [main] CollectionLoadContext - 1 collections initialized for role: com.euchreleague.entity.User.userRoles
[DEBUG] 2020-04-06 12:43:54.076 [main] ResourceRegistryStandardImpl - HHH000387: ResultSet's statement was not registered
[DEBUG] 2020-04-06 12:43:54.076 [main] AbstractLoadPlanBasedEntityLoader - Done entity load : com.euchreleague.entity.User#1
[DEBUG] 2020-04-06 12:43:54.076 [main] LogicalConnectionManagedImpl - Initiating JDBC connection release from afterTransaction
[DEBUG] 2020-04-06 12:43:54.081 [main] TransactionImpl - On TransactionImpl creation, JpaCompliance#isJpaTransactionComplianceEnabled == false
[DEBUG] 2020-04-06 12:43:54.081 [main] TransactionImpl - begin
[DEBUG] 2020-04-06 12:43:54.090 [main] TransactionImpl - committing
[DEBUG] 2020-04-06 12:43:54.090 [main] AbstractFlushingEventListener - Processing flush-time cascades
[DEBUG] 2020-04-06 12:43:54.090 [main] AbstractFlushingEventListener - Dirty checking collections
[DEBUG] 2020-04-06 12:43:54.092 [main] Collections - Collection dereferenced: [com.euchreleague.entity.User.userRoles#1]
[DEBUG] 2020-04-06 12:43:54.092 [main] AbstractFlushingEventListener - Flushed: 0 insertions, 0 updates, 2 deletions to 2 objects
[DEBUG] 2020-04-06 12:43:54.092 [main] AbstractFlushingEventListener - Flushed: 0 (re)creations, 0 updates, 1 removals to 1 collections
[DEBUG] 2020-04-06 12:43:54.093 [main] EntityPrinter - Listing entities:
[DEBUG] 2020-04-06 12:43:54.093 [main] EntityPrinter - com.euchreleague.entity.User{firstName=John, lastName=Doe, userRoles=[com.euchreleague.entity.UserRoles#1], userPassword=supersecret1, id=1, userName=jdoe}
[DEBUG] 2020-04-06 12:43:54.093 [main] EntityPrinter - com.euchreleague.entity.UserRoles{roleName=admin, id=1, user=com.euchreleague.entity.User#1}
[DEBUG] 2020-04-06 12:43:54.096 [main] SQL - delete from user_roles where id=?
[DEBUG] 2020-04-06 12:43:54.097 [main] SQL - delete from user where id=?
[DEBUG] 2020-04-06 12:43:54.106 [main] LogicalConnectionManagedImpl - Initiating JDBC connection release from afterTransaction
[DEBUG] 2020-04-06 12:43:54.106 [main] LogicalConnectionManagedImpl - Initiating JDBC connection release from afterTransaction
[DEBUG] 2020-04-06 12:43:54.106 [main] JdbcCoordinatorImpl - HHH000420: Closing un-released batch
[DEBUG] 2020-04-06 12:43:54.141 [main] CriteriaQueryImpl - Rendered criteria query -> select generatedAlias0 from UserRoles as generatedAlias0
[DEBUG] 2020-04-06 12:43:54.148 [main] QueryTranslatorFactoryInitiator - QueryTranslatorFactory: org.hibernate.hql.internal.ast.ASTQueryTranslatorFactory@37606fee
[DEBUG] 2020-04-06 12:43:54.159 [main] QueryTranslatorImpl - parse() - HQL: select generatedAlias0 from com.euchreleague.entity.UserRoles as generatedAlias0
[DEBUG] 2020-04-06 12:43:54.161 [main] ErrorTracker - throwQueryException() : no errors
[DEBUG] 2020-04-06 12:43:54.165 [main] QueryTranslatorImpl - --- HQL AST ---
 \-[QUERY] Node: 'query'
    \-[SELECT_FROM] Node: 'SELECT_FROM'
       +-[FROM] Node: 'from'
       |  \-[RANGE] Node: 'RANGE'
       |     +-[DOT] Node: '.'
       |     |  +-[DOT] Node: '.'
       |     |  |  +-[DOT] Node: '.'
       |     |  |  |  +-[IDENT] Node: 'com'
       |     |  |  |  \-[IDENT] Node: 'euchreleague'
       |     |  |  \-[IDENT] Node: 'entity'
       |     |  \-[IDENT] Node: 'UserRoles'
       |     \-[ALIAS] Node: 'generatedAlias0'
       \-[SELECT] Node: 'select'
          \-[IDENT] Node: 'generatedAlias0'

[DEBUG] 2020-04-06 12:43:54.174 [main] HqlSqlBaseWalker - select << begin [level=1, statement=select]
[DEBUG] 2020-04-06 12:43:54.180 [main] FromElement - FromClause{level=1} : com.euchreleague.entity.UserRoles (generatedAlias0) -> userroles0_
[DEBUG] 2020-04-06 12:43:54.181 [main] FromReferenceNode - Resolved : generatedAlias0 -> userroles0_.id
[DEBUG] 2020-04-06 12:43:54.181 [main] HqlSqlBaseWalker - select : finishing up [level=1, statement=select]
[DEBUG] 2020-04-06 12:43:54.181 [main] HqlSqlWalker - processQuery() :  ( SELECT ( {select clause} userroles0_.id ) ( FromClause{level=1} user_roles userroles0_ ) )
[DEBUG] 2020-04-06 12:43:54.185 [main] JoinProcessor - Using FROM fragment [user_roles userroles0_]
[DEBUG] 2020-04-06 12:43:54.185 [main] HqlSqlBaseWalker - select >> end [level=1, statement=select]
[DEBUG] 2020-04-06 12:43:54.185 [main] QueryTranslatorImpl - --- SQL AST ---
 \-[SELECT] QueryNode: 'SELECT'  querySpaces (user_roles)
    +-[SELECT_CLAUSE] SelectClause: '{select clause}'
    |  +-[ALIAS_REF] IdentNode: 'userroles0_.id as id1_1_' {alias=generatedAlias0, className=com.euchreleague.entity.UserRoles, tableAlias=userroles0_}
    |  \-[SQL_TOKEN] SqlFragment: 'userroles0_.role_name as role_nam2_1_, userroles0_.user_id as user_id3_1_'
    \-[FROM] FromClause: 'from' FromClause{level=1, fromElementCounter=1, fromElements=1, fromElementByClassAlias=[generatedAlias0], fromElementByTableAlias=[userroles0_], fromElementsByPath=[], collectionJoinFromElementsByPath=[], impliedElements=[]}
       \-[FROM_FRAGMENT] FromElement: 'user_roles userroles0_' FromElement{explicit,not a collection join,not a fetch join,fetch non-lazy properties,classAlias=generatedAlias0,role=null,tableName=user_roles,tableAlias=userroles0_,origin=null,columns={,className=com.euchreleague.entity.UserRoles}}

[DEBUG] 2020-04-06 12:43:54.185 [main] ErrorTracker - throwQueryException() : no errors
[DEBUG] 2020-04-06 12:43:54.190 [main] QueryTranslatorImpl - HQL: select generatedAlias0 from com.euchreleague.entity.UserRoles as generatedAlias0
[DEBUG] 2020-04-06 12:43:54.190 [main] QueryTranslatorImpl - SQL: select userroles0_.id as id1_1_, userroles0_.role_name as role_nam2_1_, userroles0_.user_id as user_id3_1_ from user_roles userroles0_
[DEBUG] 2020-04-06 12:43:54.190 [main] ErrorTracker - throwQueryException() : no errors
[DEBUG] 2020-04-06 12:43:54.195 [main] SQL - select userroles0_.id as id1_1_, userroles0_.role_name as role_nam2_1_, userroles0_.user_id as user_id3_1_ from user_roles userroles0_
[DEBUG] 2020-04-06 12:43:54.196 [main] Loader - Result set row: 0
[DEBUG] 2020-04-06 12:43:54.197 [main] Loader - Result row: EntityKey[com.euchreleague.entity.UserRoles#1]
[DEBUG] 2020-04-06 12:43:54.197 [main] TwoPhaseLoad - Resolving attributes for [com.euchreleague.entity.UserRoles#1]
[DEBUG] 2020-04-06 12:43:54.197 [main] TwoPhaseLoad - Processing attribute `roleName` : value = admin
[DEBUG] 2020-04-06 12:43:54.197 [main] TwoPhaseLoad - Attribute (`roleName`)  - enhanced for lazy-loading? - false
[DEBUG] 2020-04-06 12:43:54.197 [main] TwoPhaseLoad - Processing attribute `user` : value = 1
[DEBUG] 2020-04-06 12:43:54.197 [main] TwoPhaseLoad - Attribute (`user`)  - enhanced for lazy-loading? - false
[DEBUG] 2020-04-06 12:43:54.197 [main] SQL - select user0_.id as id1_0_0_, user0_.first_name as first_na2_0_0_, user0_.last_name as last_nam3_0_0_, user0_.user_name as user_nam4_0_0_, user0_.user_password as user_pas5_0_0_, userroles1_.user_id as user_id3_1_1_, userroles1_.id as id1_1_1_, userroles1_.id as id1_1_2_, userroles1_.role_name as role_nam2_1_2_, userroles1_.user_id as user_id3_1_2_ from user user0_ left outer join user_roles userroles1_ on user0_.id=userroles1_.user_id where user0_.id=?
[DEBUG] 2020-04-06 12:43:54.198 [main] ResultSetProcessorImpl - Starting ResultSet row #0
[DEBUG] 2020-04-06 12:43:54.198 [main] EntityReferenceInitializerImpl - On call to EntityIdentifierReaderImpl#resolve, EntityKey was already known; should only happen on root returns with an optional identifier specified
[DEBUG] 2020-04-06 12:43:54.198 [main] CollectionReferenceInitializerImpl - Found row of collection: [com.euchreleague.entity.User.userRoles#1]
[DEBUG] 2020-04-06 12:43:54.198 [main] TwoPhaseLoad - Resolving attributes for [com.euchreleague.entity.User#1]
[DEBUG] 2020-04-06 12:43:54.198 [main] TwoPhaseLoad - Processing attribute `firstName` : value = John
[DEBUG] 2020-04-06 12:43:54.198 [main] TwoPhaseLoad - Attribute (`firstName`)  - enhanced for lazy-loading? - false
[DEBUG] 2020-04-06 12:43:54.198 [main] TwoPhaseLoad - Processing attribute `lastName` : value = Doe
[DEBUG] 2020-04-06 12:43:54.198 [main] TwoPhaseLoad - Attribute (`lastName`)  - enhanced for lazy-loading? - false
[DEBUG] 2020-04-06 12:43:54.198 [main] TwoPhaseLoad - Processing attribute `userName` : value = jdoe
[DEBUG] 2020-04-06 12:43:54.198 [main] TwoPhaseLoad - Attribute (`userName`)  - enhanced for lazy-loading? - false
[DEBUG] 2020-04-06 12:43:54.198 [main] TwoPhaseLoad - Processing attribute `userPassword` : value = supersecret1
[DEBUG] 2020-04-06 12:43:54.198 [main] TwoPhaseLoad - Attribute (`userPassword`)  - enhanced for lazy-loading? - false
[DEBUG] 2020-04-06 12:43:54.198 [main] TwoPhaseLoad - Processing attribute `userRoles` : value = NOT NULL COLLECTION
[DEBUG] 2020-04-06 12:43:54.198 [main] TwoPhaseLoad - Attribute (`userRoles`)  - enhanced for lazy-loading? - false
[DEBUG] 2020-04-06 12:43:54.198 [main] TwoPhaseLoad - Done materializing entity [com.euchreleague.entity.User#1]
[DEBUG] 2020-04-06 12:43:54.198 [main] CollectionLoadContext - 1 collections were found in result set for role: com.euchreleague.entity.User.userRoles
[DEBUG] 2020-04-06 12:43:54.198 [main] CollectionLoadContext - Collection fully initialized: [com.euchreleague.entity.User.userRoles#1]
[DEBUG] 2020-04-06 12:43:54.198 [main] CollectionLoadContext - 1 collections initialized for role: com.euchreleague.entity.User.userRoles
[DEBUG] 2020-04-06 12:43:54.198 [main] ResourceRegistryStandardImpl - HHH000387: ResultSet's statement was not registered
[DEBUG] 2020-04-06 12:43:54.198 [main] AbstractLoadPlanBasedEntityLoader - Done entity load : com.euchreleague.entity.User#1
[DEBUG] 2020-04-06 12:43:54.199 [main] TwoPhaseLoad - Done materializing entity [com.euchreleague.entity.UserRoles#1]
[DEBUG] 2020-04-06 12:43:54.199 [main] LogicalConnectionManagedImpl - Initiating JDBC connection release from afterTransaction
[DEBUG] 2020-04-06 12:43:54.231 [main] TransactionImpl - On TransactionImpl creation, JpaCompliance#isJpaTransactionComplianceEnabled == false
[DEBUG] 2020-04-06 12:43:54.231 [main] TransactionImpl - begin
[DEBUG] 2020-04-06 12:43:54.234 [main] ActionQueue - Executing identity-insert immediately
[DEBUG] 2020-04-06 12:43:54.234 [main] SQL - insert into user (first_name, last_name, user_name, user_password) values (?, ?, ?, ?)
[DEBUG] 2020-04-06 12:43:54.236 [main] IdentifierGeneratorHelper - Natively generated identity: 5
[DEBUG] 2020-04-06 12:43:54.236 [main] ResourceRegistryStandardImpl - HHH000387: ResultSet's statement was not registered
[DEBUG] 2020-04-06 12:43:54.237 [main] TransactionImpl - committing
[DEBUG] 2020-04-06 12:43:54.237 [main] AbstractFlushingEventListener - Processing flush-time cascades
[DEBUG] 2020-04-06 12:43:54.237 [main] AbstractFlushingEventListener - Dirty checking collections
[DEBUG] 2020-04-06 12:43:54.238 [main] Collections - Collection found: [com.euchreleague.entity.User.userRoles#5], was: [<unreferenced>] (initialized)
[DEBUG] 2020-04-06 12:43:54.238 [main] AbstractFlushingEventListener - Flushed: 0 insertions, 0 updates, 0 deletions to 1 objects
[DEBUG] 2020-04-06 12:43:54.238 [main] AbstractFlushingEventListener - Flushed: 1 (re)creations, 0 updates, 0 removals to 1 collections
[DEBUG] 2020-04-06 12:43:54.238 [main] EntityPrinter - Listing entities:
[DEBUG] 2020-04-06 12:43:54.238 [main] EntityPrinter - com.euchreleague.entity.User{firstName=Bob The, lastName=Builder, userRoles=[], userPassword=null, id=5, userName=bbuilder}
[DEBUG] 2020-04-06 12:43:54.244 [main] LogicalConnectionManagedImpl - Initiating JDBC connection release from afterTransaction
[DEBUG] 2020-04-06 12:43:54.244 [main] LogicalConnectionManagedImpl - Initiating JDBC connection release from afterTransaction
[DEBUG] 2020-04-06 12:43:54.245 [main] SQL - select user0_.id as id1_0_0_, user0_.first_name as first_na2_0_0_, user0_.last_name as last_nam3_0_0_, user0_.user_name as user_nam4_0_0_, user0_.user_password as user_pas5_0_0_, userroles1_.user_id as user_id3_1_1_, userroles1_.id as id1_1_1_, userroles1_.id as id1_1_2_, userroles1_.role_name as role_nam2_1_2_, userroles1_.user_id as user_id3_1_2_ from user user0_ left outer join user_roles userroles1_ on user0_.id=userroles1_.user_id where user0_.id=?
[DEBUG] 2020-04-06 12:43:54.246 [main] ResultSetProcessorImpl - Starting ResultSet row #0
[DEBUG] 2020-04-06 12:43:54.247 [main] EntityReferenceInitializerImpl - On call to EntityIdentifierReaderImpl#resolve, EntityKey was already known; should only happen on root returns with an optional identifier specified
[DEBUG] 2020-04-06 12:43:54.247 [main] CollectionReferenceInitializerImpl - Result set contains (possibly empty) collection: [com.euchreleague.entity.User.userRoles#5]
[DEBUG] 2020-04-06 12:43:54.247 [main] TwoPhaseLoad - Resolving attributes for [com.euchreleague.entity.User#5]
[DEBUG] 2020-04-06 12:43:54.247 [main] TwoPhaseLoad - Processing attribute `firstName` : value = Bob The
[DEBUG] 2020-04-06 12:43:54.247 [main] TwoPhaseLoad - Attribute (`firstName`)  - enhanced for lazy-loading? - false
[DEBUG] 2020-04-06 12:43:54.247 [main] TwoPhaseLoad - Processing attribute `lastName` : value = Builder
[DEBUG] 2020-04-06 12:43:54.247 [main] TwoPhaseLoad - Attribute (`lastName`)  - enhanced for lazy-loading? - false
[DEBUG] 2020-04-06 12:43:54.247 [main] TwoPhaseLoad - Processing attribute `userName` : value = bbuilder
[DEBUG] 2020-04-06 12:43:54.247 [main] TwoPhaseLoad - Attribute (`userName`)  - enhanced for lazy-loading? - false
[DEBUG] 2020-04-06 12:43:54.247 [main] TwoPhaseLoad - Processing attribute `userPassword` : value = null
[DEBUG] 2020-04-06 12:43:54.247 [main] TwoPhaseLoad - Attribute (`userPassword`)  - enhanced for lazy-loading? - false
[DEBUG] 2020-04-06 12:43:54.247 [main] TwoPhaseLoad - Processing attribute `userRoles` : value = NOT NULL COLLECTION
[DEBUG] 2020-04-06 12:43:54.247 [main] TwoPhaseLoad - Attribute (`userRoles`)  - enhanced for lazy-loading? - false
[DEBUG] 2020-04-06 12:43:54.247 [main] TwoPhaseLoad - Done materializing entity [com.euchreleague.entity.User#5]
[DEBUG] 2020-04-06 12:43:54.247 [main] CollectionLoadContext - 1 collections were found in result set for role: com.euchreleague.entity.User.userRoles
[DEBUG] 2020-04-06 12:43:54.247 [main] CollectionLoadContext - Collection fully initialized: [com.euchreleague.entity.User.userRoles#5]
[DEBUG] 2020-04-06 12:43:54.247 [main] CollectionLoadContext - 1 collections initialized for role: com.euchreleague.entity.User.userRoles
[DEBUG] 2020-04-06 12:43:54.247 [main] ResourceRegistryStandardImpl - HHH000387: ResultSet's statement was not registered
[DEBUG] 2020-04-06 12:43:54.247 [main] AbstractLoadPlanBasedEntityLoader - Done entity load : com.euchreleague.entity.User#5
[DEBUG] 2020-04-06 12:43:54.247 [main] LogicalConnectionManagedImpl - Initiating JDBC connection release from afterTransaction
[DEBUG] 2020-04-06 12:43:54.269 [main] SQL - select user0_.id as id1_0_0_, user0_.first_name as first_na2_0_0_, user0_.last_name as last_nam3_0_0_, user0_.user_name as user_nam4_0_0_, user0_.user_password as user_pas5_0_0_, userroles1_.user_id as user_id3_1_1_, userroles1_.id as id1_1_1_, userroles1_.id as id1_1_2_, userroles1_.role_name as role_nam2_1_2_, userroles1_.user_id as user_id3_1_2_ from user user0_ left outer join user_roles userroles1_ on user0_.id=userroles1_.user_id where user0_.id=?
[DEBUG] 2020-04-06 12:43:54.272 [main] ResultSetProcessorImpl - Starting ResultSet row #0
[DEBUG] 2020-04-06 12:43:54.274 [main] EntityReferenceInitializerImpl - On call to EntityIdentifierReaderImpl#resolve, EntityKey was already known; should only happen on root returns with an optional identifier specified
[DEBUG] 2020-04-06 12:43:54.275 [main] CollectionReferenceInitializerImpl - Found row of collection: [com.euchreleague.entity.User.userRoles#1]
[DEBUG] 2020-04-06 12:43:54.275 [main] TwoPhaseLoad - Resolving attributes for [com.euchreleague.entity.User#1]
[DEBUG] 2020-04-06 12:43:54.276 [main] TwoPhaseLoad - Processing attribute `firstName` : value = John
[DEBUG] 2020-04-06 12:43:54.276 [main] TwoPhaseLoad - Attribute (`firstName`)  - enhanced for lazy-loading? - false
[DEBUG] 2020-04-06 12:43:54.276 [main] TwoPhaseLoad - Processing attribute `lastName` : value = Doe
[DEBUG] 2020-04-06 12:43:54.276 [main] TwoPhaseLoad - Attribute (`lastName`)  - enhanced for lazy-loading? - false
[DEBUG] 2020-04-06 12:43:54.276 [main] TwoPhaseLoad - Processing attribute `userName` : value = jdoe
[DEBUG] 2020-04-06 12:43:54.276 [main] TwoPhaseLoad - Attribute (`userName`)  - enhanced for lazy-loading? - false
[DEBUG] 2020-04-06 12:43:54.276 [main] TwoPhaseLoad - Processing attribute `userPassword` : value = supersecret1
[DEBUG] 2020-04-06 12:43:54.276 [main] TwoPhaseLoad - Attribute (`userPassword`)  - enhanced for lazy-loading? - false
[DEBUG] 2020-04-06 12:43:54.276 [main] TwoPhaseLoad - Processing attribute `userRoles` : value = NOT NULL COLLECTION
[DEBUG] 2020-04-06 12:43:54.276 [main] TwoPhaseLoad - Attribute (`userRoles`)  - enhanced for lazy-loading? - false
[DEBUG] 2020-04-06 12:43:54.277 [main] TwoPhaseLoad - Done materializing entity [com.euchreleague.entity.User#1]
[DEBUG] 2020-04-06 12:43:54.277 [main] TwoPhaseLoad - Resolving attributes for [com.euchreleague.entity.UserRoles#1]
[DEBUG] 2020-04-06 12:43:54.277 [main] TwoPhaseLoad - Processing attribute `roleName` : value = admin
[DEBUG] 2020-04-06 12:43:54.277 [main] TwoPhaseLoad - Attribute (`roleName`)  - enhanced for lazy-loading? - false
[DEBUG] 2020-04-06 12:43:54.277 [main] TwoPhaseLoad - Processing attribute `user` : value = 1
[DEBUG] 2020-04-06 12:43:54.277 [main] TwoPhaseLoad - Attribute (`user`)  - enhanced for lazy-loading? - false
[DEBUG] 2020-04-06 12:43:54.277 [main] TwoPhaseLoad - Done materializing entity [com.euchreleague.entity.UserRoles#1]
[DEBUG] 2020-04-06 12:43:54.277 [main] CollectionLoadContext - 1 collections were found in result set for role: com.euchreleague.entity.User.userRoles
[DEBUG] 2020-04-06 12:43:54.277 [main] CollectionLoadContext - Collection fully initialized: [com.euchreleague.entity.User.userRoles#1]
[DEBUG] 2020-04-06 12:43:54.277 [main] CollectionLoadContext - 1 collections initialized for role: com.euchreleague.entity.User.userRoles
[DEBUG] 2020-04-06 12:43:54.278 [main] ResourceRegistryStandardImpl - HHH000387: ResultSet's statement was not registered
[DEBUG] 2020-04-06 12:43:54.278 [main] AbstractLoadPlanBasedEntityLoader - Done entity load : com.euchreleague.entity.User#1
[DEBUG] 2020-04-06 12:43:54.279 [main] LogicalConnectionManagedImpl - Initiating JDBC connection release from afterTransaction
[DEBUG] 2020-04-06 12:43:54.332 [main] SQL - select user0_.id as id1_0_0_, user0_.first_name as first_na2_0_0_, user0_.last_name as last_nam3_0_0_, user0_.user_name as user_nam4_0_0_, user0_.user_password as user_pas5_0_0_, userroles1_.user_id as user_id3_1_1_, userroles1_.id as id1_1_1_, userroles1_.id as id1_1_2_, userroles1_.role_name as role_nam2_1_2_, userroles1_.user_id as user_id3_1_2_ from user user0_ left outer join user_roles userroles1_ on user0_.id=userroles1_.user_id where user0_.id=?
[DEBUG] 2020-04-06 12:43:54.333 [main] ResultSetProcessorImpl - Starting ResultSet row #0
[DEBUG] 2020-04-06 12:43:54.333 [main] EntityReferenceInitializerImpl - On call to EntityIdentifierReaderImpl#resolve, EntityKey was already known; should only happen on root returns with an optional identifier specified
[DEBUG] 2020-04-06 12:43:54.333 [main] CollectionReferenceInitializerImpl - Found row of collection: [com.euchreleague.entity.User.userRoles#1]
[DEBUG] 2020-04-06 12:43:54.333 [main] TwoPhaseLoad - Resolving attributes for [com.euchreleague.entity.User#1]
[DEBUG] 2020-04-06 12:43:54.333 [main] TwoPhaseLoad - Processing attribute `firstName` : value = John
[DEBUG] 2020-04-06 12:43:54.333 [main] TwoPhaseLoad - Attribute (`firstName`)  - enhanced for lazy-loading? - false
[DEBUG] 2020-04-06 12:43:54.333 [main] TwoPhaseLoad - Processing attribute `lastName` : value = Doe
[DEBUG] 2020-04-06 12:43:54.333 [main] TwoPhaseLoad - Attribute (`lastName`)  - enhanced for lazy-loading? - false
[DEBUG] 2020-04-06 12:43:54.333 [main] TwoPhaseLoad - Processing attribute `userName` : value = jdoe
[DEBUG] 2020-04-06 12:43:54.333 [main] TwoPhaseLoad - Attribute (`userName`)  - enhanced for lazy-loading? - false
[DEBUG] 2020-04-06 12:43:54.333 [main] TwoPhaseLoad - Processing attribute `userPassword` : value = supersecret1
[DEBUG] 2020-04-06 12:43:54.333 [main] TwoPhaseLoad - Attribute (`userPassword`)  - enhanced for lazy-loading? - false
[DEBUG] 2020-04-06 12:43:54.333 [main] TwoPhaseLoad - Processing attribute `userRoles` : value = NOT NULL COLLECTION
[DEBUG] 2020-04-06 12:43:54.333 [main] TwoPhaseLoad - Attribute (`userRoles`)  - enhanced for lazy-loading? - false
[DEBUG] 2020-04-06 12:43:54.333 [main] TwoPhaseLoad - Done materializing entity [com.euchreleague.entity.User#1]
[DEBUG] 2020-04-06 12:43:54.333 [main] TwoPhaseLoad - Resolving attributes for [com.euchreleague.entity.UserRoles#1]
[DEBUG] 2020-04-06 12:43:54.334 [main] TwoPhaseLoad - Processing attribute `roleName` : value = admin
[DEBUG] 2020-04-06 12:43:54.334 [main] TwoPhaseLoad - Attribute (`roleName`)  - enhanced for lazy-loading? - false
[DEBUG] 2020-04-06 12:43:54.334 [main] TwoPhaseLoad - Processing attribute `user` : value = 1
[DEBUG] 2020-04-06 12:43:54.334 [main] TwoPhaseLoad - Attribute (`user`)  - enhanced for lazy-loading? - false
[DEBUG] 2020-04-06 12:43:54.334 [main] TwoPhaseLoad - Done materializing entity [com.euchreleague.entity.UserRoles#1]
[DEBUG] 2020-04-06 12:43:54.334 [main] CollectionLoadContext - 1 collections were found in result set for role: com.euchreleague.entity.User.userRoles
[DEBUG] 2020-04-06 12:43:54.334 [main] CollectionLoadContext - Collection fully initialized: [com.euchreleague.entity.User.userRoles#1]
[DEBUG] 2020-04-06 12:43:54.334 [main] CollectionLoadContext - 1 collections initialized for role: com.euchreleague.entity.User.userRoles
[DEBUG] 2020-04-06 12:43:54.334 [main] ResourceRegistryStandardImpl - HHH000387: ResultSet's statement was not registered
[DEBUG] 2020-04-06 12:43:54.334 [main] AbstractLoadPlanBasedEntityLoader - Done entity load : com.euchreleague.entity.User#1
[DEBUG] 2020-04-06 12:43:54.334 [main] LogicalConnectionManagedImpl - Initiating JDBC connection release from afterTransaction
[DEBUG] 2020-04-06 12:43:54.334 [main] TransactionImpl - On TransactionImpl creation, JpaCompliance#isJpaTransactionComplianceEnabled == false
[DEBUG] 2020-04-06 12:43:54.334 [main] TransactionImpl - begin
[DEBUG] 2020-04-06 12:43:54.335 [main] TransactionImpl - committing
[DEBUG] 2020-04-06 12:43:54.335 [main] AbstractFlushingEventListener - Processing flush-time cascades
[DEBUG] 2020-04-06 12:43:54.336 [main] AbstractFlushingEventListener - Dirty checking collections
[DEBUG] 2020-04-06 12:43:54.336 [main] Collections - Collection found: [com.euchreleague.entity.User.userRoles#1], was: [com.euchreleague.entity.User.userRoles#1] (initialized)
[DEBUG] 2020-04-06 12:43:54.336 [main] AbstractFlushingEventListener - Flushed: 0 insertions, 2 updates, 0 deletions to 2 objects
[DEBUG] 2020-04-06 12:43:54.336 [main] AbstractFlushingEventListener - Flushed: 0 (re)creations, 0 updates, 0 removals to 1 collections
[DEBUG] 2020-04-06 12:43:54.336 [main] EntityPrinter - Listing entities:
[DEBUG] 2020-04-06 12:43:54.336 [main] EntityPrinter - com.euchreleague.entity.User{firstName=Sarah, lastName=Schmitt, userRoles=[com.euchreleague.entity.UserRoles#1], userPassword=supersecret1, id=1, userName=sschmitt}
[DEBUG] 2020-04-06 12:43:54.336 [main] EntityPrinter - com.euchreleague.entity.UserRoles{roleName=admin, id=1, user=com.euchreleague.entity.User#1}
[DEBUG] 2020-04-06 12:43:54.336 [main] SQL - update user set first_name=?, last_name=?, user_name=?, user_password=? where id=?
[DEBUG] 2020-04-06 12:43:54.337 [main] SQL - update user_roles set role_name=?, user_id=? where id=?
[DEBUG] 2020-04-06 12:43:54.343 [main] LogicalConnectionManagedImpl - Initiating JDBC connection release from afterTransaction
[DEBUG] 2020-04-06 12:43:54.343 [main] LogicalConnectionManagedImpl - Initiating JDBC connection release from afterTransaction
[DEBUG] 2020-04-06 12:43:54.344 [main] SQL - select user0_.id as id1_0_0_, user0_.first_name as first_na2_0_0_, user0_.last_name as last_nam3_0_0_, user0_.user_name as user_nam4_0_0_, user0_.user_password as user_pas5_0_0_, userroles1_.user_id as user_id3_1_1_, userroles1_.id as id1_1_1_, userroles1_.id as id1_1_2_, userroles1_.role_name as role_nam2_1_2_, userroles1_.user_id as user_id3_1_2_ from user user0_ left outer join user_roles userroles1_ on user0_.id=userroles1_.user_id where user0_.id=?
[DEBUG] 2020-04-06 12:43:54.346 [main] ResultSetProcessorImpl - Starting ResultSet row #0
[DEBUG] 2020-04-06 12:43:54.346 [main] EntityReferenceInitializerImpl - On call to EntityIdentifierReaderImpl#resolve, EntityKey was already known; should only happen on root returns with an optional identifier specified
[DEBUG] 2020-04-06 12:43:54.347 [main] CollectionReferenceInitializerImpl - Found row of collection: [com.euchreleague.entity.User.userRoles#1]
[DEBUG] 2020-04-06 12:43:54.347 [main] TwoPhaseLoad - Resolving attributes for [com.euchreleague.entity.User#1]
[DEBUG] 2020-04-06 12:43:54.347 [main] TwoPhaseLoad - Processing attribute `firstName` : value = Sarah
[DEBUG] 2020-04-06 12:43:54.347 [main] TwoPhaseLoad - Attribute (`firstName`)  - enhanced for lazy-loading? - false
[DEBUG] 2020-04-06 12:43:54.347 [main] TwoPhaseLoad - Processing attribute `lastName` : value = Schmitt
[DEBUG] 2020-04-06 12:43:54.347 [main] TwoPhaseLoad - Attribute (`lastName`)  - enhanced for lazy-loading? - false
[DEBUG] 2020-04-06 12:43:54.347 [main] TwoPhaseLoad - Processing attribute `userName` : value = sschmitt
[DEBUG] 2020-04-06 12:43:54.347 [main] TwoPhaseLoad - Attribute (`userName`)  - enhanced for lazy-loading? - false
[DEBUG] 2020-04-06 12:43:54.347 [main] TwoPhaseLoad - Processing attribute `userPassword` : value = supersecret1
[DEBUG] 2020-04-06 12:43:54.347 [main] TwoPhaseLoad - Attribute (`userPassword`)  - enhanced for lazy-loading? - false
[DEBUG] 2020-04-06 12:43:54.347 [main] TwoPhaseLoad - Processing attribute `userRoles` : value = NOT NULL COLLECTION
[DEBUG] 2020-04-06 12:43:54.347 [main] TwoPhaseLoad - Attribute (`userRoles`)  - enhanced for lazy-loading? - false
[DEBUG] 2020-04-06 12:43:54.347 [main] TwoPhaseLoad - Done materializing entity [com.euchreleague.entity.User#1]
[DEBUG] 2020-04-06 12:43:54.347 [main] TwoPhaseLoad - Resolving attributes for [com.euchreleague.entity.UserRoles#1]
[DEBUG] 2020-04-06 12:43:54.347 [main] TwoPhaseLoad - Processing attribute `roleName` : value = admin
[DEBUG] 2020-04-06 12:43:54.347 [main] TwoPhaseLoad - Attribute (`roleName`)  - enhanced for lazy-loading? - false
[DEBUG] 2020-04-06 12:43:54.347 [main] TwoPhaseLoad - Processing attribute `user` : value = 1
[DEBUG] 2020-04-06 12:43:54.347 [main] TwoPhaseLoad - Attribute (`user`)  - enhanced for lazy-loading? - false
[DEBUG] 2020-04-06 12:43:54.347 [main] TwoPhaseLoad - Done materializing entity [com.euchreleague.entity.UserRoles#1]
[DEBUG] 2020-04-06 12:43:54.347 [main] CollectionLoadContext - 1 collections were found in result set for role: com.euchreleague.entity.User.userRoles
[DEBUG] 2020-04-06 12:43:54.347 [main] CollectionLoadContext - Collection fully initialized: [com.euchreleague.entity.User.userRoles#1]
[DEBUG] 2020-04-06 12:43:54.347 [main] CollectionLoadContext - 1 collections initialized for role: com.euchreleague.entity.User.userRoles
[DEBUG] 2020-04-06 12:43:54.347 [main] ResourceRegistryStandardImpl - HHH000387: ResultSet's statement was not registered
[DEBUG] 2020-04-06 12:43:54.347 [main] AbstractLoadPlanBasedEntityLoader - Done entity load : com.euchreleague.entity.User#1
[DEBUG] 2020-04-06 12:43:54.347 [main] LogicalConnectionManagedImpl - Initiating JDBC connection release from afterTransaction
