[DEBUG] 2020-03-31 20:37:18.897 [http-nio-8080-exec-5] IntegratorServiceImpl - Adding Integrator [org.hibernate.cfg.beanvalidation.BeanValidationIntegrator].
[DEBUG] 2020-03-31 20:37:18.920 [http-nio-8080-exec-5] IntegratorServiceImpl - Adding Integrator [org.hibernate.secure.spi.JaccIntegrator].
[DEBUG] 2020-03-31 20:37:18.925 [http-nio-8080-exec-5] IntegratorServiceImpl - Adding Integrator [org.hibernate.cache.internal.CollectionCacheInvalidator].
[INFO ] 2020-03-31 20:37:19.004 [http-nio-8080-exec-5] Version - HHH000412: Hibernate Core {5.4.4.Final}
[DEBUG] 2020-03-31 20:37:19.007 [http-nio-8080-exec-5] Environment - HHH000206: hibernate.properties not found
[DEBUG] 2020-03-31 20:37:19.144 [http-nio-8080-exec-5] LocalXmlResourceResolver - Interpreting public/system identifier : [-//Hibernate/Hibernate Configuration DTD//EN] - [http://www.hibernate.org/dtd/hibernate-configuration-3.0.dtd]
[DEBUG] 2020-03-31 20:37:19.144 [http-nio-8080-exec-5] LocalXmlResourceResolver - Recognized hibernate-configuration identifier; attempting to resolve on classpath under org/hibernate/
[DEBUG] 2020-03-31 20:37:19.171 [http-nio-8080-exec-5] JaxbCfgProcessor - cfg.xml document did not define namespaces; wrapping in custom event reader to introduce namespace information
[DEBUG] 2020-03-31 20:37:19.496 [http-nio-8080-exec-5] ServiceBinding - Overriding existing service binding [org.hibernate.secure.spi.JaccService]
[DEBUG] 2020-03-31 20:37:19.517 [http-nio-8080-exec-5] RegionFactoryInitiator - Cannot default RegionFactory based on registered strategies as `[]` RegionFactory strategies were registered
[DEBUG] 2020-03-31 20:37:19.517 [http-nio-8080-exec-5] RegionFactoryInitiator - Cache region factory : org.hibernate.cache.internal.NoCachingRegionFactory
[INFO ] 2020-03-31 20:37:19.537 [http-nio-8080-exec-5] Version - HCANN000001: Hibernate Commons Annotations {5.1.0.Final}
[DEBUG] 2020-03-31 20:37:19.576 [http-nio-8080-exec-5] BasicTypeRegistry - Adding type registration boolean -> org.hibernate.type.BooleanType@14123a3b
[DEBUG] 2020-03-31 20:37:19.576 [http-nio-8080-exec-5] BasicTypeRegistry - Adding type registration boolean -> org.hibernate.type.BooleanType@14123a3b
[DEBUG] 2020-03-31 20:37:19.576 [http-nio-8080-exec-5] BasicTypeRegistry - Adding type registration java.lang.Boolean -> org.hibernate.type.BooleanType@14123a3b
[DEBUG] 2020-03-31 20:37:19.577 [http-nio-8080-exec-5] BasicTypeRegistry - Adding type registration numeric_boolean -> org.hibernate.type.NumericBooleanType@7f0d2d20
[DEBUG] 2020-03-31 20:37:19.577 [http-nio-8080-exec-5] BasicTypeRegistry - Adding type registration true_false -> org.hibernate.type.TrueFalseType@3915eed
[DEBUG] 2020-03-31 20:37:19.578 [http-nio-8080-exec-5] BasicTypeRegistry - Adding type registration yes_no -> org.hibernate.type.YesNoType@7b9fadbd
[DEBUG] 2020-03-31 20:37:19.579 [http-nio-8080-exec-5] BasicTypeRegistry - Adding type registration byte -> org.hibernate.type.ByteType@7d422bc1
[DEBUG] 2020-03-31 20:37:19.579 [http-nio-8080-exec-5] BasicTypeRegistry - Adding type registration byte -> org.hibernate.type.ByteType@7d422bc1
[DEBUG] 2020-03-31 20:37:19.579 [http-nio-8080-exec-5] BasicTypeRegistry - Adding type registration java.lang.Byte -> org.hibernate.type.ByteType@7d422bc1
[DEBUG] 2020-03-31 20:37:19.579 [http-nio-8080-exec-5] BasicTypeRegistry - Adding type registration character -> org.hibernate.type.CharacterType@2f0e8bb5
[DEBUG] 2020-03-31 20:37:19.579 [http-nio-8080-exec-5] BasicTypeRegistry - Adding type registration char -> org.hibernate.type.CharacterType@2f0e8bb5
[DEBUG] 2020-03-31 20:37:19.580 [http-nio-8080-exec-5] BasicTypeRegistry - Adding type registration java.lang.Character -> org.hibernate.type.CharacterType@2f0e8bb5
[DEBUG] 2020-03-31 20:37:19.580 [http-nio-8080-exec-5] BasicTypeRegistry - Adding type registration short -> org.hibernate.type.ShortType@376e1447
[DEBUG] 2020-03-31 20:37:19.581 [http-nio-8080-exec-5] BasicTypeRegistry - Adding type registration short -> org.hibernate.type.ShortType@376e1447
[DEBUG] 2020-03-31 20:37:19.582 [http-nio-8080-exec-5] BasicTypeRegistry - Adding type registration java.lang.Short -> org.hibernate.type.ShortType@376e1447
[DEBUG] 2020-03-31 20:37:19.583 [http-nio-8080-exec-5] BasicTypeRegistry - Adding type registration integer -> org.hibernate.type.IntegerType@6937e96f
[DEBUG] 2020-03-31 20:37:19.583 [http-nio-8080-exec-5] BasicTypeRegistry - Adding type registration int -> org.hibernate.type.IntegerType@6937e96f
[DEBUG] 2020-03-31 20:37:19.583 [http-nio-8080-exec-5] BasicTypeRegistry - Adding type registration java.lang.Integer -> org.hibernate.type.IntegerType@6937e96f
[DEBUG] 2020-03-31 20:37:19.584 [http-nio-8080-exec-5] BasicTypeRegistry - Adding type registration long -> org.hibernate.type.LongType@55c01711
[DEBUG] 2020-03-31 20:37:19.584 [http-nio-8080-exec-5] BasicTypeRegistry - Adding type registration long -> org.hibernate.type.LongType@55c01711
[DEBUG] 2020-03-31 20:37:19.584 [http-nio-8080-exec-5] BasicTypeRegistry - Adding type registration java.lang.Long -> org.hibernate.type.LongType@55c01711
[DEBUG] 2020-03-31 20:37:19.585 [http-nio-8080-exec-5] BasicTypeRegistry - Adding type registration float -> org.hibernate.type.FloatType@44300801
[DEBUG] 2020-03-31 20:37:19.585 [http-nio-8080-exec-5] BasicTypeRegistry - Adding type registration float -> org.hibernate.type.FloatType@44300801
[DEBUG] 2020-03-31 20:37:19.585 [http-nio-8080-exec-5] BasicTypeRegistry - Adding type registration java.lang.Float -> org.hibernate.type.FloatType@44300801
[DEBUG] 2020-03-31 20:37:19.586 [http-nio-8080-exec-5] BasicTypeRegistry - Adding type registration double -> org.hibernate.type.DoubleType@6b830b9f
[DEBUG] 2020-03-31 20:37:19.586 [http-nio-8080-exec-5] BasicTypeRegistry - Adding type registration double -> org.hibernate.type.DoubleType@6b830b9f
[DEBUG] 2020-03-31 20:37:19.587 [http-nio-8080-exec-5] BasicTypeRegistry - Adding type registration java.lang.Double -> org.hibernate.type.DoubleType@6b830b9f
[DEBUG] 2020-03-31 20:37:19.587 [http-nio-8080-exec-5] BasicTypeRegistry - Adding type registration big_decimal -> org.hibernate.type.BigDecimalType@266c97d9
[DEBUG] 2020-03-31 20:37:19.587 [http-nio-8080-exec-5] BasicTypeRegistry - Adding type registration java.math.BigDecimal -> org.hibernate.type.BigDecimalType@266c97d9
[DEBUG] 2020-03-31 20:37:19.588 [http-nio-8080-exec-5] BasicTypeRegistry - Adding type registration big_integer -> org.hibernate.type.BigIntegerType@15f2c839
[DEBUG] 2020-03-31 20:37:19.588 [http-nio-8080-exec-5] BasicTypeRegistry - Adding type registration java.math.BigInteger -> org.hibernate.type.BigIntegerType@15f2c839
[DEBUG] 2020-03-31 20:37:19.589 [http-nio-8080-exec-5] BasicTypeRegistry - Adding type registration string -> org.hibernate.type.StringType@4d66cac3
[DEBUG] 2020-03-31 20:37:19.589 [http-nio-8080-exec-5] BasicTypeRegistry - Adding type registration java.lang.String -> org.hibernate.type.StringType@4d66cac3
[DEBUG] 2020-03-31 20:37:19.590 [http-nio-8080-exec-5] BasicTypeRegistry - Adding type registration nstring -> org.hibernate.type.StringNVarcharType@59f93ca
[DEBUG] 2020-03-31 20:37:19.590 [http-nio-8080-exec-5] BasicTypeRegistry - Adding type registration ncharacter -> org.hibernate.type.CharacterNCharType@5196cc31
[DEBUG] 2020-03-31 20:37:19.591 [http-nio-8080-exec-5] BasicTypeRegistry - Adding type registration url -> org.hibernate.type.UrlType@2edc61ab
[DEBUG] 2020-03-31 20:37:19.591 [http-nio-8080-exec-5] BasicTypeRegistry - Adding type registration java.net.URL -> org.hibernate.type.UrlType@2edc61ab
[DEBUG] 2020-03-31 20:37:19.592 [http-nio-8080-exec-5] BasicTypeRegistry - Adding type registration Duration -> org.hibernate.type.DurationType@26e94178
[DEBUG] 2020-03-31 20:37:19.592 [http-nio-8080-exec-5] BasicTypeRegistry - Adding type registration java.time.Duration -> org.hibernate.type.DurationType@26e94178
[DEBUG] 2020-03-31 20:37:19.596 [http-nio-8080-exec-5] BasicTypeRegistry - Adding type registration Instant -> org.hibernate.type.InstantType@774dfa30
[DEBUG] 2020-03-31 20:37:19.597 [http-nio-8080-exec-5] BasicTypeRegistry - Adding type registration java.time.Instant -> org.hibernate.type.InstantType@774dfa30
[DEBUG] 2020-03-31 20:37:19.597 [http-nio-8080-exec-5] BasicTypeRegistry - Adding type registration LocalDateTime -> org.hibernate.type.LocalDateTimeType@260da3d4
[DEBUG] 2020-03-31 20:37:19.598 [http-nio-8080-exec-5] BasicTypeRegistry - Adding type registration java.time.LocalDateTime -> org.hibernate.type.LocalDateTimeType@260da3d4
[DEBUG] 2020-03-31 20:37:19.598 [http-nio-8080-exec-5] BasicTypeRegistry - Adding type registration LocalDate -> org.hibernate.type.LocalDateType@1969f683
[DEBUG] 2020-03-31 20:37:19.598 [http-nio-8080-exec-5] BasicTypeRegistry - Adding type registration java.time.LocalDate -> org.hibernate.type.LocalDateType@1969f683
[DEBUG] 2020-03-31 20:37:19.600 [http-nio-8080-exec-5] BasicTypeRegistry - Adding type registration LocalTime -> org.hibernate.type.LocalTimeType@ba0e6bd
[DEBUG] 2020-03-31 20:37:19.600 [http-nio-8080-exec-5] BasicTypeRegistry - Adding type registration java.time.LocalTime -> org.hibernate.type.LocalTimeType@ba0e6bd
[DEBUG] 2020-03-31 20:37:19.601 [http-nio-8080-exec-5] BasicTypeRegistry - Adding type registration OffsetDateTime -> org.hibernate.type.OffsetDateTimeType@51f07d03
[DEBUG] 2020-03-31 20:37:19.601 [http-nio-8080-exec-5] BasicTypeRegistry - Adding type registration java.time.OffsetDateTime -> org.hibernate.type.OffsetDateTimeType@51f07d03
[DEBUG] 2020-03-31 20:37:19.602 [http-nio-8080-exec-5] BasicTypeRegistry - Adding type registration OffsetTime -> org.hibernate.type.OffsetTimeType@6570b679
[DEBUG] 2020-03-31 20:37:19.602 [http-nio-8080-exec-5] BasicTypeRegistry - Adding type registration java.time.OffsetTime -> org.hibernate.type.OffsetTimeType@6570b679
[DEBUG] 2020-03-31 20:37:19.604 [http-nio-8080-exec-5] BasicTypeRegistry - Adding type registration ZonedDateTime -> org.hibernate.type.ZonedDateTimeType@4f657ef1
[DEBUG] 2020-03-31 20:37:19.604 [http-nio-8080-exec-5] BasicTypeRegistry - Adding type registration java.time.ZonedDateTime -> org.hibernate.type.ZonedDateTimeType@4f657ef1
[DEBUG] 2020-03-31 20:37:19.605 [http-nio-8080-exec-5] BasicTypeRegistry - Adding type registration date -> org.hibernate.type.DateType@4a914a13
[DEBUG] 2020-03-31 20:37:19.605 [http-nio-8080-exec-5] BasicTypeRegistry - Adding type registration java.sql.Date -> org.hibernate.type.DateType@4a914a13
[DEBUG] 2020-03-31 20:37:19.606 [http-nio-8080-exec-5] BasicTypeRegistry - Adding type registration time -> org.hibernate.type.TimeType@2404100e
[DEBUG] 2020-03-31 20:37:19.606 [http-nio-8080-exec-5] BasicTypeRegistry - Adding type registration java.sql.Time -> org.hibernate.type.TimeType@2404100e
[DEBUG] 2020-03-31 20:37:19.606 [http-nio-8080-exec-5] BasicTypeRegistry - Adding type registration timestamp -> org.hibernate.type.TimestampType@550cbfe1
[DEBUG] 2020-03-31 20:37:19.606 [http-nio-8080-exec-5] BasicTypeRegistry - Adding type registration java.sql.Timestamp -> org.hibernate.type.TimestampType@550cbfe1
[DEBUG] 2020-03-31 20:37:19.607 [http-nio-8080-exec-5] BasicTypeRegistry - Adding type registration java.util.Date -> org.hibernate.type.TimestampType@550cbfe1
[DEBUG] 2020-03-31 20:37:19.608 [http-nio-8080-exec-5] BasicTypeRegistry - Adding type registration dbtimestamp -> org.hibernate.type.DbTimestampType@48a0b1ce
[DEBUG] 2020-03-31 20:37:19.609 [http-nio-8080-exec-5] BasicTypeRegistry - Adding type registration calendar -> org.hibernate.type.CalendarType@37a2ca99
[DEBUG] 2020-03-31 20:37:19.609 [http-nio-8080-exec-5] BasicTypeRegistry - Adding type registration java.util.Calendar -> org.hibernate.type.CalendarType@37a2ca99
[DEBUG] 2020-03-31 20:37:19.609 [http-nio-8080-exec-5] BasicTypeRegistry - Adding type registration java.util.GregorianCalendar -> org.hibernate.type.CalendarType@37a2ca99
[DEBUG] 2020-03-31 20:37:19.610 [http-nio-8080-exec-5] BasicTypeRegistry - Adding type registration calendar_date -> org.hibernate.type.CalendarDateType@63a0ddd2
[DEBUG] 2020-03-31 20:37:19.611 [http-nio-8080-exec-5] BasicTypeRegistry - Adding type registration locale -> org.hibernate.type.LocaleType@2d86722d
[DEBUG] 2020-03-31 20:37:19.611 [http-nio-8080-exec-5] BasicTypeRegistry - Adding type registration java.util.Locale -> org.hibernate.type.LocaleType@2d86722d
[DEBUG] 2020-03-31 20:37:19.612 [http-nio-8080-exec-5] BasicTypeRegistry - Adding type registration currency -> org.hibernate.type.CurrencyType@10a58d36
[DEBUG] 2020-03-31 20:37:19.612 [http-nio-8080-exec-5] BasicTypeRegistry - Adding type registration java.util.Currency -> org.hibernate.type.CurrencyType@10a58d36
[DEBUG] 2020-03-31 20:37:19.613 [http-nio-8080-exec-5] BasicTypeRegistry - Adding type registration timezone -> org.hibernate.type.TimeZoneType@5e1d420f
[DEBUG] 2020-03-31 20:37:19.613 [http-nio-8080-exec-5] BasicTypeRegistry - Adding type registration java.util.TimeZone -> org.hibernate.type.TimeZoneType@5e1d420f
[DEBUG] 2020-03-31 20:37:19.613 [http-nio-8080-exec-5] BasicTypeRegistry - Adding type registration class -> org.hibernate.type.ClassType@49fd12c9
[DEBUG] 2020-03-31 20:37:19.613 [http-nio-8080-exec-5] BasicTypeRegistry - Adding type registration java.lang.Class -> org.hibernate.type.ClassType@49fd12c9
[DEBUG] 2020-03-31 20:37:19.614 [http-nio-8080-exec-5] BasicTypeRegistry - Adding type registration uuid-binary -> org.hibernate.type.UUIDBinaryType@19a2bcae
[DEBUG] 2020-03-31 20:37:19.614 [http-nio-8080-exec-5] BasicTypeRegistry - Adding type registration java.util.UUID -> org.hibernate.type.UUIDBinaryType@19a2bcae
[DEBUG] 2020-03-31 20:37:19.614 [http-nio-8080-exec-5] BasicTypeRegistry - Adding type registration uuid-char -> org.hibernate.type.UUIDCharType@3003b1a2
[DEBUG] 2020-03-31 20:37:19.615 [http-nio-8080-exec-5] BasicTypeRegistry - Adding type registration binary -> org.hibernate.type.BinaryType@3f4d4d8d
[DEBUG] 2020-03-31 20:37:19.615 [http-nio-8080-exec-5] BasicTypeRegistry - Adding type registration byte[] -> org.hibernate.type.BinaryType@3f4d4d8d
[DEBUG] 2020-03-31 20:37:19.615 [http-nio-8080-exec-5] BasicTypeRegistry - Adding type registration [B -> org.hibernate.type.BinaryType@3f4d4d8d
[DEBUG] 2020-03-31 20:37:19.616 [http-nio-8080-exec-5] BasicTypeRegistry - Adding type registration wrapper-binary -> org.hibernate.type.WrapperBinaryType@64140d07
[DEBUG] 2020-03-31 20:37:19.617 [http-nio-8080-exec-5] BasicTypeRegistry - Adding type registration Byte[] -> org.hibernate.type.WrapperBinaryType@64140d07
[DEBUG] 2020-03-31 20:37:19.617 [http-nio-8080-exec-5] BasicTypeRegistry - Adding type registration [Ljava.lang.Byte; -> org.hibernate.type.WrapperBinaryType@64140d07
[DEBUG] 2020-03-31 20:37:19.618 [http-nio-8080-exec-5] BasicTypeRegistry - Adding type registration row_version -> org.hibernate.type.RowVersionType@4e26a5b0
[DEBUG] 2020-03-31 20:37:19.618 [http-nio-8080-exec-5] BasicTypeRegistry - Adding type registration image -> org.hibernate.type.ImageType@5f86271b
[DEBUG] 2020-03-31 20:37:19.619 [http-nio-8080-exec-5] BasicTypeRegistry - Adding type registration characters -> org.hibernate.type.CharArrayType@433786e2
[DEBUG] 2020-03-31 20:37:19.619 [http-nio-8080-exec-5] BasicTypeRegistry - Adding type registration char[] -> org.hibernate.type.CharArrayType@433786e2
[DEBUG] 2020-03-31 20:37:19.619 [http-nio-8080-exec-5] BasicTypeRegistry - Adding type registration [C -> org.hibernate.type.CharArrayType@433786e2
[DEBUG] 2020-03-31 20:37:19.620 [http-nio-8080-exec-5] BasicTypeRegistry - Adding type registration wrapper-characters -> org.hibernate.type.CharacterArrayType@4fce3da3
[DEBUG] 2020-03-31 20:37:19.620 [http-nio-8080-exec-5] BasicTypeRegistry - Adding type registration [Ljava.lang.Character; -> org.hibernate.type.CharacterArrayType@4fce3da3
[DEBUG] 2020-03-31 20:37:19.620 [http-nio-8080-exec-5] BasicTypeRegistry - Adding type registration Character[] -> org.hibernate.type.CharacterArrayType@4fce3da3
[DEBUG] 2020-03-31 20:37:19.620 [http-nio-8080-exec-5] BasicTypeRegistry - Adding type registration text -> org.hibernate.type.TextType@4a54b90a
[DEBUG] 2020-03-31 20:37:19.621 [http-nio-8080-exec-5] BasicTypeRegistry - Adding type registration ntext -> org.hibernate.type.NTextType@69473986
[DEBUG] 2020-03-31 20:37:19.622 [http-nio-8080-exec-5] BasicTypeRegistry - Adding type registration blob -> org.hibernate.type.BlobType@6830e545
[DEBUG] 2020-03-31 20:37:19.622 [http-nio-8080-exec-5] BasicTypeRegistry - Adding type registration java.sql.Blob -> org.hibernate.type.BlobType@6830e545
[DEBUG] 2020-03-31 20:37:19.622 [http-nio-8080-exec-5] BasicTypeRegistry - Adding type registration materialized_blob -> org.hibernate.type.MaterializedBlobType@49eed6ed
[DEBUG] 2020-03-31 20:37:19.623 [http-nio-8080-exec-5] BasicTypeRegistry - Adding type registration clob -> org.hibernate.type.ClobType@9be5172
[DEBUG] 2020-03-31 20:37:19.623 [http-nio-8080-exec-5] BasicTypeRegistry - Adding type registration java.sql.Clob -> org.hibernate.type.ClobType@9be5172
[DEBUG] 2020-03-31 20:37:19.624 [http-nio-8080-exec-5] BasicTypeRegistry - Adding type registration nclob -> org.hibernate.type.NClobType@be49d29
[DEBUG] 2020-03-31 20:37:19.624 [http-nio-8080-exec-5] BasicTypeRegistry - Adding type registration java.sql.NClob -> org.hibernate.type.NClobType@be49d29
[DEBUG] 2020-03-31 20:37:19.624 [http-nio-8080-exec-5] BasicTypeRegistry - Adding type registration materialized_clob -> org.hibernate.type.MaterializedClobType@4b9c735
[DEBUG] 2020-03-31 20:37:19.626 [http-nio-8080-exec-5] BasicTypeRegistry - Adding type registration materialized_nclob -> org.hibernate.type.MaterializedNClobType@16f7ffff
[DEBUG] 2020-03-31 20:37:19.628 [http-nio-8080-exec-5] BasicTypeRegistry - Adding type registration serializable -> org.hibernate.type.SerializableType@7bc325e8
[DEBUG] 2020-03-31 20:37:19.631 [http-nio-8080-exec-5] BasicTypeRegistry - Adding type registration object -> org.hibernate.type.ObjectType@7fb5a442
[DEBUG] 2020-03-31 20:37:19.631 [http-nio-8080-exec-5] BasicTypeRegistry - Adding type registration java.lang.Object -> org.hibernate.type.ObjectType@7fb5a442
[DEBUG] 2020-03-31 20:37:19.632 [http-nio-8080-exec-5] BasicTypeRegistry - Adding type registration imm_date -> org.hibernate.type.AdaptedImmutableType@32003df3
[DEBUG] 2020-03-31 20:37:19.632 [http-nio-8080-exec-5] BasicTypeRegistry - Adding type registration imm_time -> org.hibernate.type.AdaptedImmutableType@6caf4c57
[DEBUG] 2020-03-31 20:37:19.632 [http-nio-8080-exec-5] BasicTypeRegistry - Adding type registration imm_timestamp -> org.hibernate.type.AdaptedImmutableType@1079c763
[DEBUG] 2020-03-31 20:37:19.632 [http-nio-8080-exec-5] BasicTypeRegistry - Adding type registration imm_dbtimestamp -> org.hibernate.type.AdaptedImmutableType@58e47a1b
[DEBUG] 2020-03-31 20:37:19.632 [http-nio-8080-exec-5] BasicTypeRegistry - Adding type registration imm_calendar -> org.hibernate.type.AdaptedImmutableType@6bb82b51
[DEBUG] 2020-03-31 20:37:19.633 [http-nio-8080-exec-5] BasicTypeRegistry - Adding type registration imm_calendar_date -> org.hibernate.type.AdaptedImmutableType@7d631f85
[DEBUG] 2020-03-31 20:37:19.635 [http-nio-8080-exec-5] BasicTypeRegistry - Adding type registration imm_binary -> org.hibernate.type.AdaptedImmutableType@237f8d95
[DEBUG] 2020-03-31 20:37:19.635 [http-nio-8080-exec-5] BasicTypeRegistry - Adding type registration imm_serializable -> org.hibernate.type.AdaptedImmutableType@58b01f43
[DEBUG] 2020-03-31 20:37:19.663 [http-nio-8080-exec-5] DefaultIdentifierGeneratorFactory - Registering IdentifierGenerator strategy [uuid2] -> [org.hibernate.id.UUIDGenerator]
[DEBUG] 2020-03-31 20:37:19.663 [http-nio-8080-exec-5] DefaultIdentifierGeneratorFactory - Registering IdentifierGenerator strategy [guid] -> [org.hibernate.id.GUIDGenerator]
[DEBUG] 2020-03-31 20:37:19.665 [http-nio-8080-exec-5] DefaultIdentifierGeneratorFactory - Registering IdentifierGenerator strategy [uuid] -> [org.hibernate.id.UUIDHexGenerator]
[DEBUG] 2020-03-31 20:37:19.665 [http-nio-8080-exec-5] DefaultIdentifierGeneratorFactory - Registering IdentifierGenerator strategy [uuid.hex] -> [org.hibernate.id.UUIDHexGenerator]
[DEBUG] 2020-03-31 20:37:19.666 [http-nio-8080-exec-5] DefaultIdentifierGeneratorFactory - Registering IdentifierGenerator strategy [assigned] -> [org.hibernate.id.Assigned]
[DEBUG] 2020-03-31 20:37:19.672 [http-nio-8080-exec-5] DefaultIdentifierGeneratorFactory - Registering IdentifierGenerator strategy [identity] -> [org.hibernate.id.IdentityGenerator]
[DEBUG] 2020-03-31 20:37:19.672 [http-nio-8080-exec-5] DefaultIdentifierGeneratorFactory - Registering IdentifierGenerator strategy [select] -> [org.hibernate.id.SelectGenerator]
[DEBUG] 2020-03-31 20:37:19.673 [http-nio-8080-exec-5] DefaultIdentifierGeneratorFactory - Registering IdentifierGenerator strategy [sequence] -> [org.hibernate.id.enhanced.SequenceStyleGenerator]
[DEBUG] 2020-03-31 20:37:19.674 [http-nio-8080-exec-5] DefaultIdentifierGeneratorFactory - Registering IdentifierGenerator strategy [seqhilo] -> [org.hibernate.id.SequenceHiLoGenerator]
[DEBUG] 2020-03-31 20:37:19.674 [http-nio-8080-exec-5] DefaultIdentifierGeneratorFactory - Registering IdentifierGenerator strategy [increment] -> [org.hibernate.id.IncrementGenerator]
[DEBUG] 2020-03-31 20:37:19.674 [http-nio-8080-exec-5] DefaultIdentifierGeneratorFactory - Registering IdentifierGenerator strategy [foreign] -> [org.hibernate.id.ForeignGenerator]
[DEBUG] 2020-03-31 20:37:19.674 [http-nio-8080-exec-5] DefaultIdentifierGeneratorFactory - Registering IdentifierGenerator strategy [sequence-identity] -> [org.hibernate.id.SequenceIdentityGenerator]
[DEBUG] 2020-03-31 20:37:19.675 [http-nio-8080-exec-5] DefaultIdentifierGeneratorFactory - Registering IdentifierGenerator strategy [enhanced-sequence] -> [org.hibernate.id.enhanced.SequenceStyleGenerator]
[DEBUG] 2020-03-31 20:37:19.675 [http-nio-8080-exec-5] DefaultIdentifierGeneratorFactory - Registering IdentifierGenerator strategy [enhanced-table] -> [org.hibernate.id.enhanced.TableGenerator]
[INFO ] 2020-03-31 20:37:19.681 [http-nio-8080-exec-5] C3P0ConnectionProvider - HHH010002: C3P0 using driver: com.mysql.cj.jdbc.Driver at URL: jdbc:mysql://localhost:3306/EuchreLeague
[INFO ] 2020-03-31 20:37:19.681 [http-nio-8080-exec-5] C3P0ConnectionProvider - HHH10001001: Connection properties: {password=****, user=root}
[INFO ] 2020-03-31 20:37:19.681 [http-nio-8080-exec-5] C3P0ConnectionProvider - HHH10001003: Autocommit mode: false
[INFO ] 2020-03-31 20:37:19.818 [http-nio-8080-exec-5] C3P0ConnectionProvider - HHH10001007: JDBC isolation level: <unknown>
[DEBUG] 2020-03-31 20:37:20.036 [http-nio-8080-exec-5] JdbcEnvironmentInitiator - Database ->
       name : MySQL
    version : 8.0.16
      major : 8
      minor : 0
[DEBUG] 2020-03-31 20:37:20.036 [http-nio-8080-exec-5] JdbcEnvironmentInitiator - Driver ->
       name : MySQL Connector/J
    version : mysql-connector-java-8.0.16 (Revision: 34cbc6bc61f72836e26327537a432d6db7c77de6)
      major : 8
      minor : 0
[DEBUG] 2020-03-31 20:37:20.036 [http-nio-8080-exec-5] JdbcEnvironmentInitiator - JDBC version : 4.2
[INFO ] 2020-03-31 20:37:20.076 [http-nio-8080-exec-5] Dialect - HHH000400: Using dialect: org.hibernate.dialect.MySQL8Dialect
[DEBUG] 2020-03-31 20:37:20.095 [http-nio-8080-exec-5] IdentifierHelperBuilder - JDBC driver metadata reported database stores quoted identifiers in more than one case
[DEBUG] 2020-03-31 20:37:20.112 [http-nio-8080-exec-5] IdentifierHelperBuilder - IdentifierCaseStrategy for both quoted and unquoted identifiers was set to the same strategy [MIXED]; that will likely lead to problems in schema update and validation if using quoted identifiers
[DEBUG] 2020-03-31 20:37:20.143 [http-nio-8080-exec-5] Namespace - Created database namespace [logicalName=Name{catalog=null, schema=null}, physicalName=Name{catalog=null, schema=null}]
[DEBUG] 2020-03-31 20:37:20.146 [http-nio-8080-exec-5] TypeConfiguration$Scope - Scoping TypeConfiguration [org.hibernate.type.spi.TypeConfiguration@7690c073] to MetadataBuildingContext [org.hibernate.boot.internal.MetadataBuildingContextRootImpl@296ecd1a]
[DEBUG] 2020-03-31 20:37:20.196 [http-nio-8080-exec-5] AnnotationBinder - Binding entity from annotated class: com.euchreleague.entity.User
[DEBUG] 2020-03-31 20:37:20.220 [http-nio-8080-exec-5] Ejb3Column - Binding column: Ejb3DiscriminatorColumn{logicalColumnName'DTYPE', discriminatorTypeName='string'}
[DEBUG] 2020-03-31 20:37:20.229 [http-nio-8080-exec-5] EntityBinder - Import with entity name User
[DEBUG] 2020-03-31 20:37:20.233 [http-nio-8080-exec-5] EntityBinder - Bind entity com.euchreleague.entity.User on table user
[DEBUG] 2020-03-31 20:37:20.264 [http-nio-8080-exec-5] Ejb3Column - Binding column: Ejb3Column{table=org.hibernate.mapping.Table(user), mappingColumn=id, insertable=true, updatable=true, unique=false}
[DEBUG] 2020-03-31 20:37:20.268 [http-nio-8080-exec-5] PropertyBinder - MetadataSourceProcessor property id with lazy=false
[DEBUG] 2020-03-31 20:37:20.271 [http-nio-8080-exec-5] AbstractPropertyHolder - Attempting to locate auto-apply AttributeConverter for property [com.euchreleague.entity.User:id]
[DEBUG] 2020-03-31 20:37:20.273 [http-nio-8080-exec-5] SimpleValueBinder - building SimpleValue for id
[DEBUG] 2020-03-31 20:37:20.275 [http-nio-8080-exec-5] PropertyBinder - Building property id
[DEBUG] 2020-03-31 20:37:20.280 [http-nio-8080-exec-5] BinderHelper - #makeIdGenerator(org.hibernate.mapping.SimpleValue([org.hibernate.mapping.Column(id)]), id, org.hibernate.id.enhanced.SequenceStyleGenerator, native, ...)
[DEBUG] 2020-03-31 20:37:20.282 [http-nio-8080-exec-5] Ejb3Column - Binding column: Ejb3Column{table=org.hibernate.mapping.Table(user), mappingColumn=first_name, insertable=true, updatable=true, unique=false}
[DEBUG] 2020-03-31 20:37:20.282 [http-nio-8080-exec-5] PropertyBinder - MetadataSourceProcessor property firstName with lazy=false
[DEBUG] 2020-03-31 20:37:20.282 [http-nio-8080-exec-5] AbstractPropertyHolder - Attempting to locate auto-apply AttributeConverter for property [com.euchreleague.entity.User:firstName]
[DEBUG] 2020-03-31 20:37:20.282 [http-nio-8080-exec-5] SimpleValueBinder - building SimpleValue for firstName
[DEBUG] 2020-03-31 20:37:20.282 [http-nio-8080-exec-5] PropertyBinder - Building property firstName
[DEBUG] 2020-03-31 20:37:20.282 [http-nio-8080-exec-5] Ejb3Column - Binding column: Ejb3Column{table=org.hibernate.mapping.Table(user), mappingColumn=last_name, insertable=true, updatable=true, unique=false}
[DEBUG] 2020-03-31 20:37:20.282 [http-nio-8080-exec-5] PropertyBinder - MetadataSourceProcessor property lastName with lazy=false
[DEBUG] 2020-03-31 20:37:20.282 [http-nio-8080-exec-5] AbstractPropertyHolder - Attempting to locate auto-apply AttributeConverter for property [com.euchreleague.entity.User:lastName]
[DEBUG] 2020-03-31 20:37:20.282 [http-nio-8080-exec-5] SimpleValueBinder - building SimpleValue for lastName
[DEBUG] 2020-03-31 20:37:20.282 [http-nio-8080-exec-5] PropertyBinder - Building property lastName
[DEBUG] 2020-03-31 20:37:20.282 [http-nio-8080-exec-5] Ejb3Column - Binding column: Ejb3Column{table=org.hibernate.mapping.Table(user), mappingColumn=user_name, insertable=true, updatable=true, unique=false}
[DEBUG] 2020-03-31 20:37:20.283 [http-nio-8080-exec-5] PropertyBinder - MetadataSourceProcessor property userName with lazy=false
[DEBUG] 2020-03-31 20:37:20.283 [http-nio-8080-exec-5] AbstractPropertyHolder - Attempting to locate auto-apply AttributeConverter for property [com.euchreleague.entity.User:userName]
[DEBUG] 2020-03-31 20:37:20.283 [http-nio-8080-exec-5] SimpleValueBinder - building SimpleValue for userName
[DEBUG] 2020-03-31 20:37:20.283 [http-nio-8080-exec-5] PropertyBinder - Building property userName
[DEBUG] 2020-03-31 20:37:20.283 [http-nio-8080-exec-5] Ejb3Column - Binding column: Ejb3Column{table=org.hibernate.mapping.Table(user), mappingColumn=user_password, insertable=true, updatable=true, unique=false}
[DEBUG] 2020-03-31 20:37:20.283 [http-nio-8080-exec-5] PropertyBinder - MetadataSourceProcessor property userPassword with lazy=false
[DEBUG] 2020-03-31 20:37:20.283 [http-nio-8080-exec-5] AbstractPropertyHolder - Attempting to locate auto-apply AttributeConverter for property [com.euchreleague.entity.User:userPassword]
[DEBUG] 2020-03-31 20:37:20.283 [http-nio-8080-exec-5] SimpleValueBinder - building SimpleValue for userPassword
[DEBUG] 2020-03-31 20:37:20.283 [http-nio-8080-exec-5] PropertyBinder - Building property userPassword
[DEBUG] 2020-03-31 20:37:20.284 [http-nio-8080-exec-5] Ejb3Column - Binding column: Ejb3JoinColumn{logicalColumnName='null', referencedColumn='null', mappedBy='user'}
[DEBUG] 2020-03-31 20:37:20.284 [http-nio-8080-exec-5] Ejb3Column - Binding column: Ejb3Column{table=org.hibernate.mapping.Table(user), mappingColumn=userRoles, insertable=true, updatable=true, unique=false}
[DEBUG] 2020-03-31 20:37:20.286 [http-nio-8080-exec-5] Ejb3Column - Binding column: Ejb3Column{table=org.hibernate.mapping.Table(user), mappingColumn=null, insertable=true, updatable=true, unique=false}
[DEBUG] 2020-03-31 20:37:20.294 [http-nio-8080-exec-5] Ejb3Column - Binding column: Ejb3Column{table=org.hibernate.mapping.Table(user), mappingColumn=element, insertable=true, updatable=true, unique=false}
[DEBUG] 2020-03-31 20:37:20.294 [http-nio-8080-exec-5] Ejb3Column - Binding column: Ejb3Column{table=org.hibernate.mapping.Table(user), mappingColumn=userRoles_KEY, insertable=true, updatable=true, unique=false}
[DEBUG] 2020-03-31 20:37:20.295 [http-nio-8080-exec-5] Ejb3Column - Binding column: Ejb3JoinColumn{logicalColumnName='userRoles_KEY', referencedColumn='null', mappedBy='null'}
[DEBUG] 2020-03-31 20:37:20.296 [http-nio-8080-exec-5] Ejb3Column - Binding column: Ejb3JoinColumn{logicalColumnName='null', referencedColumn='null', mappedBy='user'}
[DEBUG] 2020-03-31 20:37:20.296 [http-nio-8080-exec-5] Ejb3Column - Binding column: Ejb3JoinColumn{logicalColumnName='null', referencedColumn='null', mappedBy='user'}
[DEBUG] 2020-03-31 20:37:20.297 [http-nio-8080-exec-5] CollectionBinder - Collection role: com.euchreleague.entity.User.userRoles
[DEBUG] 2020-03-31 20:37:20.301 [http-nio-8080-exec-5] PropertyBinder - Building property userRoles
[DEBUG] 2020-03-31 20:37:20.303 [http-nio-8080-exec-5] AnnotationBinder - Binding entity from annotated class: com.euchreleague.entity.UserRoles
[DEBUG] 2020-03-31 20:37:20.303 [http-nio-8080-exec-5] Ejb3Column - Binding column: Ejb3DiscriminatorColumn{logicalColumnName'DTYPE', discriminatorTypeName='string'}
[DEBUG] 2020-03-31 20:37:20.303 [http-nio-8080-exec-5] EntityBinder - Import with entity name UserRoles
[DEBUG] 2020-03-31 20:37:20.303 [http-nio-8080-exec-5] EntityBinder - Bind entity com.euchreleague.entity.UserRoles on table user_roles
[DEBUG] 2020-03-31 20:37:20.306 [http-nio-8080-exec-5] Ejb3Column - Binding column: Ejb3Column{table=org.hibernate.mapping.Table(user_roles), mappingColumn=id, insertable=true, updatable=true, unique=false}
[DEBUG] 2020-03-31 20:37:20.306 [http-nio-8080-exec-5] PropertyBinder - MetadataSourceProcessor property id with lazy=false
[DEBUG] 2020-03-31 20:37:20.307 [http-nio-8080-exec-5] AbstractPropertyHolder - Attempting to locate auto-apply AttributeConverter for property [com.euchreleague.entity.UserRoles:id]
[DEBUG] 2020-03-31 20:37:20.307 [http-nio-8080-exec-5] SimpleValueBinder - building SimpleValue for id
[DEBUG] 2020-03-31 20:37:20.307 [http-nio-8080-exec-5] PropertyBinder - Building property id
[DEBUG] 2020-03-31 20:37:20.307 [http-nio-8080-exec-5] BinderHelper - #makeIdGenerator(org.hibernate.mapping.SimpleValue([org.hibernate.mapping.Column(id)]), id, org.hibernate.id.enhanced.SequenceStyleGenerator, native, ...)
[DEBUG] 2020-03-31 20:37:20.307 [http-nio-8080-exec-5] Ejb3Column - Binding column: Ejb3Column{table=org.hibernate.mapping.Table(user_roles), mappingColumn=role_name, insertable=true, updatable=true, unique=false}
[DEBUG] 2020-03-31 20:37:20.307 [http-nio-8080-exec-5] PropertyBinder - MetadataSourceProcessor property roleName with lazy=false
[DEBUG] 2020-03-31 20:37:20.307 [http-nio-8080-exec-5] AbstractPropertyHolder - Attempting to locate auto-apply AttributeConverter for property [com.euchreleague.entity.UserRoles:roleName]
[DEBUG] 2020-03-31 20:37:20.307 [http-nio-8080-exec-5] SimpleValueBinder - building SimpleValue for roleName
[DEBUG] 2020-03-31 20:37:20.307 [http-nio-8080-exec-5] PropertyBinder - Building property roleName
[DEBUG] 2020-03-31 20:37:20.308 [http-nio-8080-exec-5] Ejb3Column - Binding column: Ejb3JoinColumn{logicalColumnName='user_id', referencedColumn='id', mappedBy=''}
[DEBUG] 2020-03-31 20:37:20.308 [http-nio-8080-exec-5] Ejb3Column - Binding column: Ejb3Column{table=org.hibernate.mapping.Table(user_roles), mappingColumn=user, insertable=true, updatable=true, unique=false}
[DEBUG] 2020-03-31 20:37:20.309 [http-nio-8080-exec-5] PropertyBinder - Building property user
[DEBUG] 2020-03-31 20:37:20.310 [http-nio-8080-exec-5] Ejb3Column - Binding column: Ejb3Column{table=org.hibernate.mapping.Table(user_roles), mappingColumn=user_name, insertable=true, updatable=true, unique=false}
[DEBUG] 2020-03-31 20:37:20.310 [http-nio-8080-exec-5] PropertyBinder - MetadataSourceProcessor property userName with lazy=false
[DEBUG] 2020-03-31 20:37:20.310 [http-nio-8080-exec-5] AbstractPropertyHolder - Attempting to locate auto-apply AttributeConverter for property [com.euchreleague.entity.UserRoles:userName]
[DEBUG] 2020-03-31 20:37:20.310 [http-nio-8080-exec-5] SimpleValueBinder - building SimpleValue for userName
[DEBUG] 2020-03-31 20:37:20.310 [http-nio-8080-exec-5] PropertyBinder - Building property userName
[DEBUG] 2020-03-31 20:37:20.311 [http-nio-8080-exec-5] SimpleValueBinder - Starting fillSimpleValue for id
[DEBUG] 2020-03-31 20:37:20.311 [http-nio-8080-exec-5] SimpleValueBinder - Starting fillSimpleValue for firstName
[DEBUG] 2020-03-31 20:37:20.311 [http-nio-8080-exec-5] SimpleValueBinder - Starting fillSimpleValue for lastName
[DEBUG] 2020-03-31 20:37:20.311 [http-nio-8080-exec-5] SimpleValueBinder - Starting fillSimpleValue for userName
[DEBUG] 2020-03-31 20:37:20.311 [http-nio-8080-exec-5] SimpleValueBinder - Starting fillSimpleValue for userPassword
[DEBUG] 2020-03-31 20:37:20.311 [http-nio-8080-exec-5] SimpleValueBinder - Starting fillSimpleValue for id
[DEBUG] 2020-03-31 20:37:20.311 [http-nio-8080-exec-5] SimpleValueBinder - Starting fillSimpleValue for roleName
[DEBUG] 2020-03-31 20:37:20.311 [http-nio-8080-exec-5] SimpleValueBinder - Starting fillSimpleValue for userName
[DEBUG] 2020-03-31 20:37:20.316 [http-nio-8080-exec-5] PrimaryKey - Forcing column [id] to be non-null as it is part of the primary key for table [user]
[DEBUG] 2020-03-31 20:37:20.316 [http-nio-8080-exec-5] PrimaryKey - Forcing column [id] to be non-null as it is part of the primary key for table [user_roles]
[DEBUG] 2020-03-31 20:37:20.316 [http-nio-8080-exec-5] CollectionSecondPass - Second pass for collection: com.euchreleague.entity.User.userRoles
[DEBUG] 2020-03-31 20:37:20.316 [http-nio-8080-exec-5] CollectionBinder - Binding a OneToMany: com.euchreleague.entity.User.userRoles through a foreign key
[DEBUG] 2020-03-31 20:37:20.317 [http-nio-8080-exec-5] CollectionBinder - Mapping collection: com.euchreleague.entity.User.userRoles -> user_roles
[DEBUG] 2020-03-31 20:37:20.318 [http-nio-8080-exec-5] TableBinder - Retrieving property com.euchreleague.entity.UserRoles.user
[DEBUG] 2020-03-31 20:37:20.318 [http-nio-8080-exec-5] CollectionSecondPass - Mapped collection key: user_id, one-to-many: com.euchreleague.entity.UserRoles
[DEBUG] 2020-03-31 20:37:20.318 [http-nio-8080-exec-5] InFlightMetadataCollectorImpl - Resolving reference to class: com.euchreleague.entity.User
[DEBUG] 2020-03-31 20:37:20.321 [http-nio-8080-exec-5] InFlightMetadataCollectorImpl - Resolving reference to class: com.euchreleague.entity.User
[DEBUG] 2020-03-31 20:37:20.359 [http-nio-8080-exec-5] SessionFactoryImpl - Building session factory
[DEBUG] 2020-03-31 20:37:20.360 [http-nio-8080-exec-5] Settings - SessionFactory name : null
[DEBUG] 2020-03-31 20:37:20.360 [http-nio-8080-exec-5] Settings - Automatic flush during beforeCompletion(): enabled
[DEBUG] 2020-03-31 20:37:20.360 [http-nio-8080-exec-5] Settings - Automatic session close at end of transaction: disabled
[DEBUG] 2020-03-31 20:37:20.360 [http-nio-8080-exec-5] Settings - Statistics: disabled
[DEBUG] 2020-03-31 20:37:20.360 [http-nio-8080-exec-5] Settings - Deleted entity synthetic identifier rollback: disabled
[DEBUG] 2020-03-31 20:37:20.360 [http-nio-8080-exec-5] Settings - Default entity-mode: pojo
[DEBUG] 2020-03-31 20:37:20.360 [http-nio-8080-exec-5] Settings - Check Nullability in Core (should be disabled when Bean Validation is on): enabled
[DEBUG] 2020-03-31 20:37:20.360 [http-nio-8080-exec-5] Settings - Allow initialization of lazy state outside session : disabled
[DEBUG] 2020-03-31 20:37:20.360 [http-nio-8080-exec-5] Settings - Using BatchFetchStyle : LEGACY
[DEBUG] 2020-03-31 20:37:20.360 [http-nio-8080-exec-5] Settings - Default batch fetch size: -1
[DEBUG] 2020-03-31 20:37:20.360 [http-nio-8080-exec-5] Settings - Maximum outer join fetch depth: 2
[DEBUG] 2020-03-31 20:37:20.360 [http-nio-8080-exec-5] Settings - Default null ordering: NONE
[DEBUG] 2020-03-31 20:37:20.360 [http-nio-8080-exec-5] Settings - Order SQL updates by primary key: disabled
[DEBUG] 2020-03-31 20:37:20.360 [http-nio-8080-exec-5] Settings - Order SQL inserts for batching: disabled
[DEBUG] 2020-03-31 20:37:20.360 [http-nio-8080-exec-5] Settings - multi-tenancy strategy : NONE
[DEBUG] 2020-03-31 20:37:20.360 [http-nio-8080-exec-5] Settings - JTA Track by Thread: enabled
[DEBUG] 2020-03-31 20:37:20.360 [http-nio-8080-exec-5] Settings - Query language substitutions: {}
[DEBUG] 2020-03-31 20:37:20.360 [http-nio-8080-exec-5] Settings - Named query checking : enabled
[DEBUG] 2020-03-31 20:37:20.360 [http-nio-8080-exec-5] Settings - Second-level cache: disabled
[DEBUG] 2020-03-31 20:37:20.360 [http-nio-8080-exec-5] Settings - Second-level query cache: disabled
[DEBUG] 2020-03-31 20:37:20.361 [http-nio-8080-exec-5] Settings - Second-level query cache factory: null
[DEBUG] 2020-03-31 20:37:20.361 [http-nio-8080-exec-5] Settings - Second-level cache region prefix: null
[DEBUG] 2020-03-31 20:37:20.361 [http-nio-8080-exec-5] Settings - Optimize second-level cache for minimal puts: disabled
[DEBUG] 2020-03-31 20:37:20.361 [http-nio-8080-exec-5] Settings - Structured second-level cache entries: disabled
[DEBUG] 2020-03-31 20:37:20.361 [http-nio-8080-exec-5] Settings - Second-level cache direct-reference entries: disabled
[DEBUG] 2020-03-31 20:37:20.361 [http-nio-8080-exec-5] Settings - Automatic eviction of collection cache: disabled
[DEBUG] 2020-03-31 20:37:20.361 [http-nio-8080-exec-5] Settings - JDBC batch size: 15
[DEBUG] 2020-03-31 20:37:20.361 [http-nio-8080-exec-5] Settings - JDBC batch updates for versioned data: enabled
[DEBUG] 2020-03-31 20:37:20.361 [http-nio-8080-exec-5] Settings - Scrollable result sets: enabled
[DEBUG] 2020-03-31 20:37:20.361 [http-nio-8080-exec-5] Settings - Wrap result sets: disabled
[DEBUG] 2020-03-31 20:37:20.361 [http-nio-8080-exec-5] Settings - JDBC3 getGeneratedKeys(): enabled
[DEBUG] 2020-03-31 20:37:20.361 [http-nio-8080-exec-5] Settings - JDBC result set fetch size: null
[DEBUG] 2020-03-31 20:37:20.361 [http-nio-8080-exec-5] Settings - Connection release mode: AFTER_TRANSACTION
[DEBUG] 2020-03-31 20:37:20.361 [http-nio-8080-exec-5] Settings - Generate SQL with comments: disabled
[DEBUG] 2020-03-31 20:37:20.361 [http-nio-8080-exec-5] Settings - JPA compliance - query : 
[DEBUG] 2020-03-31 20:37:20.361 [http-nio-8080-exec-5] Settings - JPA compliance - closed-handling : 
[DEBUG] 2020-03-31 20:37:20.361 [http-nio-8080-exec-5] Settings - JPA compliance - lists : 
[DEBUG] 2020-03-31 20:37:20.361 [http-nio-8080-exec-5] Settings - JPA compliance - transactions : 
[INFO ] 2020-03-31 20:37:20.423 [http-nio-8080-exec-5] beans - HHH10005002: No explicit CDI BeanManager reference was passed to Hibernate, but CDI is available on the Hibernate ClassLoader.
[DEBUG] 2020-03-31 20:37:20.450 [http-nio-8080-exec-5] SessionFactoryImpl - Session factory constructed with filter configurations : {}
[DEBUG] 2020-03-31 20:37:20.451 [http-nio-8080-exec-5] SessionFactoryImpl - Instantiating session factory with properties: {awt.toolkit=sun.awt.X11.XToolkit, java.specification.version=11, sun.cpu.isalist=, hibernate.c3p0.idle_test_period=3000, sun.jnu.encoding=UTF-8, hibernate.c3p0.min_size=5, sun.arch.data.model=64, java.vendor.url=https://ubuntu.com/, catalina.useNaming=true, openejb.provider.default=org.apache.tomee, sun.boot.library.path=/usr/lib/jvm/java-11-openjdk-amd64/lib, com.sun.management.jmxremote.ssl=false, sun.java.command=org.apache.catalina.startup.Bootstrap start, jdk.debug=release, java.specification.vendor=Oracle Corporation, java.naming.factory.url.pkgs=org.apache.naming:org.apache.openejb.core.ivm.naming, openejb.embedder.source=ServerListener, java.version.date=2020-01-14, java.home=/usr/lib/jvm/java-11-openjdk-amd64, ignore.endorsed.dirs=, file.separator=/, java.vm.compressedOopsMode=Zero based, line.separator=
, hibernate.c3p0.timeout=300, java.specification.name=Java Platform API Specification, java.vm.specification.vendor=Oracle Corporation, intellij.debug.agent=true, openejb.scan.webapp.container=true, com.sun.management.jmxremote.password.file=/home/student/.IntelliJIdea2019.3/system/tomcat/Unnamed_euchreLeague/jmxremote.password, package.definition=sun.,java.,org.apache.catalina.,org.apache.coyote.,org.apache.jasper.,org.apache.naming.,org.apache.tomcat., openejb.deployments.classpath.filter.systemapps=false, jdk.tls.ephemeralDHKeySize=2048, java.util.logging.config.file=/home/student/.IntelliJIdea2019.3/system/tomcat/Unnamed_euchreLeague/conf/logging.properties, java.protocol.handler.pkgs=org.apache.catalina.webresources, connection.password=@Tonyawatha18, sun.management.compiler=HotSpot 64-Bit Tiered Compilers, openejb.scan.webapp.container.excludes=, java.runtime.version=11.0.6+10-post-Ubuntu-1ubuntu118.04.1, user.name=student, org.apache.johnzon.max-string-length=8192, file.encoding=UTF-8, derby.system.home=/home/student/tomcat/bin, org.apache.catalina.security.SecurityListener.UMASK=0027, hibernate.connection.driver_class=com.mysql.cj.jdbc.Driver, java.io.tmpdir=/home/student/tomcat/temp, tomcat.util.scan.StandardJarScanFilter.jarsToScan=log4j-taglib*.jar,log4j-web*.jar,log4javascript*.jar,slf4j-taglib*.jar, java.version=11.0.6, com.sun.management.jmxremote.port=1099, jboss.modules.system.pkgs=com.intellij.rt, tomcat.util.scan.StandardJarScanFilter.jarsToSkip=annotations-api.jar,ant-junit*.jar,ant-launcher.jar,ant.jar,asm-*.jar,aspectj*.jar,bootstrap.jar,catalina-ant.jar,catalina-ha.jar,catalina-jmx-remote.jar,catalina-storeconfig.jar,catalina-tribes.jar,catalina-ws.jar,catalina.jar,cglib-*.jar,cobertura-*.jar,commons-beanutils*.jar,commons-codec*.jar,commons-collections*.jar,commons-daemon.jar,commons-dbcp*.jar,commons-digester*.jar,commons-fileupload*.jar,commons-httpclient*.jar,commons-io*.jar,commons-lang*.jar,commons-logging*.jar,commons-math*.jar,commons-pool*.jar,dom4j-*.jar,easymock-*.jar,ecj-*.jar,el-api.jar,geronimo-spec-jaxrpc*.jar,h2*.jar,hamcrest-*.jar,hibernate*.jar,httpclient*.jar,icu4j-*.jar,jasper-el.jar,jasper.jar,jaspic-api.jar,jaxb-*.jar,jaxen-*.jar,jdom-*.jar,jetty-*.jar,jmx-tools.jar,jmx.jar,jsp-api.jar,jstl.jar,jta*.jar,junit-*.jar,junit.jar,log4j*.jar,mail*.jar,objenesis-*.jar,oraclepki.jar,oro-*.jar,servlet-api-*.jar,servlet-api.jar,slf4j*.jar,taglibs-standard-spec-*.jar,tagsoup-*.jar,tomcat-api.jar,tomcat-coyote.jar,tomcat-dbcp.jar,tomcat-i18n-*.jar,tomcat-jdbc.jar,tomcat-jni.jar,tomcat-juli-adapters.jar,tomcat-juli.jar,tomcat-util-scan.jar,tomcat-util.jar,tomcat-websocket.jar,tools.jar,websocket-api.jar,wsdl4j*.jar,xercesImpl.jar,xml-apis.jar,xmlParserAPIs-*.jar,xmlParserAPIs.jar,xom-*.jar, connection.username=root, java.vm.specification.name=Java Virtual Machine Specification, java.awt.printerjob=sun.print.PSPrinterJob, sun.os.patch.level=unknown, connection.driver_class=com.mysql.cj.jdbc.Driver, tomcat.built=May 4 2019 09:17:16 UTC, java.library.path=/usr/java/packages/lib:/usr/lib/x86_64-linux-gnu/jni:/lib/x86_64-linux-gnu:/usr/lib/x86_64-linux-gnu:/usr/lib/jni:/lib:/usr/lib, java.vendor=Ubuntu, tomee.version=7.1.1, java.rmi.server.randomIDs=true, sun.io.unicode.encoding=UnicodeLittle, tomcat.util.buf.StringCache.byte.enabled=true, sun.desktop=gnome, java.class.path=/home/student/tomcat/bin/bootstrap.jar:/home/student/tomcat/bin/tomcat-juli.jar, tomcat.version=8.5.41.0, java.vm.vendor=Ubuntu, openejb.home=/home/student/tomcat, openejb.system.apps=true, user.timezone=America/Chicago, os.name=Linux, java.vm.specification.version=11, sun.java.launcher=SUN_STANDARD, user.country=US, openejb.base=/home/student/.IntelliJIdea2019.3/system/tomcat/Unnamed_euchreLeague, com.sun.management.jmxremote=, sun.cpu.endian=little, user.home=/home/student, hibernate.c3p0.max_statements=50, user.language=en, openejb.deployments.classpath=false, java.awt.graphicsenv=sun.awt.X11GraphicsEnvironment, package.access=sun.,org.apache.catalina.,org.apache.coyote.,org.apache.jasper.,org.apache.tomcat., openejb.loader=tomcat-system, server.loader=, com.sun.management.jmxremote.access.file=/home/student/.IntelliJIdea2019.3/system/tomcat/Unnamed_euchreLeague/jmxremote.access, hibernate.c3p0.max_size=20, java.naming.factory.initial=org.apache.naming.java.javaURLContextFactory, path.separator=:, org.apache.openejb.core.security.JaccProvider=org.apache.openejb.core.security.jacc.BasicJaccProvider, common.loader="/home/student/tomcat/lib","/home/student/tomcat/lib/*.jar","/home/student/tomcat/lib","/home/student/tomcat/lib/*.jar", hibernate.connection.username=****, os.version=5.3.0-40-generic, openejb.version=7.1.1, org.apache.security.jacc.EJBMethodPermission.methodInterfaces=BusinessLocalHome,BusinessRemoteHome,BusinessRemote,BusinessLocal, java.runtime.name=OpenJDK Runtime Environment, hibernate.connection.url=jdbc:mysql://localhost:3306/EuchreLeague, java.vm.name=OpenJDK 64-Bit Server VM, openejb.scan.webapp.container.includes=.*(geronimo|mp-jwt|failsafe).*, java.vendor.url.bug=https://bugs.launchpad.net/ubuntu/+source/openjdk-lts, tomee.remote.support=true, catalina.home=/home/student/tomcat, user.dir=/home/student/tomcat/bin, bval.in-container=true, os.arch=amd64, openjpa.Log=org.apache.openejb.openjpa.JULOpenJPALogFactory, hibernate.connection.password=****, tomee.serialization.class.blacklist=-, tomee.serialization.class.whitelist=, shared.loader=, catalina.base=/home/student/.IntelliJIdea2019.3/system/tomcat/Unnamed_euchreLeague, hibernate.boot.CfgXmlAccessService.key=org.hibernate.boot.cfgxml.spi.LoadedConfig@374eb662, noBanner=true, java.util.logging.manager=org.apache.juli.ClassLoaderLogManager, org.apache.webbeans.logger.WebBeansLoggerFacade=org.apache.openejb.cdi.logging.ContainerJULLoggerFactory, java.vm.info=mixed mode, sharing, java.vm.version=11.0.6+10-post-Ubuntu-1ubuntu118.04.1, hibernate.bytecode.use_reflection_optimizer=false, java.rmi.server.hostname=127.0.0.1, javax.security.jacc.PolicyConfigurationFactory.provider=org.apache.openejb.core.security.JaccProvider$Factory, connection.url=jdbc:mysql://localhost:3306/EuchreLeague, java.class.version=55.0, authconfigprovider.factory=false}
[DEBUG] 2020-03-31 20:37:20.477 [http-nio-8080-exec-5] ClassLoaderAccessImpl - Not known whether passed class name [com.euchreleague.entity.UserRoles] is safe
[DEBUG] 2020-03-31 20:37:20.477 [http-nio-8080-exec-5] ClassLoaderAccessImpl - No temp ClassLoader provided; using live ClassLoader for loading potentially unsafe class : com.euchreleague.entity.UserRoles
[DEBUG] 2020-03-31 20:37:20.490 [http-nio-8080-exec-5] ClassLoaderAccessImpl - Not known whether passed class name [com.euchreleague.entity.User] is safe
[DEBUG] 2020-03-31 20:37:20.490 [http-nio-8080-exec-5] ClassLoaderAccessImpl - No temp ClassLoader provided; using live ClassLoader for loading potentially unsafe class : com.euchreleague.entity.User
[DEBUG] 2020-03-31 20:37:20.493 [http-nio-8080-exec-5] JaccIntegrator - Skipping JACC integration as it was not enabled
[DEBUG] 2020-03-31 20:37:20.493 [http-nio-8080-exec-5] SessionFactoryImpl - Instantiated session factory
[DEBUG] 2020-03-31 20:37:20.493 [http-nio-8080-exec-5] TypeConfiguration$Scope - Scoping TypeConfiguration [org.hibernate.type.spi.TypeConfiguration@7690c073] to SessionFactoryImpl [org.hibernate.internal.SessionFactoryImpl@48c9b50d]
[DEBUG] 2020-03-31 20:37:20.545 [http-nio-8080-exec-5] ClassLoaderAccessImpl - Not known whether passed class name [com.euchreleague.entity.UserRoles] is safe
[DEBUG] 2020-03-31 20:37:20.545 [http-nio-8080-exec-5] ClassLoaderAccessImpl - No temp ClassLoader provided; using live ClassLoader for loading potentially unsafe class : com.euchreleague.entity.UserRoles
[DEBUG] 2020-03-31 20:37:20.569 [http-nio-8080-exec-5] ClassLoaderAccessImpl - Not known whether passed class name [com.euchreleague.entity.UserRoles] is safe
[DEBUG] 2020-03-31 20:37:20.569 [http-nio-8080-exec-5] ClassLoaderAccessImpl - No temp ClassLoader provided; using live ClassLoader for loading potentially unsafe class : com.euchreleague.entity.UserRoles
[DEBUG] 2020-03-31 20:37:20.764 [http-nio-8080-exec-5] ClassLoaderAccessImpl - Not known whether passed class name [com.euchreleague.entity.User] is safe
[DEBUG] 2020-03-31 20:37:20.764 [http-nio-8080-exec-5] ClassLoaderAccessImpl - No temp ClassLoader provided; using live ClassLoader for loading potentially unsafe class : com.euchreleague.entity.User
[DEBUG] 2020-03-31 20:37:20.764 [http-nio-8080-exec-5] ClassLoaderAccessImpl - Not known whether passed class name [com.euchreleague.entity.User] is safe
[DEBUG] 2020-03-31 20:37:20.764 [http-nio-8080-exec-5] ClassLoaderAccessImpl - No temp ClassLoader provided; using live ClassLoader for loading potentially unsafe class : com.euchreleague.entity.User
[DEBUG] 2020-03-31 20:37:20.807 [http-nio-8080-exec-5] AbstractCollectionPersister - Static SQL for collection: com.euchreleague.entity.User.userRoles
[DEBUG] 2020-03-31 20:37:20.808 [http-nio-8080-exec-5] AbstractCollectionPersister -  Row insert: update user_roles set user_id=? where id=?
[DEBUG] 2020-03-31 20:37:20.808 [http-nio-8080-exec-5] AbstractCollectionPersister -  Row update: update user_roles set  where id=?
[DEBUG] 2020-03-31 20:37:20.808 [http-nio-8080-exec-5] AbstractCollectionPersister -  Row delete: update user_roles set user_id=null where user_id=? and id=?
[DEBUG] 2020-03-31 20:37:20.808 [http-nio-8080-exec-5] AbstractCollectionPersister -  One-shot delete: update user_roles set user_id=null where user_id=?
[DEBUG] 2020-03-31 20:37:20.812 [http-nio-8080-exec-5] AbstractEntityPersister - Static SQL for entity: com.euchreleague.entity.UserRoles
[DEBUG] 2020-03-31 20:37:20.812 [http-nio-8080-exec-5] AbstractEntityPersister -  Version select: select id from user_roles where id =?
[DEBUG] 2020-03-31 20:37:20.812 [http-nio-8080-exec-5] AbstractEntityPersister -  Snapshot select: select userroles_.id, userroles_.role_name as role_nam2_1_, userroles_.user_id as user_id4_1_, userroles_.user_name as user_nam3_1_ from user_roles userroles_ where userroles_.id=?
[DEBUG] 2020-03-31 20:37:20.812 [http-nio-8080-exec-5] AbstractEntityPersister -  Insert 0: insert into user_roles (role_name, user_id, user_name, id) values (?, ?, ?, ?)
[DEBUG] 2020-03-31 20:37:20.815 [http-nio-8080-exec-5] AbstractEntityPersister -  Update 0: update user_roles set role_name=?, user_id=?, user_name=? where id=?
[DEBUG] 2020-03-31 20:37:20.816 [http-nio-8080-exec-5] AbstractEntityPersister -  Delete 0: delete from user_roles where id=?
[DEBUG] 2020-03-31 20:37:20.817 [http-nio-8080-exec-5] AbstractEntityPersister -  Identity insert: insert into user_roles (role_name, user_id, user_name) values (?, ?, ?)
[DEBUG] 2020-03-31 20:37:20.861 [http-nio-8080-exec-5] QuerySpacesImpl - Adding QuerySpace : uid = <gen:0> -> org.hibernate.loader.plan.build.internal.spaces.EntityQuerySpaceImpl@19adf840]
[DEBUG] 2020-03-31 20:37:20.862 [http-nio-8080-exec-5] MetamodelGraphWalker - Visiting attribute path : roleName
[DEBUG] 2020-03-31 20:37:20.862 [http-nio-8080-exec-5] MetamodelGraphWalker - Visiting attribute path : user
[DEBUG] 2020-03-31 20:37:20.866 [http-nio-8080-exec-5] QuerySpacesImpl - Adding QuerySpace : uid = <gen:1> -> org.hibernate.loader.plan.build.internal.spaces.EntityQuerySpaceImpl@114289d3]
[DEBUG] 2020-03-31 20:37:20.868 [http-nio-8080-exec-5] MetamodelGraphWalker - Visiting attribute path : user.firstName
[DEBUG] 2020-03-31 20:37:20.868 [http-nio-8080-exec-5] MetamodelGraphWalker - Visiting attribute path : user.lastName
[DEBUG] 2020-03-31 20:37:20.868 [http-nio-8080-exec-5] MetamodelGraphWalker - Visiting attribute path : user.userName
[DEBUG] 2020-03-31 20:37:20.868 [http-nio-8080-exec-5] MetamodelGraphWalker - Visiting attribute path : user.userPassword
[DEBUG] 2020-03-31 20:37:20.868 [http-nio-8080-exec-5] MetamodelGraphWalker - Visiting attribute path : user.userRoles
[DEBUG] 2020-03-31 20:37:20.868 [http-nio-8080-exec-5] MetamodelGraphWalker - Property path deemed to be circular : user.userRoles
[DEBUG] 2020-03-31 20:37:20.869 [http-nio-8080-exec-5] MetamodelGraphWalker - Visiting attribute path : userName
[DEBUG] 2020-03-31 20:37:20.869 [http-nio-8080-exec-5] FetchStyleLoadPlanBuildingAssociationVisitationStrategy - Building LoadPlan...
[DEBUG] 2020-03-31 20:37:20.881 [http-nio-8080-exec-5] LoadQueryJoinAndFetchProcessor - processing queryspace <gen:0>
[DEBUG] 2020-03-31 20:37:20.886 [http-nio-8080-exec-5] LoadPlanTreePrinter - LoadPlan(entity=com.euchreleague.entity.UserRoles)
    - Returns
       - EntityReturnImpl(entity=com.euchreleague.entity.UserRoles, querySpaceUid=<gen:0>, path=com.euchreleague.entity.UserRoles)
          - EntityAttributeFetchImpl(entity=com.euchreleague.entity.User, querySpaceUid=<gen:1>, path=com.euchreleague.entity.UserRoles.user)
    - QuerySpaces
       - EntityQuerySpaceImpl(uid=<gen:0>, entity=com.euchreleague.entity.UserRoles)
          - SQL table alias mapping - userroles0_
          - alias suffix - 0_
          - suffixed key columns - {id1_1_0_}
          - JOIN (JoinDefinedByMetadata(user)) : <gen:0> -> <gen:1>
             - EntityQuerySpaceImpl(uid=<gen:1>, entity=com.euchreleague.entity.User)
                - SQL table alias mapping - user1_
                - alias suffix - 1_
                - suffixed key columns - {id1_0_1_}

[DEBUG] 2020-03-31 20:37:20.889 [http-nio-8080-exec-5] EntityLoader - Static select for entity com.euchreleague.entity.UserRoles [NONE]: select userroles0_.id as id1_1_0_, userroles0_.role_name as role_nam2_1_0_, userroles0_.user_id as user_id4_1_0_, userroles0_.user_name as user_nam3_1_0_, user1_.id as id1_0_1_, user1_.first_name as first_na2_0_1_, user1_.last_name as last_nam3_0_1_, user1_.user_name as user_nam4_0_1_, user1_.user_password as user_pas5_0_1_ from user_roles userroles0_ left outer join user user1_ on userroles0_.user_id=user1_.id where userroles0_.id=?
[DEBUG] 2020-03-31 20:37:20.890 [http-nio-8080-exec-5] QuerySpacesImpl - Adding QuerySpace : uid = <gen:0> -> org.hibernate.loader.plan.build.internal.spaces.EntityQuerySpaceImpl@40363294]
[DEBUG] 2020-03-31 20:37:20.891 [http-nio-8080-exec-5] MetamodelGraphWalker - Visiting attribute path : roleName
[DEBUG] 2020-03-31 20:37:20.891 [http-nio-8080-exec-5] MetamodelGraphWalker - Visiting attribute path : user
[DEBUG] 2020-03-31 20:37:20.891 [http-nio-8080-exec-5] QuerySpacesImpl - Adding QuerySpace : uid = <gen:1> -> org.hibernate.loader.plan.build.internal.spaces.EntityQuerySpaceImpl@65670aa8]
[DEBUG] 2020-03-31 20:37:20.891 [http-nio-8080-exec-5] MetamodelGraphWalker - Visiting attribute path : user.firstName
[DEBUG] 2020-03-31 20:37:20.891 [http-nio-8080-exec-5] MetamodelGraphWalker - Visiting attribute path : user.lastName
[DEBUG] 2020-03-31 20:37:20.891 [http-nio-8080-exec-5] MetamodelGraphWalker - Visiting attribute path : user.userName
[DEBUG] 2020-03-31 20:37:20.891 [http-nio-8080-exec-5] MetamodelGraphWalker - Visiting attribute path : user.userPassword
[DEBUG] 2020-03-31 20:37:20.891 [http-nio-8080-exec-5] MetamodelGraphWalker - Visiting attribute path : user.userRoles
[DEBUG] 2020-03-31 20:37:20.891 [http-nio-8080-exec-5] MetamodelGraphWalker - Property path deemed to be circular : user.userRoles
[DEBUG] 2020-03-31 20:37:20.891 [http-nio-8080-exec-5] MetamodelGraphWalker - Visiting attribute path : userName
[DEBUG] 2020-03-31 20:37:20.891 [http-nio-8080-exec-5] FetchStyleLoadPlanBuildingAssociationVisitationStrategy - Building LoadPlan...
[DEBUG] 2020-03-31 20:37:20.892 [http-nio-8080-exec-5] LoadQueryJoinAndFetchProcessor - processing queryspace <gen:0>
[DEBUG] 2020-03-31 20:37:20.892 [http-nio-8080-exec-5] LoadPlanTreePrinter - LoadPlan(entity=com.euchreleague.entity.UserRoles)
    - Returns
       - EntityReturnImpl(entity=com.euchreleague.entity.UserRoles, querySpaceUid=<gen:0>, path=com.euchreleague.entity.UserRoles)
          - EntityAttributeFetchImpl(entity=com.euchreleague.entity.User, querySpaceUid=<gen:1>, path=com.euchreleague.entity.UserRoles.user)
    - QuerySpaces
       - EntityQuerySpaceImpl(uid=<gen:0>, entity=com.euchreleague.entity.UserRoles)
          - SQL table alias mapping - userroles0_
          - alias suffix - 0_
          - suffixed key columns - {id1_1_0_}
          - JOIN (JoinDefinedByMetadata(user)) : <gen:0> -> <gen:1>
             - EntityQuerySpaceImpl(uid=<gen:1>, entity=com.euchreleague.entity.User)
                - SQL table alias mapping - user1_
                - alias suffix - 1_
                - suffixed key columns - {id1_0_1_}

[DEBUG] 2020-03-31 20:37:20.892 [http-nio-8080-exec-5] EntityLoader - Static select for entity com.euchreleague.entity.UserRoles [READ]: select userroles0_.id as id1_1_0_, userroles0_.role_name as role_nam2_1_0_, userroles0_.user_id as user_id4_1_0_, userroles0_.user_name as user_nam3_1_0_, user1_.id as id1_0_1_, user1_.first_name as first_na2_0_1_, user1_.last_name as last_nam3_0_1_, user1_.user_name as user_nam4_0_1_, user1_.user_password as user_pas5_0_1_ from user_roles userroles0_ left outer join user user1_ on userroles0_.user_id=user1_.id where userroles0_.id=?
[DEBUG] 2020-03-31 20:37:20.906 [http-nio-8080-exec-5] Loader - Static select for action ACTION_MERGE on entity com.euchreleague.entity.UserRoles: select userroles0_.id as id1_1_1_, userroles0_.role_name as role_nam2_1_1_, userroles0_.user_id as user_id4_1_1_, userroles0_.user_name as user_nam3_1_1_, user1_.id as id1_0_0_, user1_.first_name as first_na2_0_0_, user1_.last_name as last_nam3_0_0_, user1_.user_name as user_nam4_0_0_, user1_.user_password as user_pas5_0_0_ from user_roles userroles0_ left outer join user user1_ on userroles0_.user_id=user1_.id where userroles0_.id=?
[DEBUG] 2020-03-31 20:37:20.907 [http-nio-8080-exec-5] Loader - Static select for action ACTION_REFRESH on entity com.euchreleague.entity.UserRoles: select userroles0_.id as id1_1_1_, userroles0_.role_name as role_nam2_1_1_, userroles0_.user_id as user_id4_1_1_, userroles0_.user_name as user_nam3_1_1_, user1_.id as id1_0_0_, user1_.first_name as first_na2_0_0_, user1_.last_name as last_nam3_0_0_, user1_.user_name as user_nam4_0_0_, user1_.user_password as user_pas5_0_0_ from user_roles userroles0_ left outer join user user1_ on userroles0_.user_id=user1_.id where userroles0_.id=?
[DEBUG] 2020-03-31 20:37:20.907 [http-nio-8080-exec-5] AbstractEntityPersister - Static SQL for entity: com.euchreleague.entity.User
[DEBUG] 2020-03-31 20:37:20.907 [http-nio-8080-exec-5] AbstractEntityPersister -  Version select: select id from user where id =?
[DEBUG] 2020-03-31 20:37:20.907 [http-nio-8080-exec-5] AbstractEntityPersister -  Snapshot select: select user_.id, user_.first_name as first_na2_0_, user_.last_name as last_nam3_0_, user_.user_name as user_nam4_0_, user_.user_password as user_pas5_0_ from user user_ where user_.id=?
[DEBUG] 2020-03-31 20:37:20.907 [http-nio-8080-exec-5] AbstractEntityPersister -  Insert 0: insert into user (first_name, last_name, user_name, user_password, id) values (?, ?, ?, ?, ?)
[DEBUG] 2020-03-31 20:37:20.907 [http-nio-8080-exec-5] AbstractEntityPersister -  Update 0: update user set first_name=?, last_name=?, user_name=?, user_password=? where id=?
[DEBUG] 2020-03-31 20:37:20.907 [http-nio-8080-exec-5] AbstractEntityPersister -  Delete 0: delete from user where id=?
[DEBUG] 2020-03-31 20:37:20.907 [http-nio-8080-exec-5] AbstractEntityPersister -  Identity insert: insert into user (first_name, last_name, user_name, user_password) values (?, ?, ?, ?)
[DEBUG] 2020-03-31 20:37:20.907 [http-nio-8080-exec-5] QuerySpacesImpl - Adding QuerySpace : uid = <gen:0> -> org.hibernate.loader.plan.build.internal.spaces.EntityQuerySpaceImpl@60603191]
[DEBUG] 2020-03-31 20:37:20.907 [http-nio-8080-exec-5] MetamodelGraphWalker - Visiting attribute path : firstName
[DEBUG] 2020-03-31 20:37:20.907 [http-nio-8080-exec-5] MetamodelGraphWalker - Visiting attribute path : lastName
[DEBUG] 2020-03-31 20:37:20.907 [http-nio-8080-exec-5] MetamodelGraphWalker - Visiting attribute path : userName
[DEBUG] 2020-03-31 20:37:20.907 [http-nio-8080-exec-5] MetamodelGraphWalker - Visiting attribute path : userPassword
[DEBUG] 2020-03-31 20:37:20.907 [http-nio-8080-exec-5] MetamodelGraphWalker - Visiting attribute path : userRoles
[DEBUG] 2020-03-31 20:37:20.908 [http-nio-8080-exec-5] QuerySpacesImpl - Adding QuerySpace : uid = <gen:1> -> org.hibernate.loader.plan.build.internal.spaces.CollectionQuerySpaceImpl@41f7579b]
[DEBUG] 2020-03-31 20:37:20.909 [http-nio-8080-exec-5] QuerySpacesImpl - Adding QuerySpace : uid = <gen:2> -> org.hibernate.loader.plan.build.internal.spaces.EntityQuerySpaceImpl@1f3a53f2]
[DEBUG] 2020-03-31 20:37:20.910 [http-nio-8080-exec-5] MetamodelGraphWalker - Visiting attribute path : userRoles.roleName
[DEBUG] 2020-03-31 20:37:20.910 [http-nio-8080-exec-5] MetamodelGraphWalker - Visiting attribute path : userRoles.user
[DEBUG] 2020-03-31 20:37:20.910 [http-nio-8080-exec-5] MetamodelGraphWalker - Property path deemed to be circular : userRoles.user
[DEBUG] 2020-03-31 20:37:20.911 [http-nio-8080-exec-5] MetamodelGraphWalker - Visiting attribute path : userRoles.userName
[DEBUG] 2020-03-31 20:37:20.911 [http-nio-8080-exec-5] FetchStyleLoadPlanBuildingAssociationVisitationStrategy - Building LoadPlan...
[DEBUG] 2020-03-31 20:37:20.911 [http-nio-8080-exec-5] LoadQueryJoinAndFetchProcessor - processing queryspace <gen:0>
[DEBUG] 2020-03-31 20:37:20.914 [http-nio-8080-exec-5] LoadPlanTreePrinter - LoadPlan(entity=com.euchreleague.entity.User)
    - Returns
       - EntityReturnImpl(entity=com.euchreleague.entity.User, querySpaceUid=<gen:0>, path=com.euchreleague.entity.User)
          - CollectionAttributeFetchImpl(collection=com.euchreleague.entity.User.userRoles, querySpaceUid=<gen:1>, path=com.euchreleague.entity.User.userRoles)
             - (collection element) CollectionFetchableElementEntityGraph(entity=com.euchreleague.entity.UserRoles, querySpaceUid=<gen:2>, path=com.euchreleague.entity.User.userRoles.<elements>)
    - QuerySpaces
       - EntityQuerySpaceImpl(uid=<gen:0>, entity=com.euchreleague.entity.User)
          - SQL table alias mapping - user0_
          - alias suffix - 0_
          - suffixed key columns - {id1_0_0_}
          - JOIN (JoinDefinedByMetadata(userRoles)) : <gen:0> -> <gen:1>
             - CollectionQuerySpaceImpl(uid=<gen:1>, collection=com.euchreleague.entity.User.userRoles)
                - SQL table alias mapping - userroles1_
                - alias suffix - 1_
                - suffixed key columns - {user_id4_1_1_}
                - entity-element alias suffix - 2_
                - 2_entity-element suffixed key columns - id1_1_2_
                - JOIN (JoinDefinedByMetadata(elements)) : <gen:1> -> <gen:2>
                   - EntityQuerySpaceImpl(uid=<gen:2>, entity=com.euchreleague.entity.UserRoles)
                      - SQL table alias mapping - userroles1_
                      - alias suffix - 2_
                      - suffixed key columns - {id1_1_2_}

[DEBUG] 2020-03-31 20:37:20.915 [http-nio-8080-exec-5] EntityLoader - Static select for entity com.euchreleague.entity.User [NONE]: select user0_.id as id1_0_0_, user0_.first_name as first_na2_0_0_, user0_.last_name as last_nam3_0_0_, user0_.user_name as user_nam4_0_0_, user0_.user_password as user_pas5_0_0_, userroles1_.user_id as user_id4_1_1_, userroles1_.id as id1_1_1_, userroles1_.id as id1_1_2_, userroles1_.role_name as role_nam2_1_2_, userroles1_.user_id as user_id4_1_2_, userroles1_.user_name as user_nam3_1_2_ from user user0_ left outer join user_roles userroles1_ on user0_.id=userroles1_.user_id where user0_.id=?
[DEBUG] 2020-03-31 20:37:20.915 [http-nio-8080-exec-5] QuerySpacesImpl - Adding QuerySpace : uid = <gen:0> -> org.hibernate.loader.plan.build.internal.spaces.EntityQuerySpaceImpl@631aa9d6]
[DEBUG] 2020-03-31 20:37:20.915 [http-nio-8080-exec-5] MetamodelGraphWalker - Visiting attribute path : firstName
[DEBUG] 2020-03-31 20:37:20.915 [http-nio-8080-exec-5] MetamodelGraphWalker - Visiting attribute path : lastName
[DEBUG] 2020-03-31 20:37:20.915 [http-nio-8080-exec-5] MetamodelGraphWalker - Visiting attribute path : userName
[DEBUG] 2020-03-31 20:37:20.916 [http-nio-8080-exec-5] MetamodelGraphWalker - Visiting attribute path : userPassword
[DEBUG] 2020-03-31 20:37:20.916 [http-nio-8080-exec-5] MetamodelGraphWalker - Visiting attribute path : userRoles
[DEBUG] 2020-03-31 20:37:20.916 [http-nio-8080-exec-5] QuerySpacesImpl - Adding QuerySpace : uid = <gen:1> -> org.hibernate.loader.plan.build.internal.spaces.CollectionQuerySpaceImpl@6d97746d]
[DEBUG] 2020-03-31 20:37:20.916 [http-nio-8080-exec-5] QuerySpacesImpl - Adding QuerySpace : uid = <gen:2> -> org.hibernate.loader.plan.build.internal.spaces.EntityQuerySpaceImpl@226f7cad]
[DEBUG] 2020-03-31 20:37:20.916 [http-nio-8080-exec-5] MetamodelGraphWalker - Visiting attribute path : userRoles.roleName
[DEBUG] 2020-03-31 20:37:20.916 [http-nio-8080-exec-5] MetamodelGraphWalker - Visiting attribute path : userRoles.user
[DEBUG] 2020-03-31 20:37:20.916 [http-nio-8080-exec-5] MetamodelGraphWalker - Property path deemed to be circular : userRoles.user
[DEBUG] 2020-03-31 20:37:20.916 [http-nio-8080-exec-5] MetamodelGraphWalker - Visiting attribute path : userRoles.userName
[DEBUG] 2020-03-31 20:37:20.916 [http-nio-8080-exec-5] FetchStyleLoadPlanBuildingAssociationVisitationStrategy - Building LoadPlan...
[DEBUG] 2020-03-31 20:37:20.916 [http-nio-8080-exec-5] LoadQueryJoinAndFetchProcessor - processing queryspace <gen:0>
[DEBUG] 2020-03-31 20:37:20.917 [http-nio-8080-exec-5] LoadPlanTreePrinter - LoadPlan(entity=com.euchreleague.entity.User)
    - Returns
       - EntityReturnImpl(entity=com.euchreleague.entity.User, querySpaceUid=<gen:0>, path=com.euchreleague.entity.User)
          - CollectionAttributeFetchImpl(collection=com.euchreleague.entity.User.userRoles, querySpaceUid=<gen:1>, path=com.euchreleague.entity.User.userRoles)
             - (collection element) CollectionFetchableElementEntityGraph(entity=com.euchreleague.entity.UserRoles, querySpaceUid=<gen:2>, path=com.euchreleague.entity.User.userRoles.<elements>)
    - QuerySpaces
       - EntityQuerySpaceImpl(uid=<gen:0>, entity=com.euchreleague.entity.User)
          - SQL table alias mapping - user0_
          - alias suffix - 0_
          - suffixed key columns - {id1_0_0_}
          - JOIN (JoinDefinedByMetadata(userRoles)) : <gen:0> -> <gen:1>
             - CollectionQuerySpaceImpl(uid=<gen:1>, collection=com.euchreleague.entity.User.userRoles)
                - SQL table alias mapping - userroles1_
                - alias suffix - 1_
                - suffixed key columns - {user_id4_1_1_}
                - entity-element alias suffix - 2_
                - 2_entity-element suffixed key columns - id1_1_2_
                - JOIN (JoinDefinedByMetadata(elements)) : <gen:1> -> <gen:2>
                   - EntityQuerySpaceImpl(uid=<gen:2>, entity=com.euchreleague.entity.UserRoles)
                      - SQL table alias mapping - userroles1_
                      - alias suffix - 2_
                      - suffixed key columns - {id1_1_2_}

[DEBUG] 2020-03-31 20:37:20.917 [http-nio-8080-exec-5] EntityLoader - Static select for entity com.euchreleague.entity.User [READ]: select user0_.id as id1_0_0_, user0_.first_name as first_na2_0_0_, user0_.last_name as last_nam3_0_0_, user0_.user_name as user_nam4_0_0_, user0_.user_password as user_pas5_0_0_, userroles1_.user_id as user_id4_1_1_, userroles1_.id as id1_1_1_, userroles1_.id as id1_1_2_, userroles1_.role_name as role_nam2_1_2_, userroles1_.user_id as user_id4_1_2_, userroles1_.user_name as user_nam3_1_2_ from user user0_ left outer join user_roles userroles1_ on user0_.id=userroles1_.user_id where user0_.id=?
[DEBUG] 2020-03-31 20:37:20.917 [http-nio-8080-exec-5] Loader - Static select for action ACTION_MERGE on entity com.euchreleague.entity.User: select user0_.id as id1_0_1_, user0_.first_name as first_na2_0_1_, user0_.last_name as last_nam3_0_1_, user0_.user_name as user_nam4_0_1_, user0_.user_password as user_pas5_0_1_, userroles1_.user_id as user_id4_1_3_, userroles1_.id as id1_1_3_, userroles1_.id as id1_1_0_, userroles1_.role_name as role_nam2_1_0_, userroles1_.user_id as user_id4_1_0_, userroles1_.user_name as user_nam3_1_0_ from user user0_ left outer join user_roles userroles1_ on user0_.id=userroles1_.user_id where user0_.id=?
[DEBUG] 2020-03-31 20:37:20.918 [http-nio-8080-exec-5] Loader - Static select for action ACTION_REFRESH on entity com.euchreleague.entity.User: select user0_.id as id1_0_1_, user0_.first_name as first_na2_0_1_, user0_.last_name as last_nam3_0_1_, user0_.user_name as user_nam4_0_1_, user0_.user_password as user_pas5_0_1_, userroles1_.user_id as user_id4_1_3_, userroles1_.id as id1_1_3_, userroles1_.id as id1_1_0_, userroles1_.role_name as role_nam2_1_0_, userroles1_.user_id as user_id4_1_0_, userroles1_.user_name as user_nam3_1_0_ from user user0_ left outer join user_roles userroles1_ on user0_.id=userroles1_.user_id where user0_.id=?
[DEBUG] 2020-03-31 20:37:20.923 [http-nio-8080-exec-5] QuerySpacesImpl - Adding QuerySpace : uid = <gen:0> -> org.hibernate.loader.plan.build.internal.spaces.CollectionQuerySpaceImpl@2ebc7b22]
[DEBUG] 2020-03-31 20:37:20.923 [http-nio-8080-exec-5] QuerySpacesImpl - Adding QuerySpace : uid = <gen:1> -> org.hibernate.loader.plan.build.internal.spaces.EntityQuerySpaceImpl@6984ad84]
[DEBUG] 2020-03-31 20:37:20.924 [http-nio-8080-exec-5] MetamodelGraphWalker - Visiting attribute path : roleName
[DEBUG] 2020-03-31 20:37:20.924 [http-nio-8080-exec-5] MetamodelGraphWalker - Visiting attribute path : user
[DEBUG] 2020-03-31 20:37:20.924 [http-nio-8080-exec-5] MetamodelGraphWalker - Property path deemed to be circular : user
[DEBUG] 2020-03-31 20:37:20.924 [http-nio-8080-exec-5] MetamodelGraphWalker - Visiting attribute path : userName
[DEBUG] 2020-03-31 20:37:20.924 [http-nio-8080-exec-5] FetchStyleLoadPlanBuildingAssociationVisitationStrategy - Building LoadPlan...
[DEBUG] 2020-03-31 20:37:20.927 [http-nio-8080-exec-5] LoadQueryJoinAndFetchProcessor - processing queryspace <gen:0>
[DEBUG] 2020-03-31 20:37:20.928 [http-nio-8080-exec-5] LoadPlanTreePrinter - LoadPlan(collection=com.euchreleague.entity.User.userRoles)
    - Returns
       - CollectionReturnImpl(collection=com.euchreleague.entity.User.userRoles, querySpaceUid=<gen:0>, path=[com.euchreleague.entity.User.userRoles])
          - (collection element) CollectionFetchableElementEntityGraph(entity=com.euchreleague.entity.UserRoles, querySpaceUid=<gen:1>, path=[com.euchreleague.entity.User.userRoles].<elements>)
    - QuerySpaces
       - CollectionQuerySpaceImpl(uid=<gen:0>, collection=com.euchreleague.entity.User.userRoles)
          - SQL table alias mapping - userroles0_
          - alias suffix - 0_
          - suffixed key columns - {user_id4_1_0_}
          - entity-element alias suffix - 1_
          - 1_entity-element suffixed key columns - id1_1_1_
          - JOIN (JoinDefinedByMetadata(elements)) : <gen:0> -> <gen:1>
             - EntityQuerySpaceImpl(uid=<gen:1>, entity=com.euchreleague.entity.UserRoles)
                - SQL table alias mapping - userroles0_
                - alias suffix - 1_
                - suffixed key columns - {id1_1_1_}

[DEBUG] 2020-03-31 20:37:20.929 [http-nio-8080-exec-5] CollectionLoader - Static select for collection com.euchreleague.entity.User.userRoles: select userroles0_.user_id as user_id4_1_0_, userroles0_.id as id1_1_0_, userroles0_.id as id1_1_1_, userroles0_.role_name as role_nam2_1_1_, userroles0_.user_id as user_id4_1_1_, userroles0_.user_name as user_nam3_1_1_ from user_roles userroles0_ where userroles0_.user_id=?
[DEBUG] 2020-03-31 20:37:20.969 [http-nio-8080-exec-5] SchemaManagementToolCoordinator - No actions specified; doing nothing
[DEBUG] 2020-03-31 20:37:20.971 [http-nio-8080-exec-5] JtaPlatformInitiator - No JtaPlatform was specified, checking resolver
[DEBUG] 2020-03-31 20:37:20.975 [http-nio-8080-exec-5] JtaPlatformResolverInitiator - No JtaPlatformResolver was specified, using default [org.hibernate.engine.transaction.jta.platform.internal.StandardJtaPlatformResolver]
[DEBUG] 2020-03-31 20:37:20.986 [http-nio-8080-exec-5] StandardJtaPlatformResolver - Could not resolve JtaPlatform, using default [org.hibernate.engine.transaction.jta.platform.internal.NoJtaPlatform]
[INFO ] 2020-03-31 20:37:20.987 [http-nio-8080-exec-5] JtaPlatformInitiator - HHH000490: Using JtaPlatform implementation: [org.hibernate.engine.transaction.jta.platform.internal.NoJtaPlatform]
[DEBUG] 2020-03-31 20:37:20.988 [http-nio-8080-exec-5] NamedQueryRepository - Checking 0 named HQL queries
[DEBUG] 2020-03-31 20:37:20.989 [http-nio-8080-exec-5] NamedQueryRepository - Checking 0 named SQL queries
[DEBUG] 2020-03-31 20:37:20.991 [http-nio-8080-exec-5] SessionFactoryRegistry - Initializing SessionFactoryRegistry : org.hibernate.internal.SessionFactoryRegistry@6446298d
[DEBUG] 2020-03-31 20:37:20.992 [http-nio-8080-exec-5] SessionFactoryRegistry - Registering SessionFactory: 3ce2a0a5-bde8-4bee-8505-fbc1c06f0130 (<unnamed>)
[DEBUG] 2020-03-31 20:37:20.992 [http-nio-8080-exec-5] SessionFactoryRegistry - Not binding SessionFactory to JNDI, no JNDI name configured
[DEBUG] 2020-03-31 20:37:21.063 [http-nio-8080-exec-5] StatisticsInitiator - Statistics initialized [enabled=false]
[DEBUG] 2020-03-31 20:37:21.077 [http-nio-8080-exec-5] TransactionImpl - On TransactionImpl creation, JpaCompliance#isJpaTransactionComplianceEnabled == false
