[DEBUG] 2020-03-04 19:37:12.287 [main] IntegratorServiceImpl - Adding Integrator [org.hibernate.cfg.beanvalidation.BeanValidationIntegrator].
[DEBUG] 2020-03-04 19:37:12.292 [main] IntegratorServiceImpl - Adding Integrator [org.hibernate.secure.spi.JaccIntegrator].
[DEBUG] 2020-03-04 19:37:12.296 [main] IntegratorServiceImpl - Adding Integrator [org.hibernate.cache.internal.CollectionCacheInvalidator].
[INFO ] 2020-03-04 19:37:12.348 [main] Version - HHH000412: Hibernate Core {5.4.4.Final}
[DEBUG] 2020-03-04 19:37:12.350 [main] Environment - HHH000206: hibernate.properties not found
[DEBUG] 2020-03-04 19:37:12.461 [main] LocalXmlResourceResolver - Interpreting public/system identifier : [-//Hibernate/Hibernate Configuration DTD//EN] - [http://www.hibernate.org/dtd/hibernate-configuration-3.0.dtd]
[DEBUG] 2020-03-04 19:37:12.462 [main] LocalXmlResourceResolver - Recognized hibernate-configuration identifier; attempting to resolve on classpath under org/hibernate/
[DEBUG] 2020-03-04 19:37:12.466 [main] JaxbCfgProcessor - cfg.xml document did not define namespaces; wrapping in custom event reader to introduce namespace information
[DEBUG] 2020-03-04 19:37:12.643 [main] ServiceBinding - Overriding existing service binding [org.hibernate.secure.spi.JaccService]
[DEBUG] 2020-03-04 19:37:12.653 [main] RegionFactoryInitiator - Cannot default RegionFactory based on registered strategies as `[]` RegionFactory strategies were registered
[DEBUG] 2020-03-04 19:37:12.654 [main] RegionFactoryInitiator - Cache region factory : org.hibernate.cache.internal.NoCachingRegionFactory
[INFO ] 2020-03-04 19:37:12.670 [main] Version - HCANN000001: Hibernate Commons Annotations {5.1.0.Final}
[DEBUG] 2020-03-04 19:37:12.687 [main] BasicTypeRegistry - Adding type registration boolean -> org.hibernate.type.BooleanType@6ac97b84
[DEBUG] 2020-03-04 19:37:12.687 [main] BasicTypeRegistry - Adding type registration boolean -> org.hibernate.type.BooleanType@6ac97b84
[DEBUG] 2020-03-04 19:37:12.688 [main] BasicTypeRegistry - Adding type registration java.lang.Boolean -> org.hibernate.type.BooleanType@6ac97b84
[DEBUG] 2020-03-04 19:37:12.688 [main] BasicTypeRegistry - Adding type registration numeric_boolean -> org.hibernate.type.NumericBooleanType@c3fa05a
[DEBUG] 2020-03-04 19:37:12.688 [main] BasicTypeRegistry - Adding type registration true_false -> org.hibernate.type.TrueFalseType@4905c46b
[DEBUG] 2020-03-04 19:37:12.688 [main] BasicTypeRegistry - Adding type registration yes_no -> org.hibernate.type.YesNoType@2b87581
[DEBUG] 2020-03-04 19:37:12.689 [main] BasicTypeRegistry - Adding type registration byte -> org.hibernate.type.ByteType@6d467c87
[DEBUG] 2020-03-04 19:37:12.689 [main] BasicTypeRegistry - Adding type registration byte -> org.hibernate.type.ByteType@6d467c87
[DEBUG] 2020-03-04 19:37:12.689 [main] BasicTypeRegistry - Adding type registration java.lang.Byte -> org.hibernate.type.ByteType@6d467c87
[DEBUG] 2020-03-04 19:37:12.689 [main] BasicTypeRegistry - Adding type registration character -> org.hibernate.type.CharacterType@511d5d04
[DEBUG] 2020-03-04 19:37:12.689 [main] BasicTypeRegistry - Adding type registration char -> org.hibernate.type.CharacterType@511d5d04
[DEBUG] 2020-03-04 19:37:12.689 [main] BasicTypeRegistry - Adding type registration java.lang.Character -> org.hibernate.type.CharacterType@511d5d04
[DEBUG] 2020-03-04 19:37:12.690 [main] BasicTypeRegistry - Adding type registration short -> org.hibernate.type.ShortType@11653e3b
[DEBUG] 2020-03-04 19:37:12.690 [main] BasicTypeRegistry - Adding type registration short -> org.hibernate.type.ShortType@11653e3b
[DEBUG] 2020-03-04 19:37:12.690 [main] BasicTypeRegistry - Adding type registration java.lang.Short -> org.hibernate.type.ShortType@11653e3b
[DEBUG] 2020-03-04 19:37:12.691 [main] BasicTypeRegistry - Adding type registration integer -> org.hibernate.type.IntegerType@7c974942
[DEBUG] 2020-03-04 19:37:12.691 [main] BasicTypeRegistry - Adding type registration int -> org.hibernate.type.IntegerType@7c974942
[DEBUG] 2020-03-04 19:37:12.691 [main] BasicTypeRegistry - Adding type registration java.lang.Integer -> org.hibernate.type.IntegerType@7c974942
[DEBUG] 2020-03-04 19:37:12.691 [main] BasicTypeRegistry - Adding type registration long -> org.hibernate.type.LongType@6b580b88
[DEBUG] 2020-03-04 19:37:12.691 [main] BasicTypeRegistry - Adding type registration long -> org.hibernate.type.LongType@6b580b88
[DEBUG] 2020-03-04 19:37:12.691 [main] BasicTypeRegistry - Adding type registration java.lang.Long -> org.hibernate.type.LongType@6b580b88
[DEBUG] 2020-03-04 19:37:12.692 [main] BasicTypeRegistry - Adding type registration float -> org.hibernate.type.FloatType@6f8f8a80
[DEBUG] 2020-03-04 19:37:12.692 [main] BasicTypeRegistry - Adding type registration float -> org.hibernate.type.FloatType@6f8f8a80
[DEBUG] 2020-03-04 19:37:12.692 [main] BasicTypeRegistry - Adding type registration java.lang.Float -> org.hibernate.type.FloatType@6f8f8a80
[DEBUG] 2020-03-04 19:37:12.692 [main] BasicTypeRegistry - Adding type registration double -> org.hibernate.type.DoubleType@7004e3d
[DEBUG] 2020-03-04 19:37:12.692 [main] BasicTypeRegistry - Adding type registration double -> org.hibernate.type.DoubleType@7004e3d
[DEBUG] 2020-03-04 19:37:12.693 [main] BasicTypeRegistry - Adding type registration java.lang.Double -> org.hibernate.type.DoubleType@7004e3d
[DEBUG] 2020-03-04 19:37:12.693 [main] BasicTypeRegistry - Adding type registration big_decimal -> org.hibernate.type.BigDecimalType@25d958c6
[DEBUG] 2020-03-04 19:37:12.693 [main] BasicTypeRegistry - Adding type registration java.math.BigDecimal -> org.hibernate.type.BigDecimalType@25d958c6
[DEBUG] 2020-03-04 19:37:12.693 [main] BasicTypeRegistry - Adding type registration big_integer -> org.hibernate.type.BigIntegerType@695a69a1
[DEBUG] 2020-03-04 19:37:12.694 [main] BasicTypeRegistry - Adding type registration java.math.BigInteger -> org.hibernate.type.BigIntegerType@695a69a1
[DEBUG] 2020-03-04 19:37:12.694 [main] BasicTypeRegistry - Adding type registration string -> org.hibernate.type.StringType@332f25c8
[DEBUG] 2020-03-04 19:37:12.694 [main] BasicTypeRegistry - Adding type registration java.lang.String -> org.hibernate.type.StringType@332f25c8
[DEBUG] 2020-03-04 19:37:12.694 [main] BasicTypeRegistry - Adding type registration nstring -> org.hibernate.type.StringNVarcharType@2b9b7f1f
[DEBUG] 2020-03-04 19:37:12.694 [main] BasicTypeRegistry - Adding type registration ncharacter -> org.hibernate.type.CharacterNCharType@19593091
[DEBUG] 2020-03-04 19:37:12.695 [main] BasicTypeRegistry - Adding type registration url -> org.hibernate.type.UrlType@4e868ef5
[DEBUG] 2020-03-04 19:37:12.695 [main] BasicTypeRegistry - Adding type registration java.net.URL -> org.hibernate.type.UrlType@4e868ef5
[DEBUG] 2020-03-04 19:37:12.695 [main] BasicTypeRegistry - Adding type registration Duration -> org.hibernate.type.DurationType@afb5821
[DEBUG] 2020-03-04 19:37:12.695 [main] BasicTypeRegistry - Adding type registration java.time.Duration -> org.hibernate.type.DurationType@afb5821
[DEBUG] 2020-03-04 19:37:12.698 [main] BasicTypeRegistry - Adding type registration Instant -> org.hibernate.type.InstantType@1869f114
[DEBUG] 2020-03-04 19:37:12.698 [main] BasicTypeRegistry - Adding type registration java.time.Instant -> org.hibernate.type.InstantType@1869f114
[DEBUG] 2020-03-04 19:37:12.698 [main] BasicTypeRegistry - Adding type registration LocalDateTime -> org.hibernate.type.LocalDateTimeType@6872f9c8
[DEBUG] 2020-03-04 19:37:12.698 [main] BasicTypeRegistry - Adding type registration java.time.LocalDateTime -> org.hibernate.type.LocalDateTimeType@6872f9c8
[DEBUG] 2020-03-04 19:37:12.699 [main] BasicTypeRegistry - Adding type registration LocalDate -> org.hibernate.type.LocalDateType@52a36910
[DEBUG] 2020-03-04 19:37:12.699 [main] BasicTypeRegistry - Adding type registration java.time.LocalDate -> org.hibernate.type.LocalDateType@52a36910
[DEBUG] 2020-03-04 19:37:12.699 [main] BasicTypeRegistry - Adding type registration LocalTime -> org.hibernate.type.LocalTimeType@22fba58c
[DEBUG] 2020-03-04 19:37:12.699 [main] BasicTypeRegistry - Adding type registration java.time.LocalTime -> org.hibernate.type.LocalTimeType@22fba58c
[DEBUG] 2020-03-04 19:37:12.700 [main] BasicTypeRegistry - Adding type registration OffsetDateTime -> org.hibernate.type.OffsetDateTimeType@6079cf5
[DEBUG] 2020-03-04 19:37:12.700 [main] BasicTypeRegistry - Adding type registration java.time.OffsetDateTime -> org.hibernate.type.OffsetDateTimeType@6079cf5
[DEBUG] 2020-03-04 19:37:12.701 [main] BasicTypeRegistry - Adding type registration OffsetTime -> org.hibernate.type.OffsetTimeType@189b5fb1
[DEBUG] 2020-03-04 19:37:12.701 [main] BasicTypeRegistry - Adding type registration java.time.OffsetTime -> org.hibernate.type.OffsetTimeType@189b5fb1
[DEBUG] 2020-03-04 19:37:12.701 [main] BasicTypeRegistry - Adding type registration ZonedDateTime -> org.hibernate.type.ZonedDateTimeType@1c025cb
[DEBUG] 2020-03-04 19:37:12.701 [main] BasicTypeRegistry - Adding type registration java.time.ZonedDateTime -> org.hibernate.type.ZonedDateTimeType@1c025cb
[DEBUG] 2020-03-04 19:37:12.702 [main] BasicTypeRegistry - Adding type registration date -> org.hibernate.type.DateType@2b97cc1f
[DEBUG] 2020-03-04 19:37:12.702 [main] BasicTypeRegistry - Adding type registration java.sql.Date -> org.hibernate.type.DateType@2b97cc1f
[DEBUG] 2020-03-04 19:37:12.703 [main] BasicTypeRegistry - Adding type registration time -> org.hibernate.type.TimeType@9a7a808
[DEBUG] 2020-03-04 19:37:12.703 [main] BasicTypeRegistry - Adding type registration java.sql.Time -> org.hibernate.type.TimeType@9a7a808
[DEBUG] 2020-03-04 19:37:12.703 [main] BasicTypeRegistry - Adding type registration timestamp -> org.hibernate.type.TimestampType@6a4d7f76
[DEBUG] 2020-03-04 19:37:12.703 [main] BasicTypeRegistry - Adding type registration java.sql.Timestamp -> org.hibernate.type.TimestampType@6a4d7f76
[DEBUG] 2020-03-04 19:37:12.703 [main] BasicTypeRegistry - Adding type registration java.util.Date -> org.hibernate.type.TimestampType@6a4d7f76
[DEBUG] 2020-03-04 19:37:12.704 [main] BasicTypeRegistry - Adding type registration dbtimestamp -> org.hibernate.type.DbTimestampType@78411116
[DEBUG] 2020-03-04 19:37:12.705 [main] BasicTypeRegistry - Adding type registration calendar -> org.hibernate.type.CalendarType@2d6aca33
[DEBUG] 2020-03-04 19:37:12.705 [main] BasicTypeRegistry - Adding type registration java.util.Calendar -> org.hibernate.type.CalendarType@2d6aca33
[DEBUG] 2020-03-04 19:37:12.705 [main] BasicTypeRegistry - Adding type registration java.util.GregorianCalendar -> org.hibernate.type.CalendarType@2d6aca33
[DEBUG] 2020-03-04 19:37:12.705 [main] BasicTypeRegistry - Adding type registration calendar_date -> org.hibernate.type.CalendarDateType@48ea2003
[DEBUG] 2020-03-04 19:37:12.705 [main] BasicTypeRegistry - Adding type registration locale -> org.hibernate.type.LocaleType@56de6d6b
[DEBUG] 2020-03-04 19:37:12.705 [main] BasicTypeRegistry - Adding type registration java.util.Locale -> org.hibernate.type.LocaleType@56de6d6b
[DEBUG] 2020-03-04 19:37:12.706 [main] BasicTypeRegistry - Adding type registration currency -> org.hibernate.type.CurrencyType@5ca1f591
[DEBUG] 2020-03-04 19:37:12.706 [main] BasicTypeRegistry - Adding type registration java.util.Currency -> org.hibernate.type.CurrencyType@5ca1f591
[DEBUG] 2020-03-04 19:37:12.706 [main] BasicTypeRegistry - Adding type registration timezone -> org.hibernate.type.TimeZoneType@6a969fb8
[DEBUG] 2020-03-04 19:37:12.706 [main] BasicTypeRegistry - Adding type registration java.util.TimeZone -> org.hibernate.type.TimeZoneType@6a969fb8
[DEBUG] 2020-03-04 19:37:12.707 [main] BasicTypeRegistry - Adding type registration class -> org.hibernate.type.ClassType@27aae97b
[DEBUG] 2020-03-04 19:37:12.707 [main] BasicTypeRegistry - Adding type registration java.lang.Class -> org.hibernate.type.ClassType@27aae97b
[DEBUG] 2020-03-04 19:37:12.707 [main] BasicTypeRegistry - Adding type registration uuid-binary -> org.hibernate.type.UUIDBinaryType@5dc3fcb7
[DEBUG] 2020-03-04 19:37:12.707 [main] BasicTypeRegistry - Adding type registration java.util.UUID -> org.hibernate.type.UUIDBinaryType@5dc3fcb7
[DEBUG] 2020-03-04 19:37:12.707 [main] BasicTypeRegistry - Adding type registration uuid-char -> org.hibernate.type.UUIDCharType@160396db
[DEBUG] 2020-03-04 19:37:12.708 [main] BasicTypeRegistry - Adding type registration binary -> org.hibernate.type.BinaryType@77ee25f1
[DEBUG] 2020-03-04 19:37:12.708 [main] BasicTypeRegistry - Adding type registration byte[] -> org.hibernate.type.BinaryType@77ee25f1
[DEBUG] 2020-03-04 19:37:12.708 [main] BasicTypeRegistry - Adding type registration [B -> org.hibernate.type.BinaryType@77ee25f1
[DEBUG] 2020-03-04 19:37:12.708 [main] BasicTypeRegistry - Adding type registration wrapper-binary -> org.hibernate.type.WrapperBinaryType@6b3871d6
[DEBUG] 2020-03-04 19:37:12.709 [main] BasicTypeRegistry - Adding type registration Byte[] -> org.hibernate.type.WrapperBinaryType@6b3871d6
[DEBUG] 2020-03-04 19:37:12.709 [main] BasicTypeRegistry - Adding type registration [Ljava.lang.Byte; -> org.hibernate.type.WrapperBinaryType@6b3871d6
[DEBUG] 2020-03-04 19:37:12.709 [main] BasicTypeRegistry - Adding type registration row_version -> org.hibernate.type.RowVersionType@7578e06a
[DEBUG] 2020-03-04 19:37:12.709 [main] BasicTypeRegistry - Adding type registration image -> org.hibernate.type.ImageType@11a7ba62
[DEBUG] 2020-03-04 19:37:12.710 [main] BasicTypeRegistry - Adding type registration characters -> org.hibernate.type.CharArrayType@73877e19
[DEBUG] 2020-03-04 19:37:12.710 [main] BasicTypeRegistry - Adding type registration char[] -> org.hibernate.type.CharArrayType@73877e19
[DEBUG] 2020-03-04 19:37:12.710 [main] BasicTypeRegistry - Adding type registration [C -> org.hibernate.type.CharArrayType@73877e19
[DEBUG] 2020-03-04 19:37:12.710 [main] BasicTypeRegistry - Adding type registration wrapper-characters -> org.hibernate.type.CharacterArrayType@5d235104
[DEBUG] 2020-03-04 19:37:12.710 [main] BasicTypeRegistry - Adding type registration [Ljava.lang.Character; -> org.hibernate.type.CharacterArrayType@5d235104
[DEBUG] 2020-03-04 19:37:12.710 [main] BasicTypeRegistry - Adding type registration Character[] -> org.hibernate.type.CharacterArrayType@5d235104
[DEBUG] 2020-03-04 19:37:12.710 [main] BasicTypeRegistry - Adding type registration text -> org.hibernate.type.TextType@4443ef6f
[DEBUG] 2020-03-04 19:37:12.711 [main] BasicTypeRegistry - Adding type registration ntext -> org.hibernate.type.NTextType@7068f7ca
[DEBUG] 2020-03-04 19:37:12.711 [main] BasicTypeRegistry - Adding type registration blob -> org.hibernate.type.BlobType@2cfbeac4
[DEBUG] 2020-03-04 19:37:12.711 [main] BasicTypeRegistry - Adding type registration java.sql.Blob -> org.hibernate.type.BlobType@2cfbeac4
[DEBUG] 2020-03-04 19:37:12.711 [main] BasicTypeRegistry - Adding type registration materialized_blob -> org.hibernate.type.MaterializedBlobType@a7f0ab6
[DEBUG] 2020-03-04 19:37:12.712 [main] BasicTypeRegistry - Adding type registration clob -> org.hibernate.type.ClobType@3013909b
[DEBUG] 2020-03-04 19:37:12.712 [main] BasicTypeRegistry - Adding type registration java.sql.Clob -> org.hibernate.type.ClobType@3013909b
[DEBUG] 2020-03-04 19:37:12.713 [main] BasicTypeRegistry - Adding type registration nclob -> org.hibernate.type.NClobType@57fae983
[DEBUG] 2020-03-04 19:37:12.713 [main] BasicTypeRegistry - Adding type registration java.sql.NClob -> org.hibernate.type.NClobType@57fae983
[DEBUG] 2020-03-04 19:37:12.713 [main] BasicTypeRegistry - Adding type registration materialized_clob -> org.hibernate.type.MaterializedClobType@44c5a16f
[DEBUG] 2020-03-04 19:37:12.713 [main] BasicTypeRegistry - Adding type registration materialized_nclob -> org.hibernate.type.MaterializedNClobType@489543a6
[DEBUG] 2020-03-04 19:37:12.714 [main] BasicTypeRegistry - Adding type registration serializable -> org.hibernate.type.SerializableType@1763992e
[DEBUG] 2020-03-04 19:37:12.715 [main] BasicTypeRegistry - Adding type registration object -> org.hibernate.type.ObjectType@f14e5bf
[DEBUG] 2020-03-04 19:37:12.715 [main] BasicTypeRegistry - Adding type registration java.lang.Object -> org.hibernate.type.ObjectType@f14e5bf
[DEBUG] 2020-03-04 19:37:12.715 [main] BasicTypeRegistry - Adding type registration imm_date -> org.hibernate.type.AdaptedImmutableType@6f952d6c
[DEBUG] 2020-03-04 19:37:12.715 [main] BasicTypeRegistry - Adding type registration imm_time -> org.hibernate.type.AdaptedImmutableType@5965844d
[DEBUG] 2020-03-04 19:37:12.716 [main] BasicTypeRegistry - Adding type registration imm_timestamp -> org.hibernate.type.AdaptedImmutableType@6d4a65c6
[DEBUG] 2020-03-04 19:37:12.716 [main] BasicTypeRegistry - Adding type registration imm_dbtimestamp -> org.hibernate.type.AdaptedImmutableType@aa004a0
[DEBUG] 2020-03-04 19:37:12.716 [main] BasicTypeRegistry - Adding type registration imm_calendar -> org.hibernate.type.AdaptedImmutableType@4c98a6d5
[DEBUG] 2020-03-04 19:37:12.716 [main] BasicTypeRegistry - Adding type registration imm_calendar_date -> org.hibernate.type.AdaptedImmutableType@392a04e7
[DEBUG] 2020-03-04 19:37:12.716 [main] BasicTypeRegistry - Adding type registration imm_binary -> org.hibernate.type.AdaptedImmutableType@7f02251
[DEBUG] 2020-03-04 19:37:12.716 [main] BasicTypeRegistry - Adding type registration imm_serializable -> org.hibernate.type.AdaptedImmutableType@dffa30b
[DEBUG] 2020-03-04 19:37:12.730 [main] DefaultIdentifierGeneratorFactory - Registering IdentifierGenerator strategy [uuid2] -> [org.hibernate.id.UUIDGenerator]
[DEBUG] 2020-03-04 19:37:12.731 [main] DefaultIdentifierGeneratorFactory - Registering IdentifierGenerator strategy [guid] -> [org.hibernate.id.GUIDGenerator]
[DEBUG] 2020-03-04 19:37:12.733 [main] DefaultIdentifierGeneratorFactory - Registering IdentifierGenerator strategy [uuid] -> [org.hibernate.id.UUIDHexGenerator]
[DEBUG] 2020-03-04 19:37:12.733 [main] DefaultIdentifierGeneratorFactory - Registering IdentifierGenerator strategy [uuid.hex] -> [org.hibernate.id.UUIDHexGenerator]
[DEBUG] 2020-03-04 19:37:12.733 [main] DefaultIdentifierGeneratorFactory - Registering IdentifierGenerator strategy [assigned] -> [org.hibernate.id.Assigned]
[DEBUG] 2020-03-04 19:37:12.734 [main] DefaultIdentifierGeneratorFactory - Registering IdentifierGenerator strategy [identity] -> [org.hibernate.id.IdentityGenerator]
[DEBUG] 2020-03-04 19:37:12.734 [main] DefaultIdentifierGeneratorFactory - Registering IdentifierGenerator strategy [select] -> [org.hibernate.id.SelectGenerator]
[DEBUG] 2020-03-04 19:37:12.734 [main] DefaultIdentifierGeneratorFactory - Registering IdentifierGenerator strategy [sequence] -> [org.hibernate.id.enhanced.SequenceStyleGenerator]
[DEBUG] 2020-03-04 19:37:12.735 [main] DefaultIdentifierGeneratorFactory - Registering IdentifierGenerator strategy [seqhilo] -> [org.hibernate.id.SequenceHiLoGenerator]
[DEBUG] 2020-03-04 19:37:12.735 [main] DefaultIdentifierGeneratorFactory - Registering IdentifierGenerator strategy [increment] -> [org.hibernate.id.IncrementGenerator]
[DEBUG] 2020-03-04 19:37:12.735 [main] DefaultIdentifierGeneratorFactory - Registering IdentifierGenerator strategy [foreign] -> [org.hibernate.id.ForeignGenerator]
[DEBUG] 2020-03-04 19:37:12.735 [main] DefaultIdentifierGeneratorFactory - Registering IdentifierGenerator strategy [sequence-identity] -> [org.hibernate.id.SequenceIdentityGenerator]
[DEBUG] 2020-03-04 19:37:12.735 [main] DefaultIdentifierGeneratorFactory - Registering IdentifierGenerator strategy [enhanced-sequence] -> [org.hibernate.id.enhanced.SequenceStyleGenerator]
[DEBUG] 2020-03-04 19:37:12.736 [main] DefaultIdentifierGeneratorFactory - Registering IdentifierGenerator strategy [enhanced-table] -> [org.hibernate.id.enhanced.TableGenerator]
[INFO ] 2020-03-04 19:37:12.740 [main] C3P0ConnectionProvider - HHH010002: C3P0 using driver: com.mysql.cj.jdbc.Driver at URL: jdbc:mysql://localhost:3306/test_EuchreLeague
[INFO ] 2020-03-04 19:37:12.740 [main] C3P0ConnectionProvider - HHH10001001: Connection properties: {password=****, user=root}
[INFO ] 2020-03-04 19:37:12.740 [main] C3P0ConnectionProvider - HHH10001003: Autocommit mode: false
[INFO ] 2020-03-04 19:37:12.790 [main] C3P0ConnectionProvider - HHH10001007: JDBC isolation level: <unknown>
[DEBUG] 2020-03-04 19:37:13.141 [main] JdbcEnvironmentInitiator - Database ->
       name : MySQL
    version : 8.0.16
      major : 8
      minor : 0
[DEBUG] 2020-03-04 19:37:13.142 [main] JdbcEnvironmentInitiator - Driver ->
       name : MySQL Connector/J
    version : mysql-connector-java-8.0.16 (Revision: 34cbc6bc61f72836e26327537a432d6db7c77de6)
      major : 8
      minor : 0
[DEBUG] 2020-03-04 19:37:13.142 [main] JdbcEnvironmentInitiator - JDBC version : 4.2
[INFO ] 2020-03-04 19:37:13.152 [main] Dialect - HHH000400: Using dialect: org.hibernate.dialect.MySQL8Dialect
[DEBUG] 2020-03-04 19:37:13.165 [main] IdentifierHelperBuilder - JDBC driver metadata reported database stores quoted identifiers in more than one case
[DEBUG] 2020-03-04 19:37:13.185 [main] IdentifierHelperBuilder - IdentifierCaseStrategy for both quoted and unquoted identifiers was set to the same strategy [MIXED]; that will likely lead to problems in schema update and validation if using quoted identifiers
[DEBUG] 2020-03-04 19:37:13.202 [main] Namespace - Created database namespace [logicalName=Name{catalog=null, schema=null}, physicalName=Name{catalog=null, schema=null}]
[DEBUG] 2020-03-04 19:37:13.204 [main] TypeConfiguration$Scope - Scoping TypeConfiguration [org.hibernate.type.spi.TypeConfiguration@7b7683d4] to MetadataBuildingContext [org.hibernate.boot.internal.MetadataBuildingContextRootImpl@40712ee9]
[DEBUG] 2020-03-04 19:37:13.241 [main] AnnotationBinder - Binding entity from annotated class: com.euchreleague.entity.User
[DEBUG] 2020-03-04 19:37:13.263 [main] Ejb3Column - Binding column: Ejb3DiscriminatorColumn{logicalColumnName'DTYPE', discriminatorTypeName='string'}
[DEBUG] 2020-03-04 19:37:13.268 [main] EntityBinder - Import with entity name User
[DEBUG] 2020-03-04 19:37:13.270 [main] EntityBinder - Bind entity com.euchreleague.entity.User on table user
[DEBUG] 2020-03-04 19:37:13.304 [main] Ejb3Column - Binding column: Ejb3Column{table=org.hibernate.mapping.Table(user), mappingColumn=id, insertable=true, updatable=true, unique=false}
[DEBUG] 2020-03-04 19:37:13.306 [main] PropertyBinder - MetadataSourceProcessor property id with lazy=false
[DEBUG] 2020-03-04 19:37:13.308 [main] AbstractPropertyHolder - Attempting to locate auto-apply AttributeConverter for property [com.euchreleague.entity.User:id]
[DEBUG] 2020-03-04 19:37:13.310 [main] SimpleValueBinder - building SimpleValue for id
[DEBUG] 2020-03-04 19:37:13.311 [main] PropertyBinder - Building property id
[DEBUG] 2020-03-04 19:37:13.315 [main] BinderHelper - #makeIdGenerator(org.hibernate.mapping.SimpleValue([org.hibernate.mapping.Column(id)]), id, org.hibernate.id.enhanced.SequenceStyleGenerator, native, ...)
[DEBUG] 2020-03-04 19:37:13.316 [main] Ejb3Column - Binding column: Ejb3Column{table=org.hibernate.mapping.Table(user), mappingColumn=first_name, insertable=true, updatable=true, unique=false}
[DEBUG] 2020-03-04 19:37:13.317 [main] PropertyBinder - MetadataSourceProcessor property firstName with lazy=false
[DEBUG] 2020-03-04 19:37:13.317 [main] AbstractPropertyHolder - Attempting to locate auto-apply AttributeConverter for property [com.euchreleague.entity.User:firstName]
[DEBUG] 2020-03-04 19:37:13.317 [main] SimpleValueBinder - building SimpleValue for firstName
[DEBUG] 2020-03-04 19:37:13.317 [main] PropertyBinder - Building property firstName
[DEBUG] 2020-03-04 19:37:13.317 [main] Ejb3Column - Binding column: Ejb3Column{table=org.hibernate.mapping.Table(user), mappingColumn=last_name, insertable=true, updatable=true, unique=false}
[DEBUG] 2020-03-04 19:37:13.317 [main] PropertyBinder - MetadataSourceProcessor property lastName with lazy=false
[DEBUG] 2020-03-04 19:37:13.318 [main] AbstractPropertyHolder - Attempting to locate auto-apply AttributeConverter for property [com.euchreleague.entity.User:lastName]
[DEBUG] 2020-03-04 19:37:13.318 [main] SimpleValueBinder - building SimpleValue for lastName
[DEBUG] 2020-03-04 19:37:13.318 [main] PropertyBinder - Building property lastName
[DEBUG] 2020-03-04 19:37:13.318 [main] Ejb3Column - Binding column: Ejb3Column{table=org.hibernate.mapping.Table(user), mappingColumn=user_name, insertable=true, updatable=true, unique=false}
[DEBUG] 2020-03-04 19:37:13.319 [main] PropertyBinder - MetadataSourceProcessor property userName with lazy=false
[DEBUG] 2020-03-04 19:37:13.320 [main] AbstractPropertyHolder - Attempting to locate auto-apply AttributeConverter for property [com.euchreleague.entity.User:userName]
[DEBUG] 2020-03-04 19:37:13.320 [main] SimpleValueBinder - building SimpleValue for userName
[DEBUG] 2020-03-04 19:37:13.320 [main] PropertyBinder - Building property userName
[DEBUG] 2020-03-04 19:37:13.320 [main] Ejb3Column - Binding column: Ejb3Column{table=org.hibernate.mapping.Table(user), mappingColumn=user_password, insertable=true, updatable=true, unique=false}
[DEBUG] 2020-03-04 19:37:13.322 [main] PropertyBinder - MetadataSourceProcessor property userPassword with lazy=false
[DEBUG] 2020-03-04 19:37:13.322 [main] AbstractPropertyHolder - Attempting to locate auto-apply AttributeConverter for property [com.euchreleague.entity.User:userPassword]
[DEBUG] 2020-03-04 19:37:13.322 [main] SimpleValueBinder - building SimpleValue for userPassword
[DEBUG] 2020-03-04 19:37:13.322 [main] PropertyBinder - Building property userPassword
[DEBUG] 2020-03-04 19:37:13.324 [main] Ejb3Column - Binding column: Ejb3JoinColumn{logicalColumnName='null', referencedColumn='null', mappedBy='user'}
[DEBUG] 2020-03-04 19:37:13.324 [main] Ejb3Column - Binding column: Ejb3Column{table=org.hibernate.mapping.Table(user), mappingColumn=userRoles, insertable=true, updatable=true, unique=false}
[DEBUG] 2020-03-04 19:37:13.326 [main] Ejb3Column - Binding column: Ejb3Column{table=org.hibernate.mapping.Table(user), mappingColumn=null, insertable=true, updatable=true, unique=false}
[DEBUG] 2020-03-04 19:37:13.335 [main] Ejb3Column - Binding column: Ejb3Column{table=org.hibernate.mapping.Table(user), mappingColumn=element, insertable=true, updatable=true, unique=false}
[DEBUG] 2020-03-04 19:37:13.336 [main] Ejb3Column - Binding column: Ejb3Column{table=org.hibernate.mapping.Table(user), mappingColumn=userRoles_KEY, insertable=true, updatable=true, unique=false}
[DEBUG] 2020-03-04 19:37:13.336 [main] Ejb3Column - Binding column: Ejb3JoinColumn{logicalColumnName='userRoles_KEY', referencedColumn='null', mappedBy='null'}
[DEBUG] 2020-03-04 19:37:13.337 [main] Ejb3Column - Binding column: Ejb3JoinColumn{logicalColumnName='null', referencedColumn='null', mappedBy='user'}
[DEBUG] 2020-03-04 19:37:13.337 [main] Ejb3Column - Binding column: Ejb3JoinColumn{logicalColumnName='null', referencedColumn='null', mappedBy='user'}
[DEBUG] 2020-03-04 19:37:13.338 [main] CollectionBinder - Collection role: com.euchreleague.entity.User.userRoles
[DEBUG] 2020-03-04 19:37:13.340 [main] PropertyBinder - Building property userRoles
[DEBUG] 2020-03-04 19:37:13.342 [main] AnnotationBinder - Binding entity from annotated class: com.euchreleague.entity.UserRoles
[DEBUG] 2020-03-04 19:37:13.342 [main] Ejb3Column - Binding column: Ejb3DiscriminatorColumn{logicalColumnName'DTYPE', discriminatorTypeName='string'}
[DEBUG] 2020-03-04 19:37:13.343 [main] EntityBinder - Import with entity name UserRoles
[DEBUG] 2020-03-04 19:37:13.343 [main] EntityBinder - Bind entity com.euchreleague.entity.UserRoles on table user_roles
[DEBUG] 2020-03-04 19:37:13.348 [main] Ejb3Column - Binding column: Ejb3Column{table=org.hibernate.mapping.Table(user_roles), mappingColumn=id, insertable=true, updatable=true, unique=false}
[DEBUG] 2020-03-04 19:37:13.348 [main] PropertyBinder - MetadataSourceProcessor property id with lazy=false
[DEBUG] 2020-03-04 19:37:13.348 [main] AbstractPropertyHolder - Attempting to locate auto-apply AttributeConverter for property [com.euchreleague.entity.UserRoles:id]
[DEBUG] 2020-03-04 19:37:13.348 [main] SimpleValueBinder - building SimpleValue for id
[DEBUG] 2020-03-04 19:37:13.348 [main] PropertyBinder - Building property id
[DEBUG] 2020-03-04 19:37:13.348 [main] BinderHelper - #makeIdGenerator(org.hibernate.mapping.SimpleValue([org.hibernate.mapping.Column(id)]), id, org.hibernate.id.enhanced.SequenceStyleGenerator, native, ...)
[DEBUG] 2020-03-04 19:37:13.349 [main] Ejb3Column - Binding column: Ejb3Column{table=org.hibernate.mapping.Table(user_roles), mappingColumn=role_name, insertable=true, updatable=true, unique=false}
[DEBUG] 2020-03-04 19:37:13.349 [main] PropertyBinder - MetadataSourceProcessor property roleName with lazy=false
[DEBUG] 2020-03-04 19:37:13.349 [main] AbstractPropertyHolder - Attempting to locate auto-apply AttributeConverter for property [com.euchreleague.entity.UserRoles:roleName]
[DEBUG] 2020-03-04 19:37:13.349 [main] SimpleValueBinder - building SimpleValue for roleName
[DEBUG] 2020-03-04 19:37:13.349 [main] PropertyBinder - Building property roleName
[DEBUG] 2020-03-04 19:37:13.349 [main] Ejb3Column - Binding column: Ejb3JoinColumn{logicalColumnName='user_id', referencedColumn='', mappedBy=''}
[DEBUG] 2020-03-04 19:37:13.349 [main] Ejb3Column - Binding column: Ejb3Column{table=org.hibernate.mapping.Table(user_roles), mappingColumn=user, insertable=true, updatable=true, unique=false}
[DEBUG] 2020-03-04 19:37:13.351 [main] PropertyBinder - Building property user
[DEBUG] 2020-03-04 19:37:13.352 [main] AnnotationBinder - Binding entity from annotated class: com.euchreleague.entity.Team
[DEBUG] 2020-03-04 19:37:13.353 [main] Ejb3Column - Binding column: Ejb3DiscriminatorColumn{logicalColumnName'DTYPE', discriminatorTypeName='string'}
[DEBUG] 2020-03-04 19:37:13.353 [main] EntityBinder - Import with entity name Team
[DEBUG] 2020-03-04 19:37:13.353 [main] EntityBinder - Bind entity com.euchreleague.entity.Team on table team
[DEBUG] 2020-03-04 19:37:13.355 [main] Ejb3Column - Binding column: Ejb3Column{table=org.hibernate.mapping.Table(team), mappingColumn=id, insertable=true, updatable=true, unique=false}
[DEBUG] 2020-03-04 19:37:13.356 [main] PropertyBinder - MetadataSourceProcessor property id with lazy=false
[DEBUG] 2020-03-04 19:37:13.356 [main] AbstractPropertyHolder - Attempting to locate auto-apply AttributeConverter for property [com.euchreleague.entity.Team:id]
[DEBUG] 2020-03-04 19:37:13.356 [main] SimpleValueBinder - building SimpleValue for id
[DEBUG] 2020-03-04 19:37:13.356 [main] PropertyBinder - Building property id
[DEBUG] 2020-03-04 19:37:13.357 [main] BinderHelper - #makeIdGenerator(org.hibernate.mapping.SimpleValue([org.hibernate.mapping.Column(id)]), id, org.hibernate.id.enhanced.SequenceStyleGenerator, native, ...)
[DEBUG] 2020-03-04 19:37:13.357 [main] Ejb3Column - Binding column: Ejb3Column{table=org.hibernate.mapping.Table(team), mappingColumn=name, insertable=true, updatable=true, unique=false}
[DEBUG] 2020-03-04 19:37:13.357 [main] PropertyBinder - MetadataSourceProcessor property name with lazy=false
[DEBUG] 2020-03-04 19:37:13.357 [main] AbstractPropertyHolder - Attempting to locate auto-apply AttributeConverter for property [com.euchreleague.entity.Team:name]
[DEBUG] 2020-03-04 19:37:13.357 [main] SimpleValueBinder - building SimpleValue for name
[DEBUG] 2020-03-04 19:37:13.357 [main] PropertyBinder - Building property name
[DEBUG] 2020-03-04 19:37:13.357 [main] Ejb3Column - Binding column: Ejb3Column{table=org.hibernate.mapping.Table(team), mappingColumn=player1_id, insertable=true, updatable=true, unique=false}
[DEBUG] 2020-03-04 19:37:13.358 [main] PropertyBinder - MetadataSourceProcessor property playerOneId with lazy=false
[DEBUG] 2020-03-04 19:37:13.358 [main] AbstractPropertyHolder - Attempting to locate auto-apply AttributeConverter for property [com.euchreleague.entity.Team:playerOneId]
[DEBUG] 2020-03-04 19:37:13.358 [main] SimpleValueBinder - building SimpleValue for playerOneId
[DEBUG] 2020-03-04 19:37:13.358 [main] PropertyBinder - Building property playerOneId
[DEBUG] 2020-03-04 19:37:13.358 [main] Ejb3Column - Binding column: Ejb3Column{table=org.hibernate.mapping.Table(team), mappingColumn=player2_id, insertable=true, updatable=true, unique=false}
[DEBUG] 2020-03-04 19:37:13.358 [main] PropertyBinder - MetadataSourceProcessor property playerTwoId with lazy=false
[DEBUG] 2020-03-04 19:37:13.358 [main] AbstractPropertyHolder - Attempting to locate auto-apply AttributeConverter for property [com.euchreleague.entity.Team:playerTwoId]
[DEBUG] 2020-03-04 19:37:13.358 [main] SimpleValueBinder - building SimpleValue for playerTwoId
[DEBUG] 2020-03-04 19:37:13.358 [main] PropertyBinder - Building property playerTwoId
[DEBUG] 2020-03-04 19:37:13.358 [main] Ejb3Column - Binding column: Ejb3JoinColumn{logicalColumnName='user_name', referencedColumn='', mappedBy=''}
[DEBUG] 2020-03-04 19:37:13.358 [main] Ejb3Column - Binding column: Ejb3Column{table=org.hibernate.mapping.Table(team), mappingColumn=user, insertable=true, updatable=true, unique=false}
[DEBUG] 2020-03-04 19:37:13.360 [main] PropertyBinder - Building property user
[DEBUG] 2020-03-04 19:37:13.362 [main] SimpleValueBinder - Starting fillSimpleValue for id
[DEBUG] 2020-03-04 19:37:13.363 [main] SimpleValueBinder - Starting fillSimpleValue for firstName
[DEBUG] 2020-03-04 19:37:13.363 [main] SimpleValueBinder - Starting fillSimpleValue for lastName
[DEBUG] 2020-03-04 19:37:13.363 [main] SimpleValueBinder - Starting fillSimpleValue for userName
[DEBUG] 2020-03-04 19:37:13.363 [main] SimpleValueBinder - Starting fillSimpleValue for userPassword
[DEBUG] 2020-03-04 19:37:13.363 [main] SimpleValueBinder - Starting fillSimpleValue for id
[DEBUG] 2020-03-04 19:37:13.363 [main] SimpleValueBinder - Starting fillSimpleValue for roleName
[DEBUG] 2020-03-04 19:37:13.363 [main] SimpleValueBinder - Starting fillSimpleValue for id
[DEBUG] 2020-03-04 19:37:13.363 [main] SimpleValueBinder - Starting fillSimpleValue for name
[DEBUG] 2020-03-04 19:37:13.363 [main] SimpleValueBinder - Starting fillSimpleValue for playerOneId
[DEBUG] 2020-03-04 19:37:13.363 [main] SimpleValueBinder - Starting fillSimpleValue for playerTwoId
[DEBUG] 2020-03-04 19:37:13.366 [main] PrimaryKey - Forcing column [id] to be non-null as it is part of the primary key for table [user]
[DEBUG] 2020-03-04 19:37:13.366 [main] PrimaryKey - Forcing column [id] to be non-null as it is part of the primary key for table [user_roles]
[DEBUG] 2020-03-04 19:37:13.366 [main] PrimaryKey - Forcing column [id] to be non-null as it is part of the primary key for table [team]
[DEBUG] 2020-03-04 19:37:13.367 [main] CollectionSecondPass - Second pass for collection: com.euchreleague.entity.User.userRoles
[DEBUG] 2020-03-04 19:37:13.368 [main] CollectionBinder - Binding a OneToMany: com.euchreleague.entity.User.userRoles through a foreign key
[DEBUG] 2020-03-04 19:37:13.369 [main] CollectionBinder - Mapping collection: com.euchreleague.entity.User.userRoles -> user_roles
[DEBUG] 2020-03-04 19:37:13.371 [main] TableBinder - Retrieving property com.euchreleague.entity.UserRoles.user
[DEBUG] 2020-03-04 19:37:13.374 [main] CollectionSecondPass - Mapped collection key: user_id, one-to-many: com.euchreleague.entity.UserRoles
[DEBUG] 2020-03-04 19:37:13.374 [main] InFlightMetadataCollectorImpl - Resolving reference to class: com.euchreleague.entity.User
[DEBUG] 2020-03-04 19:37:13.375 [main] InFlightMetadataCollectorImpl - Resolving reference to class: com.euchreleague.entity.User
[DEBUG] 2020-03-04 19:37:13.376 [main] InFlightMetadataCollectorImpl - Resolving reference to class: com.euchreleague.entity.User
[DEBUG] 2020-03-04 19:37:13.376 [main] InFlightMetadataCollectorImpl - Resolving reference to class: com.euchreleague.entity.User
[DEBUG] 2020-03-04 19:37:13.420 [main] SessionFactoryImpl - Building session factory
[DEBUG] 2020-03-04 19:37:13.423 [main] Settings - SessionFactory name : null
[DEBUG] 2020-03-04 19:37:13.423 [main] Settings - Automatic flush during beforeCompletion(): enabled
[DEBUG] 2020-03-04 19:37:13.424 [main] Settings - Automatic session close at end of transaction: disabled
[DEBUG] 2020-03-04 19:37:13.424 [main] Settings - Statistics: disabled
[DEBUG] 2020-03-04 19:37:13.425 [main] Settings - Deleted entity synthetic identifier rollback: disabled
[DEBUG] 2020-03-04 19:37:13.425 [main] Settings - Default entity-mode: pojo
[DEBUG] 2020-03-04 19:37:13.425 [main] Settings - Check Nullability in Core (should be disabled when Bean Validation is on): enabled
[DEBUG] 2020-03-04 19:37:13.425 [main] Settings - Allow initialization of lazy state outside session : disabled
[DEBUG] 2020-03-04 19:37:13.425 [main] Settings - Using BatchFetchStyle : LEGACY
[DEBUG] 2020-03-04 19:37:13.425 [main] Settings - Default batch fetch size: -1
[DEBUG] 2020-03-04 19:37:13.425 [main] Settings - Maximum outer join fetch depth: 2
[DEBUG] 2020-03-04 19:37:13.425 [main] Settings - Default null ordering: NONE
[DEBUG] 2020-03-04 19:37:13.425 [main] Settings - Order SQL updates by primary key: disabled
[DEBUG] 2020-03-04 19:37:13.426 [main] Settings - Order SQL inserts for batching: disabled
[DEBUG] 2020-03-04 19:37:13.428 [main] Settings - multi-tenancy strategy : NONE
[DEBUG] 2020-03-04 19:37:13.429 [main] Settings - JTA Track by Thread: enabled
[DEBUG] 2020-03-04 19:37:13.429 [main] Settings - Query language substitutions: {}
[DEBUG] 2020-03-04 19:37:13.429 [main] Settings - Named query checking : enabled
[DEBUG] 2020-03-04 19:37:13.429 [main] Settings - Second-level cache: disabled
[DEBUG] 2020-03-04 19:37:13.429 [main] Settings - Second-level query cache: disabled
[DEBUG] 2020-03-04 19:37:13.429 [main] Settings - Second-level query cache factory: null
[DEBUG] 2020-03-04 19:37:13.429 [main] Settings - Second-level cache region prefix: null
[DEBUG] 2020-03-04 19:37:13.429 [main] Settings - Optimize second-level cache for minimal puts: disabled
[DEBUG] 2020-03-04 19:37:13.430 [main] Settings - Structured second-level cache entries: disabled
[DEBUG] 2020-03-04 19:37:13.430 [main] Settings - Second-level cache direct-reference entries: disabled
[DEBUG] 2020-03-04 19:37:13.430 [main] Settings - Automatic eviction of collection cache: disabled
[DEBUG] 2020-03-04 19:37:13.430 [main] Settings - JDBC batch size: 15
[DEBUG] 2020-03-04 19:37:13.430 [main] Settings - JDBC batch updates for versioned data: enabled
[DEBUG] 2020-03-04 19:37:13.430 [main] Settings - Scrollable result sets: enabled
[DEBUG] 2020-03-04 19:37:13.430 [main] Settings - Wrap result sets: disabled
[DEBUG] 2020-03-04 19:37:13.430 [main] Settings - JDBC3 getGeneratedKeys(): enabled
[DEBUG] 2020-03-04 19:37:13.431 [main] Settings - JDBC result set fetch size: null
[DEBUG] 2020-03-04 19:37:13.431 [main] Settings - Connection release mode: AFTER_TRANSACTION
[DEBUG] 2020-03-04 19:37:13.431 [main] Settings - Generate SQL with comments: disabled
[DEBUG] 2020-03-04 19:37:13.431 [main] Settings - JPA compliance - query : 
[DEBUG] 2020-03-04 19:37:13.431 [main] Settings - JPA compliance - closed-handling : 
[DEBUG] 2020-03-04 19:37:13.431 [main] Settings - JPA compliance - lists : 
[DEBUG] 2020-03-04 19:37:13.431 [main] Settings - JPA compliance - transactions : 
[INFO ] 2020-03-04 19:37:13.472 [main] beans - HHH10005002: No explicit CDI BeanManager reference was passed to Hibernate, but CDI is available on the Hibernate ClassLoader.
[DEBUG] 2020-03-04 19:37:13.483 [main] SessionFactoryImpl - Session factory constructed with filter configurations : {}
[DEBUG] 2020-03-04 19:37:13.483 [main] SessionFactoryImpl - Instantiating session factory with properties: {sun.desktop=gnome, awt.toolkit=sun.awt.X11.XToolkit, java.specification.version=11, sun.cpu.isalist=, hibernate.c3p0.idle_test_period=3000, sun.jnu.encoding=UTF-8, hibernate.c3p0.min_size=5, java.class.path=/home/student/intellij/lib/idea_rt.jar:/home/student/intellij/plugins/junit/lib/junit5-rt.jar:/home/student/intellij/plugins/junit/lib/junit-rt.jar:/home/student/IdeaProjects/euchreLeague/target/test-classes:/home/student/IdeaProjects/euchreLeague/target/classes:/home/student/.m2/repository/org/junit/platform/junit-platform-runner/1.0.0/junit-platform-runner-1.0.0.jar:/home/student/.m2/repository/org/apiguardian/apiguardian-api/1.0.0/apiguardian-api-1.0.0.jar:/home/student/.m2/repository/org/junit/platform/junit-platform-launcher/1.0.0/junit-platform-launcher-1.0.0.jar:/home/student/.m2/repository/org/junit/platform/junit-platform-suite-api/1.0.0/junit-platform-suite-api-1.0.0.jar:/home/student/.m2/repository/org/junit/platform/junit-platform-commons/1.0.0/junit-platform-commons-1.0.0.jar:/home/student/.m2/repository/org/junit/vintage/junit-vintage-engine/4.12.0/junit-vintage-engine-4.12.0.jar:/home/student/.m2/repository/org/junit/platform/junit-platform-engine/1.0.0/junit-platform-engine-1.0.0.jar:/home/student/.m2/repository/org/opentest4j/opentest4j/1.0.0/opentest4j-1.0.0.jar:/home/student/.m2/repository/org/junit/jupiter/junit-jupiter-engine/5.0.0/junit-jupiter-engine-5.0.0.jar:/home/student/.m2/repository/org/junit/jupiter/junit-jupiter-api/5.0.0/junit-jupiter-api-5.0.0.jar:/home/student/.m2/repository/junit/junit/4.12/junit-4.12.jar:/home/student/.m2/repository/org/hamcrest/hamcrest-core/1.3/hamcrest-core-1.3.jar:/home/student/.m2/repository/javax/javaee-web-api/7.0/javaee-web-api-7.0.jar:/home/student/.m2/repository/mysql/mysql-connector-java/8.0.16/mysql-connector-java-8.0.16.jar:/home/student/.m2/repository/com/google/protobuf/protobuf-java/3.6.1/protobuf-java-3.6.1.jar:/home/student/.m2/repository/jstl/jstl/1.2/jstl-1.2.jar:/home/student/.m2/repository/org/hibernate/hibernate-core/5.4.4.Final/hibernate-core-5.4.4.Final.jar:/home/student/.m2/repository/org/jboss/logging/jboss-logging/3.3.2.Final/jboss-logging-3.3.2.Final.jar:/home/student/.m2/repository/javax/persistence/javax.persistence-api/2.2/javax.persistence-api-2.2.jar:/home/student/.m2/repository/org/javassist/javassist/3.24.0-GA/javassist-3.24.0-GA.jar:/home/student/.m2/repository/net/bytebuddy/byte-buddy/1.9.11/byte-buddy-1.9.11.jar:/home/student/.m2/repository/antlr/antlr/2.7.7/antlr-2.7.7.jar:/home/student/.m2/repository/org/jboss/spec/javax/transaction/jboss-transaction-api_1.2_spec/1.1.1.Final/jboss-transaction-api_1.2_spec-1.1.1.Final.jar:/home/student/.m2/repository/org/jboss/jandex/2.0.5.Final/jandex-2.0.5.Final.jar:/home/student/.m2/repository/com/fasterxml/classmate/1.3.4/classmate-1.3.4.jar:/home/student/.m2/repository/javax/activation/javax.activation-api/1.2.0/javax.activation-api-1.2.0.jar:/home/student/.m2/repository/org/dom4j/dom4j/2.1.1/dom4j-2.1.1.jar:/home/student/.m2/repository/org/hibernate/common/hibernate-commons-annotations/5.1.0.Final/hibernate-commons-annotations-5.1.0.Final.jar:/home/student/.m2/repository/javax/xml/bind/jaxb-api/2.3.1/jaxb-api-2.3.1.jar:/home/student/.m2/repository/org/glassfish/jaxb/jaxb-runtime/2.3.1/jaxb-runtime-2.3.1.jar:/home/student/.m2/repository/org/glassfish/jaxb/txw2/2.3.1/txw2-2.3.1.jar:/home/student/.m2/repository/com/sun/istack/istack-commons-runtime/3.0.7/istack-commons-runtime-3.0.7.jar:/home/student/.m2/repository/org/jvnet/staxex/stax-ex/1.8/stax-ex-1.8.jar:/home/student/.m2/repository/com/sun/xml/fastinfoset/FastInfoset/1.2.15/FastInfoset-1.2.15.jar:/home/student/.m2/repository/org/hibernate/hibernate-c3p0/5.4.4.Final/hibernate-c3p0-5.4.4.Final.jar:/home/student/.m2/repository/com/mchange/c3p0/0.9.5.3/c3p0-0.9.5.3.jar:/home/student/.m2/repository/com/mchange/mchange-commons-java/0.2.15/mchange-commons-java-0.2.15.jar:/home/student/.m2/repository/org/apache/logging/log4j/log4j-api/2.10.0/log4j-api-2.10.0.jar:/home/student/.m2/repository/org/apache/logging/log4j/log4j-core/2.10.0/log4j-core-2.10.0.jar, java.vm.vendor=Ubuntu, sun.arch.data.model=64, idea.test.cyclic.buffer.size=1048576, java.vendor.url=https://ubuntu.com/, user.timezone=America/Chicago, os.name=Linux, java.vm.specification.version=11, sun.java.launcher=SUN_STANDARD, user.country=US, sun.boot.library.path=/usr/lib/jvm/java-11-openjdk-amd64/lib, sun.java.command=com.intellij.rt.junit.JUnitStarter -ideVersion5 -junit5 com.euchreleague.persistence.UserRolesDaoTest,insertSuccess, jdk.debug=release, sun.cpu.endian=little, user.home=/home/student, hibernate.c3p0.max_statements=50, user.language=en, java.specification.vendor=Oracle Corporation, java.version.date=2020-01-14, java.home=/usr/lib/jvm/java-11-openjdk-amd64, file.separator=/, java.vm.compressedOopsMode=Zero based, line.separator=
, hibernate.c3p0.timeout=300, java.specification.name=Java Platform API Specification, java.vm.specification.vendor=Oracle Corporation, java.awt.graphicsenv=sun.awt.X11GraphicsEnvironment, connection.password=@Tonyawatha18, sun.management.compiler=HotSpot 64-Bit Tiered Compilers, hibernate.c3p0.max_size=20, java.runtime.version=11.0.6+10-post-Ubuntu-1ubuntu118.04.1, user.name=student, path.separator=:, hibernate.connection.username=****, os.version=5.3.0-40-generic, java.runtime.name=OpenJDK Runtime Environment, hibernate.connection.url=jdbc:mysql://localhost:3306/test_EuchreLeague, file.encoding=UTF-8, java.vm.name=OpenJDK 64-Bit Server VM, hibernate.connection.driver_class=com.mysql.cj.jdbc.Driver, java.vendor.url.bug=https://bugs.launchpad.net/ubuntu/+source/openjdk-lts, java.io.tmpdir=/tmp, java.version=11.0.6, user.dir=/home/student/IdeaProjects/euchreLeague, os.arch=amd64, connection.username=root, java.vm.specification.name=Java Virtual Machine Specification, java.awt.printerjob=sun.print.PSPrinterJob, hibernate.connection.password=****, sun.os.patch.level=unknown, connection.driver_class=com.mysql.cj.jdbc.Driver, hibernate.boot.CfgXmlAccessService.key=org.hibernate.boot.cfgxml.spi.LoadedConfig@6504a875, java.library.path=/usr/java/packages/lib:/usr/lib/x86_64-linux-gnu/jni:/lib/x86_64-linux-gnu:/usr/lib/x86_64-linux-gnu:/usr/lib/jni:/lib:/usr/lib, java.vendor=Ubuntu, java.vm.info=mixed mode, sharing, java.vm.version=11.0.6+10-post-Ubuntu-1ubuntu118.04.1, hibernate.bytecode.use_reflection_optimizer=false, sun.io.unicode.encoding=UnicodeLittle, connection.url=jdbc:mysql://localhost:3306/test_EuchreLeague, java.class.version=55.0}
[DEBUG] 2020-03-04 19:37:13.494 [main] TypeSafeActivator - Unable to acquire Bean Validation ValidatorFactory, skipping activation
[DEBUG] 2020-03-04 19:37:13.494 [main] JaccIntegrator - Skipping JACC integration as it was not enabled
[DEBUG] 2020-03-04 19:37:13.494 [main] SessionFactoryImpl - Instantiated session factory
[DEBUG] 2020-03-04 19:37:13.495 [main] TypeConfiguration$Scope - Scoping TypeConfiguration [org.hibernate.type.spi.TypeConfiguration@7b7683d4] to SessionFactoryImpl [org.hibernate.internal.SessionFactoryImpl@e76b097]
[DEBUG] 2020-03-04 19:37:13.527 [main] ClassLoaderAccessImpl - Not known whether passed class name [com.euchreleague.entity.UserRoles] is safe
[DEBUG] 2020-03-04 19:37:13.527 [main] ClassLoaderAccessImpl - No temp ClassLoader provided; using live ClassLoader for loading potentially unsafe class : com.euchreleague.entity.UserRoles
[DEBUG] 2020-03-04 19:37:13.545 [main] ClassLoaderAccessImpl - Not known whether passed class name [com.euchreleague.entity.UserRoles] is safe
[DEBUG] 2020-03-04 19:37:13.545 [main] ClassLoaderAccessImpl - No temp ClassLoader provided; using live ClassLoader for loading potentially unsafe class : com.euchreleague.entity.UserRoles
[DEBUG] 2020-03-04 19:37:13.733 [main] ClassLoaderAccessImpl - Not known whether passed class name [com.euchreleague.entity.Team] is safe
[DEBUG] 2020-03-04 19:37:13.733 [main] ClassLoaderAccessImpl - No temp ClassLoader provided; using live ClassLoader for loading potentially unsafe class : com.euchreleague.entity.Team
[DEBUG] 2020-03-04 19:37:13.734 [main] ClassLoaderAccessImpl - Not known whether passed class name [com.euchreleague.entity.Team] is safe
[DEBUG] 2020-03-04 19:37:13.734 [main] ClassLoaderAccessImpl - No temp ClassLoader provided; using live ClassLoader for loading potentially unsafe class : com.euchreleague.entity.Team
[DEBUG] 2020-03-04 19:37:13.755 [main] ClassLoaderAccessImpl - Not known whether passed class name [com.euchreleague.entity.User] is safe
[DEBUG] 2020-03-04 19:37:13.755 [main] ClassLoaderAccessImpl - No temp ClassLoader provided; using live ClassLoader for loading potentially unsafe class : com.euchreleague.entity.User
[DEBUG] 2020-03-04 19:37:13.755 [main] ClassLoaderAccessImpl - Not known whether passed class name [com.euchreleague.entity.User] is safe
[DEBUG] 2020-03-04 19:37:13.755 [main] ClassLoaderAccessImpl - No temp ClassLoader provided; using live ClassLoader for loading potentially unsafe class : com.euchreleague.entity.User
[DEBUG] 2020-03-04 19:37:13.782 [main] AbstractCollectionPersister - Static SQL for collection: com.euchreleague.entity.User.userRoles
[DEBUG] 2020-03-04 19:37:13.782 [main] AbstractCollectionPersister -  Row insert: update user_roles set user_id=? where id=?
[DEBUG] 2020-03-04 19:37:13.782 [main] AbstractCollectionPersister -  Row update: update user_roles set  where id=?
[DEBUG] 2020-03-04 19:37:13.782 [main] AbstractCollectionPersister -  Row delete: update user_roles set user_id=null where user_id=? and id=?
[DEBUG] 2020-03-04 19:37:13.782 [main] AbstractCollectionPersister -  One-shot delete: update user_roles set user_id=null where user_id=?
[DEBUG] 2020-03-04 19:37:13.785 [main] AbstractEntityPersister - Static SQL for entity: com.euchreleague.entity.UserRoles
[DEBUG] 2020-03-04 19:37:13.785 [main] AbstractEntityPersister -  Version select: select id from user_roles where id =?
[DEBUG] 2020-03-04 19:37:13.785 [main] AbstractEntityPersister -  Snapshot select: select userroles_.id, userroles_.role_name as role_nam2_2_, userroles_.user_id as user_id3_2_ from user_roles userroles_ where userroles_.id=?
[DEBUG] 2020-03-04 19:37:13.785 [main] AbstractEntityPersister -  Insert 0: insert into user_roles (role_name, user_id, id) values (?, ?, ?)
[DEBUG] 2020-03-04 19:37:13.785 [main] AbstractEntityPersister -  Update 0: update user_roles set role_name=?, user_id=? where id=?
[DEBUG] 2020-03-04 19:37:13.785 [main] AbstractEntityPersister -  Delete 0: delete from user_roles where id=?
[DEBUG] 2020-03-04 19:37:13.786 [main] AbstractEntityPersister -  Identity insert: insert into user_roles (role_name, user_id) values (?, ?)
[DEBUG] 2020-03-04 19:37:13.803 [main] QuerySpacesImpl - Adding QuerySpace : uid = <gen:0> -> org.hibernate.loader.plan.build.internal.spaces.EntityQuerySpaceImpl@766a52f5]
[DEBUG] 2020-03-04 19:37:13.804 [main] MetamodelGraphWalker - Visiting attribute path : roleName
[DEBUG] 2020-03-04 19:37:13.804 [main] MetamodelGraphWalker - Visiting attribute path : user
[DEBUG] 2020-03-04 19:37:13.806 [main] QuerySpacesImpl - Adding QuerySpace : uid = <gen:1> -> org.hibernate.loader.plan.build.internal.spaces.EntityQuerySpaceImpl@5d66e944]
[DEBUG] 2020-03-04 19:37:13.807 [main] MetamodelGraphWalker - Visiting attribute path : user.firstName
[DEBUG] 2020-03-04 19:37:13.807 [main] MetamodelGraphWalker - Visiting attribute path : user.lastName
[DEBUG] 2020-03-04 19:37:13.807 [main] MetamodelGraphWalker - Visiting attribute path : user.userName
[DEBUG] 2020-03-04 19:37:13.807 [main] MetamodelGraphWalker - Visiting attribute path : user.userPassword
[DEBUG] 2020-03-04 19:37:13.807 [main] MetamodelGraphWalker - Visiting attribute path : user.userRoles
[DEBUG] 2020-03-04 19:37:13.807 [main] MetamodelGraphWalker - Property path deemed to be circular : user.userRoles
[DEBUG] 2020-03-04 19:37:13.809 [main] FetchStyleLoadPlanBuildingAssociationVisitationStrategy - Building LoadPlan...
[DEBUG] 2020-03-04 19:37:13.822 [main] LoadQueryJoinAndFetchProcessor - processing queryspace <gen:0>
[DEBUG] 2020-03-04 19:37:13.825 [main] LoadPlanTreePrinter - LoadPlan(entity=com.euchreleague.entity.UserRoles)
    - Returns
       - EntityReturnImpl(entity=com.euchreleague.entity.UserRoles, querySpaceUid=<gen:0>, path=com.euchreleague.entity.UserRoles)
          - EntityAttributeFetchImpl(entity=com.euchreleague.entity.User, querySpaceUid=<gen:1>, path=com.euchreleague.entity.UserRoles.user)
    - QuerySpaces
       - EntityQuerySpaceImpl(uid=<gen:0>, entity=com.euchreleague.entity.UserRoles)
          - SQL table alias mapping - userroles0_
          - alias suffix - 0_
          - suffixed key columns - {id1_2_0_}
          - JOIN (JoinDefinedByMetadata(user)) : <gen:0> -> <gen:1>
             - EntityQuerySpaceImpl(uid=<gen:1>, entity=com.euchreleague.entity.User)
                - SQL table alias mapping - user1_
                - alias suffix - 1_
                - suffixed key columns - {id1_1_1_}

[DEBUG] 2020-03-04 19:37:13.826 [main] EntityLoader - Static select for entity com.euchreleague.entity.UserRoles [NONE]: select userroles0_.id as id1_2_0_, userroles0_.role_name as role_nam2_2_0_, userroles0_.user_id as user_id3_2_0_, user1_.id as id1_1_1_, user1_.first_name as first_na2_1_1_, user1_.last_name as last_nam3_1_1_, user1_.user_name as user_nam4_1_1_, user1_.user_password as user_pas5_1_1_ from user_roles userroles0_ left outer join user user1_ on userroles0_.user_id=user1_.id where userroles0_.id=?
[DEBUG] 2020-03-04 19:37:13.826 [main] QuerySpacesImpl - Adding QuerySpace : uid = <gen:0> -> org.hibernate.loader.plan.build.internal.spaces.EntityQuerySpaceImpl@5d7911d5]
[DEBUG] 2020-03-04 19:37:13.827 [main] MetamodelGraphWalker - Visiting attribute path : roleName
[DEBUG] 2020-03-04 19:37:13.827 [main] MetamodelGraphWalker - Visiting attribute path : user
[DEBUG] 2020-03-04 19:37:13.827 [main] QuerySpacesImpl - Adding QuerySpace : uid = <gen:1> -> org.hibernate.loader.plan.build.internal.spaces.EntityQuerySpaceImpl@5a08b084]
[DEBUG] 2020-03-04 19:37:13.827 [main] MetamodelGraphWalker - Visiting attribute path : user.firstName
[DEBUG] 2020-03-04 19:37:13.827 [main] MetamodelGraphWalker - Visiting attribute path : user.lastName
[DEBUG] 2020-03-04 19:37:13.827 [main] MetamodelGraphWalker - Visiting attribute path : user.userName
[DEBUG] 2020-03-04 19:37:13.827 [main] MetamodelGraphWalker - Visiting attribute path : user.userPassword
[DEBUG] 2020-03-04 19:37:13.827 [main] MetamodelGraphWalker - Visiting attribute path : user.userRoles
[DEBUG] 2020-03-04 19:37:13.827 [main] MetamodelGraphWalker - Property path deemed to be circular : user.userRoles
[DEBUG] 2020-03-04 19:37:13.827 [main] FetchStyleLoadPlanBuildingAssociationVisitationStrategy - Building LoadPlan...
[DEBUG] 2020-03-04 19:37:13.827 [main] LoadQueryJoinAndFetchProcessor - processing queryspace <gen:0>
[DEBUG] 2020-03-04 19:37:13.827 [main] LoadPlanTreePrinter - LoadPlan(entity=com.euchreleague.entity.UserRoles)
    - Returns
       - EntityReturnImpl(entity=com.euchreleague.entity.UserRoles, querySpaceUid=<gen:0>, path=com.euchreleague.entity.UserRoles)
          - EntityAttributeFetchImpl(entity=com.euchreleague.entity.User, querySpaceUid=<gen:1>, path=com.euchreleague.entity.UserRoles.user)
    - QuerySpaces
       - EntityQuerySpaceImpl(uid=<gen:0>, entity=com.euchreleague.entity.UserRoles)
          - SQL table alias mapping - userroles0_
          - alias suffix - 0_
          - suffixed key columns - {id1_2_0_}
          - JOIN (JoinDefinedByMetadata(user)) : <gen:0> -> <gen:1>
             - EntityQuerySpaceImpl(uid=<gen:1>, entity=com.euchreleague.entity.User)
                - SQL table alias mapping - user1_
                - alias suffix - 1_
                - suffixed key columns - {id1_1_1_}

[DEBUG] 2020-03-04 19:37:13.827 [main] EntityLoader - Static select for entity com.euchreleague.entity.UserRoles [READ]: select userroles0_.id as id1_2_0_, userroles0_.role_name as role_nam2_2_0_, userroles0_.user_id as user_id3_2_0_, user1_.id as id1_1_1_, user1_.first_name as first_na2_1_1_, user1_.last_name as last_nam3_1_1_, user1_.user_name as user_nam4_1_1_, user1_.user_password as user_pas5_1_1_ from user_roles userroles0_ left outer join user user1_ on userroles0_.user_id=user1_.id where userroles0_.id=?
[DEBUG] 2020-03-04 19:37:13.835 [main] Loader - Static select for action ACTION_MERGE on entity com.euchreleague.entity.UserRoles: select userroles0_.id as id1_2_0_, userroles0_.role_name as role_nam2_2_0_, userroles0_.user_id as user_id3_2_0_ from user_roles userroles0_ where userroles0_.id=?
[DEBUG] 2020-03-04 19:37:13.836 [main] Loader - Static select for action ACTION_REFRESH on entity com.euchreleague.entity.UserRoles: select userroles0_.id as id1_2_0_, userroles0_.role_name as role_nam2_2_0_, userroles0_.user_id as user_id3_2_0_ from user_roles userroles0_ where userroles0_.id=?
[DEBUG] 2020-03-04 19:37:13.836 [main] AbstractEntityPersister - Static SQL for entity: com.euchreleague.entity.Team
[DEBUG] 2020-03-04 19:37:13.836 [main] AbstractEntityPersister -  Version select: select id from team where id =?
[DEBUG] 2020-03-04 19:37:13.836 [main] AbstractEntityPersister -  Snapshot select: select team_.id, team_.name as name2_0_, team_.player1_id as player3_0_, team_.player2_id as player4_0_, team_.user_name as user_nam5_0_ from team team_ where team_.id=?
[DEBUG] 2020-03-04 19:37:13.836 [main] AbstractEntityPersister -  Insert 0: insert into team (name, player1_id, player2_id, user_name, id) values (?, ?, ?, ?, ?)
[DEBUG] 2020-03-04 19:37:13.836 [main] AbstractEntityPersister -  Update 0: update team set name=?, player1_id=?, player2_id=?, user_name=? where id=?
[DEBUG] 2020-03-04 19:37:13.836 [main] AbstractEntityPersister -  Delete 0: delete from team where id=?
[DEBUG] 2020-03-04 19:37:13.836 [main] AbstractEntityPersister -  Identity insert: insert into team (name, player1_id, player2_id, user_name) values (?, ?, ?, ?)
[DEBUG] 2020-03-04 19:37:13.836 [main] QuerySpacesImpl - Adding QuerySpace : uid = <gen:0> -> org.hibernate.loader.plan.build.internal.spaces.EntityQuerySpaceImpl@2c0c4c0a]
[DEBUG] 2020-03-04 19:37:13.837 [main] MetamodelGraphWalker - Visiting attribute path : name
[DEBUG] 2020-03-04 19:37:13.837 [main] MetamodelGraphWalker - Visiting attribute path : playerOneId
[DEBUG] 2020-03-04 19:37:13.837 [main] MetamodelGraphWalker - Visiting attribute path : playerTwoId
[DEBUG] 2020-03-04 19:37:13.837 [main] MetamodelGraphWalker - Visiting attribute path : user
[DEBUG] 2020-03-04 19:37:13.837 [main] QuerySpacesImpl - Adding QuerySpace : uid = <gen:1> -> org.hibernate.loader.plan.build.internal.spaces.EntityQuerySpaceImpl@bb25753]
[DEBUG] 2020-03-04 19:37:13.837 [main] MetamodelGraphWalker - Visiting attribute path : user.firstName
[DEBUG] 2020-03-04 19:37:13.837 [main] MetamodelGraphWalker - Visiting attribute path : user.lastName
[DEBUG] 2020-03-04 19:37:13.837 [main] MetamodelGraphWalker - Visiting attribute path : user.userName
[DEBUG] 2020-03-04 19:37:13.837 [main] MetamodelGraphWalker - Visiting attribute path : user.userPassword
[DEBUG] 2020-03-04 19:37:13.837 [main] MetamodelGraphWalker - Visiting attribute path : user.userRoles
[DEBUG] 2020-03-04 19:37:13.837 [main] QuerySpacesImpl - Adding QuerySpace : uid = <gen:2> -> org.hibernate.loader.plan.build.internal.spaces.CollectionQuerySpaceImpl@543d5863]
[DEBUG] 2020-03-04 19:37:13.839 [main] QuerySpacesImpl - Adding QuerySpace : uid = <gen:3> -> org.hibernate.loader.plan.build.internal.spaces.EntityQuerySpaceImpl@664e848c]
[DEBUG] 2020-03-04 19:37:13.841 [main] MetamodelGraphWalker - Visiting attribute path : user.userRoles.roleName
[DEBUG] 2020-03-04 19:37:13.842 [main] MetamodelGraphWalker - Visiting attribute path : user.userRoles.user
[DEBUG] 2020-03-04 19:37:13.843 [main] MetamodelGraphWalker - Property path deemed to be circular : user.userRoles.user
[DEBUG] 2020-03-04 19:37:13.847 [main] FetchStyleLoadPlanBuildingAssociationVisitationStrategy - Building LoadPlan...
[DEBUG] 2020-03-04 19:37:13.847 [main] LoadQueryJoinAndFetchProcessor - processing queryspace <gen:0>
[DEBUG] 2020-03-04 19:37:13.850 [main] LoadPlanTreePrinter - LoadPlan(entity=com.euchreleague.entity.Team)
    - Returns
       - EntityReturnImpl(entity=com.euchreleague.entity.Team, querySpaceUid=<gen:0>, path=com.euchreleague.entity.Team)
          - EntityAttributeFetchImpl(entity=com.euchreleague.entity.User, querySpaceUid=<gen:1>, path=com.euchreleague.entity.Team.user)
             - CollectionAttributeFetchImpl(collection=com.euchreleague.entity.User.userRoles, querySpaceUid=<gen:2>, path=com.euchreleague.entity.Team.user.userRoles)
                - (collection element) CollectionFetchableElementEntityGraph(entity=com.euchreleague.entity.UserRoles, querySpaceUid=<gen:3>, path=com.euchreleague.entity.Team.user.userRoles.<elements>)
    - QuerySpaces
       - EntityQuerySpaceImpl(uid=<gen:0>, entity=com.euchreleague.entity.Team)
          - SQL table alias mapping - team0_
          - alias suffix - 0_
          - suffixed key columns - {id1_0_0_}
          - JOIN (JoinDefinedByMetadata(user)) : <gen:0> -> <gen:1>
             - EntityQuerySpaceImpl(uid=<gen:1>, entity=com.euchreleague.entity.User)
                - SQL table alias mapping - user1_
                - alias suffix - 1_
                - suffixed key columns - {id1_1_1_}
                - JOIN (JoinDefinedByMetadata(userRoles)) : <gen:1> -> <gen:2>
                   - CollectionQuerySpaceImpl(uid=<gen:2>, collection=com.euchreleague.entity.User.userRoles)
                      - SQL table alias mapping - userroles2_
                      - alias suffix - 2_
                      - suffixed key columns - {user_id3_2_2_}
                      - entity-element alias suffix - 3_
                      - 3_entity-element suffixed key columns - id1_2_3_
                      - JOIN (JoinDefinedByMetadata(elements)) : <gen:2> -> <gen:3>
                         - EntityQuerySpaceImpl(uid=<gen:3>, entity=com.euchreleague.entity.UserRoles)
                            - SQL table alias mapping - userroles2_
                            - alias suffix - 3_
                            - suffixed key columns - {id1_2_3_}

[DEBUG] 2020-03-04 19:37:13.850 [main] EntityLoader - Static select for entity com.euchreleague.entity.Team [NONE]: select team0_.id as id1_0_0_, team0_.name as name2_0_0_, team0_.player1_id as player3_0_0_, team0_.player2_id as player4_0_0_, team0_.user_name as user_nam5_0_0_, user1_.id as id1_1_1_, user1_.first_name as first_na2_1_1_, user1_.last_name as last_nam3_1_1_, user1_.user_name as user_nam4_1_1_, user1_.user_password as user_pas5_1_1_, userroles2_.user_id as user_id3_2_2_, userroles2_.id as id1_2_2_, userroles2_.id as id1_2_3_, userroles2_.role_name as role_nam2_2_3_, userroles2_.user_id as user_id3_2_3_ from team team0_ left outer join user user1_ on team0_.user_name=user1_.id left outer join user_roles userroles2_ on user1_.id=userroles2_.user_id where team0_.id=?
[DEBUG] 2020-03-04 19:37:13.850 [main] QuerySpacesImpl - Adding QuerySpace : uid = <gen:0> -> org.hibernate.loader.plan.build.internal.spaces.EntityQuerySpaceImpl@4f93bf0a]
[DEBUG] 2020-03-04 19:37:13.850 [main] MetamodelGraphWalker - Visiting attribute path : name
[DEBUG] 2020-03-04 19:37:13.850 [main] MetamodelGraphWalker - Visiting attribute path : playerOneId
[DEBUG] 2020-03-04 19:37:13.850 [main] MetamodelGraphWalker - Visiting attribute path : playerTwoId
[DEBUG] 2020-03-04 19:37:13.850 [main] MetamodelGraphWalker - Visiting attribute path : user
[DEBUG] 2020-03-04 19:37:13.850 [main] QuerySpacesImpl - Adding QuerySpace : uid = <gen:1> -> org.hibernate.loader.plan.build.internal.spaces.EntityQuerySpaceImpl@656a3d6b]
[DEBUG] 2020-03-04 19:37:13.850 [main] MetamodelGraphWalker - Visiting attribute path : user.firstName
[DEBUG] 2020-03-04 19:37:13.850 [main] MetamodelGraphWalker - Visiting attribute path : user.lastName
[DEBUG] 2020-03-04 19:37:13.850 [main] MetamodelGraphWalker - Visiting attribute path : user.userName
[DEBUG] 2020-03-04 19:37:13.850 [main] MetamodelGraphWalker - Visiting attribute path : user.userPassword
[DEBUG] 2020-03-04 19:37:13.850 [main] MetamodelGraphWalker - Visiting attribute path : user.userRoles
[DEBUG] 2020-03-04 19:37:13.850 [main] QuerySpacesImpl - Adding QuerySpace : uid = <gen:2> -> org.hibernate.loader.plan.build.internal.spaces.CollectionQuerySpaceImpl@778a1250]
[DEBUG] 2020-03-04 19:37:13.850 [main] QuerySpacesImpl - Adding QuerySpace : uid = <gen:3> -> org.hibernate.loader.plan.build.internal.spaces.EntityQuerySpaceImpl@55acec99]
[DEBUG] 2020-03-04 19:37:13.850 [main] MetamodelGraphWalker - Visiting attribute path : user.userRoles.roleName
[DEBUG] 2020-03-04 19:37:13.850 [main] MetamodelGraphWalker - Visiting attribute path : user.userRoles.user
[DEBUG] 2020-03-04 19:37:13.850 [main] MetamodelGraphWalker - Property path deemed to be circular : user.userRoles.user
[DEBUG] 2020-03-04 19:37:13.850 [main] FetchStyleLoadPlanBuildingAssociationVisitationStrategy - Building LoadPlan...
[DEBUG] 2020-03-04 19:37:13.850 [main] LoadQueryJoinAndFetchProcessor - processing queryspace <gen:0>
[DEBUG] 2020-03-04 19:37:13.850 [main] LoadPlanTreePrinter - LoadPlan(entity=com.euchreleague.entity.Team)
    - Returns
       - EntityReturnImpl(entity=com.euchreleague.entity.Team, querySpaceUid=<gen:0>, path=com.euchreleague.entity.Team)
          - EntityAttributeFetchImpl(entity=com.euchreleague.entity.User, querySpaceUid=<gen:1>, path=com.euchreleague.entity.Team.user)
             - CollectionAttributeFetchImpl(collection=com.euchreleague.entity.User.userRoles, querySpaceUid=<gen:2>, path=com.euchreleague.entity.Team.user.userRoles)
                - (collection element) CollectionFetchableElementEntityGraph(entity=com.euchreleague.entity.UserRoles, querySpaceUid=<gen:3>, path=com.euchreleague.entity.Team.user.userRoles.<elements>)
    - QuerySpaces
       - EntityQuerySpaceImpl(uid=<gen:0>, entity=com.euchreleague.entity.Team)
          - SQL table alias mapping - team0_
          - alias suffix - 0_
          - suffixed key columns - {id1_0_0_}
          - JOIN (JoinDefinedByMetadata(user)) : <gen:0> -> <gen:1>
             - EntityQuerySpaceImpl(uid=<gen:1>, entity=com.euchreleague.entity.User)
                - SQL table alias mapping - user1_
                - alias suffix - 1_
                - suffixed key columns - {id1_1_1_}
                - JOIN (JoinDefinedByMetadata(userRoles)) : <gen:1> -> <gen:2>
                   - CollectionQuerySpaceImpl(uid=<gen:2>, collection=com.euchreleague.entity.User.userRoles)
                      - SQL table alias mapping - userroles2_
                      - alias suffix - 2_
                      - suffixed key columns - {user_id3_2_2_}
                      - entity-element alias suffix - 3_
                      - 3_entity-element suffixed key columns - id1_2_3_
                      - JOIN (JoinDefinedByMetadata(elements)) : <gen:2> -> <gen:3>
                         - EntityQuerySpaceImpl(uid=<gen:3>, entity=com.euchreleague.entity.UserRoles)
                            - SQL table alias mapping - userroles2_
                            - alias suffix - 3_
                            - suffixed key columns - {id1_2_3_}

[DEBUG] 2020-03-04 19:37:13.851 [main] EntityLoader - Static select for entity com.euchreleague.entity.Team [READ]: select team0_.id as id1_0_0_, team0_.name as name2_0_0_, team0_.player1_id as player3_0_0_, team0_.player2_id as player4_0_0_, team0_.user_name as user_nam5_0_0_, user1_.id as id1_1_1_, user1_.first_name as first_na2_1_1_, user1_.last_name as last_nam3_1_1_, user1_.user_name as user_nam4_1_1_, user1_.user_password as user_pas5_1_1_, userroles2_.user_id as user_id3_2_2_, userroles2_.id as id1_2_2_, userroles2_.id as id1_2_3_, userroles2_.role_name as role_nam2_2_3_, userroles2_.user_id as user_id3_2_3_ from team team0_ left outer join user user1_ on team0_.user_name=user1_.id left outer join user_roles userroles2_ on user1_.id=userroles2_.user_id where team0_.id=?
[DEBUG] 2020-03-04 19:37:13.851 [main] Loader - Static select for action ACTION_MERGE on entity com.euchreleague.entity.Team: select team0_.id as id1_0_0_, team0_.name as name2_0_0_, team0_.player1_id as player3_0_0_, team0_.player2_id as player4_0_0_, team0_.user_name as user_nam5_0_0_ from team team0_ where team0_.id=?
[DEBUG] 2020-03-04 19:37:13.851 [main] Loader - Static select for action ACTION_REFRESH on entity com.euchreleague.entity.Team: select team0_.id as id1_0_0_, team0_.name as name2_0_0_, team0_.player1_id as player3_0_0_, team0_.player2_id as player4_0_0_, team0_.user_name as user_nam5_0_0_ from team team0_ where team0_.id=?
[DEBUG] 2020-03-04 19:37:13.851 [main] AbstractEntityPersister - Static SQL for entity: com.euchreleague.entity.User
[DEBUG] 2020-03-04 19:37:13.851 [main] AbstractEntityPersister -  Version select: select id from user where id =?
[DEBUG] 2020-03-04 19:37:13.851 [main] AbstractEntityPersister -  Snapshot select: select user_.id, user_.first_name as first_na2_1_, user_.last_name as last_nam3_1_, user_.user_name as user_nam4_1_, user_.user_password as user_pas5_1_ from user user_ where user_.id=?
[DEBUG] 2020-03-04 19:37:13.851 [main] AbstractEntityPersister -  Insert 0: insert into user (first_name, last_name, user_name, user_password, id) values (?, ?, ?, ?, ?)
[DEBUG] 2020-03-04 19:37:13.851 [main] AbstractEntityPersister -  Update 0: update user set first_name=?, last_name=?, user_name=?, user_password=? where id=?
[DEBUG] 2020-03-04 19:37:13.851 [main] AbstractEntityPersister -  Delete 0: delete from user where id=?
[DEBUG] 2020-03-04 19:37:13.851 [main] AbstractEntityPersister -  Identity insert: insert into user (first_name, last_name, user_name, user_password) values (?, ?, ?, ?)
[DEBUG] 2020-03-04 19:37:13.851 [main] QuerySpacesImpl - Adding QuerySpace : uid = <gen:0> -> org.hibernate.loader.plan.build.internal.spaces.EntityQuerySpaceImpl@7f3ca64a]
[DEBUG] 2020-03-04 19:37:13.851 [main] MetamodelGraphWalker - Visiting attribute path : firstName
[DEBUG] 2020-03-04 19:37:13.851 [main] MetamodelGraphWalker - Visiting attribute path : lastName
[DEBUG] 2020-03-04 19:37:13.851 [main] MetamodelGraphWalker - Visiting attribute path : userName
[DEBUG] 2020-03-04 19:37:13.851 [main] MetamodelGraphWalker - Visiting attribute path : userPassword
[DEBUG] 2020-03-04 19:37:13.851 [main] MetamodelGraphWalker - Visiting attribute path : userRoles
[DEBUG] 2020-03-04 19:37:13.851 [main] QuerySpacesImpl - Adding QuerySpace : uid = <gen:1> -> org.hibernate.loader.plan.build.internal.spaces.CollectionQuerySpaceImpl@64e7d698]
[DEBUG] 2020-03-04 19:37:13.851 [main] QuerySpacesImpl - Adding QuerySpace : uid = <gen:2> -> org.hibernate.loader.plan.build.internal.spaces.EntityQuerySpaceImpl@2519026b]
[DEBUG] 2020-03-04 19:37:13.851 [main] MetamodelGraphWalker - Visiting attribute path : userRoles.roleName
[DEBUG] 2020-03-04 19:37:13.851 [main] MetamodelGraphWalker - Visiting attribute path : userRoles.user
[DEBUG] 2020-03-04 19:37:13.851 [main] MetamodelGraphWalker - Property path deemed to be circular : userRoles.user
[DEBUG] 2020-03-04 19:37:13.851 [main] FetchStyleLoadPlanBuildingAssociationVisitationStrategy - Building LoadPlan...
[DEBUG] 2020-03-04 19:37:13.851 [main] LoadQueryJoinAndFetchProcessor - processing queryspace <gen:0>
[DEBUG] 2020-03-04 19:37:13.852 [main] LoadPlanTreePrinter - LoadPlan(entity=com.euchreleague.entity.User)
    - Returns
       - EntityReturnImpl(entity=com.euchreleague.entity.User, querySpaceUid=<gen:0>, path=com.euchreleague.entity.User)
          - CollectionAttributeFetchImpl(collection=com.euchreleague.entity.User.userRoles, querySpaceUid=<gen:1>, path=com.euchreleague.entity.User.userRoles)
             - (collection element) CollectionFetchableElementEntityGraph(entity=com.euchreleague.entity.UserRoles, querySpaceUid=<gen:2>, path=com.euchreleague.entity.User.userRoles.<elements>)
    - QuerySpaces
       - EntityQuerySpaceImpl(uid=<gen:0>, entity=com.euchreleague.entity.User)
          - SQL table alias mapping - user0_
          - alias suffix - 0_
          - suffixed key columns - {id1_1_0_}
          - JOIN (JoinDefinedByMetadata(userRoles)) : <gen:0> -> <gen:1>
             - CollectionQuerySpaceImpl(uid=<gen:1>, collection=com.euchreleague.entity.User.userRoles)
                - SQL table alias mapping - userroles1_
                - alias suffix - 1_
                - suffixed key columns - {user_id3_2_1_}
                - entity-element alias suffix - 2_
                - 2_entity-element suffixed key columns - id1_2_2_
                - JOIN (JoinDefinedByMetadata(elements)) : <gen:1> -> <gen:2>
                   - EntityQuerySpaceImpl(uid=<gen:2>, entity=com.euchreleague.entity.UserRoles)
                      - SQL table alias mapping - userroles1_
                      - alias suffix - 2_
                      - suffixed key columns - {id1_2_2_}

[DEBUG] 2020-03-04 19:37:13.852 [main] EntityLoader - Static select for entity com.euchreleague.entity.User [NONE]: select user0_.id as id1_1_0_, user0_.first_name as first_na2_1_0_, user0_.last_name as last_nam3_1_0_, user0_.user_name as user_nam4_1_0_, user0_.user_password as user_pas5_1_0_, userroles1_.user_id as user_id3_2_1_, userroles1_.id as id1_2_1_, userroles1_.id as id1_2_2_, userroles1_.role_name as role_nam2_2_2_, userroles1_.user_id as user_id3_2_2_ from user user0_ left outer join user_roles userroles1_ on user0_.id=userroles1_.user_id where user0_.id=?
[DEBUG] 2020-03-04 19:37:13.852 [main] QuerySpacesImpl - Adding QuerySpace : uid = <gen:0> -> org.hibernate.loader.plan.build.internal.spaces.EntityQuerySpaceImpl@1a950fdd]
[DEBUG] 2020-03-04 19:37:13.852 [main] MetamodelGraphWalker - Visiting attribute path : firstName
[DEBUG] 2020-03-04 19:37:13.852 [main] MetamodelGraphWalker - Visiting attribute path : lastName
[DEBUG] 2020-03-04 19:37:13.852 [main] MetamodelGraphWalker - Visiting attribute path : userName
[DEBUG] 2020-03-04 19:37:13.852 [main] MetamodelGraphWalker - Visiting attribute path : userPassword
[DEBUG] 2020-03-04 19:37:13.852 [main] MetamodelGraphWalker - Visiting attribute path : userRoles
[DEBUG] 2020-03-04 19:37:13.852 [main] QuerySpacesImpl - Adding QuerySpace : uid = <gen:1> -> org.hibernate.loader.plan.build.internal.spaces.CollectionQuerySpaceImpl@27dc627a]
[DEBUG] 2020-03-04 19:37:13.852 [main] QuerySpacesImpl - Adding QuerySpace : uid = <gen:2> -> org.hibernate.loader.plan.build.internal.spaces.EntityQuerySpaceImpl@570ba13]
[DEBUG] 2020-03-04 19:37:13.852 [main] MetamodelGraphWalker - Visiting attribute path : userRoles.roleName
[DEBUG] 2020-03-04 19:37:13.852 [main] MetamodelGraphWalker - Visiting attribute path : userRoles.user
[DEBUG] 2020-03-04 19:37:13.852 [main] MetamodelGraphWalker - Property path deemed to be circular : userRoles.user
[DEBUG] 2020-03-04 19:37:13.852 [main] FetchStyleLoadPlanBuildingAssociationVisitationStrategy - Building LoadPlan...
[DEBUG] 2020-03-04 19:37:13.852 [main] LoadQueryJoinAndFetchProcessor - processing queryspace <gen:0>
[DEBUG] 2020-03-04 19:37:13.852 [main] LoadPlanTreePrinter - LoadPlan(entity=com.euchreleague.entity.User)
    - Returns
       - EntityReturnImpl(entity=com.euchreleague.entity.User, querySpaceUid=<gen:0>, path=com.euchreleague.entity.User)
          - CollectionAttributeFetchImpl(collection=com.euchreleague.entity.User.userRoles, querySpaceUid=<gen:1>, path=com.euchreleague.entity.User.userRoles)
             - (collection element) CollectionFetchableElementEntityGraph(entity=com.euchreleague.entity.UserRoles, querySpaceUid=<gen:2>, path=com.euchreleague.entity.User.userRoles.<elements>)
    - QuerySpaces
       - EntityQuerySpaceImpl(uid=<gen:0>, entity=com.euchreleague.entity.User)
          - SQL table alias mapping - user0_
          - alias suffix - 0_
          - suffixed key columns - {id1_1_0_}
          - JOIN (JoinDefinedByMetadata(userRoles)) : <gen:0> -> <gen:1>
             - CollectionQuerySpaceImpl(uid=<gen:1>, collection=com.euchreleague.entity.User.userRoles)
                - SQL table alias mapping - userroles1_
                - alias suffix - 1_
                - suffixed key columns - {user_id3_2_1_}
                - entity-element alias suffix - 2_
                - 2_entity-element suffixed key columns - id1_2_2_
                - JOIN (JoinDefinedByMetadata(elements)) : <gen:1> -> <gen:2>
                   - EntityQuerySpaceImpl(uid=<gen:2>, entity=com.euchreleague.entity.UserRoles)
                      - SQL table alias mapping - userroles1_
                      - alias suffix - 2_
                      - suffixed key columns - {id1_2_2_}

[DEBUG] 2020-03-04 19:37:13.852 [main] EntityLoader - Static select for entity com.euchreleague.entity.User [READ]: select user0_.id as id1_1_0_, user0_.first_name as first_na2_1_0_, user0_.last_name as last_nam3_1_0_, user0_.user_name as user_nam4_1_0_, user0_.user_password as user_pas5_1_0_, userroles1_.user_id as user_id3_2_1_, userroles1_.id as id1_2_1_, userroles1_.id as id1_2_2_, userroles1_.role_name as role_nam2_2_2_, userroles1_.user_id as user_id3_2_2_ from user user0_ left outer join user_roles userroles1_ on user0_.id=userroles1_.user_id where user0_.id=?
[DEBUG] 2020-03-04 19:37:13.853 [main] Loader - Static select for action ACTION_MERGE on entity com.euchreleague.entity.User: select user0_.id as id1_1_1_, user0_.first_name as first_na2_1_1_, user0_.last_name as last_nam3_1_1_, user0_.user_name as user_nam4_1_1_, user0_.user_password as user_pas5_1_1_, userroles1_.user_id as user_id3_2_3_, userroles1_.id as id1_2_3_, userroles1_.id as id1_2_0_, userroles1_.role_name as role_nam2_2_0_, userroles1_.user_id as user_id3_2_0_ from user user0_ left outer join user_roles userroles1_ on user0_.id=userroles1_.user_id where user0_.id=?
[DEBUG] 2020-03-04 19:37:13.853 [main] Loader - Static select for action ACTION_REFRESH on entity com.euchreleague.entity.User: select user0_.id as id1_1_1_, user0_.first_name as first_na2_1_1_, user0_.last_name as last_nam3_1_1_, user0_.user_name as user_nam4_1_1_, user0_.user_password as user_pas5_1_1_, userroles1_.user_id as user_id3_2_3_, userroles1_.id as id1_2_3_, userroles1_.id as id1_2_0_, userroles1_.role_name as role_nam2_2_0_, userroles1_.user_id as user_id3_2_0_ from user user0_ left outer join user_roles userroles1_ on user0_.id=userroles1_.user_id where user0_.id=?
[DEBUG] 2020-03-04 19:37:13.855 [main] QuerySpacesImpl - Adding QuerySpace : uid = <gen:0> -> org.hibernate.loader.plan.build.internal.spaces.CollectionQuerySpaceImpl@2a8b33ba]
[DEBUG] 2020-03-04 19:37:13.855 [main] QuerySpacesImpl - Adding QuerySpace : uid = <gen:1> -> org.hibernate.loader.plan.build.internal.spaces.EntityQuerySpaceImpl@4e8b357d]
[DEBUG] 2020-03-04 19:37:13.855 [main] MetamodelGraphWalker - Visiting attribute path : roleName
[DEBUG] 2020-03-04 19:37:13.855 [main] MetamodelGraphWalker - Visiting attribute path : user
[DEBUG] 2020-03-04 19:37:13.855 [main] MetamodelGraphWalker - Property path deemed to be circular : user
[DEBUG] 2020-03-04 19:37:13.855 [main] FetchStyleLoadPlanBuildingAssociationVisitationStrategy - Building LoadPlan...
[DEBUG] 2020-03-04 19:37:13.856 [main] LoadQueryJoinAndFetchProcessor - processing queryspace <gen:0>
[DEBUG] 2020-03-04 19:37:13.856 [main] LoadPlanTreePrinter - LoadPlan(collection=com.euchreleague.entity.User.userRoles)
    - Returns
       - CollectionReturnImpl(collection=com.euchreleague.entity.User.userRoles, querySpaceUid=<gen:0>, path=[com.euchreleague.entity.User.userRoles])
          - (collection element) CollectionFetchableElementEntityGraph(entity=com.euchreleague.entity.UserRoles, querySpaceUid=<gen:1>, path=[com.euchreleague.entity.User.userRoles].<elements>)
    - QuerySpaces
       - CollectionQuerySpaceImpl(uid=<gen:0>, collection=com.euchreleague.entity.User.userRoles)
          - SQL table alias mapping - userroles0_
          - alias suffix - 0_
          - suffixed key columns - {user_id3_2_0_}
          - entity-element alias suffix - 1_
          - 1_entity-element suffixed key columns - id1_2_1_
          - JOIN (JoinDefinedByMetadata(elements)) : <gen:0> -> <gen:1>
             - EntityQuerySpaceImpl(uid=<gen:1>, entity=com.euchreleague.entity.UserRoles)
                - SQL table alias mapping - userroles0_
                - alias suffix - 1_
                - suffixed key columns - {id1_2_1_}

[DEBUG] 2020-03-04 19:37:13.856 [main] CollectionLoader - Static select for collection com.euchreleague.entity.User.userRoles: select userroles0_.user_id as user_id3_2_0_, userroles0_.id as id1_2_0_, userroles0_.id as id1_2_1_, userroles0_.role_name as role_nam2_2_1_, userroles0_.user_id as user_id3_2_1_ from user_roles userroles0_ where userroles0_.user_id=?
[DEBUG] 2020-03-04 19:37:13.874 [main] SchemaManagementToolCoordinator - No actions specified; doing nothing
[DEBUG] 2020-03-04 19:37:13.874 [main] JtaPlatformInitiator - No JtaPlatform was specified, checking resolver
[DEBUG] 2020-03-04 19:37:13.874 [main] JtaPlatformResolverInitiator - No JtaPlatformResolver was specified, using default [org.hibernate.engine.transaction.jta.platform.internal.StandardJtaPlatformResolver]
[DEBUG] 2020-03-04 19:37:13.876 [main] StandardJtaPlatformResolver - Could not resolve JtaPlatform, using default [org.hibernate.engine.transaction.jta.platform.internal.NoJtaPlatform]
[INFO ] 2020-03-04 19:37:13.877 [main] JtaPlatformInitiator - HHH000490: Using JtaPlatform implementation: [org.hibernate.engine.transaction.jta.platform.internal.NoJtaPlatform]
[DEBUG] 2020-03-04 19:37:13.877 [main] NamedQueryRepository - Checking 0 named HQL queries
[DEBUG] 2020-03-04 19:37:13.877 [main] NamedQueryRepository - Checking 0 named SQL queries
[DEBUG] 2020-03-04 19:37:13.878 [main] SessionFactoryRegistry - Initializing SessionFactoryRegistry : org.hibernate.internal.SessionFactoryRegistry@7f3fc42f
[DEBUG] 2020-03-04 19:37:13.879 [main] SessionFactoryRegistry - Registering SessionFactory: be7d9301-ca36-4b7d-9571-96c71d00ade6 (<unnamed>)
[DEBUG] 2020-03-04 19:37:13.879 [main] SessionFactoryRegistry - Not binding SessionFactory to JNDI, no JNDI name configured
[DEBUG] 2020-03-04 19:37:13.923 [main] StatisticsInitiator - Statistics initialized [enabled=false]
[DEBUG] 2020-03-04 19:37:13.927 [main] TransactionImpl - On TransactionImpl creation, JpaCompliance#isJpaTransactionComplianceEnabled == false
[DEBUG] 2020-03-04 19:37:13.927 [main] TransactionImpl - begin
[DEBUG] 2020-03-04 19:37:13.938 [main] ActionQueue - Executing identity-insert immediately
[DEBUG] 2020-03-04 19:37:13.940 [main] SQL - insert into user (first_name, last_name, user_name, user_password) values (?, ?, ?, ?)
[DEBUG] 2020-03-04 19:37:13.964 [main] SqlExceptionHelper - could not execute statement [n/a]
java.sql.SQLIntegrityConstraintViolationException: Duplicate entry 'jsincero' for key 'users_user_name_uindex'
	at com.mysql.cj.jdbc.exceptions.SQLError.createSQLException(SQLError.java:117) ~[mysql-connector-java-8.0.16.jar:8.0.16]
	at com.mysql.cj.jdbc.exceptions.SQLError.createSQLException(SQLError.java:97) ~[mysql-connector-java-8.0.16.jar:8.0.16]
	at com.mysql.cj.jdbc.exceptions.SQLExceptionsMapping.translateException(SQLExceptionsMapping.java:122) ~[mysql-connector-java-8.0.16.jar:8.0.16]
	at com.mysql.cj.jdbc.ClientPreparedStatement.executeInternal(ClientPreparedStatement.java:955) ~[mysql-connector-java-8.0.16.jar:8.0.16]
	at com.mysql.cj.jdbc.ClientPreparedStatement.executeUpdateInternal(ClientPreparedStatement.java:1094) ~[mysql-connector-java-8.0.16.jar:8.0.16]
	at com.mysql.cj.jdbc.ClientPreparedStatement.executeUpdateInternal(ClientPreparedStatement.java:1042) ~[mysql-connector-java-8.0.16.jar:8.0.16]
	at com.mysql.cj.jdbc.ClientPreparedStatement.executeLargeUpdate(ClientPreparedStatement.java:1345) ~[mysql-connector-java-8.0.16.jar:8.0.16]
	at com.mysql.cj.jdbc.ClientPreparedStatement.executeUpdate(ClientPreparedStatement.java:1027) ~[mysql-connector-java-8.0.16.jar:8.0.16]
	at com.mchange.v2.c3p0.impl.NewProxyPreparedStatement.executeUpdate(NewProxyPreparedStatement.java:410) ~[c3p0-0.9.5.3.jar:0.9.5.3]
	at org.hibernate.engine.jdbc.internal.ResultSetReturnImpl.executeUpdate(ResultSetReturnImpl.java:175) [hibernate-core-5.4.4.Final.jar:5.4.4.Final]
	at org.hibernate.dialect.identity.GetGeneratedKeysDelegate.executeAndExtract(GetGeneratedKeysDelegate.java:57) [hibernate-core-5.4.4.Final.jar:5.4.4.Final]
	at org.hibernate.id.insert.AbstractReturningDelegate.performInsert(AbstractReturningDelegate.java:43) [hibernate-core-5.4.4.Final.jar:5.4.4.Final]
	at org.hibernate.persister.entity.AbstractEntityPersister.insert(AbstractEntityPersister.java:3112) [hibernate-core-5.4.4.Final.jar:5.4.4.Final]
	at org.hibernate.persister.entity.AbstractEntityPersister.insert(AbstractEntityPersister.java:3705) [hibernate-core-5.4.4.Final.jar:5.4.4.Final]
	at org.hibernate.action.internal.EntityIdentityInsertAction.execute(EntityIdentityInsertAction.java:84) [hibernate-core-5.4.4.Final.jar:5.4.4.Final]
	at org.hibernate.engine.spi.ActionQueue.execute(ActionQueue.java:645) [hibernate-core-5.4.4.Final.jar:5.4.4.Final]
	at org.hibernate.engine.spi.ActionQueue.addResolvedEntityInsertAction(ActionQueue.java:282) [hibernate-core-5.4.4.Final.jar:5.4.4.Final]
	at org.hibernate.engine.spi.ActionQueue.addInsertAction(ActionQueue.java:263) [hibernate-core-5.4.4.Final.jar:5.4.4.Final]
	at org.hibernate.engine.spi.ActionQueue.addAction(ActionQueue.java:317) [hibernate-core-5.4.4.Final.jar:5.4.4.Final]
	at org.hibernate.event.internal.AbstractSaveEventListener.addInsertAction(AbstractSaveEventListener.java:335) [hibernate-core-5.4.4.Final.jar:5.4.4.Final]
	at org.hibernate.event.internal.AbstractSaveEventListener.performSaveOrReplicate(AbstractSaveEventListener.java:292) [hibernate-core-5.4.4.Final.jar:5.4.4.Final]
	at org.hibernate.event.internal.AbstractSaveEventListener.performSave(AbstractSaveEventListener.java:198) [hibernate-core-5.4.4.Final.jar:5.4.4.Final]
	at org.hibernate.event.internal.AbstractSaveEventListener.saveWithGeneratedId(AbstractSaveEventListener.java:128) [hibernate-core-5.4.4.Final.jar:5.4.4.Final]
	at org.hibernate.event.internal.DefaultSaveOrUpdateEventListener.saveWithGeneratedOrRequestedId(DefaultSaveOrUpdateEventListener.java:193) [hibernate-core-5.4.4.Final.jar:5.4.4.Final]
	at org.hibernate.event.internal.DefaultSaveEventListener.saveWithGeneratedOrRequestedId(DefaultSaveEventListener.java:38) [hibernate-core-5.4.4.Final.jar:5.4.4.Final]
	at org.hibernate.event.internal.DefaultSaveOrUpdateEventListener.entityIsTransient(DefaultSaveOrUpdateEventListener.java:178) [hibernate-core-5.4.4.Final.jar:5.4.4.Final]
	at org.hibernate.event.internal.DefaultSaveEventListener.performSaveOrUpdate(DefaultSaveEventListener.java:32) [hibernate-core-5.4.4.Final.jar:5.4.4.Final]
	at org.hibernate.event.internal.DefaultSaveOrUpdateEventListener.onSaveOrUpdate(DefaultSaveOrUpdateEventListener.java:75) [hibernate-core-5.4.4.Final.jar:5.4.4.Final]
	at org.hibernate.internal.SessionImpl.fireSave(SessionImpl.java:697) [hibernate-core-5.4.4.Final.jar:5.4.4.Final]
	at org.hibernate.internal.SessionImpl.save(SessionImpl.java:689) [hibernate-core-5.4.4.Final.jar:5.4.4.Final]
	at org.hibernate.internal.SessionImpl.save(SessionImpl.java:684) [hibernate-core-5.4.4.Final.jar:5.4.4.Final]
	at com.euchreleague.persistence.UserDao.insert(UserDao.java:63) [classes/:?]
	at com.euchreleague.persistence.UserRolesDaoTest.insertSuccess(UserRolesDaoTest.java:65) [test-classes/:?]
	at jdk.internal.reflect.NativeMethodAccessorImpl.invoke0(Native Method) ~[?:?]
	at jdk.internal.reflect.NativeMethodAccessorImpl.invoke(NativeMethodAccessorImpl.java:62) ~[?:?]
	at jdk.internal.reflect.DelegatingMethodAccessorImpl.invoke(DelegatingMethodAccessorImpl.java:43) ~[?:?]
	at java.lang.reflect.Method.invoke(Method.java:566) ~[?:?]
	at org.junit.platform.commons.util.ReflectionUtils.invokeMethod(ReflectionUtils.java:389) [junit-platform-commons-1.0.0.jar:1.0.0]
	at org.junit.jupiter.engine.execution.ExecutableInvoker.invoke(ExecutableInvoker.java:115) [junit-jupiter-engine-5.0.0.jar:5.0.0]
	at org.junit.jupiter.engine.descriptor.TestMethodTestDescriptor.lambda$invokeTestMethod$6(TestMethodTestDescriptor.java:167) [junit-jupiter-engine-5.0.0.jar:5.0.0]
	at org.junit.jupiter.engine.execution.ThrowableCollector.execute(ThrowableCollector.java:40) [junit-jupiter-engine-5.0.0.jar:5.0.0]
	at org.junit.jupiter.engine.descriptor.TestMethodTestDescriptor.invokeTestMethod(TestMethodTestDescriptor.java:163) [junit-jupiter-engine-5.0.0.jar:5.0.0]
	at org.junit.jupiter.engine.descriptor.TestMethodTestDescriptor.execute(TestMethodTestDescriptor.java:110) [junit-jupiter-engine-5.0.0.jar:5.0.0]
	at org.junit.jupiter.engine.descriptor.TestMethodTestDescriptor.execute(TestMethodTestDescriptor.java:57) [junit-jupiter-engine-5.0.0.jar:5.0.0]
	at org.junit.platform.engine.support.hierarchical.HierarchicalTestExecutor.lambda$execute$3(HierarchicalTestExecutor.java:83) [junit-platform-engine-1.0.0.jar:1.0.0]
	at org.junit.platform.engine.support.hierarchical.SingleTestExecutor.executeSafely(SingleTestExecutor.java:66) [junit-platform-engine-1.0.0.jar:1.0.0]
	at org.junit.platform.engine.support.hierarchical.HierarchicalTestExecutor.execute(HierarchicalTestExecutor.java:77) [junit-platform-engine-1.0.0.jar:1.0.0]
	at org.junit.platform.engine.support.hierarchical.HierarchicalTestExecutor.lambda$null$2(HierarchicalTestExecutor.java:92) [junit-platform-engine-1.0.0.jar:1.0.0]
	at java.util.stream.ForEachOps$ForEachOp$OfRef.accept(ForEachOps.java:183) [?:?]
	at java.util.stream.ReferencePipeline$2$1.accept(ReferencePipeline.java:177) [?:?]
	at java.util.Iterator.forEachRemaining(Iterator.java:133) [?:?]
	at java.util.Spliterators$IteratorSpliterator.forEachRemaining(Spliterators.java:1801) [?:?]
	at java.util.stream.AbstractPipeline.copyInto(AbstractPipeline.java:484) [?:?]
	at java.util.stream.AbstractPipeline.wrapAndCopyInto(AbstractPipeline.java:474) [?:?]
	at java.util.stream.ForEachOps$ForEachOp.evaluateSequential(ForEachOps.java:150) [?:?]
	at java.util.stream.ForEachOps$ForEachOp$OfRef.evaluateSequential(ForEachOps.java:173) [?:?]
	at java.util.stream.AbstractPipeline.evaluate(AbstractPipeline.java:234) [?:?]
	at java.util.stream.ReferencePipeline.forEach(ReferencePipeline.java:497) [?:?]
	at org.junit.platform.engine.support.hierarchical.HierarchicalTestExecutor.lambda$execute$3(HierarchicalTestExecutor.java:92) [junit-platform-engine-1.0.0.jar:1.0.0]
	at org.junit.platform.engine.support.hierarchical.SingleTestExecutor.executeSafely(SingleTestExecutor.java:66) [junit-platform-engine-1.0.0.jar:1.0.0]
	at org.junit.platform.engine.support.hierarchical.HierarchicalTestExecutor.execute(HierarchicalTestExecutor.java:77) [junit-platform-engine-1.0.0.jar:1.0.0]
	at org.junit.platform.engine.support.hierarchical.HierarchicalTestExecutor.lambda$null$2(HierarchicalTestExecutor.java:92) [junit-platform-engine-1.0.0.jar:1.0.0]
	at java.util.stream.ForEachOps$ForEachOp$OfRef.accept(ForEachOps.java:183) [?:?]
	at java.util.stream.ReferencePipeline$2$1.accept(ReferencePipeline.java:177) [?:?]
	at java.util.Iterator.forEachRemaining(Iterator.java:133) [?:?]
	at java.util.Spliterators$IteratorSpliterator.forEachRemaining(Spliterators.java:1801) [?:?]
	at java.util.stream.AbstractPipeline.copyInto(AbstractPipeline.java:484) [?:?]
	at java.util.stream.AbstractPipeline.wrapAndCopyInto(AbstractPipeline.java:474) [?:?]
	at java.util.stream.ForEachOps$ForEachOp.evaluateSequential(ForEachOps.java:150) [?:?]
	at java.util.stream.ForEachOps$ForEachOp$OfRef.evaluateSequential(ForEachOps.java:173) [?:?]
	at java.util.stream.AbstractPipeline.evaluate(AbstractPipeline.java:234) [?:?]
	at java.util.stream.ReferencePipeline.forEach(ReferencePipeline.java:497) [?:?]
	at org.junit.platform.engine.support.hierarchical.HierarchicalTestExecutor.lambda$execute$3(HierarchicalTestExecutor.java:92) [junit-platform-engine-1.0.0.jar:1.0.0]
	at org.junit.platform.engine.support.hierarchical.SingleTestExecutor.executeSafely(SingleTestExecutor.java:66) [junit-platform-engine-1.0.0.jar:1.0.0]
	at org.junit.platform.engine.support.hierarchical.HierarchicalTestExecutor.execute(HierarchicalTestExecutor.java:77) [junit-platform-engine-1.0.0.jar:1.0.0]
	at org.junit.platform.engine.support.hierarchical.HierarchicalTestExecutor.execute(HierarchicalTestExecutor.java:51) [junit-platform-engine-1.0.0.jar:1.0.0]
	at org.junit.platform.engine.support.hierarchical.HierarchicalTestEngine.execute(HierarchicalTestEngine.java:43) [junit-platform-engine-1.0.0.jar:1.0.0]
	at org.junit.platform.launcher.core.DefaultLauncher.execute(DefaultLauncher.java:170) [junit-platform-launcher-1.0.0.jar:1.0.0]
	at org.junit.platform.launcher.core.DefaultLauncher.execute(DefaultLauncher.java:154) [junit-platform-launcher-1.0.0.jar:1.0.0]
	at org.junit.platform.launcher.core.DefaultLauncher.execute(DefaultLauncher.java:90) [junit-platform-launcher-1.0.0.jar:1.0.0]
	at com.intellij.junit5.JUnit5IdeaTestRunner.startRunnerWithArgs(JUnit5IdeaTestRunner.java:69) [junit5-rt.jar:?]
	at com.intellij.rt.junit.IdeaTestRunner$Repeater.startRunnerWithArgs(IdeaTestRunner.java:33) [junit-rt.jar:?]
	at com.intellij.rt.junit.JUnitStarter.prepareStreamsAndStart(JUnitStarter.java:230) [junit-rt.jar:?]
	at com.intellij.rt.junit.JUnitStarter.main(JUnitStarter.java:58) [junit-rt.jar:?]
[WARN ] 2020-03-04 19:37:13.967 [main] SqlExceptionHelper - SQL Error: 1062, SQLState: 23000
[ERROR] 2020-03-04 19:37:13.968 [main] SqlExceptionHelper - Duplicate entry 'jsincero' for key 'users_user_name_uindex'
