[DEBUG] 2020-03-22 19:41:45.633 [main] IntegratorServiceImpl - Adding Integrator [org.hibernate.cfg.beanvalidation.BeanValidationIntegrator].
[DEBUG] 2020-03-22 19:41:45.639 [main] IntegratorServiceImpl - Adding Integrator [org.hibernate.secure.spi.JaccIntegrator].
[DEBUG] 2020-03-22 19:41:45.642 [main] IntegratorServiceImpl - Adding Integrator [org.hibernate.cache.internal.CollectionCacheInvalidator].
[INFO ] 2020-03-22 19:41:45.705 [main] Version - HHH000412: Hibernate Core {5.4.4.Final}
[DEBUG] 2020-03-22 19:41:45.707 [main] Environment - HHH000206: hibernate.properties not found
[DEBUG] 2020-03-22 19:41:45.896 [main] LocalXmlResourceResolver - Interpreting public/system identifier : [-//Hibernate/Hibernate Configuration DTD//EN] - [http://www.hibernate.org/dtd/hibernate-configuration-3.0.dtd]
[DEBUG] 2020-03-22 19:41:45.896 [main] LocalXmlResourceResolver - Recognized hibernate-configuration identifier; attempting to resolve on classpath under org/hibernate/
[DEBUG] 2020-03-22 19:41:45.900 [main] JaxbCfgProcessor - cfg.xml document did not define namespaces; wrapping in custom event reader to introduce namespace information
[DEBUG] 2020-03-22 19:41:46.028 [main] ServiceBinding - Overriding existing service binding [org.hibernate.secure.spi.JaccService]
[DEBUG] 2020-03-22 19:41:46.038 [main] RegionFactoryInitiator - Cannot default RegionFactory based on registered strategies as `[]` RegionFactory strategies were registered
[DEBUG] 2020-03-22 19:41:46.039 [main] RegionFactoryInitiator - Cache region factory : org.hibernate.cache.internal.NoCachingRegionFactory
[INFO ] 2020-03-22 19:41:46.048 [main] Version - HCANN000001: Hibernate Commons Annotations {5.1.0.Final}
[DEBUG] 2020-03-22 19:41:46.064 [main] BasicTypeRegistry - Adding type registration boolean -> org.hibernate.type.BooleanType@7b60c3e
[DEBUG] 2020-03-22 19:41:46.065 [main] BasicTypeRegistry - Adding type registration boolean -> org.hibernate.type.BooleanType@7b60c3e
[DEBUG] 2020-03-22 19:41:46.065 [main] BasicTypeRegistry - Adding type registration java.lang.Boolean -> org.hibernate.type.BooleanType@7b60c3e
[DEBUG] 2020-03-22 19:41:46.065 [main] BasicTypeRegistry - Adding type registration numeric_boolean -> org.hibernate.type.NumericBooleanType@710d7aff
[DEBUG] 2020-03-22 19:41:46.065 [main] BasicTypeRegistry - Adding type registration true_false -> org.hibernate.type.TrueFalseType@301d8120
[DEBUG] 2020-03-22 19:41:46.065 [main] BasicTypeRegistry - Adding type registration yes_no -> org.hibernate.type.YesNoType@6a74d228
[DEBUG] 2020-03-22 19:41:46.066 [main] BasicTypeRegistry - Adding type registration byte -> org.hibernate.type.ByteType@4917d36b
[DEBUG] 2020-03-22 19:41:46.066 [main] BasicTypeRegistry - Adding type registration byte -> org.hibernate.type.ByteType@4917d36b
[DEBUG] 2020-03-22 19:41:46.066 [main] BasicTypeRegistry - Adding type registration java.lang.Byte -> org.hibernate.type.ByteType@4917d36b
[DEBUG] 2020-03-22 19:41:46.067 [main] BasicTypeRegistry - Adding type registration character -> org.hibernate.type.CharacterType@4905c46b
[DEBUG] 2020-03-22 19:41:46.067 [main] BasicTypeRegistry - Adding type registration char -> org.hibernate.type.CharacterType@4905c46b
[DEBUG] 2020-03-22 19:41:46.067 [main] BasicTypeRegistry - Adding type registration java.lang.Character -> org.hibernate.type.CharacterType@4905c46b
[DEBUG] 2020-03-22 19:41:46.068 [main] BasicTypeRegistry - Adding type registration short -> org.hibernate.type.ShortType@693e4d19
[DEBUG] 2020-03-22 19:41:46.068 [main] BasicTypeRegistry - Adding type registration short -> org.hibernate.type.ShortType@693e4d19
[DEBUG] 2020-03-22 19:41:46.068 [main] BasicTypeRegistry - Adding type registration java.lang.Short -> org.hibernate.type.ShortType@693e4d19
[DEBUG] 2020-03-22 19:41:46.068 [main] BasicTypeRegistry - Adding type registration integer -> org.hibernate.type.IntegerType@57bd802b
[DEBUG] 2020-03-22 19:41:46.068 [main] BasicTypeRegistry - Adding type registration int -> org.hibernate.type.IntegerType@57bd802b
[DEBUG] 2020-03-22 19:41:46.068 [main] BasicTypeRegistry - Adding type registration java.lang.Integer -> org.hibernate.type.IntegerType@57bd802b
[DEBUG] 2020-03-22 19:41:46.069 [main] BasicTypeRegistry - Adding type registration long -> org.hibernate.type.LongType@27068a50
[DEBUG] 2020-03-22 19:41:46.069 [main] BasicTypeRegistry - Adding type registration long -> org.hibernate.type.LongType@27068a50
[DEBUG] 2020-03-22 19:41:46.069 [main] BasicTypeRegistry - Adding type registration java.lang.Long -> org.hibernate.type.LongType@27068a50
[DEBUG] 2020-03-22 19:41:46.069 [main] BasicTypeRegistry - Adding type registration float -> org.hibernate.type.FloatType@1b9c1b51
[DEBUG] 2020-03-22 19:41:46.070 [main] BasicTypeRegistry - Adding type registration float -> org.hibernate.type.FloatType@1b9c1b51
[DEBUG] 2020-03-22 19:41:46.070 [main] BasicTypeRegistry - Adding type registration java.lang.Float -> org.hibernate.type.FloatType@1b9c1b51
[DEBUG] 2020-03-22 19:41:46.070 [main] BasicTypeRegistry - Adding type registration double -> org.hibernate.type.DoubleType@60921b21
[DEBUG] 2020-03-22 19:41:46.070 [main] BasicTypeRegistry - Adding type registration double -> org.hibernate.type.DoubleType@60921b21
[DEBUG] 2020-03-22 19:41:46.070 [main] BasicTypeRegistry - Adding type registration java.lang.Double -> org.hibernate.type.DoubleType@60921b21
[DEBUG] 2020-03-22 19:41:46.070 [main] BasicTypeRegistry - Adding type registration big_decimal -> org.hibernate.type.BigDecimalType@6e6fce47
[DEBUG] 2020-03-22 19:41:46.071 [main] BasicTypeRegistry - Adding type registration java.math.BigDecimal -> org.hibernate.type.BigDecimalType@6e6fce47
[DEBUG] 2020-03-22 19:41:46.071 [main] BasicTypeRegistry - Adding type registration big_integer -> org.hibernate.type.BigIntegerType@72805168
[DEBUG] 2020-03-22 19:41:46.071 [main] BasicTypeRegistry - Adding type registration java.math.BigInteger -> org.hibernate.type.BigIntegerType@72805168
[DEBUG] 2020-03-22 19:41:46.071 [main] BasicTypeRegistry - Adding type registration string -> org.hibernate.type.StringType@71a3a190
[DEBUG] 2020-03-22 19:41:46.071 [main] BasicTypeRegistry - Adding type registration java.lang.String -> org.hibernate.type.StringType@71a3a190
[DEBUG] 2020-03-22 19:41:46.072 [main] BasicTypeRegistry - Adding type registration nstring -> org.hibernate.type.StringNVarcharType@67ec8477
[DEBUG] 2020-03-22 19:41:46.072 [main] BasicTypeRegistry - Adding type registration ncharacter -> org.hibernate.type.CharacterNCharType@34cf5a97
[DEBUG] 2020-03-22 19:41:46.072 [main] BasicTypeRegistry - Adding type registration url -> org.hibernate.type.UrlType@6443b128
[DEBUG] 2020-03-22 19:41:46.072 [main] BasicTypeRegistry - Adding type registration java.net.URL -> org.hibernate.type.UrlType@6443b128
[DEBUG] 2020-03-22 19:41:46.073 [main] BasicTypeRegistry - Adding type registration Duration -> org.hibernate.type.DurationType@61d01788
[DEBUG] 2020-03-22 19:41:46.073 [main] BasicTypeRegistry - Adding type registration java.time.Duration -> org.hibernate.type.DurationType@61d01788
[DEBUG] 2020-03-22 19:41:46.075 [main] BasicTypeRegistry - Adding type registration Instant -> org.hibernate.type.InstantType@247667dd
[DEBUG] 2020-03-22 19:41:46.075 [main] BasicTypeRegistry - Adding type registration java.time.Instant -> org.hibernate.type.InstantType@247667dd
[DEBUG] 2020-03-22 19:41:46.076 [main] BasicTypeRegistry - Adding type registration LocalDateTime -> org.hibernate.type.LocalDateTimeType@1d4664d7
[DEBUG] 2020-03-22 19:41:46.076 [main] BasicTypeRegistry - Adding type registration java.time.LocalDateTime -> org.hibernate.type.LocalDateTimeType@1d4664d7
[DEBUG] 2020-03-22 19:41:46.077 [main] BasicTypeRegistry - Adding type registration LocalDate -> org.hibernate.type.LocalDateType@72ed9aad
[DEBUG] 2020-03-22 19:41:46.077 [main] BasicTypeRegistry - Adding type registration java.time.LocalDate -> org.hibernate.type.LocalDateType@72ed9aad
[DEBUG] 2020-03-22 19:41:46.077 [main] BasicTypeRegistry - Adding type registration LocalTime -> org.hibernate.type.LocalTimeType@18a645fd
[DEBUG] 2020-03-22 19:41:46.077 [main] BasicTypeRegistry - Adding type registration java.time.LocalTime -> org.hibernate.type.LocalTimeType@18a645fd
[DEBUG] 2020-03-22 19:41:46.078 [main] BasicTypeRegistry - Adding type registration OffsetDateTime -> org.hibernate.type.OffsetDateTimeType@bdecc21
[DEBUG] 2020-03-22 19:41:46.078 [main] BasicTypeRegistry - Adding type registration java.time.OffsetDateTime -> org.hibernate.type.OffsetDateTimeType@bdecc21
[DEBUG] 2020-03-22 19:41:46.079 [main] BasicTypeRegistry - Adding type registration OffsetTime -> org.hibernate.type.OffsetTimeType@4f20a5e0
[DEBUG] 2020-03-22 19:41:46.079 [main] BasicTypeRegistry - Adding type registration java.time.OffsetTime -> org.hibernate.type.OffsetTimeType@4f20a5e0
[DEBUG] 2020-03-22 19:41:46.080 [main] BasicTypeRegistry - Adding type registration ZonedDateTime -> org.hibernate.type.ZonedDateTimeType@2fe88a09
[DEBUG] 2020-03-22 19:41:46.080 [main] BasicTypeRegistry - Adding type registration java.time.ZonedDateTime -> org.hibernate.type.ZonedDateTimeType@2fe88a09
[DEBUG] 2020-03-22 19:41:46.080 [main] BasicTypeRegistry - Adding type registration date -> org.hibernate.type.DateType@1440c311
[DEBUG] 2020-03-22 19:41:46.080 [main] BasicTypeRegistry - Adding type registration java.sql.Date -> org.hibernate.type.DateType@1440c311
[DEBUG] 2020-03-22 19:41:46.081 [main] BasicTypeRegistry - Adding type registration time -> org.hibernate.type.TimeType@1c025cb
[DEBUG] 2020-03-22 19:41:46.081 [main] BasicTypeRegistry - Adding type registration java.sql.Time -> org.hibernate.type.TimeType@1c025cb
[DEBUG] 2020-03-22 19:41:46.081 [main] BasicTypeRegistry - Adding type registration timestamp -> org.hibernate.type.TimestampType@2abc224d
[DEBUG] 2020-03-22 19:41:46.081 [main] BasicTypeRegistry - Adding type registration java.sql.Timestamp -> org.hibernate.type.TimestampType@2abc224d
[DEBUG] 2020-03-22 19:41:46.082 [main] BasicTypeRegistry - Adding type registration java.util.Date -> org.hibernate.type.TimestampType@2abc224d
[DEBUG] 2020-03-22 19:41:46.082 [main] BasicTypeRegistry - Adding type registration dbtimestamp -> org.hibernate.type.DbTimestampType@60723d6a
[DEBUG] 2020-03-22 19:41:46.083 [main] BasicTypeRegistry - Adding type registration calendar -> org.hibernate.type.CalendarType@72209d93
[DEBUG] 2020-03-22 19:41:46.083 [main] BasicTypeRegistry - Adding type registration java.util.Calendar -> org.hibernate.type.CalendarType@72209d93
[DEBUG] 2020-03-22 19:41:46.083 [main] BasicTypeRegistry - Adding type registration java.util.GregorianCalendar -> org.hibernate.type.CalendarType@72209d93
[DEBUG] 2020-03-22 19:41:46.083 [main] BasicTypeRegistry - Adding type registration calendar_date -> org.hibernate.type.CalendarDateType@4650a407
[DEBUG] 2020-03-22 19:41:46.084 [main] BasicTypeRegistry - Adding type registration locale -> org.hibernate.type.LocaleType@aced190
[DEBUG] 2020-03-22 19:41:46.084 [main] BasicTypeRegistry - Adding type registration java.util.Locale -> org.hibernate.type.LocaleType@aced190
[DEBUG] 2020-03-22 19:41:46.084 [main] BasicTypeRegistry - Adding type registration currency -> org.hibernate.type.CurrencyType@2d6aca33
[DEBUG] 2020-03-22 19:41:46.084 [main] BasicTypeRegistry - Adding type registration java.util.Currency -> org.hibernate.type.CurrencyType@2d6aca33
[DEBUG] 2020-03-22 19:41:46.085 [main] BasicTypeRegistry - Adding type registration timezone -> org.hibernate.type.TimeZoneType@63e5e5b4
[DEBUG] 2020-03-22 19:41:46.085 [main] BasicTypeRegistry - Adding type registration java.util.TimeZone -> org.hibernate.type.TimeZoneType@63e5e5b4
[DEBUG] 2020-03-22 19:41:46.085 [main] BasicTypeRegistry - Adding type registration class -> org.hibernate.type.ClassType@4fcc0416
[DEBUG] 2020-03-22 19:41:46.085 [main] BasicTypeRegistry - Adding type registration java.lang.Class -> org.hibernate.type.ClassType@4fcc0416
[DEBUG] 2020-03-22 19:41:46.085 [main] BasicTypeRegistry - Adding type registration uuid-binary -> org.hibernate.type.UUIDBinaryType@6ef81f31
[DEBUG] 2020-03-22 19:41:46.085 [main] BasicTypeRegistry - Adding type registration java.util.UUID -> org.hibernate.type.UUIDBinaryType@6ef81f31
[DEBUG] 2020-03-22 19:41:46.086 [main] BasicTypeRegistry - Adding type registration uuid-char -> org.hibernate.type.UUIDCharType@273842a6
[DEBUG] 2020-03-22 19:41:46.086 [main] BasicTypeRegistry - Adding type registration binary -> org.hibernate.type.BinaryType@27aae97b
[DEBUG] 2020-03-22 19:41:46.086 [main] BasicTypeRegistry - Adding type registration byte[] -> org.hibernate.type.BinaryType@27aae97b
[DEBUG] 2020-03-22 19:41:46.086 [main] BasicTypeRegistry - Adding type registration [B -> org.hibernate.type.BinaryType@27aae97b
[DEBUG] 2020-03-22 19:41:46.087 [main] BasicTypeRegistry - Adding type registration wrapper-binary -> org.hibernate.type.WrapperBinaryType@5dc3fcb7
[DEBUG] 2020-03-22 19:41:46.087 [main] BasicTypeRegistry - Adding type registration Byte[] -> org.hibernate.type.WrapperBinaryType@5dc3fcb7
[DEBUG] 2020-03-22 19:41:46.087 [main] BasicTypeRegistry - Adding type registration [Ljava.lang.Byte; -> org.hibernate.type.WrapperBinaryType@5dc3fcb7
[DEBUG] 2020-03-22 19:41:46.087 [main] BasicTypeRegistry - Adding type registration row_version -> org.hibernate.type.RowVersionType@6ff37443
[DEBUG] 2020-03-22 19:41:46.087 [main] BasicTypeRegistry - Adding type registration image -> org.hibernate.type.ImageType@76b224cd
[DEBUG] 2020-03-22 19:41:46.088 [main] BasicTypeRegistry - Adding type registration characters -> org.hibernate.type.CharArrayType@aa10649
[DEBUG] 2020-03-22 19:41:46.088 [main] BasicTypeRegistry - Adding type registration char[] -> org.hibernate.type.CharArrayType@aa10649
[DEBUG] 2020-03-22 19:41:46.088 [main] BasicTypeRegistry - Adding type registration [C -> org.hibernate.type.CharArrayType@aa10649
[DEBUG] 2020-03-22 19:41:46.088 [main] BasicTypeRegistry - Adding type registration wrapper-characters -> org.hibernate.type.CharacterArrayType@6b63d445
[DEBUG] 2020-03-22 19:41:46.089 [main] BasicTypeRegistry - Adding type registration [Ljava.lang.Character; -> org.hibernate.type.CharacterArrayType@6b63d445
[DEBUG] 2020-03-22 19:41:46.089 [main] BasicTypeRegistry - Adding type registration Character[] -> org.hibernate.type.CharacterArrayType@6b63d445
[DEBUG] 2020-03-22 19:41:46.089 [main] BasicTypeRegistry - Adding type registration text -> org.hibernate.type.TextType@23ee75c5
[DEBUG] 2020-03-22 19:41:46.089 [main] BasicTypeRegistry - Adding type registration ntext -> org.hibernate.type.NTextType@6050462a
[DEBUG] 2020-03-22 19:41:46.090 [main] BasicTypeRegistry - Adding type registration blob -> org.hibernate.type.BlobType@783efb48
[DEBUG] 2020-03-22 19:41:46.090 [main] BasicTypeRegistry - Adding type registration java.sql.Blob -> org.hibernate.type.BlobType@783efb48
[DEBUG] 2020-03-22 19:41:46.090 [main] BasicTypeRegistry - Adding type registration materialized_blob -> org.hibernate.type.MaterializedBlobType@3af356f
[DEBUG] 2020-03-22 19:41:46.090 [main] BasicTypeRegistry - Adding type registration clob -> org.hibernate.type.ClobType@1bcb79c2
[DEBUG] 2020-03-22 19:41:46.091 [main] BasicTypeRegistry - Adding type registration java.sql.Clob -> org.hibernate.type.ClobType@1bcb79c2
[DEBUG] 2020-03-22 19:41:46.091 [main] BasicTypeRegistry - Adding type registration nclob -> org.hibernate.type.NClobType@41f35f7c
[DEBUG] 2020-03-22 19:41:46.091 [main] BasicTypeRegistry - Adding type registration java.sql.NClob -> org.hibernate.type.NClobType@41f35f7c
[DEBUG] 2020-03-22 19:41:46.091 [main] BasicTypeRegistry - Adding type registration materialized_clob -> org.hibernate.type.MaterializedClobType@198ef2ce
[DEBUG] 2020-03-22 19:41:46.092 [main] BasicTypeRegistry - Adding type registration materialized_nclob -> org.hibernate.type.MaterializedNClobType@14151bc5
[DEBUG] 2020-03-22 19:41:46.092 [main] BasicTypeRegistry - Adding type registration serializable -> org.hibernate.type.SerializableType@4bb8855f
[DEBUG] 2020-03-22 19:41:46.093 [main] BasicTypeRegistry - Adding type registration object -> org.hibernate.type.ObjectType@5c92166b
[DEBUG] 2020-03-22 19:41:46.093 [main] BasicTypeRegistry - Adding type registration java.lang.Object -> org.hibernate.type.ObjectType@5c92166b
[DEBUG] 2020-03-22 19:41:46.094 [main] BasicTypeRegistry - Adding type registration imm_date -> org.hibernate.type.AdaptedImmutableType@b9dfc5a
[DEBUG] 2020-03-22 19:41:46.094 [main] BasicTypeRegistry - Adding type registration imm_time -> org.hibernate.type.AdaptedImmutableType@2787de58
[DEBUG] 2020-03-22 19:41:46.094 [main] BasicTypeRegistry - Adding type registration imm_timestamp -> org.hibernate.type.AdaptedImmutableType@659a2455
[DEBUG] 2020-03-22 19:41:46.094 [main] BasicTypeRegistry - Adding type registration imm_dbtimestamp -> org.hibernate.type.AdaptedImmutableType@267517e4
[DEBUG] 2020-03-22 19:41:46.094 [main] BasicTypeRegistry - Adding type registration imm_calendar -> org.hibernate.type.AdaptedImmutableType@426e505c
[DEBUG] 2020-03-22 19:41:46.094 [main] BasicTypeRegistry - Adding type registration imm_calendar_date -> org.hibernate.type.AdaptedImmutableType@5b022357
[DEBUG] 2020-03-22 19:41:46.094 [main] BasicTypeRegistry - Adding type registration imm_binary -> org.hibernate.type.AdaptedImmutableType@6f8e0cee
[DEBUG] 2020-03-22 19:41:46.094 [main] BasicTypeRegistry - Adding type registration imm_serializable -> org.hibernate.type.AdaptedImmutableType@614aeccc
[DEBUG] 2020-03-22 19:41:46.121 [main] DefaultIdentifierGeneratorFactory - Registering IdentifierGenerator strategy [uuid2] -> [org.hibernate.id.UUIDGenerator]
[DEBUG] 2020-03-22 19:41:46.122 [main] DefaultIdentifierGeneratorFactory - Registering IdentifierGenerator strategy [guid] -> [org.hibernate.id.GUIDGenerator]
[DEBUG] 2020-03-22 19:41:46.122 [main] DefaultIdentifierGeneratorFactory - Registering IdentifierGenerator strategy [uuid] -> [org.hibernate.id.UUIDHexGenerator]
[DEBUG] 2020-03-22 19:41:46.122 [main] DefaultIdentifierGeneratorFactory - Registering IdentifierGenerator strategy [uuid.hex] -> [org.hibernate.id.UUIDHexGenerator]
[DEBUG] 2020-03-22 19:41:46.124 [main] DefaultIdentifierGeneratorFactory - Registering IdentifierGenerator strategy [assigned] -> [org.hibernate.id.Assigned]
[DEBUG] 2020-03-22 19:41:46.124 [main] DefaultIdentifierGeneratorFactory - Registering IdentifierGenerator strategy [identity] -> [org.hibernate.id.IdentityGenerator]
[DEBUG] 2020-03-22 19:41:46.125 [main] DefaultIdentifierGeneratorFactory - Registering IdentifierGenerator strategy [select] -> [org.hibernate.id.SelectGenerator]
[DEBUG] 2020-03-22 19:41:46.125 [main] DefaultIdentifierGeneratorFactory - Registering IdentifierGenerator strategy [sequence] -> [org.hibernate.id.enhanced.SequenceStyleGenerator]
[DEBUG] 2020-03-22 19:41:46.126 [main] DefaultIdentifierGeneratorFactory - Registering IdentifierGenerator strategy [seqhilo] -> [org.hibernate.id.SequenceHiLoGenerator]
[DEBUG] 2020-03-22 19:41:46.126 [main] DefaultIdentifierGeneratorFactory - Registering IdentifierGenerator strategy [increment] -> [org.hibernate.id.IncrementGenerator]
[DEBUG] 2020-03-22 19:41:46.126 [main] DefaultIdentifierGeneratorFactory - Registering IdentifierGenerator strategy [foreign] -> [org.hibernate.id.ForeignGenerator]
[DEBUG] 2020-03-22 19:41:46.126 [main] DefaultIdentifierGeneratorFactory - Registering IdentifierGenerator strategy [sequence-identity] -> [org.hibernate.id.SequenceIdentityGenerator]
[DEBUG] 2020-03-22 19:41:46.126 [main] DefaultIdentifierGeneratorFactory - Registering IdentifierGenerator strategy [enhanced-sequence] -> [org.hibernate.id.enhanced.SequenceStyleGenerator]
[DEBUG] 2020-03-22 19:41:46.127 [main] DefaultIdentifierGeneratorFactory - Registering IdentifierGenerator strategy [enhanced-table] -> [org.hibernate.id.enhanced.TableGenerator]
[INFO ] 2020-03-22 19:41:46.130 [main] C3P0ConnectionProvider - HHH010002: C3P0 using driver: com.mysql.cj.jdbc.Driver at URL: jdbc:mysql://localhost:3306/test_EuchreLeague
[INFO ] 2020-03-22 19:41:46.130 [main] C3P0ConnectionProvider - HHH10001001: Connection properties: {password=****, user=root}
[INFO ] 2020-03-22 19:41:46.130 [main] C3P0ConnectionProvider - HHH10001003: Autocommit mode: false
[INFO ] 2020-03-22 19:41:46.225 [main] C3P0ConnectionProvider - HHH10001007: JDBC isolation level: <unknown>
[DEBUG] 2020-03-22 19:41:46.512 [main] JdbcEnvironmentInitiator - Database ->
       name : MySQL
    version : 8.0.16
      major : 8
      minor : 0
[DEBUG] 2020-03-22 19:41:46.512 [main] JdbcEnvironmentInitiator - Driver ->
       name : MySQL Connector/J
    version : mysql-connector-java-8.0.16 (Revision: 34cbc6bc61f72836e26327537a432d6db7c77de6)
      major : 8
      minor : 0
[DEBUG] 2020-03-22 19:41:46.512 [main] JdbcEnvironmentInitiator - JDBC version : 4.2
[INFO ] 2020-03-22 19:41:46.534 [main] Dialect - HHH000400: Using dialect: org.hibernate.dialect.MySQL8Dialect
[DEBUG] 2020-03-22 19:41:46.548 [main] IdentifierHelperBuilder - JDBC driver metadata reported database stores quoted identifiers in more than one case
[DEBUG] 2020-03-22 19:41:46.560 [main] IdentifierHelperBuilder - IdentifierCaseStrategy for both quoted and unquoted identifiers was set to the same strategy [MIXED]; that will likely lead to problems in schema update and validation if using quoted identifiers
[DEBUG] 2020-03-22 19:41:46.576 [main] Namespace - Created database namespace [logicalName=Name{catalog=null, schema=null}, physicalName=Name{catalog=null, schema=null}]
[DEBUG] 2020-03-22 19:41:46.578 [main] TypeConfiguration$Scope - Scoping TypeConfiguration [org.hibernate.type.spi.TypeConfiguration@24934262] to MetadataBuildingContext [org.hibernate.boot.internal.MetadataBuildingContextRootImpl@93f432e]
[DEBUG] 2020-03-22 19:41:46.601 [main] AnnotationBinder - Binding entity from annotated class: com.euchreleague.entity.User
[DEBUG] 2020-03-22 19:41:46.610 [main] Ejb3Column - Binding column: Ejb3DiscriminatorColumn{logicalColumnName'DTYPE', discriminatorTypeName='string'}
[DEBUG] 2020-03-22 19:41:46.613 [main] EntityBinder - Import with entity name User
[DEBUG] 2020-03-22 19:41:46.614 [main] EntityBinder - Bind entity com.euchreleague.entity.User on table user
[DEBUG] 2020-03-22 19:41:46.626 [main] Ejb3Column - Binding column: Ejb3Column{table=org.hibernate.mapping.Table(user), mappingColumn=id, insertable=true, updatable=true, unique=false}
[DEBUG] 2020-03-22 19:41:46.627 [main] PropertyBinder - MetadataSourceProcessor property id with lazy=false
[DEBUG] 2020-03-22 19:41:46.628 [main] AbstractPropertyHolder - Attempting to locate auto-apply AttributeConverter for property [com.euchreleague.entity.User:id]
[DEBUG] 2020-03-22 19:41:46.629 [main] SimpleValueBinder - building SimpleValue for id
[DEBUG] 2020-03-22 19:41:46.629 [main] PropertyBinder - Building property id
[DEBUG] 2020-03-22 19:41:46.631 [main] BinderHelper - #makeIdGenerator(org.hibernate.mapping.SimpleValue([org.hibernate.mapping.Column(id)]), id, org.hibernate.id.enhanced.SequenceStyleGenerator, native, ...)
[DEBUG] 2020-03-22 19:41:46.632 [main] Ejb3Column - Binding column: Ejb3Column{table=org.hibernate.mapping.Table(user), mappingColumn=first_name, insertable=true, updatable=true, unique=false}
[DEBUG] 2020-03-22 19:41:46.632 [main] PropertyBinder - MetadataSourceProcessor property firstName with lazy=false
[DEBUG] 2020-03-22 19:41:46.632 [main] AbstractPropertyHolder - Attempting to locate auto-apply AttributeConverter for property [com.euchreleague.entity.User:firstName]
[DEBUG] 2020-03-22 19:41:46.632 [main] SimpleValueBinder - building SimpleValue for firstName
[DEBUG] 2020-03-22 19:41:46.632 [main] PropertyBinder - Building property firstName
[DEBUG] 2020-03-22 19:41:46.632 [main] Ejb3Column - Binding column: Ejb3Column{table=org.hibernate.mapping.Table(user), mappingColumn=last_name, insertable=true, updatable=true, unique=false}
[DEBUG] 2020-03-22 19:41:46.632 [main] PropertyBinder - MetadataSourceProcessor property lastName with lazy=false
[DEBUG] 2020-03-22 19:41:46.632 [main] AbstractPropertyHolder - Attempting to locate auto-apply AttributeConverter for property [com.euchreleague.entity.User:lastName]
[DEBUG] 2020-03-22 19:41:46.632 [main] SimpleValueBinder - building SimpleValue for lastName
[DEBUG] 2020-03-22 19:41:46.632 [main] PropertyBinder - Building property lastName
[DEBUG] 2020-03-22 19:41:46.632 [main] Ejb3Column - Binding column: Ejb3Column{table=org.hibernate.mapping.Table(user), mappingColumn=user_name, insertable=true, updatable=true, unique=false}
[DEBUG] 2020-03-22 19:41:46.633 [main] PropertyBinder - MetadataSourceProcessor property userName with lazy=false
[DEBUG] 2020-03-22 19:41:46.633 [main] AbstractPropertyHolder - Attempting to locate auto-apply AttributeConverter for property [com.euchreleague.entity.User:userName]
[DEBUG] 2020-03-22 19:41:46.633 [main] SimpleValueBinder - building SimpleValue for userName
[DEBUG] 2020-03-22 19:41:46.633 [main] PropertyBinder - Building property userName
[DEBUG] 2020-03-22 19:41:46.633 [main] Ejb3Column - Binding column: Ejb3Column{table=org.hibernate.mapping.Table(user), mappingColumn=user_password, insertable=true, updatable=true, unique=false}
[DEBUG] 2020-03-22 19:41:46.633 [main] PropertyBinder - MetadataSourceProcessor property userPassword with lazy=false
[DEBUG] 2020-03-22 19:41:46.633 [main] AbstractPropertyHolder - Attempting to locate auto-apply AttributeConverter for property [com.euchreleague.entity.User:userPassword]
[DEBUG] 2020-03-22 19:41:46.633 [main] SimpleValueBinder - building SimpleValue for userPassword
[DEBUG] 2020-03-22 19:41:46.633 [main] PropertyBinder - Building property userPassword
[DEBUG] 2020-03-22 19:41:46.634 [main] Ejb3Column - Binding column: Ejb3JoinColumn{logicalColumnName='null', referencedColumn='null', mappedBy='user'}
[DEBUG] 2020-03-22 19:41:46.634 [main] Ejb3Column - Binding column: Ejb3Column{table=org.hibernate.mapping.Table(user), mappingColumn=userRoles, insertable=true, updatable=true, unique=false}
[DEBUG] 2020-03-22 19:41:46.635 [main] Ejb3Column - Binding column: Ejb3Column{table=org.hibernate.mapping.Table(user), mappingColumn=null, insertable=true, updatable=true, unique=false}
[DEBUG] 2020-03-22 19:41:46.639 [main] Ejb3Column - Binding column: Ejb3Column{table=org.hibernate.mapping.Table(user), mappingColumn=element, insertable=true, updatable=true, unique=false}
[DEBUG] 2020-03-22 19:41:46.639 [main] Ejb3Column - Binding column: Ejb3Column{table=org.hibernate.mapping.Table(user), mappingColumn=userRoles_KEY, insertable=true, updatable=true, unique=false}
[DEBUG] 2020-03-22 19:41:46.639 [main] Ejb3Column - Binding column: Ejb3JoinColumn{logicalColumnName='userRoles_KEY', referencedColumn='null', mappedBy='null'}
[DEBUG] 2020-03-22 19:41:46.640 [main] Ejb3Column - Binding column: Ejb3JoinColumn{logicalColumnName='null', referencedColumn='null', mappedBy='user'}
[DEBUG] 2020-03-22 19:41:46.640 [main] Ejb3Column - Binding column: Ejb3JoinColumn{logicalColumnName='null', referencedColumn='null', mappedBy='user'}
[DEBUG] 2020-03-22 19:41:46.640 [main] CollectionBinder - Collection role: com.euchreleague.entity.User.userRoles
[DEBUG] 2020-03-22 19:41:46.641 [main] PropertyBinder - Building property userRoles
[DEBUG] 2020-03-22 19:41:46.642 [main] AnnotationBinder - Binding entity from annotated class: com.euchreleague.entity.UserRoles
[DEBUG] 2020-03-22 19:41:46.642 [main] Ejb3Column - Binding column: Ejb3DiscriminatorColumn{logicalColumnName'DTYPE', discriminatorTypeName='string'}
[DEBUG] 2020-03-22 19:41:46.642 [main] EntityBinder - Import with entity name UserRoles
[DEBUG] 2020-03-22 19:41:46.642 [main] EntityBinder - Bind entity com.euchreleague.entity.UserRoles on table user_roles
[DEBUG] 2020-03-22 19:41:46.644 [main] Ejb3Column - Binding column: Ejb3Column{table=org.hibernate.mapping.Table(user_roles), mappingColumn=id, insertable=true, updatable=true, unique=false}
[DEBUG] 2020-03-22 19:41:46.644 [main] PropertyBinder - MetadataSourceProcessor property id with lazy=false
[DEBUG] 2020-03-22 19:41:46.644 [main] AbstractPropertyHolder - Attempting to locate auto-apply AttributeConverter for property [com.euchreleague.entity.UserRoles:id]
[DEBUG] 2020-03-22 19:41:46.644 [main] SimpleValueBinder - building SimpleValue for id
[DEBUG] 2020-03-22 19:41:46.644 [main] PropertyBinder - Building property id
[DEBUG] 2020-03-22 19:41:46.644 [main] BinderHelper - #makeIdGenerator(org.hibernate.mapping.SimpleValue([org.hibernate.mapping.Column(id)]), id, org.hibernate.id.enhanced.SequenceStyleGenerator, native, ...)
[DEBUG] 2020-03-22 19:41:46.644 [main] Ejb3Column - Binding column: Ejb3Column{table=org.hibernate.mapping.Table(user_roles), mappingColumn=role_name, insertable=true, updatable=true, unique=false}
[DEBUG] 2020-03-22 19:41:46.644 [main] PropertyBinder - MetadataSourceProcessor property roleName with lazy=false
[DEBUG] 2020-03-22 19:41:46.644 [main] AbstractPropertyHolder - Attempting to locate auto-apply AttributeConverter for property [com.euchreleague.entity.UserRoles:roleName]
[DEBUG] 2020-03-22 19:41:46.645 [main] SimpleValueBinder - building SimpleValue for roleName
[DEBUG] 2020-03-22 19:41:46.645 [main] PropertyBinder - Building property roleName
[DEBUG] 2020-03-22 19:41:46.645 [main] Ejb3Column - Binding column: Ejb3JoinColumn{logicalColumnName='user_id', referencedColumn='', mappedBy=''}
[DEBUG] 2020-03-22 19:41:46.645 [main] Ejb3Column - Binding column: Ejb3Column{table=org.hibernate.mapping.Table(user_roles), mappingColumn=user, insertable=true, updatable=true, unique=false}
[DEBUG] 2020-03-22 19:41:46.646 [main] PropertyBinder - Building property user
[DEBUG] 2020-03-22 19:41:46.646 [main] Ejb3Column - Binding column: Ejb3Column{table=org.hibernate.mapping.Table(user_roles), mappingColumn=user_name, insertable=true, updatable=true, unique=false}
[DEBUG] 2020-03-22 19:41:46.646 [main] PropertyBinder - MetadataSourceProcessor property userName with lazy=false
[DEBUG] 2020-03-22 19:41:46.646 [main] AbstractPropertyHolder - Attempting to locate auto-apply AttributeConverter for property [com.euchreleague.entity.UserRoles:userName]
[DEBUG] 2020-03-22 19:41:46.646 [main] SimpleValueBinder - building SimpleValue for userName
[DEBUG] 2020-03-22 19:41:46.646 [main] PropertyBinder - Building property userName
[DEBUG] 2020-03-22 19:41:46.647 [main] SimpleValueBinder - Starting fillSimpleValue for id
[DEBUG] 2020-03-22 19:41:46.647 [main] SimpleValueBinder - Starting fillSimpleValue for firstName
[DEBUG] 2020-03-22 19:41:46.647 [main] SimpleValueBinder - Starting fillSimpleValue for lastName
[DEBUG] 2020-03-22 19:41:46.647 [main] SimpleValueBinder - Starting fillSimpleValue for userName
[DEBUG] 2020-03-22 19:41:46.647 [main] SimpleValueBinder - Starting fillSimpleValue for userPassword
[DEBUG] 2020-03-22 19:41:46.647 [main] SimpleValueBinder - Starting fillSimpleValue for id
[DEBUG] 2020-03-22 19:41:46.647 [main] SimpleValueBinder - Starting fillSimpleValue for roleName
[DEBUG] 2020-03-22 19:41:46.647 [main] SimpleValueBinder - Starting fillSimpleValue for userName
[DEBUG] 2020-03-22 19:41:46.649 [main] PrimaryKey - Forcing column [id] to be non-null as it is part of the primary key for table [user]
[DEBUG] 2020-03-22 19:41:46.649 [main] PrimaryKey - Forcing column [id] to be non-null as it is part of the primary key for table [user_roles]
[DEBUG] 2020-03-22 19:41:46.650 [main] CollectionSecondPass - Second pass for collection: com.euchreleague.entity.User.userRoles
[DEBUG] 2020-03-22 19:41:46.650 [main] CollectionBinder - Binding a OneToMany: com.euchreleague.entity.User.userRoles through a foreign key
[DEBUG] 2020-03-22 19:41:46.651 [main] CollectionBinder - Mapping collection: com.euchreleague.entity.User.userRoles -> user_roles
[DEBUG] 2020-03-22 19:41:46.651 [main] TableBinder - Retrieving property com.euchreleague.entity.UserRoles.user
[DEBUG] 2020-03-22 19:41:46.652 [main] CollectionSecondPass - Mapped collection key: user_id, one-to-many: com.euchreleague.entity.UserRoles
[DEBUG] 2020-03-22 19:41:46.652 [main] InFlightMetadataCollectorImpl - Resolving reference to class: com.euchreleague.entity.User
[DEBUG] 2020-03-22 19:41:46.652 [main] InFlightMetadataCollectorImpl - Resolving reference to class: com.euchreleague.entity.User
[DEBUG] 2020-03-22 19:41:46.675 [main] SessionFactoryImpl - Building session factory
[DEBUG] 2020-03-22 19:41:46.676 [main] Settings - SessionFactory name : null
[DEBUG] 2020-03-22 19:41:46.676 [main] Settings - Automatic flush during beforeCompletion(): enabled
[DEBUG] 2020-03-22 19:41:46.676 [main] Settings - Automatic session close at end of transaction: disabled
[DEBUG] 2020-03-22 19:41:46.676 [main] Settings - Statistics: disabled
[DEBUG] 2020-03-22 19:41:46.676 [main] Settings - Deleted entity synthetic identifier rollback: disabled
[DEBUG] 2020-03-22 19:41:46.676 [main] Settings - Default entity-mode: pojo
[DEBUG] 2020-03-22 19:41:46.676 [main] Settings - Check Nullability in Core (should be disabled when Bean Validation is on): enabled
[DEBUG] 2020-03-22 19:41:46.676 [main] Settings - Allow initialization of lazy state outside session : disabled
[DEBUG] 2020-03-22 19:41:46.676 [main] Settings - Using BatchFetchStyle : LEGACY
[DEBUG] 2020-03-22 19:41:46.676 [main] Settings - Default batch fetch size: -1
[DEBUG] 2020-03-22 19:41:46.676 [main] Settings - Maximum outer join fetch depth: 2
[DEBUG] 2020-03-22 19:41:46.676 [main] Settings - Default null ordering: NONE
[DEBUG] 2020-03-22 19:41:46.677 [main] Settings - Order SQL updates by primary key: disabled
[DEBUG] 2020-03-22 19:41:46.677 [main] Settings - Order SQL inserts for batching: disabled
[DEBUG] 2020-03-22 19:41:46.677 [main] Settings - multi-tenancy strategy : NONE
[DEBUG] 2020-03-22 19:41:46.677 [main] Settings - JTA Track by Thread: enabled
[DEBUG] 2020-03-22 19:41:46.677 [main] Settings - Query language substitutions: {}
[DEBUG] 2020-03-22 19:41:46.677 [main] Settings - Named query checking : enabled
[DEBUG] 2020-03-22 19:41:46.677 [main] Settings - Second-level cache: disabled
[DEBUG] 2020-03-22 19:41:46.677 [main] Settings - Second-level query cache: disabled
[DEBUG] 2020-03-22 19:41:46.677 [main] Settings - Second-level query cache factory: null
[DEBUG] 2020-03-22 19:41:46.677 [main] Settings - Second-level cache region prefix: null
[DEBUG] 2020-03-22 19:41:46.677 [main] Settings - Optimize second-level cache for minimal puts: disabled
[DEBUG] 2020-03-22 19:41:46.677 [main] Settings - Structured second-level cache entries: disabled
[DEBUG] 2020-03-22 19:41:46.677 [main] Settings - Second-level cache direct-reference entries: disabled
[DEBUG] 2020-03-22 19:41:46.677 [main] Settings - Automatic eviction of collection cache: disabled
[DEBUG] 2020-03-22 19:41:46.677 [main] Settings - JDBC batch size: 15
[DEBUG] 2020-03-22 19:41:46.677 [main] Settings - JDBC batch updates for versioned data: enabled
[DEBUG] 2020-03-22 19:41:46.677 [main] Settings - Scrollable result sets: enabled
[DEBUG] 2020-03-22 19:41:46.677 [main] Settings - Wrap result sets: disabled
[DEBUG] 2020-03-22 19:41:46.677 [main] Settings - JDBC3 getGeneratedKeys(): enabled
[DEBUG] 2020-03-22 19:41:46.677 [main] Settings - JDBC result set fetch size: null
[DEBUG] 2020-03-22 19:41:46.677 [main] Settings - Connection release mode: AFTER_TRANSACTION
[DEBUG] 2020-03-22 19:41:46.677 [main] Settings - Generate SQL with comments: disabled
[DEBUG] 2020-03-22 19:41:46.677 [main] Settings - JPA compliance - query : 
[DEBUG] 2020-03-22 19:41:46.677 [main] Settings - JPA compliance - closed-handling : 
[DEBUG] 2020-03-22 19:41:46.677 [main] Settings - JPA compliance - lists : 
[DEBUG] 2020-03-22 19:41:46.677 [main] Settings - JPA compliance - transactions : 
[INFO ] 2020-03-22 19:41:46.701 [main] beans - HHH10005002: No explicit CDI BeanManager reference was passed to Hibernate, but CDI is available on the Hibernate ClassLoader.
[DEBUG] 2020-03-22 19:41:46.709 [main] SessionFactoryImpl - Session factory constructed with filter configurations : {}
[DEBUG] 2020-03-22 19:41:46.710 [main] SessionFactoryImpl - Instantiating session factory with properties: {sun.desktop=gnome, awt.toolkit=sun.awt.X11.XToolkit, java.specification.version=11, sun.cpu.isalist=, hibernate.c3p0.idle_test_period=3000, sun.jnu.encoding=UTF-8, hibernate.c3p0.min_size=5, java.class.path=/home/student/intellij/lib/idea_rt.jar:/home/student/intellij/plugins/junit/lib/junit5-rt.jar:/home/student/intellij/plugins/junit/lib/junit-rt.jar:/home/student/IdeaProjects/euchreLeague/target/test-classes:/home/student/IdeaProjects/euchreLeague/target/classes:/home/student/.m2/repository/org/junit/platform/junit-platform-runner/1.0.0/junit-platform-runner-1.0.0.jar:/home/student/.m2/repository/org/apiguardian/apiguardian-api/1.0.0/apiguardian-api-1.0.0.jar:/home/student/.m2/repository/org/junit/platform/junit-platform-launcher/1.0.0/junit-platform-launcher-1.0.0.jar:/home/student/.m2/repository/org/junit/platform/junit-platform-suite-api/1.0.0/junit-platform-suite-api-1.0.0.jar:/home/student/.m2/repository/org/junit/platform/junit-platform-commons/1.0.0/junit-platform-commons-1.0.0.jar:/home/student/.m2/repository/org/junit/vintage/junit-vintage-engine/4.12.0/junit-vintage-engine-4.12.0.jar:/home/student/.m2/repository/org/junit/platform/junit-platform-engine/1.0.0/junit-platform-engine-1.0.0.jar:/home/student/.m2/repository/org/opentest4j/opentest4j/1.0.0/opentest4j-1.0.0.jar:/home/student/.m2/repository/org/junit/jupiter/junit-jupiter-engine/5.0.0/junit-jupiter-engine-5.0.0.jar:/home/student/.m2/repository/org/junit/jupiter/junit-jupiter-api/5.0.0/junit-jupiter-api-5.0.0.jar:/home/student/.m2/repository/junit/junit/4.12/junit-4.12.jar:/home/student/.m2/repository/org/hamcrest/hamcrest-core/1.3/hamcrest-core-1.3.jar:/home/student/.m2/repository/javax/javaee-web-api/7.0/javaee-web-api-7.0.jar:/home/student/.m2/repository/mysql/mysql-connector-java/8.0.16/mysql-connector-java-8.0.16.jar:/home/student/.m2/repository/com/google/protobuf/protobuf-java/3.6.1/protobuf-java-3.6.1.jar:/home/student/.m2/repository/jstl/jstl/1.2/jstl-1.2.jar:/home/student/.m2/repository/org/apache/tomcat/tomcat-catalina/8.5.3/tomcat-catalina-8.5.3.jar:/home/student/.m2/repository/org/apache/tomcat/tomcat-servlet-api/8.5.3/tomcat-servlet-api-8.5.3.jar:/home/student/.m2/repository/org/apache/tomcat/tomcat-jsp-api/8.5.3/tomcat-jsp-api-8.5.3.jar:/home/student/.m2/repository/org/apache/tomcat/tomcat-el-api/8.5.3/tomcat-el-api-8.5.3.jar:/home/student/.m2/repository/org/apache/tomcat/tomcat-juli/8.5.3/tomcat-juli-8.5.3.jar:/home/student/.m2/repository/org/apache/tomcat/tomcat-annotations-api/8.5.3/tomcat-annotations-api-8.5.3.jar:/home/student/.m2/repository/org/apache/tomcat/tomcat-api/8.5.3/tomcat-api-8.5.3.jar:/home/student/.m2/repository/org/apache/tomcat/tomcat-jni/8.5.3/tomcat-jni-8.5.3.jar:/home/student/.m2/repository/org/apache/tomcat/tomcat-coyote/8.5.3/tomcat-coyote-8.5.3.jar:/home/student/.m2/repository/org/apache/tomcat/tomcat-util/8.5.3/tomcat-util-8.5.3.jar:/home/student/.m2/repository/org/apache/tomcat/tomcat-util-scan/8.5.3/tomcat-util-scan-8.5.3.jar:/home/student/.m2/repository/org/hibernate/hibernate-core/5.4.4.Final/hibernate-core-5.4.4.Final.jar:/home/student/.m2/repository/org/jboss/logging/jboss-logging/3.3.2.Final/jboss-logging-3.3.2.Final.jar:/home/student/.m2/repository/javax/persistence/javax.persistence-api/2.2/javax.persistence-api-2.2.jar:/home/student/.m2/repository/org/javassist/javassist/3.24.0-GA/javassist-3.24.0-GA.jar:/home/student/.m2/repository/net/bytebuddy/byte-buddy/1.9.11/byte-buddy-1.9.11.jar:/home/student/.m2/repository/antlr/antlr/2.7.7/antlr-2.7.7.jar:/home/student/.m2/repository/org/jboss/spec/javax/transaction/jboss-transaction-api_1.2_spec/1.1.1.Final/jboss-transaction-api_1.2_spec-1.1.1.Final.jar:/home/student/.m2/repository/org/jboss/jandex/2.0.5.Final/jandex-2.0.5.Final.jar:/home/student/.m2/repository/com/fasterxml/classmate/1.3.4/classmate-1.3.4.jar:/home/student/.m2/repository/javax/activation/javax.activation-api/1.2.0/javax.activation-api-1.2.0.jar:/home/student/.m2/repository/org/dom4j/dom4j/2.1.1/dom4j-2.1.1.jar:/home/student/.m2/repository/org/hibernate/common/hibernate-commons-annotations/5.1.0.Final/hibernate-commons-annotations-5.1.0.Final.jar:/home/student/.m2/repository/javax/xml/bind/jaxb-api/2.3.1/jaxb-api-2.3.1.jar:/home/student/.m2/repository/org/glassfish/jaxb/jaxb-runtime/2.3.1/jaxb-runtime-2.3.1.jar:/home/student/.m2/repository/org/glassfish/jaxb/txw2/2.3.1/txw2-2.3.1.jar:/home/student/.m2/repository/com/sun/istack/istack-commons-runtime/3.0.7/istack-commons-runtime-3.0.7.jar:/home/student/.m2/repository/org/jvnet/staxex/stax-ex/1.8/stax-ex-1.8.jar:/home/student/.m2/repository/com/sun/xml/fastinfoset/FastInfoset/1.2.15/FastInfoset-1.2.15.jar:/home/student/.m2/repository/org/hibernate/hibernate-c3p0/5.4.4.Final/hibernate-c3p0-5.4.4.Final.jar:/home/student/.m2/repository/com/mchange/c3p0/0.9.5.3/c3p0-0.9.5.3.jar:/home/student/.m2/repository/com/mchange/mchange-commons-java/0.2.15/mchange-commons-java-0.2.15.jar:/home/student/.m2/repository/org/apache/logging/log4j/log4j-api/2.10.0/log4j-api-2.10.0.jar:/home/student/.m2/repository/org/apache/logging/log4j/log4j-core/2.10.0/log4j-core-2.10.0.jar, java.vm.vendor=Ubuntu, sun.arch.data.model=64, idea.test.cyclic.buffer.size=1048576, java.vendor.url=https://ubuntu.com/, user.timezone=America/Chicago, os.name=Linux, java.vm.specification.version=11, sun.java.launcher=SUN_STANDARD, user.country=US, sun.boot.library.path=/usr/lib/jvm/java-11-openjdk-amd64/lib, sun.java.command=com.intellij.rt.junit.JUnitStarter -ideVersion5 -junit5 com.euchreleague.persistence.UserRolesDaoTest,insertSuccess, jdk.debug=release, sun.cpu.endian=little, user.home=/home/student, hibernate.c3p0.max_statements=50, user.language=en, java.specification.vendor=Oracle Corporation, java.version.date=2020-01-14, java.home=/usr/lib/jvm/java-11-openjdk-amd64, file.separator=/, java.vm.compressedOopsMode=Zero based, line.separator=
, hibernate.c3p0.timeout=300, java.specification.name=Java Platform API Specification, java.vm.specification.vendor=Oracle Corporation, java.awt.graphicsenv=sun.awt.X11GraphicsEnvironment, connection.password=@Tonyawatha18, sun.management.compiler=HotSpot 64-Bit Tiered Compilers, hibernate.c3p0.max_size=20, java.runtime.version=11.0.6+10-post-Ubuntu-1ubuntu118.04.1, user.name=student, path.separator=:, hibernate.connection.username=****, os.version=5.3.0-40-generic, java.runtime.name=OpenJDK Runtime Environment, hibernate.connection.url=jdbc:mysql://localhost:3306/test_EuchreLeague, file.encoding=UTF-8, java.vm.name=OpenJDK 64-Bit Server VM, hibernate.connection.driver_class=com.mysql.cj.jdbc.Driver, java.vendor.url.bug=https://bugs.launchpad.net/ubuntu/+source/openjdk-lts, java.io.tmpdir=/tmp, java.version=11.0.6, user.dir=/home/student/IdeaProjects/euchreLeague, os.arch=amd64, connection.username=root, java.vm.specification.name=Java Virtual Machine Specification, java.awt.printerjob=sun.print.PSPrinterJob, hibernate.connection.password=****, sun.os.patch.level=unknown, connection.driver_class=com.mysql.cj.jdbc.Driver, hibernate.boot.CfgXmlAccessService.key=org.hibernate.boot.cfgxml.spi.LoadedConfig@737db7f8, java.library.path=/usr/java/packages/lib:/usr/lib/x86_64-linux-gnu/jni:/lib/x86_64-linux-gnu:/usr/lib/x86_64-linux-gnu:/usr/lib/jni:/lib:/usr/lib, java.vendor=Ubuntu, java.vm.info=mixed mode, sharing, java.vm.version=11.0.6+10-post-Ubuntu-1ubuntu118.04.1, hibernate.bytecode.use_reflection_optimizer=false, sun.io.unicode.encoding=UnicodeLittle, connection.url=jdbc:mysql://localhost:3306/test_EuchreLeague, java.class.version=55.0}
[DEBUG] 2020-03-22 19:41:46.718 [main] TypeSafeActivator - Unable to acquire Bean Validation ValidatorFactory, skipping activation
[DEBUG] 2020-03-22 19:41:46.718 [main] JaccIntegrator - Skipping JACC integration as it was not enabled
[DEBUG] 2020-03-22 19:41:46.718 [main] SessionFactoryImpl - Instantiated session factory
[DEBUG] 2020-03-22 19:41:46.718 [main] TypeConfiguration$Scope - Scoping TypeConfiguration [org.hibernate.type.spi.TypeConfiguration@24934262] to SessionFactoryImpl [org.hibernate.internal.SessionFactoryImpl@5a0bef24]
[DEBUG] 2020-03-22 19:41:46.740 [main] ClassLoaderAccessImpl - Not known whether passed class name [com.euchreleague.entity.UserRoles] is safe
[DEBUG] 2020-03-22 19:41:46.741 [main] ClassLoaderAccessImpl - No temp ClassLoader provided; using live ClassLoader for loading potentially unsafe class : com.euchreleague.entity.UserRoles
[DEBUG] 2020-03-22 19:41:46.749 [main] ClassLoaderAccessImpl - Not known whether passed class name [com.euchreleague.entity.UserRoles] is safe
[DEBUG] 2020-03-22 19:41:46.749 [main] ClassLoaderAccessImpl - No temp ClassLoader provided; using live ClassLoader for loading potentially unsafe class : com.euchreleague.entity.UserRoles
[DEBUG] 2020-03-22 19:41:46.879 [main] ClassLoaderAccessImpl - Not known whether passed class name [com.euchreleague.entity.User] is safe
[DEBUG] 2020-03-22 19:41:46.879 [main] ClassLoaderAccessImpl - No temp ClassLoader provided; using live ClassLoader for loading potentially unsafe class : com.euchreleague.entity.User
[DEBUG] 2020-03-22 19:41:46.880 [main] ClassLoaderAccessImpl - Not known whether passed class name [com.euchreleague.entity.User] is safe
[DEBUG] 2020-03-22 19:41:46.880 [main] ClassLoaderAccessImpl - No temp ClassLoader provided; using live ClassLoader for loading potentially unsafe class : com.euchreleague.entity.User
[DEBUG] 2020-03-22 19:41:46.895 [main] AbstractCollectionPersister - Static SQL for collection: com.euchreleague.entity.User.userRoles
[DEBUG] 2020-03-22 19:41:46.895 [main] AbstractCollectionPersister -  Row insert: update user_roles set user_id=? where id=?
[DEBUG] 2020-03-22 19:41:46.895 [main] AbstractCollectionPersister -  Row update: update user_roles set  where id=?
[DEBUG] 2020-03-22 19:41:46.895 [main] AbstractCollectionPersister -  Row delete: update user_roles set user_id=null where user_id=? and id=?
[DEBUG] 2020-03-22 19:41:46.895 [main] AbstractCollectionPersister -  One-shot delete: update user_roles set user_id=null where user_id=?
[DEBUG] 2020-03-22 19:41:46.897 [main] AbstractEntityPersister - Static SQL for entity: com.euchreleague.entity.UserRoles
[DEBUG] 2020-03-22 19:41:46.897 [main] AbstractEntityPersister -  Version select: select id from user_roles where id =?
[DEBUG] 2020-03-22 19:41:46.897 [main] AbstractEntityPersister -  Snapshot select: select userroles_.id, userroles_.role_name as role_nam2_1_, userroles_.user_id as user_id4_1_, userroles_.user_name as user_nam3_1_ from user_roles userroles_ where userroles_.id=?
[DEBUG] 2020-03-22 19:41:46.897 [main] AbstractEntityPersister -  Insert 0: insert into user_roles (role_name, user_id, user_name, id) values (?, ?, ?, ?)
[DEBUG] 2020-03-22 19:41:46.897 [main] AbstractEntityPersister -  Update 0: update user_roles set role_name=?, user_id=?, user_name=? where id=?
[DEBUG] 2020-03-22 19:41:46.897 [main] AbstractEntityPersister -  Delete 0: delete from user_roles where id=?
[DEBUG] 2020-03-22 19:41:46.897 [main] AbstractEntityPersister -  Identity insert: insert into user_roles (role_name, user_id, user_name) values (?, ?, ?)
[DEBUG] 2020-03-22 19:41:46.907 [main] QuerySpacesImpl - Adding QuerySpace : uid = <gen:0> -> org.hibernate.loader.plan.build.internal.spaces.EntityQuerySpaceImpl@fd413fb]
[DEBUG] 2020-03-22 19:41:46.907 [main] MetamodelGraphWalker - Visiting attribute path : roleName
[DEBUG] 2020-03-22 19:41:46.907 [main] MetamodelGraphWalker - Visiting attribute path : user
[DEBUG] 2020-03-22 19:41:46.909 [main] QuerySpacesImpl - Adding QuerySpace : uid = <gen:1> -> org.hibernate.loader.plan.build.internal.spaces.EntityQuerySpaceImpl@1bedc703]
[DEBUG] 2020-03-22 19:41:46.910 [main] MetamodelGraphWalker - Visiting attribute path : user.firstName
[DEBUG] 2020-03-22 19:41:46.910 [main] MetamodelGraphWalker - Visiting attribute path : user.lastName
[DEBUG] 2020-03-22 19:41:46.910 [main] MetamodelGraphWalker - Visiting attribute path : user.userName
[DEBUG] 2020-03-22 19:41:46.910 [main] MetamodelGraphWalker - Visiting attribute path : user.userPassword
[DEBUG] 2020-03-22 19:41:46.910 [main] MetamodelGraphWalker - Visiting attribute path : user.userRoles
[DEBUG] 2020-03-22 19:41:46.910 [main] MetamodelGraphWalker - Property path deemed to be circular : user.userRoles
[DEBUG] 2020-03-22 19:41:46.910 [main] MetamodelGraphWalker - Visiting attribute path : userName
[DEBUG] 2020-03-22 19:41:46.910 [main] FetchStyleLoadPlanBuildingAssociationVisitationStrategy - Building LoadPlan...
[DEBUG] 2020-03-22 19:41:46.916 [main] LoadQueryJoinAndFetchProcessor - processing queryspace <gen:0>
[DEBUG] 2020-03-22 19:41:46.918 [main] LoadPlanTreePrinter - LoadPlan(entity=com.euchreleague.entity.UserRoles)
    - Returns
       - EntityReturnImpl(entity=com.euchreleague.entity.UserRoles, querySpaceUid=<gen:0>, path=com.euchreleague.entity.UserRoles)
          - EntityAttributeFetchImpl(entity=com.euchreleague.entity.User, querySpaceUid=<gen:1>, path=com.euchreleague.entity.UserRoles.user)
    - QuerySpaces
       - EntityQuerySpaceImpl(uid=<gen:0>, entity=com.euchreleague.entity.UserRoles)
          - SQL table alias mapping - userroles0_
          - alias suffix - 0_
          - suffixed key columns - {id1_1_0_}
          - JOIN (JoinDefinedByMetadata(user)) : <gen:0> -> <gen:1>
             - EntityQuerySpaceImpl(uid=<gen:1>, entity=com.euchreleague.entity.User)
                - SQL table alias mapping - user1_
                - alias suffix - 1_
                - suffixed key columns - {id1_0_1_}

[DEBUG] 2020-03-22 19:41:46.919 [main] EntityLoader - Static select for entity com.euchreleague.entity.UserRoles [NONE]: select userroles0_.id as id1_1_0_, userroles0_.role_name as role_nam2_1_0_, userroles0_.user_id as user_id4_1_0_, userroles0_.user_name as user_nam3_1_0_, user1_.id as id1_0_1_, user1_.first_name as first_na2_0_1_, user1_.last_name as last_nam3_0_1_, user1_.user_name as user_nam4_0_1_, user1_.user_password as user_pas5_0_1_ from user_roles userroles0_ left outer join user user1_ on userroles0_.user_id=user1_.id where userroles0_.id=?
[DEBUG] 2020-03-22 19:41:46.919 [main] QuerySpacesImpl - Adding QuerySpace : uid = <gen:0> -> org.hibernate.loader.plan.build.internal.spaces.EntityQuerySpaceImpl@5382184b]
[DEBUG] 2020-03-22 19:41:46.919 [main] MetamodelGraphWalker - Visiting attribute path : roleName
[DEBUG] 2020-03-22 19:41:46.919 [main] MetamodelGraphWalker - Visiting attribute path : user
[DEBUG] 2020-03-22 19:41:46.919 [main] QuerySpacesImpl - Adding QuerySpace : uid = <gen:1> -> org.hibernate.loader.plan.build.internal.spaces.EntityQuerySpaceImpl@2213639b]
[DEBUG] 2020-03-22 19:41:46.919 [main] MetamodelGraphWalker - Visiting attribute path : user.firstName
[DEBUG] 2020-03-22 19:41:46.919 [main] MetamodelGraphWalker - Visiting attribute path : user.lastName
[DEBUG] 2020-03-22 19:41:46.919 [main] MetamodelGraphWalker - Visiting attribute path : user.userName
[DEBUG] 2020-03-22 19:41:46.919 [main] MetamodelGraphWalker - Visiting attribute path : user.userPassword
[DEBUG] 2020-03-22 19:41:46.919 [main] MetamodelGraphWalker - Visiting attribute path : user.userRoles
[DEBUG] 2020-03-22 19:41:46.919 [main] MetamodelGraphWalker - Property path deemed to be circular : user.userRoles
[DEBUG] 2020-03-22 19:41:46.919 [main] MetamodelGraphWalker - Visiting attribute path : userName
[DEBUG] 2020-03-22 19:41:46.919 [main] FetchStyleLoadPlanBuildingAssociationVisitationStrategy - Building LoadPlan...
[DEBUG] 2020-03-22 19:41:46.919 [main] LoadQueryJoinAndFetchProcessor - processing queryspace <gen:0>
[DEBUG] 2020-03-22 19:41:46.920 [main] LoadPlanTreePrinter - LoadPlan(entity=com.euchreleague.entity.UserRoles)
    - Returns
       - EntityReturnImpl(entity=com.euchreleague.entity.UserRoles, querySpaceUid=<gen:0>, path=com.euchreleague.entity.UserRoles)
          - EntityAttributeFetchImpl(entity=com.euchreleague.entity.User, querySpaceUid=<gen:1>, path=com.euchreleague.entity.UserRoles.user)
    - QuerySpaces
       - EntityQuerySpaceImpl(uid=<gen:0>, entity=com.euchreleague.entity.UserRoles)
          - SQL table alias mapping - userroles0_
          - alias suffix - 0_
          - suffixed key columns - {id1_1_0_}
          - JOIN (JoinDefinedByMetadata(user)) : <gen:0> -> <gen:1>
             - EntityQuerySpaceImpl(uid=<gen:1>, entity=com.euchreleague.entity.User)
                - SQL table alias mapping - user1_
                - alias suffix - 1_
                - suffixed key columns - {id1_0_1_}

[DEBUG] 2020-03-22 19:41:46.920 [main] EntityLoader - Static select for entity com.euchreleague.entity.UserRoles [READ]: select userroles0_.id as id1_1_0_, userroles0_.role_name as role_nam2_1_0_, userroles0_.user_id as user_id4_1_0_, userroles0_.user_name as user_nam3_1_0_, user1_.id as id1_0_1_, user1_.first_name as first_na2_0_1_, user1_.last_name as last_nam3_0_1_, user1_.user_name as user_nam4_0_1_, user1_.user_password as user_pas5_0_1_ from user_roles userroles0_ left outer join user user1_ on userroles0_.user_id=user1_.id where userroles0_.id=?
[DEBUG] 2020-03-22 19:41:46.927 [main] Loader - Static select for action ACTION_MERGE on entity com.euchreleague.entity.UserRoles: select userroles0_.id as id1_1_0_, userroles0_.role_name as role_nam2_1_0_, userroles0_.user_id as user_id4_1_0_, userroles0_.user_name as user_nam3_1_0_ from user_roles userroles0_ where userroles0_.id=?
[DEBUG] 2020-03-22 19:41:46.927 [main] Loader - Static select for action ACTION_REFRESH on entity com.euchreleague.entity.UserRoles: select userroles0_.id as id1_1_0_, userroles0_.role_name as role_nam2_1_0_, userroles0_.user_id as user_id4_1_0_, userroles0_.user_name as user_nam3_1_0_ from user_roles userroles0_ where userroles0_.id=?
[DEBUG] 2020-03-22 19:41:46.928 [main] AbstractEntityPersister - Static SQL for entity: com.euchreleague.entity.User
[DEBUG] 2020-03-22 19:41:46.928 [main] AbstractEntityPersister -  Version select: select id from user where id =?
[DEBUG] 2020-03-22 19:41:46.928 [main] AbstractEntityPersister -  Snapshot select: select user_.id, user_.first_name as first_na2_0_, user_.last_name as last_nam3_0_, user_.user_name as user_nam4_0_, user_.user_password as user_pas5_0_ from user user_ where user_.id=?
[DEBUG] 2020-03-22 19:41:46.928 [main] AbstractEntityPersister -  Insert 0: insert into user (first_name, last_name, user_name, user_password, id) values (?, ?, ?, ?, ?)
[DEBUG] 2020-03-22 19:41:46.928 [main] AbstractEntityPersister -  Update 0: update user set first_name=?, last_name=?, user_name=?, user_password=? where id=?
[DEBUG] 2020-03-22 19:41:46.928 [main] AbstractEntityPersister -  Delete 0: delete from user where id=?
[DEBUG] 2020-03-22 19:41:46.928 [main] AbstractEntityPersister -  Identity insert: insert into user (first_name, last_name, user_name, user_password) values (?, ?, ?, ?)
[DEBUG] 2020-03-22 19:41:46.928 [main] QuerySpacesImpl - Adding QuerySpace : uid = <gen:0> -> org.hibernate.loader.plan.build.internal.spaces.EntityQuerySpaceImpl@202d9236]
[DEBUG] 2020-03-22 19:41:46.928 [main] MetamodelGraphWalker - Visiting attribute path : firstName
[DEBUG] 2020-03-22 19:41:46.928 [main] MetamodelGraphWalker - Visiting attribute path : lastName
[DEBUG] 2020-03-22 19:41:46.928 [main] MetamodelGraphWalker - Visiting attribute path : userName
[DEBUG] 2020-03-22 19:41:46.928 [main] MetamodelGraphWalker - Visiting attribute path : userPassword
[DEBUG] 2020-03-22 19:41:46.928 [main] MetamodelGraphWalker - Visiting attribute path : userRoles
[DEBUG] 2020-03-22 19:41:46.928 [main] QuerySpacesImpl - Adding QuerySpace : uid = <gen:1> -> org.hibernate.loader.plan.build.internal.spaces.CollectionQuerySpaceImpl@7ecda95b]
[DEBUG] 2020-03-22 19:41:46.929 [main] QuerySpacesImpl - Adding QuerySpace : uid = <gen:2> -> org.hibernate.loader.plan.build.internal.spaces.EntityQuerySpaceImpl@68b11545]
[DEBUG] 2020-03-22 19:41:46.930 [main] MetamodelGraphWalker - Visiting attribute path : userRoles.roleName
[DEBUG] 2020-03-22 19:41:46.930 [main] MetamodelGraphWalker - Visiting attribute path : userRoles.user
[DEBUG] 2020-03-22 19:41:46.930 [main] MetamodelGraphWalker - Property path deemed to be circular : userRoles.user
[DEBUG] 2020-03-22 19:41:46.930 [main] MetamodelGraphWalker - Visiting attribute path : userRoles.userName
[DEBUG] 2020-03-22 19:41:46.930 [main] FetchStyleLoadPlanBuildingAssociationVisitationStrategy - Building LoadPlan...
[DEBUG] 2020-03-22 19:41:46.930 [main] LoadQueryJoinAndFetchProcessor - processing queryspace <gen:0>
[DEBUG] 2020-03-22 19:41:46.932 [main] LoadPlanTreePrinter - LoadPlan(entity=com.euchreleague.entity.User)
    - Returns
       - EntityReturnImpl(entity=com.euchreleague.entity.User, querySpaceUid=<gen:0>, path=com.euchreleague.entity.User)
          - CollectionAttributeFetchImpl(collection=com.euchreleague.entity.User.userRoles, querySpaceUid=<gen:1>, path=com.euchreleague.entity.User.userRoles)
             - (collection element) CollectionFetchableElementEntityGraph(entity=com.euchreleague.entity.UserRoles, querySpaceUid=<gen:2>, path=com.euchreleague.entity.User.userRoles.<elements>)
    - QuerySpaces
       - EntityQuerySpaceImpl(uid=<gen:0>, entity=com.euchreleague.entity.User)
          - SQL table alias mapping - user0_
          - alias suffix - 0_
          - suffixed key columns - {id1_0_0_}
          - JOIN (JoinDefinedByMetadata(userRoles)) : <gen:0> -> <gen:1>
             - CollectionQuerySpaceImpl(uid=<gen:1>, collection=com.euchreleague.entity.User.userRoles)
                - SQL table alias mapping - userroles1_
                - alias suffix - 1_
                - suffixed key columns - {user_id4_1_1_}
                - entity-element alias suffix - 2_
                - 2_entity-element suffixed key columns - id1_1_2_
                - JOIN (JoinDefinedByMetadata(elements)) : <gen:1> -> <gen:2>
                   - EntityQuerySpaceImpl(uid=<gen:2>, entity=com.euchreleague.entity.UserRoles)
                      - SQL table alias mapping - userroles1_
                      - alias suffix - 2_
                      - suffixed key columns - {id1_1_2_}

[DEBUG] 2020-03-22 19:41:46.932 [main] EntityLoader - Static select for entity com.euchreleague.entity.User [NONE]: select user0_.id as id1_0_0_, user0_.first_name as first_na2_0_0_, user0_.last_name as last_nam3_0_0_, user0_.user_name as user_nam4_0_0_, user0_.user_password as user_pas5_0_0_, userroles1_.user_id as user_id4_1_1_, userroles1_.id as id1_1_1_, userroles1_.id as id1_1_2_, userroles1_.role_name as role_nam2_1_2_, userroles1_.user_id as user_id4_1_2_, userroles1_.user_name as user_nam3_1_2_ from user user0_ left outer join user_roles userroles1_ on user0_.id=userroles1_.user_id where user0_.id=?
[DEBUG] 2020-03-22 19:41:46.932 [main] QuerySpacesImpl - Adding QuerySpace : uid = <gen:0> -> org.hibernate.loader.plan.build.internal.spaces.EntityQuerySpaceImpl@5d05f453]
[DEBUG] 2020-03-22 19:41:46.933 [main] MetamodelGraphWalker - Visiting attribute path : firstName
[DEBUG] 2020-03-22 19:41:46.933 [main] MetamodelGraphWalker - Visiting attribute path : lastName
[DEBUG] 2020-03-22 19:41:46.933 [main] MetamodelGraphWalker - Visiting attribute path : userName
[DEBUG] 2020-03-22 19:41:46.933 [main] MetamodelGraphWalker - Visiting attribute path : userPassword
[DEBUG] 2020-03-22 19:41:46.933 [main] MetamodelGraphWalker - Visiting attribute path : userRoles
[DEBUG] 2020-03-22 19:41:46.933 [main] QuerySpacesImpl - Adding QuerySpace : uid = <gen:1> -> org.hibernate.loader.plan.build.internal.spaces.CollectionQuerySpaceImpl@160b4809]
[DEBUG] 2020-03-22 19:41:46.933 [main] QuerySpacesImpl - Adding QuerySpace : uid = <gen:2> -> org.hibernate.loader.plan.build.internal.spaces.EntityQuerySpaceImpl@149b4d20]
[DEBUG] 2020-03-22 19:41:46.933 [main] MetamodelGraphWalker - Visiting attribute path : userRoles.roleName
[DEBUG] 2020-03-22 19:41:46.933 [main] MetamodelGraphWalker - Visiting attribute path : userRoles.user
[DEBUG] 2020-03-22 19:41:46.933 [main] MetamodelGraphWalker - Property path deemed to be circular : userRoles.user
[DEBUG] 2020-03-22 19:41:46.933 [main] MetamodelGraphWalker - Visiting attribute path : userRoles.userName
[DEBUG] 2020-03-22 19:41:46.933 [main] FetchStyleLoadPlanBuildingAssociationVisitationStrategy - Building LoadPlan...
[DEBUG] 2020-03-22 19:41:46.933 [main] LoadQueryJoinAndFetchProcessor - processing queryspace <gen:0>
[DEBUG] 2020-03-22 19:41:46.934 [main] LoadPlanTreePrinter - LoadPlan(entity=com.euchreleague.entity.User)
    - Returns
       - EntityReturnImpl(entity=com.euchreleague.entity.User, querySpaceUid=<gen:0>, path=com.euchreleague.entity.User)
          - CollectionAttributeFetchImpl(collection=com.euchreleague.entity.User.userRoles, querySpaceUid=<gen:1>, path=com.euchreleague.entity.User.userRoles)
             - (collection element) CollectionFetchableElementEntityGraph(entity=com.euchreleague.entity.UserRoles, querySpaceUid=<gen:2>, path=com.euchreleague.entity.User.userRoles.<elements>)
    - QuerySpaces
       - EntityQuerySpaceImpl(uid=<gen:0>, entity=com.euchreleague.entity.User)
          - SQL table alias mapping - user0_
          - alias suffix - 0_
          - suffixed key columns - {id1_0_0_}
          - JOIN (JoinDefinedByMetadata(userRoles)) : <gen:0> -> <gen:1>
             - CollectionQuerySpaceImpl(uid=<gen:1>, collection=com.euchreleague.entity.User.userRoles)
                - SQL table alias mapping - userroles1_
                - alias suffix - 1_
                - suffixed key columns - {user_id4_1_1_}
                - entity-element alias suffix - 2_
                - 2_entity-element suffixed key columns - id1_1_2_
                - JOIN (JoinDefinedByMetadata(elements)) : <gen:1> -> <gen:2>
                   - EntityQuerySpaceImpl(uid=<gen:2>, entity=com.euchreleague.entity.UserRoles)
                      - SQL table alias mapping - userroles1_
                      - alias suffix - 2_
                      - suffixed key columns - {id1_1_2_}

[DEBUG] 2020-03-22 19:41:46.934 [main] EntityLoader - Static select for entity com.euchreleague.entity.User [READ]: select user0_.id as id1_0_0_, user0_.first_name as first_na2_0_0_, user0_.last_name as last_nam3_0_0_, user0_.user_name as user_nam4_0_0_, user0_.user_password as user_pas5_0_0_, userroles1_.user_id as user_id4_1_1_, userroles1_.id as id1_1_1_, userroles1_.id as id1_1_2_, userroles1_.role_name as role_nam2_1_2_, userroles1_.user_id as user_id4_1_2_, userroles1_.user_name as user_nam3_1_2_ from user user0_ left outer join user_roles userroles1_ on user0_.id=userroles1_.user_id where user0_.id=?
[DEBUG] 2020-03-22 19:41:46.935 [main] Loader - Static select for action ACTION_MERGE on entity com.euchreleague.entity.User: select user0_.id as id1_0_1_, user0_.first_name as first_na2_0_1_, user0_.last_name as last_nam3_0_1_, user0_.user_name as user_nam4_0_1_, user0_.user_password as user_pas5_0_1_, userroles1_.user_id as user_id4_1_3_, userroles1_.id as id1_1_3_, userroles1_.id as id1_1_0_, userroles1_.role_name as role_nam2_1_0_, userroles1_.user_id as user_id4_1_0_, userroles1_.user_name as user_nam3_1_0_ from user user0_ left outer join user_roles userroles1_ on user0_.id=userroles1_.user_id where user0_.id=?
[DEBUG] 2020-03-22 19:41:46.935 [main] Loader - Static select for action ACTION_REFRESH on entity com.euchreleague.entity.User: select user0_.id as id1_0_1_, user0_.first_name as first_na2_0_1_, user0_.last_name as last_nam3_0_1_, user0_.user_name as user_nam4_0_1_, user0_.user_password as user_pas5_0_1_, userroles1_.user_id as user_id4_1_3_, userroles1_.id as id1_1_3_, userroles1_.id as id1_1_0_, userroles1_.role_name as role_nam2_1_0_, userroles1_.user_id as user_id4_1_0_, userroles1_.user_name as user_nam3_1_0_ from user user0_ left outer join user_roles userroles1_ on user0_.id=userroles1_.user_id where user0_.id=?
[DEBUG] 2020-03-22 19:41:46.940 [main] QuerySpacesImpl - Adding QuerySpace : uid = <gen:0> -> org.hibernate.loader.plan.build.internal.spaces.CollectionQuerySpaceImpl@58833798]
[DEBUG] 2020-03-22 19:41:46.940 [main] QuerySpacesImpl - Adding QuerySpace : uid = <gen:1> -> org.hibernate.loader.plan.build.internal.spaces.EntityQuerySpaceImpl@7f3ca64a]
[DEBUG] 2020-03-22 19:41:46.940 [main] MetamodelGraphWalker - Visiting attribute path : roleName
[DEBUG] 2020-03-22 19:41:46.940 [main] MetamodelGraphWalker - Visiting attribute path : user
[DEBUG] 2020-03-22 19:41:46.940 [main] MetamodelGraphWalker - Property path deemed to be circular : user
[DEBUG] 2020-03-22 19:41:46.940 [main] MetamodelGraphWalker - Visiting attribute path : userName
[DEBUG] 2020-03-22 19:41:46.940 [main] FetchStyleLoadPlanBuildingAssociationVisitationStrategy - Building LoadPlan...
[DEBUG] 2020-03-22 19:41:46.943 [main] LoadQueryJoinAndFetchProcessor - processing queryspace <gen:0>
[DEBUG] 2020-03-22 19:41:46.943 [main] LoadPlanTreePrinter - LoadPlan(collection=com.euchreleague.entity.User.userRoles)
    - Returns
       - CollectionReturnImpl(collection=com.euchreleague.entity.User.userRoles, querySpaceUid=<gen:0>, path=[com.euchreleague.entity.User.userRoles])
          - (collection element) CollectionFetchableElementEntityGraph(entity=com.euchreleague.entity.UserRoles, querySpaceUid=<gen:1>, path=[com.euchreleague.entity.User.userRoles].<elements>)
    - QuerySpaces
       - CollectionQuerySpaceImpl(uid=<gen:0>, collection=com.euchreleague.entity.User.userRoles)
          - SQL table alias mapping - userroles0_
          - alias suffix - 0_
          - suffixed key columns - {user_id4_1_0_}
          - entity-element alias suffix - 1_
          - 1_entity-element suffixed key columns - id1_1_1_
          - JOIN (JoinDefinedByMetadata(elements)) : <gen:0> -> <gen:1>
             - EntityQuerySpaceImpl(uid=<gen:1>, entity=com.euchreleague.entity.UserRoles)
                - SQL table alias mapping - userroles0_
                - alias suffix - 1_
                - suffixed key columns - {id1_1_1_}

[DEBUG] 2020-03-22 19:41:46.943 [main] CollectionLoader - Static select for collection com.euchreleague.entity.User.userRoles: select userroles0_.user_id as user_id4_1_0_, userroles0_.id as id1_1_0_, userroles0_.id as id1_1_1_, userroles0_.role_name as role_nam2_1_1_, userroles0_.user_id as user_id4_1_1_, userroles0_.user_name as user_nam3_1_1_ from user_roles userroles0_ where userroles0_.user_id=?
[DEBUG] 2020-03-22 19:41:46.961 [main] SchemaManagementToolCoordinator - No actions specified; doing nothing
[DEBUG] 2020-03-22 19:41:46.961 [main] JtaPlatformInitiator - No JtaPlatform was specified, checking resolver
[DEBUG] 2020-03-22 19:41:46.961 [main] JtaPlatformResolverInitiator - No JtaPlatformResolver was specified, using default [org.hibernate.engine.transaction.jta.platform.internal.StandardJtaPlatformResolver]
[DEBUG] 2020-03-22 19:41:46.963 [main] StandardJtaPlatformResolver - Could not resolve JtaPlatform, using default [org.hibernate.engine.transaction.jta.platform.internal.NoJtaPlatform]
[INFO ] 2020-03-22 19:41:46.963 [main] JtaPlatformInitiator - HHH000490: Using JtaPlatform implementation: [org.hibernate.engine.transaction.jta.platform.internal.NoJtaPlatform]
[DEBUG] 2020-03-22 19:41:46.964 [main] NamedQueryRepository - Checking 0 named HQL queries
[DEBUG] 2020-03-22 19:41:46.964 [main] NamedQueryRepository - Checking 0 named SQL queries
[DEBUG] 2020-03-22 19:41:46.965 [main] SessionFactoryRegistry - Initializing SessionFactoryRegistry : org.hibernate.internal.SessionFactoryRegistry@49edcb30
[DEBUG] 2020-03-22 19:41:46.966 [main] SessionFactoryRegistry - Registering SessionFactory: 89fc8f59-6a70-4051-82b6-7d9c4f338e9d (<unnamed>)
[DEBUG] 2020-03-22 19:41:46.966 [main] SessionFactoryRegistry - Not binding SessionFactory to JNDI, no JNDI name configured
[DEBUG] 2020-03-22 19:41:47.022 [main] StatisticsInitiator - Statistics initialized [enabled=false]
[DEBUG] 2020-03-22 19:41:47.029 [main] SQL - select user0_.id as id1_0_0_, user0_.first_name as first_na2_0_0_, user0_.last_name as last_nam3_0_0_, user0_.user_name as user_nam4_0_0_, user0_.user_password as user_pas5_0_0_, userroles1_.user_id as user_id4_1_1_, userroles1_.id as id1_1_1_, userroles1_.id as id1_1_2_, userroles1_.role_name as role_nam2_1_2_, userroles1_.user_id as user_id4_1_2_, userroles1_.user_name as user_nam3_1_2_ from user user0_ left outer join user_roles userroles1_ on user0_.id=userroles1_.user_id where user0_.id=?
[DEBUG] 2020-03-22 19:41:47.040 [main] ResultSetProcessorImpl - Starting ResultSet row #0
[DEBUG] 2020-03-22 19:41:47.041 [main] EntityReferenceInitializerImpl - On call to EntityIdentifierReaderImpl#resolve, EntityKey was already known; should only happen on root returns with an optional identifier specified
[DEBUG] 2020-03-22 19:41:47.045 [main] CollectionReferenceInitializerImpl - Found row of collection: [com.euchreleague.entity.User.userRoles#1]
[DEBUG] 2020-03-22 19:41:47.048 [main] TwoPhaseLoad - Resolving attributes for [com.euchreleague.entity.User#1]
[DEBUG] 2020-03-22 19:41:47.048 [main] TwoPhaseLoad - Processing attribute `firstName` : value = John
[DEBUG] 2020-03-22 19:41:47.048 [main] TwoPhaseLoad - Attribute (`firstName`)  - enhanced for lazy-loading? - false
[DEBUG] 2020-03-22 19:41:47.049 [main] TwoPhaseLoad - Processing attribute `lastName` : value = Doe
[DEBUG] 2020-03-22 19:41:47.049 [main] TwoPhaseLoad - Attribute (`lastName`)  - enhanced for lazy-loading? - false
[DEBUG] 2020-03-22 19:41:47.049 [main] TwoPhaseLoad - Processing attribute `userName` : value = jdoe
[DEBUG] 2020-03-22 19:41:47.049 [main] TwoPhaseLoad - Attribute (`userName`)  - enhanced for lazy-loading? - false
[DEBUG] 2020-03-22 19:41:47.049 [main] TwoPhaseLoad - Processing attribute `userPassword` : value = supersecret1
[DEBUG] 2020-03-22 19:41:47.049 [main] TwoPhaseLoad - Attribute (`userPassword`)  - enhanced for lazy-loading? - false
[DEBUG] 2020-03-22 19:41:47.049 [main] TwoPhaseLoad - Processing attribute `userRoles` : value = NOT NULL COLLECTION
[DEBUG] 2020-03-22 19:41:47.049 [main] TwoPhaseLoad - Attribute (`userRoles`)  - enhanced for lazy-loading? - false
[DEBUG] 2020-03-22 19:41:47.049 [main] TwoPhaseLoad - Done materializing entity [com.euchreleague.entity.User#1]
[DEBUG] 2020-03-22 19:41:47.049 [main] TwoPhaseLoad - Resolving attributes for [com.euchreleague.entity.UserRoles#1]
[DEBUG] 2020-03-22 19:41:47.049 [main] TwoPhaseLoad - Processing attribute `roleName` : value = admin
[DEBUG] 2020-03-22 19:41:47.049 [main] TwoPhaseLoad - Attribute (`roleName`)  - enhanced for lazy-loading? - false
[DEBUG] 2020-03-22 19:41:47.049 [main] TwoPhaseLoad - Processing attribute `user` : value = 1
[DEBUG] 2020-03-22 19:41:47.049 [main] TwoPhaseLoad - Attribute (`user`)  - enhanced for lazy-loading? - false
[DEBUG] 2020-03-22 19:41:47.049 [main] TwoPhaseLoad - Processing attribute `userName` : value = jdoe
[DEBUG] 2020-03-22 19:41:47.049 [main] TwoPhaseLoad - Attribute (`userName`)  - enhanced for lazy-loading? - false
[DEBUG] 2020-03-22 19:41:47.050 [main] TwoPhaseLoad - Done materializing entity [com.euchreleague.entity.UserRoles#1]
[DEBUG] 2020-03-22 19:41:47.050 [main] CollectionLoadContext - 1 collections were found in result set for role: com.euchreleague.entity.User.userRoles
[DEBUG] 2020-03-22 19:41:47.050 [main] CollectionLoadContext - Collection fully initialized: [com.euchreleague.entity.User.userRoles#1]
[DEBUG] 2020-03-22 19:41:47.050 [main] CollectionLoadContext - 1 collections initialized for role: com.euchreleague.entity.User.userRoles
[DEBUG] 2020-03-22 19:41:47.051 [main] ResourceRegistryStandardImpl - HHH000387: ResultSet's statement was not registered
[DEBUG] 2020-03-22 19:41:47.051 [main] AbstractLoadPlanBasedEntityLoader - Done entity load : com.euchreleague.entity.User#1
[DEBUG] 2020-03-22 19:41:47.051 [main] LogicalConnectionManagedImpl - Initiating JDBC connection release from afterTransaction
[DEBUG] 2020-03-22 19:41:47.053 [main] TransactionImpl - On TransactionImpl creation, JpaCompliance#isJpaTransactionComplianceEnabled == false
[DEBUG] 2020-03-22 19:41:47.053 [main] TransactionImpl - begin
[DEBUG] 2020-03-22 19:41:47.057 [main] ActionQueue - Executing identity-insert immediately
[DEBUG] 2020-03-22 19:41:47.058 [main] SQL - insert into user_roles (role_name, user_id, user_name) values (?, ?, ?)
[DEBUG] 2020-03-22 19:41:47.060 [main] IdentifierGeneratorHelper - Natively generated identity: 2
[DEBUG] 2020-03-22 19:41:47.060 [main] ResourceRegistryStandardImpl - HHH000387: ResultSet's statement was not registered
[DEBUG] 2020-03-22 19:41:47.061 [main] TransactionImpl - committing
[DEBUG] 2020-03-22 19:41:47.061 [main] AbstractFlushingEventListener - Processing flush-time cascades
[DEBUG] 2020-03-22 19:41:47.061 [main] AbstractFlushingEventListener - Dirty checking collections
[DEBUG] 2020-03-22 19:41:47.062 [main] AbstractFlushingEventListener - Flushed: 0 insertions, 0 updates, 0 deletions to 1 objects
[DEBUG] 2020-03-22 19:41:47.062 [main] AbstractFlushingEventListener - Flushed: 0 (re)creations, 0 updates, 0 removals to 0 collections
[DEBUG] 2020-03-22 19:41:47.062 [main] EntityPrinter - Listing entities:
[DEBUG] 2020-03-22 19:41:47.062 [main] EntityPrinter - com.euchreleague.entity.UserRoles{roleName=admin, id=2, userName=rgourlie, user=com.euchreleague.entity.User#1}
[DEBUG] 2020-03-22 19:41:47.067 [main] LogicalConnectionManagedImpl - Initiating JDBC connection release from afterTransaction
[DEBUG] 2020-03-22 19:41:47.067 [main] LogicalConnectionManagedImpl - Initiating JDBC connection release from afterTransaction
[DEBUG] 2020-03-22 19:41:47.069 [main] SQL - select userroles0_.id as id1_1_0_, userroles0_.role_name as role_nam2_1_0_, userroles0_.user_id as user_id4_1_0_, userroles0_.user_name as user_nam3_1_0_, user1_.id as id1_0_1_, user1_.first_name as first_na2_0_1_, user1_.last_name as last_nam3_0_1_, user1_.user_name as user_nam4_0_1_, user1_.user_password as user_pas5_0_1_ from user_roles userroles0_ left outer join user user1_ on userroles0_.user_id=user1_.id where userroles0_.id=?
[DEBUG] 2020-03-22 19:41:47.070 [main] ResultSetProcessorImpl - Starting ResultSet row #0
[DEBUG] 2020-03-22 19:41:47.070 [main] EntityReferenceInitializerImpl - On call to EntityIdentifierReaderImpl#resolve, EntityKey was already known; should only happen on root returns with an optional identifier specified
[DEBUG] 2020-03-22 19:41:47.070 [main] TwoPhaseLoad - Resolving attributes for [com.euchreleague.entity.UserRoles#2]
[DEBUG] 2020-03-22 19:41:47.070 [main] TwoPhaseLoad - Processing attribute `roleName` : value = admin
[DEBUG] 2020-03-22 19:41:47.070 [main] TwoPhaseLoad - Attribute (`roleName`)  - enhanced for lazy-loading? - false
[DEBUG] 2020-03-22 19:41:47.071 [main] TwoPhaseLoad - Processing attribute `user` : value = 1
[DEBUG] 2020-03-22 19:41:47.071 [main] TwoPhaseLoad - Attribute (`user`)  - enhanced for lazy-loading? - false
[DEBUG] 2020-03-22 19:41:47.071 [main] TwoPhaseLoad - Processing attribute `userName` : value = rgourlie
[DEBUG] 2020-03-22 19:41:47.071 [main] TwoPhaseLoad - Attribute (`userName`)  - enhanced for lazy-loading? - false
[DEBUG] 2020-03-22 19:41:47.071 [main] TwoPhaseLoad - Done materializing entity [com.euchreleague.entity.UserRoles#2]
[DEBUG] 2020-03-22 19:41:47.071 [main] TwoPhaseLoad - Resolving attributes for [com.euchreleague.entity.User#1]
[DEBUG] 2020-03-22 19:41:47.071 [main] TwoPhaseLoad - Processing attribute `firstName` : value = John
[DEBUG] 2020-03-22 19:41:47.071 [main] TwoPhaseLoad - Attribute (`firstName`)  - enhanced for lazy-loading? - false
[DEBUG] 2020-03-22 19:41:47.071 [main] TwoPhaseLoad - Processing attribute `lastName` : value = Doe
[DEBUG] 2020-03-22 19:41:47.071 [main] TwoPhaseLoad - Attribute (`lastName`)  - enhanced for lazy-loading? - false
[DEBUG] 2020-03-22 19:41:47.071 [main] TwoPhaseLoad - Processing attribute `userName` : value = jdoe
[DEBUG] 2020-03-22 19:41:47.071 [main] TwoPhaseLoad - Attribute (`userName`)  - enhanced for lazy-loading? - false
[DEBUG] 2020-03-22 19:41:47.071 [main] TwoPhaseLoad - Processing attribute `userPassword` : value = supersecret1
[DEBUG] 2020-03-22 19:41:47.071 [main] TwoPhaseLoad - Attribute (`userPassword`)  - enhanced for lazy-loading? - false
[DEBUG] 2020-03-22 19:41:47.071 [main] TwoPhaseLoad - Processing attribute `userRoles` : value = NOT NULL COLLECTION
[DEBUG] 2020-03-22 19:41:47.071 [main] TwoPhaseLoad - Attribute (`userRoles`)  - enhanced for lazy-loading? - false
[DEBUG] 2020-03-22 19:41:47.071 [main] TwoPhaseLoad - Done materializing entity [com.euchreleague.entity.User#1]
[DEBUG] 2020-03-22 19:41:47.071 [main] ResourceRegistryStandardImpl - HHH000387: ResultSet's statement was not registered
[DEBUG] 2020-03-22 19:41:47.072 [main] AbstractLoadPlanBasedCollectionInitializer - Loading collection: [com.euchreleague.entity.User.userRoles#1]
[DEBUG] 2020-03-22 19:41:47.072 [main] SQL - select userroles0_.user_id as user_id4_1_0_, userroles0_.id as id1_1_0_, userroles0_.id as id1_1_1_, userroles0_.role_name as role_nam2_1_1_, userroles0_.user_id as user_id4_1_1_, userroles0_.user_name as user_nam3_1_1_ from user_roles userroles0_ where userroles0_.user_id=?
[DEBUG] 2020-03-22 19:41:47.073 [main] ResultSetProcessorImpl - Preparing collection initializer : [com.euchreleague.entity.User.userRoles#1]
[DEBUG] 2020-03-22 19:41:47.073 [main] ResultSetProcessorImpl - Starting ResultSet row #0
[DEBUG] 2020-03-22 19:41:47.073 [main] CollectionReferenceInitializerImpl - Found row of collection: [com.euchreleague.entity.User.userRoles#1]
[DEBUG] 2020-03-22 19:41:47.073 [main] ResultSetProcessorImpl - Starting ResultSet row #1
[DEBUG] 2020-03-22 19:41:47.073 [main] CollectionReferenceInitializerImpl - Found row of collection: [com.euchreleague.entity.User.userRoles#1]
[DEBUG] 2020-03-22 19:41:47.073 [main] TwoPhaseLoad - Resolving attributes for [com.euchreleague.entity.UserRoles#1]
[DEBUG] 2020-03-22 19:41:47.073 [main] TwoPhaseLoad - Processing attribute `roleName` : value = admin
[DEBUG] 2020-03-22 19:41:47.073 [main] TwoPhaseLoad - Attribute (`roleName`)  - enhanced for lazy-loading? - false
[DEBUG] 2020-03-22 19:41:47.073 [main] TwoPhaseLoad - Processing attribute `user` : value = 1
[DEBUG] 2020-03-22 19:41:47.073 [main] TwoPhaseLoad - Attribute (`user`)  - enhanced for lazy-loading? - false
[DEBUG] 2020-03-22 19:41:47.073 [main] TwoPhaseLoad - Processing attribute `userName` : value = jdoe
[DEBUG] 2020-03-22 19:41:47.073 [main] TwoPhaseLoad - Attribute (`userName`)  - enhanced for lazy-loading? - false
[DEBUG] 2020-03-22 19:41:47.073 [main] TwoPhaseLoad - Done materializing entity [com.euchreleague.entity.UserRoles#1]
[DEBUG] 2020-03-22 19:41:47.073 [main] CollectionLoadContext - 1 collections were found in result set for role: com.euchreleague.entity.User.userRoles
[DEBUG] 2020-03-22 19:41:47.074 [main] CollectionLoadContext - Collection fully initialized: [com.euchreleague.entity.User.userRoles#1]
[DEBUG] 2020-03-22 19:41:47.074 [main] CollectionLoadContext - 1 collections initialized for role: com.euchreleague.entity.User.userRoles
[DEBUG] 2020-03-22 19:41:47.074 [main] ResourceRegistryStandardImpl - HHH000387: ResultSet's statement was not registered
[DEBUG] 2020-03-22 19:41:47.074 [main] AbstractLoadPlanBasedCollectionInitializer - Done loading collection
[DEBUG] 2020-03-22 19:41:47.074 [main] AbstractLoadPlanBasedEntityLoader - Done entity load : com.euchreleague.entity.UserRoles#2
[DEBUG] 2020-03-22 19:41:47.074 [main] LogicalConnectionManagedImpl - Initiating JDBC connection release from afterTransaction
