[DEBUG] 2020-03-04 19:39:33.620 [main] IntegratorServiceImpl - Adding Integrator [org.hibernate.cfg.beanvalidation.BeanValidationIntegrator].
[DEBUG] 2020-03-04 19:39:33.624 [main] IntegratorServiceImpl - Adding Integrator [org.hibernate.secure.spi.JaccIntegrator].
[DEBUG] 2020-03-04 19:39:33.626 [main] IntegratorServiceImpl - Adding Integrator [org.hibernate.cache.internal.CollectionCacheInvalidator].
[INFO ] 2020-03-04 19:39:33.665 [main] Version - HHH000412: Hibernate Core {5.4.4.Final}
[DEBUG] 2020-03-04 19:39:33.667 [main] Environment - HHH000206: hibernate.properties not found
[DEBUG] 2020-03-04 19:39:33.758 [main] LocalXmlResourceResolver - Interpreting public/system identifier : [-//Hibernate/Hibernate Configuration DTD//EN] - [http://www.hibernate.org/dtd/hibernate-configuration-3.0.dtd]
[DEBUG] 2020-03-04 19:39:33.759 [main] LocalXmlResourceResolver - Recognized hibernate-configuration identifier; attempting to resolve on classpath under org/hibernate/
[DEBUG] 2020-03-04 19:39:33.763 [main] JaxbCfgProcessor - cfg.xml document did not define namespaces; wrapping in custom event reader to introduce namespace information
[DEBUG] 2020-03-04 19:39:33.929 [main] ServiceBinding - Overriding existing service binding [org.hibernate.secure.spi.JaccService]
[DEBUG] 2020-03-04 19:39:33.946 [main] RegionFactoryInitiator - Cannot default RegionFactory based on registered strategies as `[]` RegionFactory strategies were registered
[DEBUG] 2020-03-04 19:39:33.947 [main] RegionFactoryInitiator - Cache region factory : org.hibernate.cache.internal.NoCachingRegionFactory
[INFO ] 2020-03-04 19:39:33.955 [main] Version - HCANN000001: Hibernate Commons Annotations {5.1.0.Final}
[DEBUG] 2020-03-04 19:39:33.969 [main] BasicTypeRegistry - Adding type registration boolean -> org.hibernate.type.BooleanType@2416498e
[DEBUG] 2020-03-04 19:39:33.969 [main] BasicTypeRegistry - Adding type registration boolean -> org.hibernate.type.BooleanType@2416498e
[DEBUG] 2020-03-04 19:39:33.969 [main] BasicTypeRegistry - Adding type registration java.lang.Boolean -> org.hibernate.type.BooleanType@2416498e
[DEBUG] 2020-03-04 19:39:33.969 [main] BasicTypeRegistry - Adding type registration numeric_boolean -> org.hibernate.type.NumericBooleanType@2015b2cd
[DEBUG] 2020-03-04 19:39:33.969 [main] BasicTypeRegistry - Adding type registration true_false -> org.hibernate.type.TrueFalseType@117bcfdc
[DEBUG] 2020-03-04 19:39:33.970 [main] BasicTypeRegistry - Adding type registration yes_no -> org.hibernate.type.YesNoType@21d1b321
[DEBUG] 2020-03-04 19:39:33.970 [main] BasicTypeRegistry - Adding type registration byte -> org.hibernate.type.ByteType@4da9f723
[DEBUG] 2020-03-04 19:39:33.970 [main] BasicTypeRegistry - Adding type registration byte -> org.hibernate.type.ByteType@4da9f723
[DEBUG] 2020-03-04 19:39:33.970 [main] BasicTypeRegistry - Adding type registration java.lang.Byte -> org.hibernate.type.ByteType@4da9f723
[DEBUG] 2020-03-04 19:39:33.971 [main] BasicTypeRegistry - Adding type registration character -> org.hibernate.type.CharacterType@6fca5907
[DEBUG] 2020-03-04 19:39:33.972 [main] BasicTypeRegistry - Adding type registration char -> org.hibernate.type.CharacterType@6fca5907
[DEBUG] 2020-03-04 19:39:33.972 [main] BasicTypeRegistry - Adding type registration java.lang.Character -> org.hibernate.type.CharacterType@6fca5907
[DEBUG] 2020-03-04 19:39:33.973 [main] BasicTypeRegistry - Adding type registration short -> org.hibernate.type.ShortType@67d86804
[DEBUG] 2020-03-04 19:39:33.973 [main] BasicTypeRegistry - Adding type registration short -> org.hibernate.type.ShortType@67d86804
[DEBUG] 2020-03-04 19:39:33.973 [main] BasicTypeRegistry - Adding type registration java.lang.Short -> org.hibernate.type.ShortType@67d86804
[DEBUG] 2020-03-04 19:39:33.973 [main] BasicTypeRegistry - Adding type registration integer -> org.hibernate.type.IntegerType@74db12c2
[DEBUG] 2020-03-04 19:39:33.973 [main] BasicTypeRegistry - Adding type registration int -> org.hibernate.type.IntegerType@74db12c2
[DEBUG] 2020-03-04 19:39:33.973 [main] BasicTypeRegistry - Adding type registration java.lang.Integer -> org.hibernate.type.IntegerType@74db12c2
[DEBUG] 2020-03-04 19:39:33.974 [main] BasicTypeRegistry - Adding type registration long -> org.hibernate.type.LongType@38b5f25
[DEBUG] 2020-03-04 19:39:33.974 [main] BasicTypeRegistry - Adding type registration long -> org.hibernate.type.LongType@38b5f25
[DEBUG] 2020-03-04 19:39:33.974 [main] BasicTypeRegistry - Adding type registration java.lang.Long -> org.hibernate.type.LongType@38b5f25
[DEBUG] 2020-03-04 19:39:33.975 [main] BasicTypeRegistry - Adding type registration float -> org.hibernate.type.FloatType@6ae3fb94
[DEBUG] 2020-03-04 19:39:33.975 [main] BasicTypeRegistry - Adding type registration float -> org.hibernate.type.FloatType@6ae3fb94
[DEBUG] 2020-03-04 19:39:33.975 [main] BasicTypeRegistry - Adding type registration java.lang.Float -> org.hibernate.type.FloatType@6ae3fb94
[DEBUG] 2020-03-04 19:39:33.975 [main] BasicTypeRegistry - Adding type registration double -> org.hibernate.type.DoubleType@42d73c61
[DEBUG] 2020-03-04 19:39:33.975 [main] BasicTypeRegistry - Adding type registration double -> org.hibernate.type.DoubleType@42d73c61
[DEBUG] 2020-03-04 19:39:33.976 [main] BasicTypeRegistry - Adding type registration java.lang.Double -> org.hibernate.type.DoubleType@42d73c61
[DEBUG] 2020-03-04 19:39:33.976 [main] BasicTypeRegistry - Adding type registration big_decimal -> org.hibernate.type.BigDecimalType@23382f76
[DEBUG] 2020-03-04 19:39:33.976 [main] BasicTypeRegistry - Adding type registration java.math.BigDecimal -> org.hibernate.type.BigDecimalType@23382f76
[DEBUG] 2020-03-04 19:39:33.976 [main] BasicTypeRegistry - Adding type registration big_integer -> org.hibernate.type.BigIntegerType@5b84f14
[DEBUG] 2020-03-04 19:39:33.977 [main] BasicTypeRegistry - Adding type registration java.math.BigInteger -> org.hibernate.type.BigIntegerType@5b84f14
[DEBUG] 2020-03-04 19:39:33.977 [main] BasicTypeRegistry - Adding type registration string -> org.hibernate.type.StringType@77e7246b
[DEBUG] 2020-03-04 19:39:33.977 [main] BasicTypeRegistry - Adding type registration java.lang.String -> org.hibernate.type.StringType@77e7246b
[DEBUG] 2020-03-04 19:39:33.977 [main] BasicTypeRegistry - Adding type registration nstring -> org.hibernate.type.StringNVarcharType@1f44ddab
[DEBUG] 2020-03-04 19:39:33.978 [main] BasicTypeRegistry - Adding type registration ncharacter -> org.hibernate.type.CharacterNCharType@7eb6b6b6
[DEBUG] 2020-03-04 19:39:33.978 [main] BasicTypeRegistry - Adding type registration url -> org.hibernate.type.UrlType@61dde151
[DEBUG] 2020-03-04 19:39:33.978 [main] BasicTypeRegistry - Adding type registration java.net.URL -> org.hibernate.type.UrlType@61dde151
[DEBUG] 2020-03-04 19:39:33.979 [main] BasicTypeRegistry - Adding type registration Duration -> org.hibernate.type.DurationType@6ffa56fa
[DEBUG] 2020-03-04 19:39:33.979 [main] BasicTypeRegistry - Adding type registration java.time.Duration -> org.hibernate.type.DurationType@6ffa56fa
[DEBUG] 2020-03-04 19:39:33.981 [main] BasicTypeRegistry - Adding type registration Instant -> org.hibernate.type.InstantType@6642dc5a
[DEBUG] 2020-03-04 19:39:33.981 [main] BasicTypeRegistry - Adding type registration java.time.Instant -> org.hibernate.type.InstantType@6642dc5a
[DEBUG] 2020-03-04 19:39:33.982 [main] BasicTypeRegistry - Adding type registration LocalDateTime -> org.hibernate.type.LocalDateTimeType@211febf3
[DEBUG] 2020-03-04 19:39:33.982 [main] BasicTypeRegistry - Adding type registration java.time.LocalDateTime -> org.hibernate.type.LocalDateTimeType@211febf3
[DEBUG] 2020-03-04 19:39:33.983 [main] BasicTypeRegistry - Adding type registration LocalDate -> org.hibernate.type.LocalDateType@2acbc859
[DEBUG] 2020-03-04 19:39:33.983 [main] BasicTypeRegistry - Adding type registration java.time.LocalDate -> org.hibernate.type.LocalDateType@2acbc859
[DEBUG] 2020-03-04 19:39:33.983 [main] BasicTypeRegistry - Adding type registration LocalTime -> org.hibernate.type.LocalTimeType@4afd21c6
[DEBUG] 2020-03-04 19:39:33.983 [main] BasicTypeRegistry - Adding type registration java.time.LocalTime -> org.hibernate.type.LocalTimeType@4afd21c6
[DEBUG] 2020-03-04 19:39:33.984 [main] BasicTypeRegistry - Adding type registration OffsetDateTime -> org.hibernate.type.OffsetDateTimeType@28f878a0
[DEBUG] 2020-03-04 19:39:33.984 [main] BasicTypeRegistry - Adding type registration java.time.OffsetDateTime -> org.hibernate.type.OffsetDateTimeType@28f878a0
[DEBUG] 2020-03-04 19:39:33.985 [main] BasicTypeRegistry - Adding type registration OffsetTime -> org.hibernate.type.OffsetTimeType@255e5e2e
[DEBUG] 2020-03-04 19:39:33.985 [main] BasicTypeRegistry - Adding type registration java.time.OffsetTime -> org.hibernate.type.OffsetTimeType@255e5e2e
[DEBUG] 2020-03-04 19:39:33.986 [main] BasicTypeRegistry - Adding type registration ZonedDateTime -> org.hibernate.type.ZonedDateTimeType@8a98f38
[DEBUG] 2020-03-04 19:39:33.986 [main] BasicTypeRegistry - Adding type registration java.time.ZonedDateTime -> org.hibernate.type.ZonedDateTimeType@8a98f38
[DEBUG] 2020-03-04 19:39:33.987 [main] BasicTypeRegistry - Adding type registration date -> org.hibernate.type.DateType@444cc791
[DEBUG] 2020-03-04 19:39:33.987 [main] BasicTypeRegistry - Adding type registration java.sql.Date -> org.hibernate.type.DateType@444cc791
[DEBUG] 2020-03-04 19:39:33.987 [main] BasicTypeRegistry - Adding type registration time -> org.hibernate.type.TimeType@3f985a86
[DEBUG] 2020-03-04 19:39:33.987 [main] BasicTypeRegistry - Adding type registration java.sql.Time -> org.hibernate.type.TimeType@3f985a86
[DEBUG] 2020-03-04 19:39:33.988 [main] BasicTypeRegistry - Adding type registration timestamp -> org.hibernate.type.TimestampType@184fb68d
[DEBUG] 2020-03-04 19:39:33.988 [main] BasicTypeRegistry - Adding type registration java.sql.Timestamp -> org.hibernate.type.TimestampType@184fb68d
[DEBUG] 2020-03-04 19:39:33.988 [main] BasicTypeRegistry - Adding type registration java.util.Date -> org.hibernate.type.TimestampType@184fb68d
[DEBUG] 2020-03-04 19:39:33.989 [main] BasicTypeRegistry - Adding type registration dbtimestamp -> org.hibernate.type.DbTimestampType@71466383
[DEBUG] 2020-03-04 19:39:33.989 [main] BasicTypeRegistry - Adding type registration calendar -> org.hibernate.type.CalendarType@23592946
[DEBUG] 2020-03-04 19:39:33.989 [main] BasicTypeRegistry - Adding type registration java.util.Calendar -> org.hibernate.type.CalendarType@23592946
[DEBUG] 2020-03-04 19:39:33.989 [main] BasicTypeRegistry - Adding type registration java.util.GregorianCalendar -> org.hibernate.type.CalendarType@23592946
[DEBUG] 2020-03-04 19:39:33.990 [main] BasicTypeRegistry - Adding type registration calendar_date -> org.hibernate.type.CalendarDateType@5c60b0a0
[DEBUG] 2020-03-04 19:39:33.990 [main] BasicTypeRegistry - Adding type registration locale -> org.hibernate.type.LocaleType@760cf594
[DEBUG] 2020-03-04 19:39:33.990 [main] BasicTypeRegistry - Adding type registration java.util.Locale -> org.hibernate.type.LocaleType@760cf594
[DEBUG] 2020-03-04 19:39:33.991 [main] BasicTypeRegistry - Adding type registration currency -> org.hibernate.type.CurrencyType@5c73f672
[DEBUG] 2020-03-04 19:39:33.991 [main] BasicTypeRegistry - Adding type registration java.util.Currency -> org.hibernate.type.CurrencyType@5c73f672
[DEBUG] 2020-03-04 19:39:33.991 [main] BasicTypeRegistry - Adding type registration timezone -> org.hibernate.type.TimeZoneType@7a34f66a
[DEBUG] 2020-03-04 19:39:33.991 [main] BasicTypeRegistry - Adding type registration java.util.TimeZone -> org.hibernate.type.TimeZoneType@7a34f66a
[DEBUG] 2020-03-04 19:39:33.992 [main] BasicTypeRegistry - Adding type registration class -> org.hibernate.type.ClassType@2459319c
[DEBUG] 2020-03-04 19:39:33.992 [main] BasicTypeRegistry - Adding type registration java.lang.Class -> org.hibernate.type.ClassType@2459319c
[DEBUG] 2020-03-04 19:39:33.993 [main] BasicTypeRegistry - Adding type registration uuid-binary -> org.hibernate.type.UUIDBinaryType@7808f638
[DEBUG] 2020-03-04 19:39:33.993 [main] BasicTypeRegistry - Adding type registration java.util.UUID -> org.hibernate.type.UUIDBinaryType@7808f638
[DEBUG] 2020-03-04 19:39:33.993 [main] BasicTypeRegistry - Adding type registration uuid-char -> org.hibernate.type.UUIDCharType@1d0a61c8
[DEBUG] 2020-03-04 19:39:33.993 [main] BasicTypeRegistry - Adding type registration binary -> org.hibernate.type.BinaryType@151ef57f
[DEBUG] 2020-03-04 19:39:33.994 [main] BasicTypeRegistry - Adding type registration byte[] -> org.hibernate.type.BinaryType@151ef57f
[DEBUG] 2020-03-04 19:39:33.994 [main] BasicTypeRegistry - Adding type registration [B -> org.hibernate.type.BinaryType@151ef57f
[DEBUG] 2020-03-04 19:39:33.994 [main] BasicTypeRegistry - Adding type registration wrapper-binary -> org.hibernate.type.WrapperBinaryType@497aec8c
[DEBUG] 2020-03-04 19:39:33.998 [main] BasicTypeRegistry - Adding type registration Byte[] -> org.hibernate.type.WrapperBinaryType@497aec8c
[DEBUG] 2020-03-04 19:39:33.998 [main] BasicTypeRegistry - Adding type registration [Ljava.lang.Byte; -> org.hibernate.type.WrapperBinaryType@497aec8c
[DEBUG] 2020-03-04 19:39:33.999 [main] BasicTypeRegistry - Adding type registration row_version -> org.hibernate.type.RowVersionType@336880df
[DEBUG] 2020-03-04 19:39:33.999 [main] BasicTypeRegistry - Adding type registration image -> org.hibernate.type.ImageType@75fc1992
[DEBUG] 2020-03-04 19:39:33.999 [main] BasicTypeRegistry - Adding type registration characters -> org.hibernate.type.CharArrayType@3672276e
[DEBUG] 2020-03-04 19:39:34.000 [main] BasicTypeRegistry - Adding type registration char[] -> org.hibernate.type.CharArrayType@3672276e
[DEBUG] 2020-03-04 19:39:34.000 [main] BasicTypeRegistry - Adding type registration [C -> org.hibernate.type.CharArrayType@3672276e
[DEBUG] 2020-03-04 19:39:34.000 [main] BasicTypeRegistry - Adding type registration wrapper-characters -> org.hibernate.type.CharacterArrayType@54657dd2
[DEBUG] 2020-03-04 19:39:34.000 [main] BasicTypeRegistry - Adding type registration [Ljava.lang.Character; -> org.hibernate.type.CharacterArrayType@54657dd2
[DEBUG] 2020-03-04 19:39:34.000 [main] BasicTypeRegistry - Adding type registration Character[] -> org.hibernate.type.CharacterArrayType@54657dd2
[DEBUG] 2020-03-04 19:39:34.001 [main] BasicTypeRegistry - Adding type registration text -> org.hibernate.type.TextType@3f9270ed
[DEBUG] 2020-03-04 19:39:34.001 [main] BasicTypeRegistry - Adding type registration ntext -> org.hibernate.type.NTextType@61f39bb
[DEBUG] 2020-03-04 19:39:34.001 [main] BasicTypeRegistry - Adding type registration blob -> org.hibernate.type.BlobType@abff8b7
[DEBUG] 2020-03-04 19:39:34.001 [main] BasicTypeRegistry - Adding type registration java.sql.Blob -> org.hibernate.type.BlobType@abff8b7
[DEBUG] 2020-03-04 19:39:34.002 [main] BasicTypeRegistry - Adding type registration materialized_blob -> org.hibernate.type.MaterializedBlobType@b0fc838
[DEBUG] 2020-03-04 19:39:34.002 [main] BasicTypeRegistry - Adding type registration clob -> org.hibernate.type.ClobType@37d871c2
[DEBUG] 2020-03-04 19:39:34.002 [main] BasicTypeRegistry - Adding type registration java.sql.Clob -> org.hibernate.type.ClobType@37d871c2
[DEBUG] 2020-03-04 19:39:34.003 [main] BasicTypeRegistry - Adding type registration nclob -> org.hibernate.type.NClobType@57c47a9e
[DEBUG] 2020-03-04 19:39:34.003 [main] BasicTypeRegistry - Adding type registration java.sql.NClob -> org.hibernate.type.NClobType@57c47a9e
[DEBUG] 2020-03-04 19:39:34.004 [main] BasicTypeRegistry - Adding type registration materialized_clob -> org.hibernate.type.MaterializedClobType@61d84e08
[DEBUG] 2020-03-04 19:39:34.004 [main] BasicTypeRegistry - Adding type registration materialized_nclob -> org.hibernate.type.MaterializedNClobType@715d6168
[DEBUG] 2020-03-04 19:39:34.005 [main] BasicTypeRegistry - Adding type registration serializable -> org.hibernate.type.SerializableType@6014a9ba
[DEBUG] 2020-03-04 19:39:34.006 [main] BasicTypeRegistry - Adding type registration object -> org.hibernate.type.ObjectType@154bd49b
[DEBUG] 2020-03-04 19:39:34.006 [main] BasicTypeRegistry - Adding type registration java.lang.Object -> org.hibernate.type.ObjectType@154bd49b
[DEBUG] 2020-03-04 19:39:34.006 [main] BasicTypeRegistry - Adding type registration imm_date -> org.hibernate.type.AdaptedImmutableType@67fc2aad
[DEBUG] 2020-03-04 19:39:34.007 [main] BasicTypeRegistry - Adding type registration imm_time -> org.hibernate.type.AdaptedImmutableType@56f521c6
[DEBUG] 2020-03-04 19:39:34.008 [main] BasicTypeRegistry - Adding type registration imm_timestamp -> org.hibernate.type.AdaptedImmutableType@680a66dd
[DEBUG] 2020-03-04 19:39:34.008 [main] BasicTypeRegistry - Adding type registration imm_dbtimestamp -> org.hibernate.type.AdaptedImmutableType@2dd8239
[DEBUG] 2020-03-04 19:39:34.008 [main] BasicTypeRegistry - Adding type registration imm_calendar -> org.hibernate.type.AdaptedImmutableType@472698d
[DEBUG] 2020-03-04 19:39:34.008 [main] BasicTypeRegistry - Adding type registration imm_calendar_date -> org.hibernate.type.AdaptedImmutableType@7b7683d4
[DEBUG] 2020-03-04 19:39:34.008 [main] BasicTypeRegistry - Adding type registration imm_binary -> org.hibernate.type.AdaptedImmutableType@40712ee9
[DEBUG] 2020-03-04 19:39:34.008 [main] BasicTypeRegistry - Adding type registration imm_serializable -> org.hibernate.type.AdaptedImmutableType@2e53b094
[DEBUG] 2020-03-04 19:39:34.022 [main] DefaultIdentifierGeneratorFactory - Registering IdentifierGenerator strategy [uuid2] -> [org.hibernate.id.UUIDGenerator]
[DEBUG] 2020-03-04 19:39:34.022 [main] DefaultIdentifierGeneratorFactory - Registering IdentifierGenerator strategy [guid] -> [org.hibernate.id.GUIDGenerator]
[DEBUG] 2020-03-04 19:39:34.023 [main] DefaultIdentifierGeneratorFactory - Registering IdentifierGenerator strategy [uuid] -> [org.hibernate.id.UUIDHexGenerator]
[DEBUG] 2020-03-04 19:39:34.023 [main] DefaultIdentifierGeneratorFactory - Registering IdentifierGenerator strategy [uuid.hex] -> [org.hibernate.id.UUIDHexGenerator]
[DEBUG] 2020-03-04 19:39:34.024 [main] DefaultIdentifierGeneratorFactory - Registering IdentifierGenerator strategy [assigned] -> [org.hibernate.id.Assigned]
[DEBUG] 2020-03-04 19:39:34.025 [main] DefaultIdentifierGeneratorFactory - Registering IdentifierGenerator strategy [identity] -> [org.hibernate.id.IdentityGenerator]
[DEBUG] 2020-03-04 19:39:34.025 [main] DefaultIdentifierGeneratorFactory - Registering IdentifierGenerator strategy [select] -> [org.hibernate.id.SelectGenerator]
[DEBUG] 2020-03-04 19:39:34.025 [main] DefaultIdentifierGeneratorFactory - Registering IdentifierGenerator strategy [sequence] -> [org.hibernate.id.enhanced.SequenceStyleGenerator]
[DEBUG] 2020-03-04 19:39:34.026 [main] DefaultIdentifierGeneratorFactory - Registering IdentifierGenerator strategy [seqhilo] -> [org.hibernate.id.SequenceHiLoGenerator]
[DEBUG] 2020-03-04 19:39:34.026 [main] DefaultIdentifierGeneratorFactory - Registering IdentifierGenerator strategy [increment] -> [org.hibernate.id.IncrementGenerator]
[DEBUG] 2020-03-04 19:39:34.026 [main] DefaultIdentifierGeneratorFactory - Registering IdentifierGenerator strategy [foreign] -> [org.hibernate.id.ForeignGenerator]
[DEBUG] 2020-03-04 19:39:34.026 [main] DefaultIdentifierGeneratorFactory - Registering IdentifierGenerator strategy [sequence-identity] -> [org.hibernate.id.SequenceIdentityGenerator]
[DEBUG] 2020-03-04 19:39:34.026 [main] DefaultIdentifierGeneratorFactory - Registering IdentifierGenerator strategy [enhanced-sequence] -> [org.hibernate.id.enhanced.SequenceStyleGenerator]
[DEBUG] 2020-03-04 19:39:34.027 [main] DefaultIdentifierGeneratorFactory - Registering IdentifierGenerator strategy [enhanced-table] -> [org.hibernate.id.enhanced.TableGenerator]
[INFO ] 2020-03-04 19:39:34.029 [main] C3P0ConnectionProvider - HHH010002: C3P0 using driver: com.mysql.cj.jdbc.Driver at URL: jdbc:mysql://localhost:3306/test_EuchreLeague
[INFO ] 2020-03-04 19:39:34.030 [main] C3P0ConnectionProvider - HHH10001001: Connection properties: {password=****, user=root}
[INFO ] 2020-03-04 19:39:34.030 [main] C3P0ConnectionProvider - HHH10001003: Autocommit mode: false
[INFO ] 2020-03-04 19:39:34.106 [main] C3P0ConnectionProvider - HHH10001007: JDBC isolation level: <unknown>
[DEBUG] 2020-03-04 19:39:34.203 [main] JdbcEnvironmentInitiator - Database ->
       name : MySQL
    version : 8.0.16
      major : 8
      minor : 0
[DEBUG] 2020-03-04 19:39:34.204 [main] JdbcEnvironmentInitiator - Driver ->
       name : MySQL Connector/J
    version : mysql-connector-java-8.0.16 (Revision: 34cbc6bc61f72836e26327537a432d6db7c77de6)
      major : 8
      minor : 0
[DEBUG] 2020-03-04 19:39:34.204 [main] JdbcEnvironmentInitiator - JDBC version : 4.2
[INFO ] 2020-03-04 19:39:34.231 [main] Dialect - HHH000400: Using dialect: org.hibernate.dialect.MySQL8Dialect
[DEBUG] 2020-03-04 19:39:34.245 [main] IdentifierHelperBuilder - JDBC driver metadata reported database stores quoted identifiers in more than one case
[DEBUG] 2020-03-04 19:39:34.265 [main] IdentifierHelperBuilder - IdentifierCaseStrategy for both quoted and unquoted identifiers was set to the same strategy [MIXED]; that will likely lead to problems in schema update and validation if using quoted identifiers
[DEBUG] 2020-03-04 19:39:34.290 [main] Namespace - Created database namespace [logicalName=Name{catalog=null, schema=null}, physicalName=Name{catalog=null, schema=null}]
[DEBUG] 2020-03-04 19:39:34.292 [main] TypeConfiguration$Scope - Scoping TypeConfiguration [org.hibernate.type.spi.TypeConfiguration@6296474f] to MetadataBuildingContext [org.hibernate.boot.internal.MetadataBuildingContextRootImpl@4288d98e]
[DEBUG] 2020-03-04 19:39:34.317 [main] AnnotationBinder - Binding entity from annotated class: com.euchreleague.entity.User
[DEBUG] 2020-03-04 19:39:34.328 [main] Ejb3Column - Binding column: Ejb3DiscriminatorColumn{logicalColumnName'DTYPE', discriminatorTypeName='string'}
[DEBUG] 2020-03-04 19:39:34.330 [main] EntityBinder - Import with entity name User
[DEBUG] 2020-03-04 19:39:34.335 [main] EntityBinder - Bind entity com.euchreleague.entity.User on table user
[DEBUG] 2020-03-04 19:39:34.360 [main] Ejb3Column - Binding column: Ejb3Column{table=org.hibernate.mapping.Table(user), mappingColumn=id, insertable=true, updatable=true, unique=false}
[DEBUG] 2020-03-04 19:39:34.366 [main] PropertyBinder - MetadataSourceProcessor property id with lazy=false
[DEBUG] 2020-03-04 19:39:34.367 [main] AbstractPropertyHolder - Attempting to locate auto-apply AttributeConverter for property [com.euchreleague.entity.User:id]
[DEBUG] 2020-03-04 19:39:34.368 [main] SimpleValueBinder - building SimpleValue for id
[DEBUG] 2020-03-04 19:39:34.369 [main] PropertyBinder - Building property id
[DEBUG] 2020-03-04 19:39:34.371 [main] BinderHelper - #makeIdGenerator(org.hibernate.mapping.SimpleValue([org.hibernate.mapping.Column(id)]), id, org.hibernate.id.enhanced.SequenceStyleGenerator, native, ...)
[DEBUG] 2020-03-04 19:39:34.371 [main] Ejb3Column - Binding column: Ejb3Column{table=org.hibernate.mapping.Table(user), mappingColumn=first_name, insertable=true, updatable=true, unique=false}
[DEBUG] 2020-03-04 19:39:34.372 [main] PropertyBinder - MetadataSourceProcessor property firstName with lazy=false
[DEBUG] 2020-03-04 19:39:34.372 [main] AbstractPropertyHolder - Attempting to locate auto-apply AttributeConverter for property [com.euchreleague.entity.User:firstName]
[DEBUG] 2020-03-04 19:39:34.372 [main] SimpleValueBinder - building SimpleValue for firstName
[DEBUG] 2020-03-04 19:39:34.372 [main] PropertyBinder - Building property firstName
[DEBUG] 2020-03-04 19:39:34.372 [main] Ejb3Column - Binding column: Ejb3Column{table=org.hibernate.mapping.Table(user), mappingColumn=last_name, insertable=true, updatable=true, unique=false}
[DEBUG] 2020-03-04 19:39:34.372 [main] PropertyBinder - MetadataSourceProcessor property lastName with lazy=false
[DEBUG] 2020-03-04 19:39:34.372 [main] AbstractPropertyHolder - Attempting to locate auto-apply AttributeConverter for property [com.euchreleague.entity.User:lastName]
[DEBUG] 2020-03-04 19:39:34.372 [main] SimpleValueBinder - building SimpleValue for lastName
[DEBUG] 2020-03-04 19:39:34.372 [main] PropertyBinder - Building property lastName
[DEBUG] 2020-03-04 19:39:34.372 [main] Ejb3Column - Binding column: Ejb3Column{table=org.hibernate.mapping.Table(user), mappingColumn=user_name, insertable=true, updatable=true, unique=false}
[DEBUG] 2020-03-04 19:39:34.373 [main] PropertyBinder - MetadataSourceProcessor property userName with lazy=false
[DEBUG] 2020-03-04 19:39:34.381 [main] AbstractPropertyHolder - Attempting to locate auto-apply AttributeConverter for property [com.euchreleague.entity.User:userName]
[DEBUG] 2020-03-04 19:39:34.381 [main] SimpleValueBinder - building SimpleValue for userName
[DEBUG] 2020-03-04 19:39:34.381 [main] PropertyBinder - Building property userName
[DEBUG] 2020-03-04 19:39:34.381 [main] Ejb3Column - Binding column: Ejb3Column{table=org.hibernate.mapping.Table(user), mappingColumn=user_password, insertable=true, updatable=true, unique=false}
[DEBUG] 2020-03-04 19:39:34.382 [main] PropertyBinder - MetadataSourceProcessor property userPassword with lazy=false
[DEBUG] 2020-03-04 19:39:34.382 [main] AbstractPropertyHolder - Attempting to locate auto-apply AttributeConverter for property [com.euchreleague.entity.User:userPassword]
[DEBUG] 2020-03-04 19:39:34.382 [main] SimpleValueBinder - building SimpleValue for userPassword
[DEBUG] 2020-03-04 19:39:34.382 [main] PropertyBinder - Building property userPassword
[DEBUG] 2020-03-04 19:39:34.382 [main] Ejb3Column - Binding column: Ejb3JoinColumn{logicalColumnName='null', referencedColumn='null', mappedBy='user'}
[DEBUG] 2020-03-04 19:39:34.383 [main] Ejb3Column - Binding column: Ejb3Column{table=org.hibernate.mapping.Table(user), mappingColumn=userRoles, insertable=true, updatable=true, unique=false}
[DEBUG] 2020-03-04 19:39:34.384 [main] Ejb3Column - Binding column: Ejb3Column{table=org.hibernate.mapping.Table(user), mappingColumn=null, insertable=true, updatable=true, unique=false}
[DEBUG] 2020-03-04 19:39:34.388 [main] Ejb3Column - Binding column: Ejb3Column{table=org.hibernate.mapping.Table(user), mappingColumn=element, insertable=true, updatable=true, unique=false}
[DEBUG] 2020-03-04 19:39:34.389 [main] Ejb3Column - Binding column: Ejb3Column{table=org.hibernate.mapping.Table(user), mappingColumn=userRoles_KEY, insertable=true, updatable=true, unique=false}
[DEBUG] 2020-03-04 19:39:34.389 [main] Ejb3Column - Binding column: Ejb3JoinColumn{logicalColumnName='userRoles_KEY', referencedColumn='null', mappedBy='null'}
[DEBUG] 2020-03-04 19:39:34.389 [main] Ejb3Column - Binding column: Ejb3JoinColumn{logicalColumnName='null', referencedColumn='null', mappedBy='user'}
[DEBUG] 2020-03-04 19:39:34.389 [main] Ejb3Column - Binding column: Ejb3JoinColumn{logicalColumnName='null', referencedColumn='null', mappedBy='user'}
[DEBUG] 2020-03-04 19:39:34.390 [main] CollectionBinder - Collection role: com.euchreleague.entity.User.userRoles
[DEBUG] 2020-03-04 19:39:34.391 [main] PropertyBinder - Building property userRoles
[DEBUG] 2020-03-04 19:39:34.391 [main] AnnotationBinder - Binding entity from annotated class: com.euchreleague.entity.UserRoles
[DEBUG] 2020-03-04 19:39:34.392 [main] Ejb3Column - Binding column: Ejb3DiscriminatorColumn{logicalColumnName'DTYPE', discriminatorTypeName='string'}
[DEBUG] 2020-03-04 19:39:34.392 [main] EntityBinder - Import with entity name UserRoles
[DEBUG] 2020-03-04 19:39:34.392 [main] EntityBinder - Bind entity com.euchreleague.entity.UserRoles on table user_roles
[DEBUG] 2020-03-04 19:39:34.396 [main] Ejb3Column - Binding column: Ejb3Column{table=org.hibernate.mapping.Table(user_roles), mappingColumn=id, insertable=true, updatable=true, unique=false}
[DEBUG] 2020-03-04 19:39:34.396 [main] PropertyBinder - MetadataSourceProcessor property id with lazy=false
[DEBUG] 2020-03-04 19:39:34.396 [main] AbstractPropertyHolder - Attempting to locate auto-apply AttributeConverter for property [com.euchreleague.entity.UserRoles:id]
[DEBUG] 2020-03-04 19:39:34.396 [main] SimpleValueBinder - building SimpleValue for id
[DEBUG] 2020-03-04 19:39:34.396 [main] PropertyBinder - Building property id
[DEBUG] 2020-03-04 19:39:34.396 [main] BinderHelper - #makeIdGenerator(org.hibernate.mapping.SimpleValue([org.hibernate.mapping.Column(id)]), id, org.hibernate.id.enhanced.SequenceStyleGenerator, native, ...)
[DEBUG] 2020-03-04 19:39:34.396 [main] Ejb3Column - Binding column: Ejb3Column{table=org.hibernate.mapping.Table(user_roles), mappingColumn=role_name, insertable=true, updatable=true, unique=false}
[DEBUG] 2020-03-04 19:39:34.396 [main] PropertyBinder - MetadataSourceProcessor property roleName with lazy=false
[DEBUG] 2020-03-04 19:39:34.397 [main] AbstractPropertyHolder - Attempting to locate auto-apply AttributeConverter for property [com.euchreleague.entity.UserRoles:roleName]
[DEBUG] 2020-03-04 19:39:34.397 [main] SimpleValueBinder - building SimpleValue for roleName
[DEBUG] 2020-03-04 19:39:34.397 [main] PropertyBinder - Building property roleName
[DEBUG] 2020-03-04 19:39:34.397 [main] Ejb3Column - Binding column: Ejb3JoinColumn{logicalColumnName='user_id', referencedColumn='', mappedBy=''}
[DEBUG] 2020-03-04 19:39:34.397 [main] Ejb3Column - Binding column: Ejb3Column{table=org.hibernate.mapping.Table(user_roles), mappingColumn=user, insertable=true, updatable=true, unique=false}
[DEBUG] 2020-03-04 19:39:34.398 [main] PropertyBinder - Building property user
[DEBUG] 2020-03-04 19:39:34.398 [main] AnnotationBinder - Binding entity from annotated class: com.euchreleague.entity.Team
[DEBUG] 2020-03-04 19:39:34.400 [main] Ejb3Column - Binding column: Ejb3DiscriminatorColumn{logicalColumnName'DTYPE', discriminatorTypeName='string'}
[DEBUG] 2020-03-04 19:39:34.400 [main] EntityBinder - Import with entity name Team
[DEBUG] 2020-03-04 19:39:34.400 [main] EntityBinder - Bind entity com.euchreleague.entity.Team on table team
[DEBUG] 2020-03-04 19:39:34.401 [main] Ejb3Column - Binding column: Ejb3Column{table=org.hibernate.mapping.Table(team), mappingColumn=id, insertable=true, updatable=true, unique=false}
[DEBUG] 2020-03-04 19:39:34.401 [main] PropertyBinder - MetadataSourceProcessor property id with lazy=false
[DEBUG] 2020-03-04 19:39:34.401 [main] AbstractPropertyHolder - Attempting to locate auto-apply AttributeConverter for property [com.euchreleague.entity.Team:id]
[DEBUG] 2020-03-04 19:39:34.401 [main] SimpleValueBinder - building SimpleValue for id
[DEBUG] 2020-03-04 19:39:34.401 [main] PropertyBinder - Building property id
[DEBUG] 2020-03-04 19:39:34.401 [main] BinderHelper - #makeIdGenerator(org.hibernate.mapping.SimpleValue([org.hibernate.mapping.Column(id)]), id, org.hibernate.id.enhanced.SequenceStyleGenerator, native, ...)
[DEBUG] 2020-03-04 19:39:34.401 [main] Ejb3Column - Binding column: Ejb3Column{table=org.hibernate.mapping.Table(team), mappingColumn=name, insertable=true, updatable=true, unique=false}
[DEBUG] 2020-03-04 19:39:34.401 [main] PropertyBinder - MetadataSourceProcessor property name with lazy=false
[DEBUG] 2020-03-04 19:39:34.402 [main] AbstractPropertyHolder - Attempting to locate auto-apply AttributeConverter for property [com.euchreleague.entity.Team:name]
[DEBUG] 2020-03-04 19:39:34.402 [main] SimpleValueBinder - building SimpleValue for name
[DEBUG] 2020-03-04 19:39:34.402 [main] PropertyBinder - Building property name
[DEBUG] 2020-03-04 19:39:34.402 [main] Ejb3Column - Binding column: Ejb3Column{table=org.hibernate.mapping.Table(team), mappingColumn=player1_id, insertable=true, updatable=true, unique=false}
[DEBUG] 2020-03-04 19:39:34.402 [main] PropertyBinder - MetadataSourceProcessor property playerOneId with lazy=false
[DEBUG] 2020-03-04 19:39:34.402 [main] AbstractPropertyHolder - Attempting to locate auto-apply AttributeConverter for property [com.euchreleague.entity.Team:playerOneId]
[DEBUG] 2020-03-04 19:39:34.402 [main] SimpleValueBinder - building SimpleValue for playerOneId
[DEBUG] 2020-03-04 19:39:34.402 [main] PropertyBinder - Building property playerOneId
[DEBUG] 2020-03-04 19:39:34.402 [main] Ejb3Column - Binding column: Ejb3Column{table=org.hibernate.mapping.Table(team), mappingColumn=player2_id, insertable=true, updatable=true, unique=false}
[DEBUG] 2020-03-04 19:39:34.402 [main] PropertyBinder - MetadataSourceProcessor property playerTwoId with lazy=false
[DEBUG] 2020-03-04 19:39:34.402 [main] AbstractPropertyHolder - Attempting to locate auto-apply AttributeConverter for property [com.euchreleague.entity.Team:playerTwoId]
[DEBUG] 2020-03-04 19:39:34.402 [main] SimpleValueBinder - building SimpleValue for playerTwoId
[DEBUG] 2020-03-04 19:39:34.402 [main] PropertyBinder - Building property playerTwoId
[DEBUG] 2020-03-04 19:39:34.402 [main] Ejb3Column - Binding column: Ejb3JoinColumn{logicalColumnName='user_name', referencedColumn='', mappedBy=''}
[DEBUG] 2020-03-04 19:39:34.402 [main] Ejb3Column - Binding column: Ejb3Column{table=org.hibernate.mapping.Table(team), mappingColumn=user, insertable=true, updatable=true, unique=false}
[DEBUG] 2020-03-04 19:39:34.403 [main] PropertyBinder - Building property user
[DEBUG] 2020-03-04 19:39:34.403 [main] SimpleValueBinder - Starting fillSimpleValue for id
[DEBUG] 2020-03-04 19:39:34.403 [main] SimpleValueBinder - Starting fillSimpleValue for firstName
[DEBUG] 2020-03-04 19:39:34.404 [main] SimpleValueBinder - Starting fillSimpleValue for lastName
[DEBUG] 2020-03-04 19:39:34.404 [main] SimpleValueBinder - Starting fillSimpleValue for userName
[DEBUG] 2020-03-04 19:39:34.404 [main] SimpleValueBinder - Starting fillSimpleValue for userPassword
[DEBUG] 2020-03-04 19:39:34.404 [main] SimpleValueBinder - Starting fillSimpleValue for id
[DEBUG] 2020-03-04 19:39:34.404 [main] SimpleValueBinder - Starting fillSimpleValue for roleName
[DEBUG] 2020-03-04 19:39:34.404 [main] SimpleValueBinder - Starting fillSimpleValue for id
[DEBUG] 2020-03-04 19:39:34.404 [main] SimpleValueBinder - Starting fillSimpleValue for name
[DEBUG] 2020-03-04 19:39:34.404 [main] SimpleValueBinder - Starting fillSimpleValue for playerOneId
[DEBUG] 2020-03-04 19:39:34.404 [main] SimpleValueBinder - Starting fillSimpleValue for playerTwoId
[DEBUG] 2020-03-04 19:39:34.406 [main] PrimaryKey - Forcing column [id] to be non-null as it is part of the primary key for table [user]
[DEBUG] 2020-03-04 19:39:34.406 [main] PrimaryKey - Forcing column [id] to be non-null as it is part of the primary key for table [user_roles]
[DEBUG] 2020-03-04 19:39:34.406 [main] PrimaryKey - Forcing column [id] to be non-null as it is part of the primary key for table [team]
[DEBUG] 2020-03-04 19:39:34.406 [main] CollectionSecondPass - Second pass for collection: com.euchreleague.entity.User.userRoles
[DEBUG] 2020-03-04 19:39:34.406 [main] CollectionBinder - Binding a OneToMany: com.euchreleague.entity.User.userRoles through a foreign key
[DEBUG] 2020-03-04 19:39:34.407 [main] CollectionBinder - Mapping collection: com.euchreleague.entity.User.userRoles -> user_roles
[DEBUG] 2020-03-04 19:39:34.408 [main] TableBinder - Retrieving property com.euchreleague.entity.UserRoles.user
[DEBUG] 2020-03-04 19:39:34.408 [main] CollectionSecondPass - Mapped collection key: user_id, one-to-many: com.euchreleague.entity.UserRoles
[DEBUG] 2020-03-04 19:39:34.410 [main] InFlightMetadataCollectorImpl - Resolving reference to class: com.euchreleague.entity.User
[DEBUG] 2020-03-04 19:39:34.413 [main] InFlightMetadataCollectorImpl - Resolving reference to class: com.euchreleague.entity.User
[DEBUG] 2020-03-04 19:39:34.413 [main] InFlightMetadataCollectorImpl - Resolving reference to class: com.euchreleague.entity.User
[DEBUG] 2020-03-04 19:39:34.413 [main] InFlightMetadataCollectorImpl - Resolving reference to class: com.euchreleague.entity.User
[DEBUG] 2020-03-04 19:39:34.428 [main] SessionFactoryImpl - Building session factory
[DEBUG] 2020-03-04 19:39:34.429 [main] Settings - SessionFactory name : null
[DEBUG] 2020-03-04 19:39:34.430 [main] Settings - Automatic flush during beforeCompletion(): enabled
[DEBUG] 2020-03-04 19:39:34.430 [main] Settings - Automatic session close at end of transaction: disabled
[DEBUG] 2020-03-04 19:39:34.430 [main] Settings - Statistics: disabled
[DEBUG] 2020-03-04 19:39:34.430 [main] Settings - Deleted entity synthetic identifier rollback: disabled
[DEBUG] 2020-03-04 19:39:34.430 [main] Settings - Default entity-mode: pojo
[DEBUG] 2020-03-04 19:39:34.430 [main] Settings - Check Nullability in Core (should be disabled when Bean Validation is on): enabled
[DEBUG] 2020-03-04 19:39:34.430 [main] Settings - Allow initialization of lazy state outside session : disabled
[DEBUG] 2020-03-04 19:39:34.430 [main] Settings - Using BatchFetchStyle : LEGACY
[DEBUG] 2020-03-04 19:39:34.430 [main] Settings - Default batch fetch size: -1
[DEBUG] 2020-03-04 19:39:34.430 [main] Settings - Maximum outer join fetch depth: 2
[DEBUG] 2020-03-04 19:39:34.430 [main] Settings - Default null ordering: NONE
[DEBUG] 2020-03-04 19:39:34.430 [main] Settings - Order SQL updates by primary key: disabled
[DEBUG] 2020-03-04 19:39:34.430 [main] Settings - Order SQL inserts for batching: disabled
[DEBUG] 2020-03-04 19:39:34.431 [main] Settings - multi-tenancy strategy : NONE
[DEBUG] 2020-03-04 19:39:34.431 [main] Settings - JTA Track by Thread: enabled
[DEBUG] 2020-03-04 19:39:34.431 [main] Settings - Query language substitutions: {}
[DEBUG] 2020-03-04 19:39:34.431 [main] Settings - Named query checking : enabled
[DEBUG] 2020-03-04 19:39:34.432 [main] Settings - Second-level cache: disabled
[DEBUG] 2020-03-04 19:39:34.432 [main] Settings - Second-level query cache: disabled
[DEBUG] 2020-03-04 19:39:34.432 [main] Settings - Second-level query cache factory: null
[DEBUG] 2020-03-04 19:39:34.432 [main] Settings - Second-level cache region prefix: null
[DEBUG] 2020-03-04 19:39:34.432 [main] Settings - Optimize second-level cache for minimal puts: disabled
[DEBUG] 2020-03-04 19:39:34.432 [main] Settings - Structured second-level cache entries: disabled
[DEBUG] 2020-03-04 19:39:34.432 [main] Settings - Second-level cache direct-reference entries: disabled
[DEBUG] 2020-03-04 19:39:34.432 [main] Settings - Automatic eviction of collection cache: disabled
[DEBUG] 2020-03-04 19:39:34.432 [main] Settings - JDBC batch size: 15
[DEBUG] 2020-03-04 19:39:34.432 [main] Settings - JDBC batch updates for versioned data: enabled
[DEBUG] 2020-03-04 19:39:34.432 [main] Settings - Scrollable result sets: enabled
[DEBUG] 2020-03-04 19:39:34.432 [main] Settings - Wrap result sets: disabled
[DEBUG] 2020-03-04 19:39:34.432 [main] Settings - JDBC3 getGeneratedKeys(): enabled
[DEBUG] 2020-03-04 19:39:34.432 [main] Settings - JDBC result set fetch size: null
[DEBUG] 2020-03-04 19:39:34.432 [main] Settings - Connection release mode: AFTER_TRANSACTION
[DEBUG] 2020-03-04 19:39:34.432 [main] Settings - Generate SQL with comments: disabled
[DEBUG] 2020-03-04 19:39:34.432 [main] Settings - JPA compliance - query : 
[DEBUG] 2020-03-04 19:39:34.432 [main] Settings - JPA compliance - closed-handling : 
[DEBUG] 2020-03-04 19:39:34.432 [main] Settings - JPA compliance - lists : 
[DEBUG] 2020-03-04 19:39:34.432 [main] Settings - JPA compliance - transactions : 
[INFO ] 2020-03-04 19:39:34.455 [main] beans - HHH10005002: No explicit CDI BeanManager reference was passed to Hibernate, but CDI is available on the Hibernate ClassLoader.
[DEBUG] 2020-03-04 19:39:34.465 [main] SessionFactoryImpl - Session factory constructed with filter configurations : {}
[DEBUG] 2020-03-04 19:39:34.465 [main] SessionFactoryImpl - Instantiating session factory with properties: {sun.desktop=gnome, awt.toolkit=sun.awt.X11.XToolkit, java.specification.version=11, sun.cpu.isalist=, hibernate.c3p0.idle_test_period=3000, sun.jnu.encoding=UTF-8, hibernate.c3p0.min_size=5, java.class.path=/home/student/intellij/lib/idea_rt.jar:/home/student/intellij/plugins/junit/lib/junit5-rt.jar:/home/student/intellij/plugins/junit/lib/junit-rt.jar:/home/student/IdeaProjects/euchreLeague/target/test-classes:/home/student/IdeaProjects/euchreLeague/target/classes:/home/student/.m2/repository/org/junit/platform/junit-platform-runner/1.0.0/junit-platform-runner-1.0.0.jar:/home/student/.m2/repository/org/apiguardian/apiguardian-api/1.0.0/apiguardian-api-1.0.0.jar:/home/student/.m2/repository/org/junit/platform/junit-platform-launcher/1.0.0/junit-platform-launcher-1.0.0.jar:/home/student/.m2/repository/org/junit/platform/junit-platform-suite-api/1.0.0/junit-platform-suite-api-1.0.0.jar:/home/student/.m2/repository/org/junit/platform/junit-platform-commons/1.0.0/junit-platform-commons-1.0.0.jar:/home/student/.m2/repository/org/junit/vintage/junit-vintage-engine/4.12.0/junit-vintage-engine-4.12.0.jar:/home/student/.m2/repository/org/junit/platform/junit-platform-engine/1.0.0/junit-platform-engine-1.0.0.jar:/home/student/.m2/repository/org/opentest4j/opentest4j/1.0.0/opentest4j-1.0.0.jar:/home/student/.m2/repository/org/junit/jupiter/junit-jupiter-engine/5.0.0/junit-jupiter-engine-5.0.0.jar:/home/student/.m2/repository/org/junit/jupiter/junit-jupiter-api/5.0.0/junit-jupiter-api-5.0.0.jar:/home/student/.m2/repository/junit/junit/4.12/junit-4.12.jar:/home/student/.m2/repository/org/hamcrest/hamcrest-core/1.3/hamcrest-core-1.3.jar:/home/student/.m2/repository/javax/javaee-web-api/7.0/javaee-web-api-7.0.jar:/home/student/.m2/repository/mysql/mysql-connector-java/8.0.16/mysql-connector-java-8.0.16.jar:/home/student/.m2/repository/com/google/protobuf/protobuf-java/3.6.1/protobuf-java-3.6.1.jar:/home/student/.m2/repository/jstl/jstl/1.2/jstl-1.2.jar:/home/student/.m2/repository/org/hibernate/hibernate-core/5.4.4.Final/hibernate-core-5.4.4.Final.jar:/home/student/.m2/repository/org/jboss/logging/jboss-logging/3.3.2.Final/jboss-logging-3.3.2.Final.jar:/home/student/.m2/repository/javax/persistence/javax.persistence-api/2.2/javax.persistence-api-2.2.jar:/home/student/.m2/repository/org/javassist/javassist/3.24.0-GA/javassist-3.24.0-GA.jar:/home/student/.m2/repository/net/bytebuddy/byte-buddy/1.9.11/byte-buddy-1.9.11.jar:/home/student/.m2/repository/antlr/antlr/2.7.7/antlr-2.7.7.jar:/home/student/.m2/repository/org/jboss/spec/javax/transaction/jboss-transaction-api_1.2_spec/1.1.1.Final/jboss-transaction-api_1.2_spec-1.1.1.Final.jar:/home/student/.m2/repository/org/jboss/jandex/2.0.5.Final/jandex-2.0.5.Final.jar:/home/student/.m2/repository/com/fasterxml/classmate/1.3.4/classmate-1.3.4.jar:/home/student/.m2/repository/javax/activation/javax.activation-api/1.2.0/javax.activation-api-1.2.0.jar:/home/student/.m2/repository/org/dom4j/dom4j/2.1.1/dom4j-2.1.1.jar:/home/student/.m2/repository/org/hibernate/common/hibernate-commons-annotations/5.1.0.Final/hibernate-commons-annotations-5.1.0.Final.jar:/home/student/.m2/repository/javax/xml/bind/jaxb-api/2.3.1/jaxb-api-2.3.1.jar:/home/student/.m2/repository/org/glassfish/jaxb/jaxb-runtime/2.3.1/jaxb-runtime-2.3.1.jar:/home/student/.m2/repository/org/glassfish/jaxb/txw2/2.3.1/txw2-2.3.1.jar:/home/student/.m2/repository/com/sun/istack/istack-commons-runtime/3.0.7/istack-commons-runtime-3.0.7.jar:/home/student/.m2/repository/org/jvnet/staxex/stax-ex/1.8/stax-ex-1.8.jar:/home/student/.m2/repository/com/sun/xml/fastinfoset/FastInfoset/1.2.15/FastInfoset-1.2.15.jar:/home/student/.m2/repository/org/hibernate/hibernate-c3p0/5.4.4.Final/hibernate-c3p0-5.4.4.Final.jar:/home/student/.m2/repository/com/mchange/c3p0/0.9.5.3/c3p0-0.9.5.3.jar:/home/student/.m2/repository/com/mchange/mchange-commons-java/0.2.15/mchange-commons-java-0.2.15.jar:/home/student/.m2/repository/org/apache/logging/log4j/log4j-api/2.10.0/log4j-api-2.10.0.jar:/home/student/.m2/repository/org/apache/logging/log4j/log4j-core/2.10.0/log4j-core-2.10.0.jar, java.vm.vendor=Ubuntu, sun.arch.data.model=64, idea.test.cyclic.buffer.size=1048576, java.vendor.url=https://ubuntu.com/, user.timezone=America/Chicago, os.name=Linux, java.vm.specification.version=11, sun.java.launcher=SUN_STANDARD, user.country=US, sun.boot.library.path=/usr/lib/jvm/java-11-openjdk-amd64/lib, sun.java.command=com.intellij.rt.junit.JUnitStarter -ideVersion5 -junit5 com.euchreleague.persistence.UserRolesDaoTest,insertSuccess, jdk.debug=release, sun.cpu.endian=little, user.home=/home/student, hibernate.c3p0.max_statements=50, user.language=en, java.specification.vendor=Oracle Corporation, java.version.date=2020-01-14, java.home=/usr/lib/jvm/java-11-openjdk-amd64, file.separator=/, java.vm.compressedOopsMode=Zero based, line.separator=
, hibernate.c3p0.timeout=300, java.specification.name=Java Platform API Specification, java.vm.specification.vendor=Oracle Corporation, java.awt.graphicsenv=sun.awt.X11GraphicsEnvironment, connection.password=@Tonyawatha18, sun.management.compiler=HotSpot 64-Bit Tiered Compilers, hibernate.c3p0.max_size=20, java.runtime.version=11.0.6+10-post-Ubuntu-1ubuntu118.04.1, user.name=student, path.separator=:, hibernate.connection.username=****, os.version=5.3.0-40-generic, java.runtime.name=OpenJDK Runtime Environment, hibernate.connection.url=jdbc:mysql://localhost:3306/test_EuchreLeague, file.encoding=UTF-8, java.vm.name=OpenJDK 64-Bit Server VM, hibernate.connection.driver_class=com.mysql.cj.jdbc.Driver, java.vendor.url.bug=https://bugs.launchpad.net/ubuntu/+source/openjdk-lts, java.io.tmpdir=/tmp, java.version=11.0.6, user.dir=/home/student/IdeaProjects/euchreLeague, os.arch=amd64, connection.username=root, java.vm.specification.name=Java Virtual Machine Specification, java.awt.printerjob=sun.print.PSPrinterJob, hibernate.connection.password=****, sun.os.patch.level=unknown, connection.driver_class=com.mysql.cj.jdbc.Driver, hibernate.boot.CfgXmlAccessService.key=org.hibernate.boot.cfgxml.spi.LoadedConfig@67cffead, java.library.path=/usr/java/packages/lib:/usr/lib/x86_64-linux-gnu/jni:/lib/x86_64-linux-gnu:/usr/lib/x86_64-linux-gnu:/usr/lib/jni:/lib:/usr/lib, java.vendor=Ubuntu, java.vm.info=mixed mode, sharing, java.vm.version=11.0.6+10-post-Ubuntu-1ubuntu118.04.1, hibernate.bytecode.use_reflection_optimizer=false, sun.io.unicode.encoding=UnicodeLittle, connection.url=jdbc:mysql://localhost:3306/test_EuchreLeague, java.class.version=55.0}
[DEBUG] 2020-03-04 19:39:34.474 [main] TypeSafeActivator - Unable to acquire Bean Validation ValidatorFactory, skipping activation
[DEBUG] 2020-03-04 19:39:34.474 [main] JaccIntegrator - Skipping JACC integration as it was not enabled
[DEBUG] 2020-03-04 19:39:34.474 [main] SessionFactoryImpl - Instantiated session factory
[DEBUG] 2020-03-04 19:39:34.474 [main] TypeConfiguration$Scope - Scoping TypeConfiguration [org.hibernate.type.spi.TypeConfiguration@6296474f] to SessionFactoryImpl [org.hibernate.internal.SessionFactoryImpl@32120956]
[DEBUG] 2020-03-04 19:39:34.497 [main] ClassLoaderAccessImpl - Not known whether passed class name [com.euchreleague.entity.UserRoles] is safe
[DEBUG] 2020-03-04 19:39:34.497 [main] ClassLoaderAccessImpl - No temp ClassLoader provided; using live ClassLoader for loading potentially unsafe class : com.euchreleague.entity.UserRoles
[DEBUG] 2020-03-04 19:39:34.505 [main] ClassLoaderAccessImpl - Not known whether passed class name [com.euchreleague.entity.UserRoles] is safe
[DEBUG] 2020-03-04 19:39:34.505 [main] ClassLoaderAccessImpl - No temp ClassLoader provided; using live ClassLoader for loading potentially unsafe class : com.euchreleague.entity.UserRoles
[DEBUG] 2020-03-04 19:39:34.607 [main] ClassLoaderAccessImpl - Not known whether passed class name [com.euchreleague.entity.Team] is safe
[DEBUG] 2020-03-04 19:39:34.607 [main] ClassLoaderAccessImpl - No temp ClassLoader provided; using live ClassLoader for loading potentially unsafe class : com.euchreleague.entity.Team
[DEBUG] 2020-03-04 19:39:34.607 [main] ClassLoaderAccessImpl - Not known whether passed class name [com.euchreleague.entity.Team] is safe
[DEBUG] 2020-03-04 19:39:34.607 [main] ClassLoaderAccessImpl - No temp ClassLoader provided; using live ClassLoader for loading potentially unsafe class : com.euchreleague.entity.Team
[DEBUG] 2020-03-04 19:39:34.629 [main] ClassLoaderAccessImpl - Not known whether passed class name [com.euchreleague.entity.User] is safe
[DEBUG] 2020-03-04 19:39:34.629 [main] ClassLoaderAccessImpl - No temp ClassLoader provided; using live ClassLoader for loading potentially unsafe class : com.euchreleague.entity.User
[DEBUG] 2020-03-04 19:39:34.629 [main] ClassLoaderAccessImpl - Not known whether passed class name [com.euchreleague.entity.User] is safe
[DEBUG] 2020-03-04 19:39:34.629 [main] ClassLoaderAccessImpl - No temp ClassLoader provided; using live ClassLoader for loading potentially unsafe class : com.euchreleague.entity.User
[DEBUG] 2020-03-04 19:39:34.657 [main] AbstractCollectionPersister - Static SQL for collection: com.euchreleague.entity.User.userRoles
[DEBUG] 2020-03-04 19:39:34.657 [main] AbstractCollectionPersister -  Row insert: update user_roles set user_id=? where id=?
[DEBUG] 2020-03-04 19:39:34.657 [main] AbstractCollectionPersister -  Row update: update user_roles set  where id=?
[DEBUG] 2020-03-04 19:39:34.657 [main] AbstractCollectionPersister -  Row delete: update user_roles set user_id=null where user_id=? and id=?
[DEBUG] 2020-03-04 19:39:34.657 [main] AbstractCollectionPersister -  One-shot delete: update user_roles set user_id=null where user_id=?
[DEBUG] 2020-03-04 19:39:34.665 [main] AbstractEntityPersister - Static SQL for entity: com.euchreleague.entity.UserRoles
[DEBUG] 2020-03-04 19:39:34.665 [main] AbstractEntityPersister -  Version select: select id from user_roles where id =?
[DEBUG] 2020-03-04 19:39:34.665 [main] AbstractEntityPersister -  Snapshot select: select userroles_.id, userroles_.role_name as role_nam2_2_, userroles_.user_id as user_id3_2_ from user_roles userroles_ where userroles_.id=?
[DEBUG] 2020-03-04 19:39:34.665 [main] AbstractEntityPersister -  Insert 0: insert into user_roles (role_name, user_id, id) values (?, ?, ?)
[DEBUG] 2020-03-04 19:39:34.665 [main] AbstractEntityPersister -  Update 0: update user_roles set role_name=?, user_id=? where id=?
[DEBUG] 2020-03-04 19:39:34.665 [main] AbstractEntityPersister -  Delete 0: delete from user_roles where id=?
[DEBUG] 2020-03-04 19:39:34.665 [main] AbstractEntityPersister -  Identity insert: insert into user_roles (role_name, user_id) values (?, ?)
[DEBUG] 2020-03-04 19:39:34.677 [main] QuerySpacesImpl - Adding QuerySpace : uid = <gen:0> -> org.hibernate.loader.plan.build.internal.spaces.EntityQuerySpaceImpl@cdb3c85]
[DEBUG] 2020-03-04 19:39:34.678 [main] MetamodelGraphWalker - Visiting attribute path : roleName
[DEBUG] 2020-03-04 19:39:34.678 [main] MetamodelGraphWalker - Visiting attribute path : user
[DEBUG] 2020-03-04 19:39:34.679 [main] QuerySpacesImpl - Adding QuerySpace : uid = <gen:1> -> org.hibernate.loader.plan.build.internal.spaces.EntityQuerySpaceImpl@2dfa02c1]
[DEBUG] 2020-03-04 19:39:34.680 [main] MetamodelGraphWalker - Visiting attribute path : user.firstName
[DEBUG] 2020-03-04 19:39:34.680 [main] MetamodelGraphWalker - Visiting attribute path : user.lastName
[DEBUG] 2020-03-04 19:39:34.680 [main] MetamodelGraphWalker - Visiting attribute path : user.userName
[DEBUG] 2020-03-04 19:39:34.680 [main] MetamodelGraphWalker - Visiting attribute path : user.userPassword
[DEBUG] 2020-03-04 19:39:34.680 [main] MetamodelGraphWalker - Visiting attribute path : user.userRoles
[DEBUG] 2020-03-04 19:39:34.680 [main] MetamodelGraphWalker - Property path deemed to be circular : user.userRoles
[DEBUG] 2020-03-04 19:39:34.680 [main] FetchStyleLoadPlanBuildingAssociationVisitationStrategy - Building LoadPlan...
[DEBUG] 2020-03-04 19:39:34.685 [main] LoadQueryJoinAndFetchProcessor - processing queryspace <gen:0>
[DEBUG] 2020-03-04 19:39:34.687 [main] LoadPlanTreePrinter - LoadPlan(entity=com.euchreleague.entity.UserRoles)
    - Returns
       - EntityReturnImpl(entity=com.euchreleague.entity.UserRoles, querySpaceUid=<gen:0>, path=com.euchreleague.entity.UserRoles)
          - EntityAttributeFetchImpl(entity=com.euchreleague.entity.User, querySpaceUid=<gen:1>, path=com.euchreleague.entity.UserRoles.user)
    - QuerySpaces
       - EntityQuerySpaceImpl(uid=<gen:0>, entity=com.euchreleague.entity.UserRoles)
          - SQL table alias mapping - userroles0_
          - alias suffix - 0_
          - suffixed key columns - {id1_2_0_}
          - JOIN (JoinDefinedByMetadata(user)) : <gen:0> -> <gen:1>
             - EntityQuerySpaceImpl(uid=<gen:1>, entity=com.euchreleague.entity.User)
                - SQL table alias mapping - user1_
                - alias suffix - 1_
                - suffixed key columns - {id1_1_1_}

[DEBUG] 2020-03-04 19:39:34.688 [main] EntityLoader - Static select for entity com.euchreleague.entity.UserRoles [NONE]: select userroles0_.id as id1_2_0_, userroles0_.role_name as role_nam2_2_0_, userroles0_.user_id as user_id3_2_0_, user1_.id as id1_1_1_, user1_.first_name as first_na2_1_1_, user1_.last_name as last_nam3_1_1_, user1_.user_name as user_nam4_1_1_, user1_.user_password as user_pas5_1_1_ from user_roles userroles0_ left outer join user user1_ on userroles0_.user_id=user1_.id where userroles0_.id=?
[DEBUG] 2020-03-04 19:39:34.688 [main] QuerySpacesImpl - Adding QuerySpace : uid = <gen:0> -> org.hibernate.loader.plan.build.internal.spaces.EntityQuerySpaceImpl@3bbf1c0d]
[DEBUG] 2020-03-04 19:39:34.688 [main] MetamodelGraphWalker - Visiting attribute path : roleName
[DEBUG] 2020-03-04 19:39:34.689 [main] MetamodelGraphWalker - Visiting attribute path : user
[DEBUG] 2020-03-04 19:39:34.689 [main] QuerySpacesImpl - Adding QuerySpace : uid = <gen:1> -> org.hibernate.loader.plan.build.internal.spaces.EntityQuerySpaceImpl@216c22ce]
[DEBUG] 2020-03-04 19:39:34.689 [main] MetamodelGraphWalker - Visiting attribute path : user.firstName
[DEBUG] 2020-03-04 19:39:34.689 [main] MetamodelGraphWalker - Visiting attribute path : user.lastName
[DEBUG] 2020-03-04 19:39:34.689 [main] MetamodelGraphWalker - Visiting attribute path : user.userName
[DEBUG] 2020-03-04 19:39:34.689 [main] MetamodelGraphWalker - Visiting attribute path : user.userPassword
[DEBUG] 2020-03-04 19:39:34.689 [main] MetamodelGraphWalker - Visiting attribute path : user.userRoles
[DEBUG] 2020-03-04 19:39:34.689 [main] MetamodelGraphWalker - Property path deemed to be circular : user.userRoles
[DEBUG] 2020-03-04 19:39:34.689 [main] FetchStyleLoadPlanBuildingAssociationVisitationStrategy - Building LoadPlan...
[DEBUG] 2020-03-04 19:39:34.689 [main] LoadQueryJoinAndFetchProcessor - processing queryspace <gen:0>
[DEBUG] 2020-03-04 19:39:34.689 [main] LoadPlanTreePrinter - LoadPlan(entity=com.euchreleague.entity.UserRoles)
    - Returns
       - EntityReturnImpl(entity=com.euchreleague.entity.UserRoles, querySpaceUid=<gen:0>, path=com.euchreleague.entity.UserRoles)
          - EntityAttributeFetchImpl(entity=com.euchreleague.entity.User, querySpaceUid=<gen:1>, path=com.euchreleague.entity.UserRoles.user)
    - QuerySpaces
       - EntityQuerySpaceImpl(uid=<gen:0>, entity=com.euchreleague.entity.UserRoles)
          - SQL table alias mapping - userroles0_
          - alias suffix - 0_
          - suffixed key columns - {id1_2_0_}
          - JOIN (JoinDefinedByMetadata(user)) : <gen:0> -> <gen:1>
             - EntityQuerySpaceImpl(uid=<gen:1>, entity=com.euchreleague.entity.User)
                - SQL table alias mapping - user1_
                - alias suffix - 1_
                - suffixed key columns - {id1_1_1_}

[DEBUG] 2020-03-04 19:39:34.689 [main] EntityLoader - Static select for entity com.euchreleague.entity.UserRoles [READ]: select userroles0_.id as id1_2_0_, userroles0_.role_name as role_nam2_2_0_, userroles0_.user_id as user_id3_2_0_, user1_.id as id1_1_1_, user1_.first_name as first_na2_1_1_, user1_.last_name as last_nam3_1_1_, user1_.user_name as user_nam4_1_1_, user1_.user_password as user_pas5_1_1_ from user_roles userroles0_ left outer join user user1_ on userroles0_.user_id=user1_.id where userroles0_.id=?
[DEBUG] 2020-03-04 19:39:34.695 [main] Loader - Static select for action ACTION_MERGE on entity com.euchreleague.entity.UserRoles: select userroles0_.id as id1_2_0_, userroles0_.role_name as role_nam2_2_0_, userroles0_.user_id as user_id3_2_0_ from user_roles userroles0_ where userroles0_.id=?
[DEBUG] 2020-03-04 19:39:34.695 [main] Loader - Static select for action ACTION_REFRESH on entity com.euchreleague.entity.UserRoles: select userroles0_.id as id1_2_0_, userroles0_.role_name as role_nam2_2_0_, userroles0_.user_id as user_id3_2_0_ from user_roles userroles0_ where userroles0_.id=?
[DEBUG] 2020-03-04 19:39:34.695 [main] AbstractEntityPersister - Static SQL for entity: com.euchreleague.entity.Team
[DEBUG] 2020-03-04 19:39:34.695 [main] AbstractEntityPersister -  Version select: select id from team where id =?
[DEBUG] 2020-03-04 19:39:34.695 [main] AbstractEntityPersister -  Snapshot select: select team_.id, team_.name as name2_0_, team_.player1_id as player3_0_, team_.player2_id as player4_0_, team_.user_name as user_nam5_0_ from team team_ where team_.id=?
[DEBUG] 2020-03-04 19:39:34.695 [main] AbstractEntityPersister -  Insert 0: insert into team (name, player1_id, player2_id, user_name, id) values (?, ?, ?, ?, ?)
[DEBUG] 2020-03-04 19:39:34.695 [main] AbstractEntityPersister -  Update 0: update team set name=?, player1_id=?, player2_id=?, user_name=? where id=?
[DEBUG] 2020-03-04 19:39:34.695 [main] AbstractEntityPersister -  Delete 0: delete from team where id=?
[DEBUG] 2020-03-04 19:39:34.695 [main] AbstractEntityPersister -  Identity insert: insert into team (name, player1_id, player2_id, user_name) values (?, ?, ?, ?)
[DEBUG] 2020-03-04 19:39:34.695 [main] QuerySpacesImpl - Adding QuerySpace : uid = <gen:0> -> org.hibernate.loader.plan.build.internal.spaces.EntityQuerySpaceImpl@69a5c6be]
[DEBUG] 2020-03-04 19:39:34.695 [main] MetamodelGraphWalker - Visiting attribute path : name
[DEBUG] 2020-03-04 19:39:34.695 [main] MetamodelGraphWalker - Visiting attribute path : playerOneId
[DEBUG] 2020-03-04 19:39:34.695 [main] MetamodelGraphWalker - Visiting attribute path : playerTwoId
[DEBUG] 2020-03-04 19:39:34.695 [main] MetamodelGraphWalker - Visiting attribute path : user
[DEBUG] 2020-03-04 19:39:34.695 [main] QuerySpacesImpl - Adding QuerySpace : uid = <gen:1> -> org.hibernate.loader.plan.build.internal.spaces.EntityQuerySpaceImpl@497ed877]
[DEBUG] 2020-03-04 19:39:34.695 [main] MetamodelGraphWalker - Visiting attribute path : user.firstName
[DEBUG] 2020-03-04 19:39:34.695 [main] MetamodelGraphWalker - Visiting attribute path : user.lastName
[DEBUG] 2020-03-04 19:39:34.695 [main] MetamodelGraphWalker - Visiting attribute path : user.userName
[DEBUG] 2020-03-04 19:39:34.695 [main] MetamodelGraphWalker - Visiting attribute path : user.userPassword
[DEBUG] 2020-03-04 19:39:34.695 [main] MetamodelGraphWalker - Visiting attribute path : user.userRoles
[DEBUG] 2020-03-04 19:39:34.696 [main] QuerySpacesImpl - Adding QuerySpace : uid = <gen:2> -> org.hibernate.loader.plan.build.internal.spaces.CollectionQuerySpaceImpl@77083e41]
[DEBUG] 2020-03-04 19:39:34.696 [main] QuerySpacesImpl - Adding QuerySpace : uid = <gen:3> -> org.hibernate.loader.plan.build.internal.spaces.EntityQuerySpaceImpl@74a820bf]
[DEBUG] 2020-03-04 19:39:34.697 [main] MetamodelGraphWalker - Visiting attribute path : user.userRoles.roleName
[DEBUG] 2020-03-04 19:39:34.697 [main] MetamodelGraphWalker - Visiting attribute path : user.userRoles.user
[DEBUG] 2020-03-04 19:39:34.697 [main] MetamodelGraphWalker - Property path deemed to be circular : user.userRoles.user
[DEBUG] 2020-03-04 19:39:34.697 [main] FetchStyleLoadPlanBuildingAssociationVisitationStrategy - Building LoadPlan...
[DEBUG] 2020-03-04 19:39:34.697 [main] LoadQueryJoinAndFetchProcessor - processing queryspace <gen:0>
[DEBUG] 2020-03-04 19:39:34.698 [main] LoadPlanTreePrinter - LoadPlan(entity=com.euchreleague.entity.Team)
    - Returns
       - EntityReturnImpl(entity=com.euchreleague.entity.Team, querySpaceUid=<gen:0>, path=com.euchreleague.entity.Team)
          - EntityAttributeFetchImpl(entity=com.euchreleague.entity.User, querySpaceUid=<gen:1>, path=com.euchreleague.entity.Team.user)
             - CollectionAttributeFetchImpl(collection=com.euchreleague.entity.User.userRoles, querySpaceUid=<gen:2>, path=com.euchreleague.entity.Team.user.userRoles)
                - (collection element) CollectionFetchableElementEntityGraph(entity=com.euchreleague.entity.UserRoles, querySpaceUid=<gen:3>, path=com.euchreleague.entity.Team.user.userRoles.<elements>)
    - QuerySpaces
       - EntityQuerySpaceImpl(uid=<gen:0>, entity=com.euchreleague.entity.Team)
          - SQL table alias mapping - team0_
          - alias suffix - 0_
          - suffixed key columns - {id1_0_0_}
          - JOIN (JoinDefinedByMetadata(user)) : <gen:0> -> <gen:1>
             - EntityQuerySpaceImpl(uid=<gen:1>, entity=com.euchreleague.entity.User)
                - SQL table alias mapping - user1_
                - alias suffix - 1_
                - suffixed key columns - {id1_1_1_}
                - JOIN (JoinDefinedByMetadata(userRoles)) : <gen:1> -> <gen:2>
                   - CollectionQuerySpaceImpl(uid=<gen:2>, collection=com.euchreleague.entity.User.userRoles)
                      - SQL table alias mapping - userroles2_
                      - alias suffix - 2_
                      - suffixed key columns - {user_id3_2_2_}
                      - entity-element alias suffix - 3_
                      - 3_entity-element suffixed key columns - id1_2_3_
                      - JOIN (JoinDefinedByMetadata(elements)) : <gen:2> -> <gen:3>
                         - EntityQuerySpaceImpl(uid=<gen:3>, entity=com.euchreleague.entity.UserRoles)
                            - SQL table alias mapping - userroles2_
                            - alias suffix - 3_
                            - suffixed key columns - {id1_2_3_}

[DEBUG] 2020-03-04 19:39:34.699 [main] EntityLoader - Static select for entity com.euchreleague.entity.Team [NONE]: select team0_.id as id1_0_0_, team0_.name as name2_0_0_, team0_.player1_id as player3_0_0_, team0_.player2_id as player4_0_0_, team0_.user_name as user_nam5_0_0_, user1_.id as id1_1_1_, user1_.first_name as first_na2_1_1_, user1_.last_name as last_nam3_1_1_, user1_.user_name as user_nam4_1_1_, user1_.user_password as user_pas5_1_1_, userroles2_.user_id as user_id3_2_2_, userroles2_.id as id1_2_2_, userroles2_.id as id1_2_3_, userroles2_.role_name as role_nam2_2_3_, userroles2_.user_id as user_id3_2_3_ from team team0_ left outer join user user1_ on team0_.user_name=user1_.id left outer join user_roles userroles2_ on user1_.id=userroles2_.user_id where team0_.id=?
[DEBUG] 2020-03-04 19:39:34.699 [main] QuerySpacesImpl - Adding QuerySpace : uid = <gen:0> -> org.hibernate.loader.plan.build.internal.spaces.EntityQuerySpaceImpl@3ab595c8]
[DEBUG] 2020-03-04 19:39:34.699 [main] MetamodelGraphWalker - Visiting attribute path : name
[DEBUG] 2020-03-04 19:39:34.699 [main] MetamodelGraphWalker - Visiting attribute path : playerOneId
[DEBUG] 2020-03-04 19:39:34.699 [main] MetamodelGraphWalker - Visiting attribute path : playerTwoId
[DEBUG] 2020-03-04 19:39:34.699 [main] MetamodelGraphWalker - Visiting attribute path : user
[DEBUG] 2020-03-04 19:39:34.699 [main] QuerySpacesImpl - Adding QuerySpace : uid = <gen:1> -> org.hibernate.loader.plan.build.internal.spaces.EntityQuerySpaceImpl@cbf1997]
[DEBUG] 2020-03-04 19:39:34.699 [main] MetamodelGraphWalker - Visiting attribute path : user.firstName
[DEBUG] 2020-03-04 19:39:34.699 [main] MetamodelGraphWalker - Visiting attribute path : user.lastName
[DEBUG] 2020-03-04 19:39:34.699 [main] MetamodelGraphWalker - Visiting attribute path : user.userName
[DEBUG] 2020-03-04 19:39:34.699 [main] MetamodelGraphWalker - Visiting attribute path : user.userPassword
[DEBUG] 2020-03-04 19:39:34.699 [main] MetamodelGraphWalker - Visiting attribute path : user.userRoles
[DEBUG] 2020-03-04 19:39:34.699 [main] QuerySpacesImpl - Adding QuerySpace : uid = <gen:2> -> org.hibernate.loader.plan.build.internal.spaces.CollectionQuerySpaceImpl@5faeeb56]
[DEBUG] 2020-03-04 19:39:34.699 [main] QuerySpacesImpl - Adding QuerySpace : uid = <gen:3> -> org.hibernate.loader.plan.build.internal.spaces.EntityQuerySpaceImpl@5396eeb1]
[DEBUG] 2020-03-04 19:39:34.699 [main] MetamodelGraphWalker - Visiting attribute path : user.userRoles.roleName
[DEBUG] 2020-03-04 19:39:34.699 [main] MetamodelGraphWalker - Visiting attribute path : user.userRoles.user
[DEBUG] 2020-03-04 19:39:34.699 [main] MetamodelGraphWalker - Property path deemed to be circular : user.userRoles.user
[DEBUG] 2020-03-04 19:39:34.699 [main] FetchStyleLoadPlanBuildingAssociationVisitationStrategy - Building LoadPlan...
[DEBUG] 2020-03-04 19:39:34.699 [main] LoadQueryJoinAndFetchProcessor - processing queryspace <gen:0>
[DEBUG] 2020-03-04 19:39:34.700 [main] LoadPlanTreePrinter - LoadPlan(entity=com.euchreleague.entity.Team)
    - Returns
       - EntityReturnImpl(entity=com.euchreleague.entity.Team, querySpaceUid=<gen:0>, path=com.euchreleague.entity.Team)
          - EntityAttributeFetchImpl(entity=com.euchreleague.entity.User, querySpaceUid=<gen:1>, path=com.euchreleague.entity.Team.user)
             - CollectionAttributeFetchImpl(collection=com.euchreleague.entity.User.userRoles, querySpaceUid=<gen:2>, path=com.euchreleague.entity.Team.user.userRoles)
                - (collection element) CollectionFetchableElementEntityGraph(entity=com.euchreleague.entity.UserRoles, querySpaceUid=<gen:3>, path=com.euchreleague.entity.Team.user.userRoles.<elements>)
    - QuerySpaces
       - EntityQuerySpaceImpl(uid=<gen:0>, entity=com.euchreleague.entity.Team)
          - SQL table alias mapping - team0_
          - alias suffix - 0_
          - suffixed key columns - {id1_0_0_}
          - JOIN (JoinDefinedByMetadata(user)) : <gen:0> -> <gen:1>
             - EntityQuerySpaceImpl(uid=<gen:1>, entity=com.euchreleague.entity.User)
                - SQL table alias mapping - user1_
                - alias suffix - 1_
                - suffixed key columns - {id1_1_1_}
                - JOIN (JoinDefinedByMetadata(userRoles)) : <gen:1> -> <gen:2>
                   - CollectionQuerySpaceImpl(uid=<gen:2>, collection=com.euchreleague.entity.User.userRoles)
                      - SQL table alias mapping - userroles2_
                      - alias suffix - 2_
                      - suffixed key columns - {user_id3_2_2_}
                      - entity-element alias suffix - 3_
                      - 3_entity-element suffixed key columns - id1_2_3_
                      - JOIN (JoinDefinedByMetadata(elements)) : <gen:2> -> <gen:3>
                         - EntityQuerySpaceImpl(uid=<gen:3>, entity=com.euchreleague.entity.UserRoles)
                            - SQL table alias mapping - userroles2_
                            - alias suffix - 3_
                            - suffixed key columns - {id1_2_3_}

[DEBUG] 2020-03-04 19:39:34.700 [main] EntityLoader - Static select for entity com.euchreleague.entity.Team [READ]: select team0_.id as id1_0_0_, team0_.name as name2_0_0_, team0_.player1_id as player3_0_0_, team0_.player2_id as player4_0_0_, team0_.user_name as user_nam5_0_0_, user1_.id as id1_1_1_, user1_.first_name as first_na2_1_1_, user1_.last_name as last_nam3_1_1_, user1_.user_name as user_nam4_1_1_, user1_.user_password as user_pas5_1_1_, userroles2_.user_id as user_id3_2_2_, userroles2_.id as id1_2_2_, userroles2_.id as id1_2_3_, userroles2_.role_name as role_nam2_2_3_, userroles2_.user_id as user_id3_2_3_ from team team0_ left outer join user user1_ on team0_.user_name=user1_.id left outer join user_roles userroles2_ on user1_.id=userroles2_.user_id where team0_.id=?
[DEBUG] 2020-03-04 19:39:34.700 [main] Loader - Static select for action ACTION_MERGE on entity com.euchreleague.entity.Team: select team0_.id as id1_0_0_, team0_.name as name2_0_0_, team0_.player1_id as player3_0_0_, team0_.player2_id as player4_0_0_, team0_.user_name as user_nam5_0_0_ from team team0_ where team0_.id=?
[DEBUG] 2020-03-04 19:39:34.700 [main] Loader - Static select for action ACTION_REFRESH on entity com.euchreleague.entity.Team: select team0_.id as id1_0_0_, team0_.name as name2_0_0_, team0_.player1_id as player3_0_0_, team0_.player2_id as player4_0_0_, team0_.user_name as user_nam5_0_0_ from team team0_ where team0_.id=?
[DEBUG] 2020-03-04 19:39:34.700 [main] AbstractEntityPersister - Static SQL for entity: com.euchreleague.entity.User
[DEBUG] 2020-03-04 19:39:34.700 [main] AbstractEntityPersister -  Version select: select id from user where id =?
[DEBUG] 2020-03-04 19:39:34.700 [main] AbstractEntityPersister -  Snapshot select: select user_.id, user_.first_name as first_na2_1_, user_.last_name as last_nam3_1_, user_.user_name as user_nam4_1_, user_.user_password as user_pas5_1_ from user user_ where user_.id=?
[DEBUG] 2020-03-04 19:39:34.700 [main] AbstractEntityPersister -  Insert 0: insert into user (first_name, last_name, user_name, user_password, id) values (?, ?, ?, ?, ?)
[DEBUG] 2020-03-04 19:39:34.700 [main] AbstractEntityPersister -  Update 0: update user set first_name=?, last_name=?, user_name=?, user_password=? where id=?
[DEBUG] 2020-03-04 19:39:34.700 [main] AbstractEntityPersister -  Delete 0: delete from user where id=?
[DEBUG] 2020-03-04 19:39:34.700 [main] AbstractEntityPersister -  Identity insert: insert into user (first_name, last_name, user_name, user_password) values (?, ?, ?, ?)
[DEBUG] 2020-03-04 19:39:34.700 [main] QuerySpacesImpl - Adding QuerySpace : uid = <gen:0> -> org.hibernate.loader.plan.build.internal.spaces.EntityQuerySpaceImpl@5fdd97c1]
[DEBUG] 2020-03-04 19:39:34.700 [main] MetamodelGraphWalker - Visiting attribute path : firstName
[DEBUG] 2020-03-04 19:39:34.700 [main] MetamodelGraphWalker - Visiting attribute path : lastName
[DEBUG] 2020-03-04 19:39:34.700 [main] MetamodelGraphWalker - Visiting attribute path : userName
[DEBUG] 2020-03-04 19:39:34.700 [main] MetamodelGraphWalker - Visiting attribute path : userPassword
[DEBUG] 2020-03-04 19:39:34.700 [main] MetamodelGraphWalker - Visiting attribute path : userRoles
[DEBUG] 2020-03-04 19:39:34.700 [main] QuerySpacesImpl - Adding QuerySpace : uid = <gen:1> -> org.hibernate.loader.plan.build.internal.spaces.CollectionQuerySpaceImpl@15d236fd]
[DEBUG] 2020-03-04 19:39:34.700 [main] QuerySpacesImpl - Adding QuerySpace : uid = <gen:2> -> org.hibernate.loader.plan.build.internal.spaces.EntityQuerySpaceImpl@6b9c42bd]
[DEBUG] 2020-03-04 19:39:34.700 [main] MetamodelGraphWalker - Visiting attribute path : userRoles.roleName
[DEBUG] 2020-03-04 19:39:34.700 [main] MetamodelGraphWalker - Visiting attribute path : userRoles.user
[DEBUG] 2020-03-04 19:39:34.700 [main] MetamodelGraphWalker - Property path deemed to be circular : userRoles.user
[DEBUG] 2020-03-04 19:39:34.700 [main] FetchStyleLoadPlanBuildingAssociationVisitationStrategy - Building LoadPlan...
[DEBUG] 2020-03-04 19:39:34.700 [main] LoadQueryJoinAndFetchProcessor - processing queryspace <gen:0>
[DEBUG] 2020-03-04 19:39:34.701 [main] LoadPlanTreePrinter - LoadPlan(entity=com.euchreleague.entity.User)
    - Returns
       - EntityReturnImpl(entity=com.euchreleague.entity.User, querySpaceUid=<gen:0>, path=com.euchreleague.entity.User)
          - CollectionAttributeFetchImpl(collection=com.euchreleague.entity.User.userRoles, querySpaceUid=<gen:1>, path=com.euchreleague.entity.User.userRoles)
             - (collection element) CollectionFetchableElementEntityGraph(entity=com.euchreleague.entity.UserRoles, querySpaceUid=<gen:2>, path=com.euchreleague.entity.User.userRoles.<elements>)
    - QuerySpaces
       - EntityQuerySpaceImpl(uid=<gen:0>, entity=com.euchreleague.entity.User)
          - SQL table alias mapping - user0_
          - alias suffix - 0_
          - suffixed key columns - {id1_1_0_}
          - JOIN (JoinDefinedByMetadata(userRoles)) : <gen:0> -> <gen:1>
             - CollectionQuerySpaceImpl(uid=<gen:1>, collection=com.euchreleague.entity.User.userRoles)
                - SQL table alias mapping - userroles1_
                - alias suffix - 1_
                - suffixed key columns - {user_id3_2_1_}
                - entity-element alias suffix - 2_
                - 2_entity-element suffixed key columns - id1_2_2_
                - JOIN (JoinDefinedByMetadata(elements)) : <gen:1> -> <gen:2>
                   - EntityQuerySpaceImpl(uid=<gen:2>, entity=com.euchreleague.entity.UserRoles)
                      - SQL table alias mapping - userroles1_
                      - alias suffix - 2_
                      - suffixed key columns - {id1_2_2_}

[DEBUG] 2020-03-04 19:39:34.701 [main] EntityLoader - Static select for entity com.euchreleague.entity.User [NONE]: select user0_.id as id1_1_0_, user0_.first_name as first_na2_1_0_, user0_.last_name as last_nam3_1_0_, user0_.user_name as user_nam4_1_0_, user0_.user_password as user_pas5_1_0_, userroles1_.user_id as user_id3_2_1_, userroles1_.id as id1_2_1_, userroles1_.id as id1_2_2_, userroles1_.role_name as role_nam2_2_2_, userroles1_.user_id as user_id3_2_2_ from user user0_ left outer join user_roles userroles1_ on user0_.id=userroles1_.user_id where user0_.id=?
[DEBUG] 2020-03-04 19:39:34.701 [main] QuerySpacesImpl - Adding QuerySpace : uid = <gen:0> -> org.hibernate.loader.plan.build.internal.spaces.EntityQuerySpaceImpl@37d3e140]
[DEBUG] 2020-03-04 19:39:34.701 [main] MetamodelGraphWalker - Visiting attribute path : firstName
[DEBUG] 2020-03-04 19:39:34.701 [main] MetamodelGraphWalker - Visiting attribute path : lastName
[DEBUG] 2020-03-04 19:39:34.701 [main] MetamodelGraphWalker - Visiting attribute path : userName
[DEBUG] 2020-03-04 19:39:34.701 [main] MetamodelGraphWalker - Visiting attribute path : userPassword
[DEBUG] 2020-03-04 19:39:34.701 [main] MetamodelGraphWalker - Visiting attribute path : userRoles
[DEBUG] 2020-03-04 19:39:34.701 [main] QuerySpacesImpl - Adding QuerySpace : uid = <gen:1> -> org.hibernate.loader.plan.build.internal.spaces.CollectionQuerySpaceImpl@33eb0d4]
[DEBUG] 2020-03-04 19:39:34.701 [main] QuerySpacesImpl - Adding QuerySpace : uid = <gen:2> -> org.hibernate.loader.plan.build.internal.spaces.EntityQuerySpaceImpl@224d86d2]
[DEBUG] 2020-03-04 19:39:34.701 [main] MetamodelGraphWalker - Visiting attribute path : userRoles.roleName
[DEBUG] 2020-03-04 19:39:34.701 [main] MetamodelGraphWalker - Visiting attribute path : userRoles.user
[DEBUG] 2020-03-04 19:39:34.701 [main] MetamodelGraphWalker - Property path deemed to be circular : userRoles.user
[DEBUG] 2020-03-04 19:39:34.701 [main] FetchStyleLoadPlanBuildingAssociationVisitationStrategy - Building LoadPlan...
[DEBUG] 2020-03-04 19:39:34.701 [main] LoadQueryJoinAndFetchProcessor - processing queryspace <gen:0>
[DEBUG] 2020-03-04 19:39:34.702 [main] LoadPlanTreePrinter - LoadPlan(entity=com.euchreleague.entity.User)
    - Returns
       - EntityReturnImpl(entity=com.euchreleague.entity.User, querySpaceUid=<gen:0>, path=com.euchreleague.entity.User)
          - CollectionAttributeFetchImpl(collection=com.euchreleague.entity.User.userRoles, querySpaceUid=<gen:1>, path=com.euchreleague.entity.User.userRoles)
             - (collection element) CollectionFetchableElementEntityGraph(entity=com.euchreleague.entity.UserRoles, querySpaceUid=<gen:2>, path=com.euchreleague.entity.User.userRoles.<elements>)
    - QuerySpaces
       - EntityQuerySpaceImpl(uid=<gen:0>, entity=com.euchreleague.entity.User)
          - SQL table alias mapping - user0_
          - alias suffix - 0_
          - suffixed key columns - {id1_1_0_}
          - JOIN (JoinDefinedByMetadata(userRoles)) : <gen:0> -> <gen:1>
             - CollectionQuerySpaceImpl(uid=<gen:1>, collection=com.euchreleague.entity.User.userRoles)
                - SQL table alias mapping - userroles1_
                - alias suffix - 1_
                - suffixed key columns - {user_id3_2_1_}
                - entity-element alias suffix - 2_
                - 2_entity-element suffixed key columns - id1_2_2_
                - JOIN (JoinDefinedByMetadata(elements)) : <gen:1> -> <gen:2>
                   - EntityQuerySpaceImpl(uid=<gen:2>, entity=com.euchreleague.entity.UserRoles)
                      - SQL table alias mapping - userroles1_
                      - alias suffix - 2_
                      - suffixed key columns - {id1_2_2_}

[DEBUG] 2020-03-04 19:39:34.702 [main] EntityLoader - Static select for entity com.euchreleague.entity.User [READ]: select user0_.id as id1_1_0_, user0_.first_name as first_na2_1_0_, user0_.last_name as last_nam3_1_0_, user0_.user_name as user_nam4_1_0_, user0_.user_password as user_pas5_1_0_, userroles1_.user_id as user_id3_2_1_, userroles1_.id as id1_2_1_, userroles1_.id as id1_2_2_, userroles1_.role_name as role_nam2_2_2_, userroles1_.user_id as user_id3_2_2_ from user user0_ left outer join user_roles userroles1_ on user0_.id=userroles1_.user_id where user0_.id=?
[DEBUG] 2020-03-04 19:39:34.702 [main] Loader - Static select for action ACTION_MERGE on entity com.euchreleague.entity.User: select user0_.id as id1_1_1_, user0_.first_name as first_na2_1_1_, user0_.last_name as last_nam3_1_1_, user0_.user_name as user_nam4_1_1_, user0_.user_password as user_pas5_1_1_, userroles1_.user_id as user_id3_2_3_, userroles1_.id as id1_2_3_, userroles1_.id as id1_2_0_, userroles1_.role_name as role_nam2_2_0_, userroles1_.user_id as user_id3_2_0_ from user user0_ left outer join user_roles userroles1_ on user0_.id=userroles1_.user_id where user0_.id=?
[DEBUG] 2020-03-04 19:39:34.702 [main] Loader - Static select for action ACTION_REFRESH on entity com.euchreleague.entity.User: select user0_.id as id1_1_1_, user0_.first_name as first_na2_1_1_, user0_.last_name as last_nam3_1_1_, user0_.user_name as user_nam4_1_1_, user0_.user_password as user_pas5_1_1_, userroles1_.user_id as user_id3_2_3_, userroles1_.id as id1_2_3_, userroles1_.id as id1_2_0_, userroles1_.role_name as role_nam2_2_0_, userroles1_.user_id as user_id3_2_0_ from user user0_ left outer join user_roles userroles1_ on user0_.id=userroles1_.user_id where user0_.id=?
[DEBUG] 2020-03-04 19:39:34.704 [main] QuerySpacesImpl - Adding QuerySpace : uid = <gen:0> -> org.hibernate.loader.plan.build.internal.spaces.CollectionQuerySpaceImpl@6aea99e7]
[DEBUG] 2020-03-04 19:39:34.704 [main] QuerySpacesImpl - Adding QuerySpace : uid = <gen:1> -> org.hibernate.loader.plan.build.internal.spaces.EntityQuerySpaceImpl@1c6a0103]
[DEBUG] 2020-03-04 19:39:34.704 [main] MetamodelGraphWalker - Visiting attribute path : roleName
[DEBUG] 2020-03-04 19:39:34.704 [main] MetamodelGraphWalker - Visiting attribute path : user
[DEBUG] 2020-03-04 19:39:34.704 [main] MetamodelGraphWalker - Property path deemed to be circular : user
[DEBUG] 2020-03-04 19:39:34.704 [main] FetchStyleLoadPlanBuildingAssociationVisitationStrategy - Building LoadPlan...
[DEBUG] 2020-03-04 19:39:34.705 [main] LoadQueryJoinAndFetchProcessor - processing queryspace <gen:0>
[DEBUG] 2020-03-04 19:39:34.705 [main] LoadPlanTreePrinter - LoadPlan(collection=com.euchreleague.entity.User.userRoles)
    - Returns
       - CollectionReturnImpl(collection=com.euchreleague.entity.User.userRoles, querySpaceUid=<gen:0>, path=[com.euchreleague.entity.User.userRoles])
          - (collection element) CollectionFetchableElementEntityGraph(entity=com.euchreleague.entity.UserRoles, querySpaceUid=<gen:1>, path=[com.euchreleague.entity.User.userRoles].<elements>)
    - QuerySpaces
       - CollectionQuerySpaceImpl(uid=<gen:0>, collection=com.euchreleague.entity.User.userRoles)
          - SQL table alias mapping - userroles0_
          - alias suffix - 0_
          - suffixed key columns - {user_id3_2_0_}
          - entity-element alias suffix - 1_
          - 1_entity-element suffixed key columns - id1_2_1_
          - JOIN (JoinDefinedByMetadata(elements)) : <gen:0> -> <gen:1>
             - EntityQuerySpaceImpl(uid=<gen:1>, entity=com.euchreleague.entity.UserRoles)
                - SQL table alias mapping - userroles0_
                - alias suffix - 1_
                - suffixed key columns - {id1_2_1_}

[DEBUG] 2020-03-04 19:39:34.705 [main] CollectionLoader - Static select for collection com.euchreleague.entity.User.userRoles: select userroles0_.user_id as user_id3_2_0_, userroles0_.id as id1_2_0_, userroles0_.id as id1_2_1_, userroles0_.role_name as role_nam2_2_1_, userroles0_.user_id as user_id3_2_1_ from user_roles userroles0_ where userroles0_.user_id=?
[DEBUG] 2020-03-04 19:39:34.718 [main] SchemaManagementToolCoordinator - No actions specified; doing nothing
[DEBUG] 2020-03-04 19:39:34.718 [main] JtaPlatformInitiator - No JtaPlatform was specified, checking resolver
[DEBUG] 2020-03-04 19:39:34.718 [main] JtaPlatformResolverInitiator - No JtaPlatformResolver was specified, using default [org.hibernate.engine.transaction.jta.platform.internal.StandardJtaPlatformResolver]
[DEBUG] 2020-03-04 19:39:34.720 [main] StandardJtaPlatformResolver - Could not resolve JtaPlatform, using default [org.hibernate.engine.transaction.jta.platform.internal.NoJtaPlatform]
[INFO ] 2020-03-04 19:39:34.720 [main] JtaPlatformInitiator - HHH000490: Using JtaPlatform implementation: [org.hibernate.engine.transaction.jta.platform.internal.NoJtaPlatform]
[DEBUG] 2020-03-04 19:39:34.720 [main] NamedQueryRepository - Checking 0 named HQL queries
[DEBUG] 2020-03-04 19:39:34.720 [main] NamedQueryRepository - Checking 0 named SQL queries
[DEBUG] 2020-03-04 19:39:34.721 [main] SessionFactoryRegistry - Initializing SessionFactoryRegistry : org.hibernate.internal.SessionFactoryRegistry@47569167
[DEBUG] 2020-03-04 19:39:34.722 [main] SessionFactoryRegistry - Registering SessionFactory: a6e1563d-41ca-4eb7-a074-2292ae78b2a9 (<unnamed>)
[DEBUG] 2020-03-04 19:39:34.722 [main] SessionFactoryRegistry - Not binding SessionFactory to JNDI, no JNDI name configured
[DEBUG] 2020-03-04 19:39:34.776 [main] StatisticsInitiator - Statistics initialized [enabled=false]
[DEBUG] 2020-03-04 19:39:34.779 [main] TransactionImpl - On TransactionImpl creation, JpaCompliance#isJpaTransactionComplianceEnabled == false
[DEBUG] 2020-03-04 19:39:34.780 [main] TransactionImpl - begin
[DEBUG] 2020-03-04 19:39:34.797 [main] ActionQueue - Executing identity-insert immediately
[DEBUG] 2020-03-04 19:39:34.799 [main] SQL - insert into user (first_name, last_name, user_name, user_password) values (?, ?, ?, ?)
[DEBUG] 2020-03-04 19:39:34.813 [main] IdentifierGeneratorHelper - Natively generated identity: 62
[DEBUG] 2020-03-04 19:39:34.814 [main] ResourceRegistryStandardImpl - HHH000387: ResultSet's statement was not registered
[DEBUG] 2020-03-04 19:39:34.816 [main] TransactionImpl - committing
[DEBUG] 2020-03-04 19:39:34.816 [main] AbstractFlushingEventListener - Processing flush-time cascades
[DEBUG] 2020-03-04 19:39:34.816 [main] AbstractFlushingEventListener - Dirty checking collections
[DEBUG] 2020-03-04 19:39:34.818 [main] Collections - Collection found: [com.euchreleague.entity.User.userRoles#62], was: [<unreferenced>] (initialized)
[DEBUG] 2020-03-04 19:39:34.820 [main] AbstractFlushingEventListener - Flushed: 0 insertions, 0 updates, 0 deletions to 1 objects
[DEBUG] 2020-03-04 19:39:34.820 [main] AbstractFlushingEventListener - Flushed: 1 (re)creations, 0 updates, 0 removals to 1 collections
[DEBUG] 2020-03-04 19:39:34.820 [main] EntityPrinter - Listing entities:
[DEBUG] 2020-03-04 19:39:34.821 [main] EntityPrinter - com.euchreleague.entity.User{firstName=Jen, lastName=Sincero, userRoles=[], userPassword=null, id=62, userName=jsincero}
[DEBUG] 2020-03-04 19:39:34.825 [main] LogicalConnectionManagedImpl - Initiating JDBC connection release from afterTransaction
[DEBUG] 2020-03-04 19:39:34.826 [main] LogicalConnectionManagedImpl - Initiating JDBC connection release from afterTransaction
[DEBUG] 2020-03-04 19:39:34.828 [main] TransactionImpl - On TransactionImpl creation, JpaCompliance#isJpaTransactionComplianceEnabled == false
[DEBUG] 2020-03-04 19:39:34.828 [main] TransactionImpl - begin
[DEBUG] 2020-03-04 19:39:34.830 [main] ActionQueue - Executing identity-insert immediately
[DEBUG] 2020-03-04 19:39:34.830 [main] SQL - insert into user_roles (role_name, user_id) values (?, ?)
[DEBUG] 2020-03-04 19:39:34.832 [main] IdentifierGeneratorHelper - Natively generated identity: 3
[DEBUG] 2020-03-04 19:39:34.832 [main] ResourceRegistryStandardImpl - HHH000387: ResultSet's statement was not registered
[DEBUG] 2020-03-04 19:39:34.832 [main] TransactionImpl - committing
[DEBUG] 2020-03-04 19:39:34.832 [main] AbstractFlushingEventListener - Processing flush-time cascades
[DEBUG] 2020-03-04 19:39:34.832 [main] AbstractFlushingEventListener - Dirty checking collections
[DEBUG] 2020-03-04 19:39:34.832 [main] AbstractFlushingEventListener - Flushed: 0 insertions, 0 updates, 0 deletions to 1 objects
[DEBUG] 2020-03-04 19:39:34.832 [main] AbstractFlushingEventListener - Flushed: 0 (re)creations, 0 updates, 0 removals to 0 collections
[DEBUG] 2020-03-04 19:39:34.832 [main] EntityPrinter - Listing entities:
[DEBUG] 2020-03-04 19:39:34.832 [main] EntityPrinter - com.euchreleague.entity.UserRoles{roleName=player, id=3, user=com.euchreleague.entity.User#62}
[DEBUG] 2020-03-04 19:39:34.836 [main] LogicalConnectionManagedImpl - Initiating JDBC connection release from afterTransaction
[DEBUG] 2020-03-04 19:39:34.837 [main] LogicalConnectionManagedImpl - Initiating JDBC connection release from afterTransaction
[DEBUG] 2020-03-04 19:39:34.843 [main] SQL - select userroles0_.id as id1_2_0_, userroles0_.role_name as role_nam2_2_0_, userroles0_.user_id as user_id3_2_0_, user1_.id as id1_1_1_, user1_.first_name as first_na2_1_1_, user1_.last_name as last_nam3_1_1_, user1_.user_name as user_nam4_1_1_, user1_.user_password as user_pas5_1_1_ from user_roles userroles0_ left outer join user user1_ on userroles0_.user_id=user1_.id where userroles0_.id=?
[DEBUG] 2020-03-04 19:39:34.846 [main] ResultSetProcessorImpl - Starting ResultSet row #0
[DEBUG] 2020-03-04 19:39:34.847 [main] EntityReferenceInitializerImpl - On call to EntityIdentifierReaderImpl#resolve, EntityKey was already known; should only happen on root returns with an optional identifier specified
[DEBUG] 2020-03-04 19:39:34.849 [main] TwoPhaseLoad - Resolving attributes for [com.euchreleague.entity.UserRoles#3]
[DEBUG] 2020-03-04 19:39:34.849 [main] TwoPhaseLoad - Processing attribute `roleName` : value = player
[DEBUG] 2020-03-04 19:39:34.849 [main] TwoPhaseLoad - Attribute (`roleName`)  - enhanced for lazy-loading? - false
[DEBUG] 2020-03-04 19:39:34.849 [main] TwoPhaseLoad - Processing attribute `user` : value = 62
[DEBUG] 2020-03-04 19:39:34.849 [main] TwoPhaseLoad - Attribute (`user`)  - enhanced for lazy-loading? - false
[DEBUG] 2020-03-04 19:39:34.849 [main] TwoPhaseLoad - Done materializing entity [com.euchreleague.entity.UserRoles#3]
[DEBUG] 2020-03-04 19:39:34.849 [main] TwoPhaseLoad - Resolving attributes for [com.euchreleague.entity.User#62]
[DEBUG] 2020-03-04 19:39:34.849 [main] TwoPhaseLoad - Processing attribute `firstName` : value = Jen
[DEBUG] 2020-03-04 19:39:34.849 [main] TwoPhaseLoad - Attribute (`firstName`)  - enhanced for lazy-loading? - false
[DEBUG] 2020-03-04 19:39:34.850 [main] TwoPhaseLoad - Processing attribute `lastName` : value = Sincero
[DEBUG] 2020-03-04 19:39:34.851 [main] TwoPhaseLoad - Attribute (`lastName`)  - enhanced for lazy-loading? - false
[DEBUG] 2020-03-04 19:39:34.854 [main] TwoPhaseLoad - Processing attribute `userName` : value = jsincero
[DEBUG] 2020-03-04 19:39:34.855 [main] TwoPhaseLoad - Attribute (`userName`)  - enhanced for lazy-loading? - false
[DEBUG] 2020-03-04 19:39:34.855 [main] TwoPhaseLoad - Processing attribute `userPassword` : value = null
[DEBUG] 2020-03-04 19:39:34.855 [main] TwoPhaseLoad - Attribute (`userPassword`)  - enhanced for lazy-loading? - false
[DEBUG] 2020-03-04 19:39:34.855 [main] TwoPhaseLoad - Processing attribute `userRoles` : value = NOT NULL COLLECTION
[DEBUG] 2020-03-04 19:39:34.855 [main] TwoPhaseLoad - Attribute (`userRoles`)  - enhanced for lazy-loading? - false
[DEBUG] 2020-03-04 19:39:34.856 [main] TwoPhaseLoad - Done materializing entity [com.euchreleague.entity.User#62]
[DEBUG] 2020-03-04 19:39:34.856 [main] ResourceRegistryStandardImpl - HHH000387: ResultSet's statement was not registered
[DEBUG] 2020-03-04 19:39:34.856 [main] AbstractLoadPlanBasedCollectionInitializer - Loading collection: [com.euchreleague.entity.User.userRoles#62]
[DEBUG] 2020-03-04 19:39:34.856 [main] SQL - select userroles0_.user_id as user_id3_2_0_, userroles0_.id as id1_2_0_, userroles0_.id as id1_2_1_, userroles0_.role_name as role_nam2_2_1_, userroles0_.user_id as user_id3_2_1_ from user_roles userroles0_ where userroles0_.user_id=?
[DEBUG] 2020-03-04 19:39:34.859 [main] ResultSetProcessorImpl - Preparing collection initializer : [com.euchreleague.entity.User.userRoles#62]
[DEBUG] 2020-03-04 19:39:34.860 [main] ResultSetProcessorImpl - Starting ResultSet row #0
[DEBUG] 2020-03-04 19:39:34.860 [main] CollectionReferenceInitializerImpl - Found row of collection: [com.euchreleague.entity.User.userRoles#62]
[DEBUG] 2020-03-04 19:39:34.860 [main] CollectionLoadContext - 1 collections were found in result set for role: com.euchreleague.entity.User.userRoles
[DEBUG] 2020-03-04 19:39:34.860 [main] CollectionLoadContext - Collection fully initialized: [com.euchreleague.entity.User.userRoles#62]
[DEBUG] 2020-03-04 19:39:34.861 [main] CollectionLoadContext - 1 collections initialized for role: com.euchreleague.entity.User.userRoles
[DEBUG] 2020-03-04 19:39:34.861 [main] ResourceRegistryStandardImpl - HHH000387: ResultSet's statement was not registered
[DEBUG] 2020-03-04 19:39:34.861 [main] AbstractLoadPlanBasedCollectionInitializer - Done loading collection
[DEBUG] 2020-03-04 19:39:34.861 [main] AbstractLoadPlanBasedEntityLoader - Done entity load : com.euchreleague.entity.UserRoles#3
[DEBUG] 2020-03-04 19:39:34.861 [main] LogicalConnectionManagedImpl - Initiating JDBC connection release from afterTransaction
[DEBUG] 2020-03-04 19:39:34.863 [main] SQL - select user0_.id as id1_1_0_, user0_.first_name as first_na2_1_0_, user0_.last_name as last_nam3_1_0_, user0_.user_name as user_nam4_1_0_, user0_.user_password as user_pas5_1_0_, userroles1_.user_id as user_id3_2_1_, userroles1_.id as id1_2_1_, userroles1_.id as id1_2_2_, userroles1_.role_name as role_nam2_2_2_, userroles1_.user_id as user_id3_2_2_ from user user0_ left outer join user_roles userroles1_ on user0_.id=userroles1_.user_id where user0_.id=?
[DEBUG] 2020-03-04 19:39:34.865 [main] ResultSetProcessorImpl - Starting ResultSet row #0
[DEBUG] 2020-03-04 19:39:34.865 [main] EntityReferenceInitializerImpl - On call to EntityIdentifierReaderImpl#resolve, EntityKey was already known; should only happen on root returns with an optional identifier specified
[DEBUG] 2020-03-04 19:39:34.865 [main] CollectionReferenceInitializerImpl - Found row of collection: [com.euchreleague.entity.User.userRoles#62]
[DEBUG] 2020-03-04 19:39:34.865 [main] TwoPhaseLoad - Resolving attributes for [com.euchreleague.entity.User#62]
[DEBUG] 2020-03-04 19:39:34.866 [main] TwoPhaseLoad - Processing attribute `firstName` : value = Jen
[DEBUG] 2020-03-04 19:39:34.866 [main] TwoPhaseLoad - Attribute (`firstName`)  - enhanced for lazy-loading? - false
[DEBUG] 2020-03-04 19:39:34.866 [main] TwoPhaseLoad - Processing attribute `lastName` : value = Sincero
[DEBUG] 2020-03-04 19:39:34.866 [main] TwoPhaseLoad - Attribute (`lastName`)  - enhanced for lazy-loading? - false
[DEBUG] 2020-03-04 19:39:34.866 [main] TwoPhaseLoad - Processing attribute `userName` : value = jsincero
[DEBUG] 2020-03-04 19:39:34.866 [main] TwoPhaseLoad - Attribute (`userName`)  - enhanced for lazy-loading? - false
[DEBUG] 2020-03-04 19:39:34.866 [main] TwoPhaseLoad - Processing attribute `userPassword` : value = null
[DEBUG] 2020-03-04 19:39:34.866 [main] TwoPhaseLoad - Attribute (`userPassword`)  - enhanced for lazy-loading? - false
[DEBUG] 2020-03-04 19:39:34.866 [main] TwoPhaseLoad - Processing attribute `userRoles` : value = NOT NULL COLLECTION
[DEBUG] 2020-03-04 19:39:34.866 [main] TwoPhaseLoad - Attribute (`userRoles`)  - enhanced for lazy-loading? - false
[DEBUG] 2020-03-04 19:39:34.866 [main] TwoPhaseLoad - Done materializing entity [com.euchreleague.entity.User#62]
[DEBUG] 2020-03-04 19:39:34.866 [main] TwoPhaseLoad - Resolving attributes for [com.euchreleague.entity.UserRoles#3]
[DEBUG] 2020-03-04 19:39:34.866 [main] TwoPhaseLoad - Processing attribute `roleName` : value = player
[DEBUG] 2020-03-04 19:39:34.866 [main] TwoPhaseLoad - Attribute (`roleName`)  - enhanced for lazy-loading? - false
[DEBUG] 2020-03-04 19:39:34.866 [main] TwoPhaseLoad - Processing attribute `user` : value = 62
[DEBUG] 2020-03-04 19:39:34.866 [main] TwoPhaseLoad - Attribute (`user`)  - enhanced for lazy-loading? - false
[DEBUG] 2020-03-04 19:39:34.866 [main] TwoPhaseLoad - Done materializing entity [com.euchreleague.entity.UserRoles#3]
[DEBUG] 2020-03-04 19:39:34.866 [main] CollectionLoadContext - 1 collections were found in result set for role: com.euchreleague.entity.User.userRoles
[DEBUG] 2020-03-04 19:39:34.866 [main] CollectionLoadContext - Collection fully initialized: [com.euchreleague.entity.User.userRoles#62]
[DEBUG] 2020-03-04 19:39:34.866 [main] CollectionLoadContext - 1 collections initialized for role: com.euchreleague.entity.User.userRoles
[DEBUG] 2020-03-04 19:39:34.866 [main] ResourceRegistryStandardImpl - HHH000387: ResultSet's statement was not registered
[DEBUG] 2020-03-04 19:39:34.866 [main] AbstractLoadPlanBasedEntityLoader - Done entity load : com.euchreleague.entity.User#62
[DEBUG] 2020-03-04 19:39:34.866 [main] LogicalConnectionManagedImpl - Initiating JDBC connection release from afterTransaction
